<?xml version="1.0" encoding="UTF-8"?><TestSessionContainer xmlns="http://www.codecover.org/xml/testsession-container" Date="1461457110887" TestSessionContainerId="d3639083-927b-428f-b65e-d91cc02a236e" version="1.0">
<SrcFileList>
<SrcFile Content="package devops.hw1.core;&#13;&#10;&#13;&#10;import java.util.ArrayList;&#13;&#10;/**&#13;&#10; * Represents the zones in MTG&#13;&#10; *&#13;&#10; */&#13;&#10;public enum Zone {&#13;&#10;&#9;BATTLE_FIELD,&#13;&#10;&#9;GRAVEYARD,&#13;&#10;&#9;LIBRARY,&#13;&#10;&#9;HAND,&#13;&#10;&#9;EXILE,&#13;&#10;&#9;BATTLE_FIELD1,&#13;&#10;&#9;GRAVEYARD1,&#13;&#10;&#9;LIBRARY1,&#13;&#10;&#9;HAND1,&#13;&#10;&#9;EXILE1&#13;&#10;&#9;;&#13;&#10;&#13;&#10;&#9;private ArrayList&lt;Card&gt; cards = new ArrayList&lt;Card&gt;();&#13;&#10;&#13;&#10;&#9;/**&#13;&#10;&#9; * Adds a card to the zone at the given index&#13;&#10;&#9; * @param c card to add&#13;&#10;&#9; * @param i index to place card&#13;&#10;&#9; */&#13;&#10;&#9;public void addCard(Card c, int i){&#13;&#10;&#9;&#9;if(i &gt; this.getSize() || i &lt; 0) {&#13;&#10;&#9;&#9;&#9;throw new IndexOutOfBoundsException(&quot;Index &quot; + i + &quot; is not valid for the &quot; + this + &quot; zone&quot;);&#13;&#10;&#9;&#9;}&#13;&#10;&#9;&#9;this.cards.add(i, c);&#13;&#10;&#9;}&#13;&#10;&#13;&#10;&#9;/**&#13;&#10;&#9; * Determines if the zone contains a card with the given name&#13;&#10;&#9; * @param name name of the card to look for&#13;&#10;&#9; * @return true if the card is found in the zone, false otherwise&#13;&#10;&#9; */&#13;&#10;&#9;public Boolean contains(String name) {&#13;&#10;&#9;&#9;for (Card c : this.cards){&#13;&#10;&#9;&#9;&#9;if(c.getName().equals(name))&#13;&#10;&#9;&#9;&#9;&#9;return true;&#13;&#10;&#9;&#9;}&#13;&#10;&#9;&#9;return false;&#13;&#10;&#9;}&#13;&#10;&#13;&#10;&#9;/**&#13;&#10;&#9; * empties all contents from the zone&#13;&#10;&#9; */&#13;&#10;&#9;public void empty() {&#13;&#10;&#9;&#9;this.cards.clear();&#13;&#10;&#13;&#10;&#9;}&#13;&#10;&#13;&#10;&#9;/**&#13;&#10;&#9; *&#13;&#10;&#9; * @return an array of cards that are within the zone&#13;&#10;&#9; */&#13;&#10;&#9;public Card[] getCards(){&#13;&#10;&#13;&#10;&#9;&#9;return this.cards.toArray(new Card[0]);&#13;&#10;&#9;}&#13;&#10;&#13;&#10;&#9;/**&#13;&#10;&#9; * Gets the index of the first occurrence of the given card&#13;&#10;&#9; * @param name name of card&#13;&#10;&#9; * @return index of the card in the zone&#13;&#10;&#9; */&#13;&#10;&#9;public int getIndex(String name) {&#13;&#10;&#9;&#9;int i = 0;&#13;&#10;&#9;&#9;for (Card c : this.cards){&#13;&#10;&#9;&#9;&#9;if(name.equals(c.getName()))&#13;&#10;&#9;&#9;&#9;&#9;return i;&#13;&#10;&#9;&#9;&#9;i++;&#13;&#10;&#9;&#9;}&#13;&#10;&#9;&#9;return -1;&#13;&#10;&#9;}&#13;&#10;&#13;&#10;&#13;&#10;&#9;/**&#13;&#10;&#9; *&#13;&#10;&#9; * @return the number of cards in the zone&#13;&#10;&#9; */&#13;&#10;&#9;public int getSize() {&#13;&#10;&#9;&#9;return this.cards.size();&#13;&#10;&#9;}&#13;&#10;&#13;&#10;&#13;&#10;&#9;/**&#13;&#10;&#9; * Removes the card at the given index from the zone&#13;&#10;&#9; * @param i index of card to remove&#13;&#10;&#9; */&#13;&#10;&#9;public void remove(int i)  throws IndexOutOfBoundsException {&#13;&#10;&#9;&#9;if(i&gt;= this.getSize()) {&#13;&#10;&#9;&#9;&#9;throw new IndexOutOfBoundsException(&quot;No object exists in the &quot; + this + &quot; zone at index &quot; + i);&#13;&#10;&#9;&#9;}&#13;&#10;&#9;&#9;this.cards.remove(i);&#13;&#10;&#13;&#10;&#9;}&#13;&#10;&#13;&#10;&#13;&#10;}&#13;&#10;" Filename="Zone.java" Intrnl_Id="1"/>
<SrcFile Content="package devops.hw1.core;&#13;&#10;&#13;&#10;public class SMELParser {&#13;&#10;&#13;&#10;&#9;String cost;&#13;&#10;&#9;&#13;&#10;&#9;public SMELParser(String smel) {&#13;&#10;&#9;&#9;if (smel == &quot;&quot; || smel == null)&#13;&#10;&#9;&#9;&#9;return;&#13;&#10;&#9;&#9;&#13;&#10;&#9;&#9;int start = smel.indexOf('{') + 1;&#13;&#10;&#9;&#9;int end = smel.indexOf('}');&#13;&#10;&#9;&#9;this.cost = (String) smel.subSequence(start, end);&#13;&#10;&#9;&#9;&#13;&#10;&#13;&#10;&#9;}&#13;&#10;&#13;&#10;&#9;public String getCost() {&#13;&#10;&#9;&#9;if (this.cost == null)&#13;&#10;&#9;&#9;&#9;throw new RuntimeException(&quot;SMEL: no cost&quot;);&#13;&#10;&#9;&#9;&#13;&#10;&#9;&#9;return this.cost;&#13;&#10;&#9;}&#13;&#10;&#13;&#10;}&#13;&#10;" Filename="SMELParser.java" Intrnl_Id="2"/>
<SrcFile Content="package devops.hw1.core;&#13;&#10;/**&#13;&#10; * Represents the various phases in MTG&#13;&#10; *&#13;&#10; */&#13;&#10;public enum Phase {&#13;&#10;&#9;UNTAP1 {&#13;&#10;        @Override&#13;&#10;        public String toString() {&#13;&#10;            return &quot;Untap&quot;;&#13;&#10;        }&#13;&#10;    },&#13;&#10;&#9;UPKEEP1 {&#13;&#10;        @Override&#13;&#10;        public String toString() {&#13;&#10;            return &quot;Upkeep&quot;;&#13;&#10;        }&#13;&#10;    },&#13;&#10;&#9;DRAW1 {&#13;&#10;        @Override&#13;&#10;        public String toString() {&#13;&#10;            return &quot;Draw&quot;;&#13;&#10;        }&#13;&#10;    },&#13;&#10;&#9;FIRST_MAIN1 {&#13;&#10;        @Override&#13;&#10;        public String toString() {&#13;&#10;            return &quot;Main 1&quot;;&#13;&#10;        }&#13;&#10;    },&#13;&#10;&#9;START_COMBAT1 {&#13;&#10;        @Override&#13;&#10;        public String toString() {&#13;&#10;            return &quot;Begin Combat&quot;;&#13;&#10;        }&#13;&#10;    },&#13;&#10;&#9;DECLARE_ATTACKERS1 {&#13;&#10;        @Override&#13;&#10;        public String toString() {&#13;&#10;            return &quot;Declare Attacks&quot;;&#13;&#10;        }&#13;&#10;    },&#13;&#10;&#9;DECLARE_BLOCKERS1 {&#13;&#10;        @Override&#13;&#10;        public String toString() {&#13;&#10;            return &quot;Declare Blocks&quot;;&#13;&#10;        }&#13;&#10;    },&#13;&#10;&#9;COMBAT_DAMAGE1 {&#13;&#10;        @Override&#13;&#10;        public String toString() {&#13;&#10;            return &quot;Combat Damage&quot;;&#13;&#10;        }&#13;&#10;    },&#13;&#10;&#9;END_OF_COMBAT1 {&#13;&#10;        @Override&#13;&#10;        public String toString() {&#13;&#10;            return &quot;End Combat&quot;;&#13;&#10;        }&#13;&#10;    },&#13;&#10;&#9;SECOND_MAIN1 {&#13;&#10;        @Override&#13;&#10;        public String toString() {&#13;&#10;            return &quot;Main 2&quot;;&#13;&#10;        }&#13;&#10;    },&#13;&#10;&#9;END1 {&#13;&#10;        @Override&#13;&#10;        public String toString() {&#13;&#10;            return &quot;End Turn&quot;;&#13;&#10;        }&#13;&#10;    },&#13;&#10;&#9;CLEANUP1 {&#13;&#10;        @Override&#13;&#10;        public String toString() {&#13;&#10;            return &quot;Cleanup&quot;;&#13;&#10;        }&#13;&#10;    },&#13;&#10;&#9;UNTAP2 {&#13;&#10;        @Override&#13;&#10;        public String toString() {&#13;&#10;            return &quot;Untap&quot;;&#13;&#10;        }&#13;&#10;    },&#13;&#10;&#9;UPKEEP2 {&#13;&#10;        @Override&#13;&#10;        public String toString() {&#13;&#10;            return &quot;Upkeep&quot;;&#13;&#10;        }&#13;&#10;    },&#13;&#10;&#9;DRAW2 {&#13;&#10;        @Override&#13;&#10;        public String toString() {&#13;&#10;            return &quot;Draw&quot;;&#13;&#10;        }&#13;&#10;    },&#13;&#10;&#9;FIRST_MAIN2 {&#13;&#10;        @Override&#13;&#10;        public String toString() {&#13;&#10;            return &quot;Main 1&quot;;&#13;&#10;        }&#13;&#10;    },&#13;&#10;&#9;START_COMBAT2 {&#13;&#10;        @Override&#13;&#10;        public String toString() {&#13;&#10;            return &quot;Begin Combat&quot;;&#13;&#10;        }&#13;&#10;    },&#13;&#10;&#9;DECLARE_ATTACKERS2 {&#13;&#10;        @Override&#13;&#10;        public String toString() {&#13;&#10;            return &quot;Declare Attacks&quot;;&#13;&#10;        }&#13;&#10;    },&#13;&#10;&#9;DECLARE_BLOCKERS2 {&#13;&#10;        @Override&#13;&#10;        public String toString() {&#13;&#10;            return &quot;Declare Blocks&quot;;&#13;&#10;        }&#13;&#10;    },&#13;&#10;&#9;COMBAT_DAMAGE2 {&#13;&#10;        @Override&#13;&#10;        public String toString() {&#13;&#10;            return &quot;Combat Damage&quot;;&#13;&#10;        }&#13;&#10;    },&#13;&#10;&#9;END_OF_COMBAT2 {&#13;&#10;        @Override&#13;&#10;        public String toString() {&#13;&#10;            return &quot;End Combat&quot;;&#13;&#10;        }&#13;&#10;    },&#13;&#10;&#9;SECOND_MAIN2 {&#13;&#10;        @Override&#13;&#10;        public String toString() {&#13;&#10;            return &quot;Main 2&quot;;&#13;&#10;        }&#13;&#10;    },&#13;&#10;&#9;END2 {&#13;&#10;        @Override&#13;&#10;        public String toString() {&#13;&#10;            return &quot;End Turn&quot;;&#13;&#10;        }&#13;&#10;    },&#13;&#10;&#9;CLEANUP2 {&#13;&#10;        @Override&#13;&#10;        public String toString() {&#13;&#10;            return &quot;Cleanup&quot;;&#13;&#10;        }&#13;&#10;    };&#13;&#10;}&#13;&#10;" Filename="Phase.java" Intrnl_Id="3"/>
<SrcFile Content="package devops.hw1.core;&#13;&#10;&#13;&#10;public class NumericData extends AbstractData&lt;Long&gt; {&#13;&#10;&#13;&#10;&#9;public NumericData(long id, Long value) {&#13;&#10;&#9;&#9;super(id, value);&#13;&#10;&#9;}&#13;&#10;&#13;&#10;&#9;/**&#13;&#10;&#9; * This method compares the current object's value to the value of another object implementing the same interface&#13;&#10;&#9; * @param other the other object being compared to&#13;&#10;&#9; * @return 1 if this object is comparatively greater than the other, 0 if they are comparatively equivalent, and -1 if the other is comparatively greater than this object&#13;&#10;&#9; */&#13;&#10;&#9;@Override&#13;&#10;&#9;public int compareTo(IData&lt;Long&gt; other) {&#13;&#10;&#9;&#9;if(this.equals(other))&#13;&#10;&#9;&#9;&#9;return 0;&#13;&#10;&#9;&#9;&#13;&#10;&#9;&#9;Long myValue = this.getValue();&#13;&#10;&#9;&#9;Long otherValue = other.getValue();&#13;&#10;&#9;&#9;&#13;&#10;&#9;&#9;if(myValue &gt; otherValue)&#13;&#10;&#9;&#9;&#9;return 1;&#13;&#10;&#9;&#9;&#13;&#10;&#9;&#9;return -1;&#13;&#10;&#9;}&#13;&#10;}&#13;&#10;" Filename="NumericData.java" Intrnl_Id="4"/>
<SrcFile Content="package devops.hw1.core;&#13;&#10;&#13;&#10;/**&#13;&#10; * Represents the mana pool for both players&#13;&#10; *&#13;&#10; */&#13;&#10;public enum ManaPool {&#13;&#10;&#9;WHITE1,&#13;&#10;&#9;BLUE1,&#13;&#10;&#9;BLACK1,&#13;&#10;&#9;RED1,&#13;&#10;&#9;GREEN1,&#13;&#10;&#9;COLORLESS1,&#13;&#10;&#9;WHITE2,&#13;&#10;&#9;BLUE2,&#13;&#10;&#9;BLACK2,&#13;&#10;&#9;RED2,&#13;&#10;&#9;GREEN2,&#13;&#10;&#9;COLORLESS2;&#13;&#10;&#13;&#10;&#9;int amount;&#13;&#10;&#9;/**&#13;&#10;&#9; * Returns the total amount of mana in the pool&#13;&#10;&#9; * @return amount of mana in the pool&#13;&#10;&#9; */&#13;&#10;&#9;public int getAmount() {&#13;&#10;&#9;&#9;return this.amount;&#13;&#10;&#9;}&#13;&#10;&#13;&#10;&#9;/**&#13;&#10;&#9; * Adds mana to the mana pool&#13;&#10;&#9; * @param i amount of mana to be added&#13;&#10;&#9; */&#13;&#10;&#9;public void add(int i) {&#13;&#10;&#9;&#9;this.amount = this.amount + i;&#13;&#10;&#9;}&#13;&#10;&#13;&#10;&#9;/**&#13;&#10;&#9; * Removes mana from the mana pool&#13;&#10;&#9; * @param i amount of mana to be removed&#13;&#10;&#9; */&#13;&#10;&#9;public void remove(int i) {&#13;&#10;&#9;&#9;this.amount = this.amount - i;&#13;&#10;&#9;}&#13;&#10;&#13;&#10;&#9;/**&#13;&#10;&#9; * Empty the mana pool&#13;&#10;&#9; */&#13;&#10;&#9;public void empty() {&#13;&#10;&#9;&#9;this.amount = 0;&#13;&#10;&#9;}&#13;&#10;&#13;&#10;&#9;/**&#13;&#10;&#9; * Empties the mana from all mana pools&#13;&#10;&#9; */&#13;&#10;&#9;public static void emptyMana(){&#13;&#10;&#9;&#9;ManaPool.WHITE1.empty();&#13;&#10;&#9;&#9;ManaPool.BLUE1.empty();&#13;&#10;&#9;&#9;ManaPool.BLACK1.empty();&#13;&#10;&#9;&#9;ManaPool.RED1.empty();&#13;&#10;&#9;&#9;ManaPool.GREEN1.empty();&#13;&#10;&#9;&#9;ManaPool.COLORLESS1.empty();&#13;&#10;&#9;&#9;ManaPool.WHITE2.empty();&#13;&#10;&#9;&#9;ManaPool.BLUE2.empty();&#13;&#10;&#9;&#9;ManaPool.BLACK2.empty();&#13;&#10;&#9;&#9;ManaPool.RED2.empty();&#13;&#10;&#9;&#9;ManaPool.GREEN2.empty();&#13;&#10;&#9;&#9;ManaPool.COLORLESS2.empty();&#13;&#10;&#9;}&#13;&#10;&#13;&#10;&#9;/**&#13;&#10;&#9; * easy way to select a mana pool to prevent duplicate code&#13;&#10;&#9; * @param color color of mana pool (wubrgc)&#13;&#10;&#9; * @param player True if player 1, false otherwise&#13;&#10;&#9; * @return ManaPool of player&#13;&#10;&#9; */&#13;&#10;&#9;public static ManaPool getPool(char color, boolean player){&#13;&#10;&#9;&#9;switch(Character.toLowerCase(color)){&#13;&#10;&#9;&#9;case 'w':&#13;&#10;&#9;&#9;&#9;if (player)&#13;&#10;&#9;&#9;&#9;&#9;return ManaPool.WHITE1;&#13;&#10;&#13;&#10;&#9;&#9;&#9;return ManaPool.WHITE2;&#13;&#10;&#13;&#10;&#9;&#9;case 'u':&#13;&#10;&#9;&#9;&#9;if (player)&#13;&#10;&#9;&#9;&#9;&#9;return ManaPool.BLUE1;&#13;&#10;&#13;&#10;&#9;&#9;&#9;return ManaPool.BLUE2;&#13;&#10;&#13;&#10;&#9;&#9;case 'b':&#13;&#10;&#9;&#9;&#9;if (player)&#13;&#10;&#9;&#9;&#9;&#9;return ManaPool.BLACK1;&#13;&#10;&#13;&#10;&#9;&#9;&#9;return ManaPool.BLACK2;&#13;&#10;&#13;&#10;&#9;&#9;case 'r':&#13;&#10;&#9;&#9;&#9;if (player)&#13;&#10;&#9;&#9;&#9;&#9;return ManaPool.RED1;&#13;&#10;&#13;&#10;&#9;&#9;&#9;return ManaPool.RED2;&#13;&#10;&#9;&#9;case 'g':&#13;&#10;&#9;&#9;&#9;if (player)&#13;&#10;&#9;&#9;&#9;&#9;return ManaPool.GREEN1;&#13;&#10;&#13;&#10;&#9;&#9;&#9;return ManaPool.GREEN2;&#13;&#10;&#13;&#10;&#9;&#9;case 'c':&#13;&#10;&#9;&#9;&#9;if (player)&#13;&#10;&#9;&#9;&#9;&#9;return ManaPool.COLORLESS1;&#13;&#10;&#13;&#10;&#9;&#9;&#9;return ManaPool.COLORLESS2;&#13;&#10;&#13;&#10;&#9;&#9;default:&#13;&#10;&#9;&#9;&#9;throw new IllegalArgumentException(&quot;invalid color '&quot; + color + &quot;'&quot;);&#13;&#10;&#13;&#10;&#9;&#9;}&#13;&#10;&#9;}&#13;&#10;}&#13;&#10;" Filename="ManaPool.java" Intrnl_Id="5"/>
<SrcFile Content="package devops.hw1.core;&#13;&#10;&#13;&#10;import java.awt.event.ComponentAdapter;&#13;&#10;import java.awt.event.ComponentEvent;&#13;&#10;import java.util.ArrayList;&#13;&#10;&#13;&#10;import javax.swing.JFrame;&#13;&#10;&#13;&#10;/**&#13;&#10; * Main MTG Duel Deck class that runs the rest of the game.&#13;&#10; */&#13;&#10;public class MTGDuelDecks {&#13;&#10;&#9;public static final String MOUNTAIN_PATH = &quot;res/Mountain.jpg&quot;;&#13;&#10;&#9;public static final String FOREST_PATH = &quot;res/Forest.jpg&quot;;&#13;&#10;&#9;public static final String LLANOWAR_ELVES_PATH = &quot;res/Llanowar_Elves.jpg&quot;;&#13;&#10;&#9;public static final String TARFIRE_PATH = &quot;res/Tarfire.jpg&quot;;&#13;&#10;&#13;&#10;&#9;/**&#13;&#10;&#9; * Main method that runs the game and sets up the GUI frame.&#13;&#10;&#9; * @param args&#13;&#10;&#9; */&#13;&#10;&#9;public static void main(String[] args){&#13;&#10;&#9;&#9;Backend bkd = Backend.getInstance();&#13;&#10;&#9;&#9;setUpJFrame(bkd);&#13;&#10;&#13;&#10;&#9;&#9;initializePlayer();&#13;&#10;&#9;&#9;initializePlayer1();&#13;&#10;&#9;}&#13;&#10;&#13;&#10;&#13;&#10;&#9;/**&#13;&#10;&#9; * Initializes the game data for the first player&#13;&#10;&#9; *&#13;&#10;&#9; */&#13;&#10;&#9;private static void initializePlayer() {&#13;&#10;&#9;&#9;//Test&#13;&#10;&#9;&#9;Zone.GRAVEYARD.addCard(new Card(&quot;Grave&quot;, &quot;&quot;, &quot;&quot;, &quot;&quot;, &quot;&quot;, &#13;&#10;&#9;&#9;&#9;&#9;new ArrayList&lt;String&gt;(), 0, 0, &quot;&quot;, false), 0);&#13;&#10;&#9;&#9;Zone.LIBRARY.addCard(new Card(&quot;Libr&quot;, &quot;&quot;, &quot;&quot;, &quot;&quot;, &quot;&quot;, &#13;&#10;&#9;&#9;&#9;&#9;new ArrayList&lt;String&gt;(), 0, 0, &quot;&quot;, false), 0);&#13;&#10;&#13;&#10;&#9;&#9;Card hand1 = new Card(&quot;Hand1&quot;, &quot;&quot;, &quot;&quot;, &quot;&quot;, &quot;T:G&quot;, &#13;&#10;&#9;&#9;&#9;&#9;new ArrayList&lt;String&gt;(), 0, 0, FOREST_PATH, false);&#13;&#10;&#13;&#10;&#9;&#9;hand1.addAbility(&quot;Play this card&quot;);&#13;&#10;&#9;&#9;hand1.addAbility(&quot;Tap: Add G to your mana pool&quot;);&#13;&#10;&#13;&#10;&#9;&#9;Zone.HAND.addCard(hand1,0);&#13;&#10;&#13;&#10;&#9;&#9;Card hand2 = new Card(&quot;Hand2&quot;, &quot;&quot;, &quot;&quot;, &quot;&quot;, &quot;T:G&quot;, &#13;&#10;&#9;&#9;&#9;&#9;new ArrayList&lt;String&gt;(), 0, 0, FOREST_PATH, false);&#13;&#10;&#9;&#9;hand2.addAbility(&quot;Play this card&quot;);&#13;&#10;&#9;&#9;hand2.addAbility(&quot;Tap: Add G to your mana pool&quot;);&#13;&#10;&#13;&#10;&#9;&#9;Zone.HAND.addCard(hand2, 0);&#13;&#10;&#13;&#10;&#9;&#9;Card hand3 = new Card(&quot;Arbor elf&quot;, &quot;G&quot;, &quot;G&quot;, &quot;Creature- Elf Druid&quot;, &quot;T:G&quot;, &#13;&#10;&#9;&#9;&#9;&#9;new ArrayList&lt;String&gt;(), 1, 1, LLANOWAR_ELVES_PATH, false);&#13;&#10;&#9;&#9;hand3.addAbility(&quot;Play this card&quot;);&#13;&#10;&#9;&#9;hand3.addAbility(&quot;Tap: Add G to your mana pool&quot;);&#13;&#10;&#13;&#10;&#13;&#10;&#13;&#10;&#9;&#9;Zone.HAND.addCard(hand3, 0);&#13;&#10;&#9;&#9;Zone.HAND.addCard(new Card(&quot;Hand4&quot;, &quot;&quot;, &quot;&quot;, &quot;&quot;, &quot;&quot;, &#13;&#10;&#9;&#9;&#9;&#9;new ArrayList&lt;String&gt;(), 0, 0, &quot;&quot;, false), 0);&#13;&#10;&#9;&#9;Zone.HAND.addCard(new Card(&quot;Hand5&quot;, &quot;&quot;, &quot;&quot;, &quot;&quot;, &quot;&quot;, &#13;&#10;&#9;&#9;&#9;&#9;new ArrayList&lt;String&gt;(), 0, 0, &quot;&quot;, false), 0);&#13;&#10;&#9;&#9;Zone.HAND.addCard(new Card(&quot;Hand6&quot;, &quot;&quot;, &quot;&quot;, &quot;&quot;, &quot;&quot;, &#13;&#10;&#9;&#9;&#9;&#9;new ArrayList&lt;String&gt;(), 0, 0, &quot;&quot;, false), 0);&#13;&#10;&#9;&#9;Zone.HAND.addCard(new Card(&quot;Hand7&quot;, &quot;&quot;, &quot;&quot;, &quot;&quot;, &quot;&quot;, &#13;&#10;&#9;&#9;&#9;&#9;new ArrayList&lt;String&gt;(), 0, 0, &quot;&quot;, false), 0);&#13;&#10;&#9;&#9;Zone.HAND.addCard(new Card(&quot;Hand8&quot;, &quot;&quot;, &quot;&quot;, &quot;&quot;, &quot;&quot;, &#13;&#10;&#9;&#9;&#9;&#9;new ArrayList&lt;String&gt;(), 0, 0, &quot;&quot;, false), 0);&#13;&#10;&#9;&#9;Zone.HAND.addCard(new Card(&quot;Hand9&quot;, &quot;&quot;, &quot;&quot;, &quot;&quot;, &quot;&quot;, &#13;&#10;&#9;&#9;&#9;&#9;new ArrayList&lt;String&gt;(), 0, 0, &quot;&quot;, false), 0);&#13;&#10;&#13;&#10;&#13;&#10;&#13;&#10;&#13;&#10;&#9;&#9;Card BF1 = new Card(&quot;BF1&quot;, &quot;&quot;, &quot;&quot;, &quot;&quot;, &quot;T:G&quot;, &#13;&#10;&#9;&#9;&#9;&#9;new ArrayList&lt;String&gt;(), 0, 0, FOREST_PATH, false);&#13;&#10;&#13;&#10;&#9;&#9;BF1.addAbility(&quot;Play this Card&quot;);&#13;&#10;&#9;&#9;BF1.addAbility(&quot;Tap: Add G to your mana pool&quot;);&#13;&#10;&#9;&#9;Zone.BATTLE_FIELD.addCard(BF1, 0);&#13;&#10;&#13;&#10;&#13;&#10;&#13;&#10;&#9;}&#13;&#10;&#13;&#10;&#13;&#10;&#9;/**&#13;&#10;&#9; * Initializes the game data for the second player&#13;&#10;&#9; *&#13;&#10;&#9; */&#13;&#10;&#9;private static void initializePlayer1() {&#13;&#10;&#9;&#9;//Test&#13;&#10;&#9;&#9;Zone.GRAVEYARD1.addCard(new Card(&quot;Grave&quot;, &quot;&quot;, &quot;&quot;, &quot;&quot;, &quot;&quot;, &#13;&#10;&#9;&#9;&#9;&#9;new ArrayList&lt;String&gt;(), 0, 0, &quot;&quot;, false), 0);&#13;&#10;&#9;&#9;Zone.LIBRARY1.addCard(new Card(&quot;Libr&quot;, &quot;&quot;, &quot;&quot;, &quot;&quot;, &quot;&quot;, &#13;&#10;&#9;&#9;&#9;&#9;new ArrayList&lt;String&gt;(), 0, 0, &quot;&quot;, false), 0);&#13;&#10;&#13;&#10;&#13;&#10;&#9;&#9;Card hand1 = new Card(&quot;Hand11&quot;, &quot;&quot;, &quot;&quot;, &quot;Land&quot;, &quot;T:R&quot;, &#13;&#10;&#9;&#9;&#9;&#9;new ArrayList&lt;String&gt;(), 0, 0, MOUNTAIN_PATH, false);&#13;&#10;&#9;&#9;hand1.addAbility(&quot;Play this card&quot;);&#13;&#10;&#9;&#9;hand1.addAbility(&quot;Tap: Add R to your mana pool&quot;);&#13;&#10;&#13;&#10;&#9;&#9;Card hand2 = new Card(&quot;tarfire&quot;, &quot;R&quot;, &quot;R&quot;, &quot;Instant- Goblin&quot;, &quot;&quot;, &#13;&#10;&#9;&#9;&#9;&#9;new ArrayList&lt;String&gt;(), 0, 0, TARFIRE_PATH, true);&#13;&#10;&#9;&#9;hand2.addAbility(&quot;play this card&quot;);&#13;&#10;&#13;&#10;&#9;&#9;Zone.HAND1.addCard(hand1, 0);&#13;&#10;&#9;&#9;Zone.HAND1.addCard(hand2, 0);&#13;&#10;&#9;&#9;Zone.HAND1.addCard(new Card(&quot;Hand3&quot;, &quot;&quot;, &quot;&quot;, &quot;&quot;, &quot;&quot;, &#13;&#10;&#9;&#9;&#9;&#9;new ArrayList&lt;String&gt;(), 0, 0, &quot;&quot;, false), 0);&#13;&#10;&#9;&#9;Zone.HAND1.addCard(new Card(&quot;Hand4&quot;, &quot;&quot;, &quot;&quot;, &quot;&quot;, &quot;&quot;, &#13;&#10;&#9;&#9;&#9;&#9;new ArrayList&lt;String&gt;(), 0, 0, &quot;&quot;, false), 0);&#13;&#10;&#9;&#9;Zone.HAND1.addCard(new Card(&quot;Hand5&quot;, &quot;&quot;, &quot;&quot;, &quot;&quot;, &quot;&quot;, &#13;&#10;&#9;&#9;&#9;&#9;new ArrayList&lt;String&gt;(), 0, 0, &quot;&quot;, false), 0);&#13;&#10;&#9;&#9;Zone.HAND1.addCard(new Card(&quot;Hand6&quot;, &quot;&quot;, &quot;&quot;, &quot;&quot;, &quot;&quot;, &#13;&#10;&#9;&#9;&#9;&#9;new ArrayList&lt;String&gt;(), 0, 0, &quot;&quot;, false), 0);&#13;&#10;&#9;&#9;Zone.HAND1.addCard(new Card(&quot;Hand7&quot;, &quot;&quot;, &quot;&quot;, &quot;&quot;, &quot;&quot;, &#13;&#10;&#9;&#9;&#9;&#9;new ArrayList&lt;String&gt;(), 0, 0, &quot;&quot;, false), 0);&#13;&#10;&#13;&#10;&#9;&#9;Card BF2 = new Card(&quot;BF2&quot;, &quot;&quot;, &quot;&quot;, &quot;&quot;, &quot;T:R&quot;, &#13;&#10;&#9;&#9;&#9;&#9;new ArrayList&lt;String&gt;(), 0, 0, MOUNTAIN_PATH, false);&#13;&#10;&#9;&#9;BF2.addAbility(&quot;Play this card&quot;);&#13;&#10;&#9;&#9;BF2.addAbility(&quot;Tap: Add R to your mana pool&quot;);&#13;&#10;&#9;&#9;Zone.BATTLE_FIELD1.addCard(BF2, 0);&#13;&#10;&#13;&#10;&#13;&#10;&#9;}&#13;&#10;&#13;&#10;&#13;&#10;&#13;&#10;&#13;&#10;&#9;/**&#13;&#10;&#9; * Sets up the JFrame to include all the default values for the game&#13;&#10;&#9; * @return initialized game JFrame&#13;&#10;&#9; */&#13;&#10;&#9;private static JFrame setUpJFrame(Backend bkd){&#13;&#10;&#9;&#9;final JFrame Frame = new JFrame();&#13;&#10;&#9;&#9;Frame.setDefaultCloseOperation(JFrame.EXIT_ON_CLOSE);&#13;&#10;&#9;&#9;Frame.setVisible(true);&#13;&#10;&#9;&#9;Frame.setTitle(&quot;MTG Duel Decks&quot;);&#13;&#10;&#9;&#9;Frame.setExtendedState(JFrame.MAXIMIZED_BOTH);&#13;&#10;&#9;&#9;final MTGComponent MTGComp = new MTGComponent(Frame.getContentPane().getWidth(), Frame.getContentPane().getHeight(), bkd);&#13;&#10;&#9;&#9;Frame.add(MTGComp);&#13;&#10;&#9;&#9;Frame.addComponentListener(new ComponentAdapter() {&#13;&#10;&#9;&#9;&#9;@Override&#13;&#10;&#9;&#9;&#9;public void componentResized(ComponentEvent e) {&#13;&#10;&#9;&#9;&#9;&#9;MTGComp.setWindowX(Frame.getContentPane().getWidth());&#13;&#10;&#9;&#9;&#9;&#9;MTGComp.setWindowY(Frame.getContentPane().getHeight());&#13;&#10;&#9;&#9;&#9;}&#13;&#10;&#9;&#9;});&#13;&#10;&#9;&#9;ClickHandler ch = new ClickHandler(MTGComp);&#13;&#10;&#9;&#9;KeyBoardHandler kb = new KeyBoardHandler(MTGComp);&#13;&#10;&#9;&#9;Frame.addKeyListener(kb);&#13;&#10;&#9;&#9;Frame.addMouseListener(ch);&#13;&#10;&#9;&#9;return Frame;&#13;&#10;&#9;}&#13;&#10;}&#13;&#10;" Filename="MTGDuelDecks.java" Intrnl_Id="6"/>
<SrcFile Content="package devops.hw1.core;&#13;&#10;&#13;&#10;import java.awt.event.KeyEvent;&#13;&#10;import java.awt.event.KeyListener;&#13;&#10;/**&#13;&#10; * Handles Keyboard events for the MTG Duel Decks&#13;&#10; *&#13;&#10; */&#13;&#10;public class KeyBoardHandler implements KeyListener {&#13;&#10;&#13;&#10;&#9;private MTGComponent MTGComp;&#13;&#10;&#9;private boolean priority = true;&#13;&#10;&#13;&#10;&#9;public KeyBoardHandler(MTGComponent comp) {&#13;&#10;&#9;&#9;this.MTGComp = comp;&#13;&#10;&#9;}&#13;&#10;&#9;@Override&#13;&#10;&#9;public void keyPressed(KeyEvent e) {&#13;&#10;&#9;&#9;if (e.getKeyChar() == ' '){&#13;&#10;&#9;&#9;&#9;this.MTGComp.getBackend().passPriority(this.priority);&#13;&#10;&#9;&#9;&#9;this.priority = !this.priority;&#13;&#10;&#9;&#9;&#9;this.MTGComp.repaint();&#13;&#10;&#9;&#9;}&#13;&#10;&#9;}&#13;&#10;&#13;&#10;&#9;@Override&#13;&#10;&#9;public void keyReleased(KeyEvent e) {&#13;&#10;&#9;&#9;// TODO Auto-generated method stub&#13;&#10;&#13;&#10;&#9;}&#13;&#10;&#13;&#10;&#9;@Override&#13;&#10;&#9;public void keyTyped(KeyEvent e) {&#13;&#10;&#9;&#9;// TODO Auto-generated method stub&#13;&#10;&#13;&#10;&#9;}&#13;&#10;&#13;&#10;}&#13;&#10;" Filename="KeyBoardHandler.java" Intrnl_Id="7"/>
<SrcFile Content="package devops.hw1.core;&#13;&#10;&#13;&#10;/**&#13;&#10; * Represents an object on the stack&#13;&#10; *&#13;&#10; */&#13;&#10;public class ItemOnStack {&#13;&#10;&#9;private Card c;&#13;&#10;&#9;private Card target;&#13;&#10;&#9;private Boolean player;&#13;&#10;&#9;private Zone targetZone;&#13;&#10;&#9;&#13;&#10;&#9;/**&#13;&#10;&#9; * Constructs an item on the stack object&#13;&#10;&#9; * @param c card on the stack&#13;&#10;&#9; * @param player player that owns the card (true if first player)&#13;&#10;&#9; */&#13;&#10;&#9;ItemOnStack(Card c, Boolean player, Card target, Zone targetZone){&#13;&#10;&#9;&#9;this.c = c;&#13;&#10;&#9;&#9;this.player = player;&#13;&#10;&#9;&#9;this.target = target;&#13;&#10;&#9;&#9;this.targetZone = targetZone;&#13;&#10;&#9;}&#13;&#10;&#9;&#13;&#10;&#9;/**&#13;&#10;&#9; * Gets the card from the item on stack&#13;&#10;&#9; * @return the card on the stack&#13;&#10;&#9; */&#13;&#10;&#9;public Card getCard() {&#13;&#10;&#9;&#9;return c;&#13;&#10;&#9;}&#13;&#10;&#9;&#13;&#10;&#9;/**&#13;&#10;&#9; * Gets the player that owns the item on stack&#13;&#10;&#9; * @return true if the first player owns it, false otherwise&#13;&#10;&#9; */&#13;&#10;&#9;public Boolean getPlayer() {&#13;&#10;&#9;&#9;return player;&#13;&#10;&#9;}&#13;&#10;&#9;&#13;&#10;&#9;/**&#13;&#10;&#9; * Gets the card that this item on the stack is targeting&#13;&#10;&#9; * @return the card being targeted by this stack item&#13;&#10;&#9; */&#13;&#10;&#9;public Card getTarget() {&#13;&#10;&#9;&#9;return target;&#13;&#10;&#9;}&#13;&#10;&#9;&#13;&#10;&#9;/**&#13;&#10;&#9; * Gets the zone that the targeted card is in&#13;&#10;&#9; * @return the zone occupied by the card that this stack item is targeting&#13;&#10;&#9; */&#13;&#10;&#9;public Zone getTargetZone() {&#13;&#10;&#9;&#9;return targetZone;&#13;&#10;&#9;}&#13;&#10;}&#13;&#10;" Filename="ItemOnStack.java" Intrnl_Id="8"/>
<SrcFile Content="package devops.hw1.core;&#13;&#10;&#13;&#10;public interface IData&lt;T&gt; extends Comparable&lt;IData&lt;T&gt;&gt; {&#13;&#10;&#9;public long getId();&#13;&#10;&#9;public T getValue();&#13;&#10;}&#13;&#10;" Filename="IData.java" Intrnl_Id="9"/>
<SrcFile Content="package devops.hw1.core;&#13;&#10;&#13;&#10;import java.io.File;&#13;&#10;import java.util.ArrayList;&#13;&#10;import java.util.regex.PatternSyntaxException;&#13;&#10;&#13;&#10;public class Card {&#13;&#10;&#9;private String name;&#13;&#10;&#9;private String manaCost;&#13;&#10;&#9;private String color;&#13;&#10;&#9;private String type;&#13;&#10;&#9;private String manaAbility;&#13;&#10;&#9;private ArrayList&lt;String&gt; abilities = new ArrayList&lt;String&gt;();&#13;&#10;&#9;private int power, toughness;&#13;&#10;&#9;private String image;&#13;&#10;&#9;private Boolean tapped;&#13;&#10;&#9;private Boolean flash;&#13;&#10;&#13;&#10;&#9;/**&#13;&#10;&#9; * Constructs a card object with the given name&#13;&#10;&#9; * @param s name of the card&#13;&#10;&#9; */&#13;&#10;&#9;@Deprecated&#13;&#10;&#9;public Card(String s){&#13;&#10;&#9;&#9;this.name = s;&#13;&#10;&#9;&#9;this.tapped = false;&#13;&#10;&#9;&#9;this.manaAbility = null;&#13;&#10;&#9;&#9;this.flash = false;&#13;&#10;&#9;}&#13;&#10;&#9;&#13;&#10;&#9;public Card(String name, String manaCost, String color, String type,&#13;&#10;&#9;&#9;&#9;String manaAbility, ArrayList&lt;String&gt; abilities, int power,&#13;&#10;&#9;&#9;&#9;int toughness, String image, Boolean flash){&#13;&#10;&#9;&#9;this.name = name;&#13;&#10;&#9;&#9;if(abilities == null){&#13;&#10;&#9;&#9;&#9;throw new IllegalArgumentException(&quot;Error creating card &quot; + name + &quot;: null is not a valid ability list&quot;);&#13;&#10;&#9;&#9;}&#13;&#10;&#9;&#9;this.abilities = abilities;&#13;&#10;&#9;&#9;try{&#13;&#10;&#9;&#9;&#9;this.setCost(manaCost);&#13;&#10;&#9;&#9;&#9;this.setColor(color);&#13;&#10;&#9;&#9;&#9;this.setType(type);&#13;&#10;&#9;&#9;&#9;this.addManaAbility(manaAbility);&#13;&#10;&#9;&#9;&#9;this.setPT(power, toughness);&#13;&#10;&#9;&#9;&#9;this.setImage(image);&#13;&#10;&#9;&#9;} catch (Exception e){&#13;&#10;&#9;&#9;&#9;throw new IllegalArgumentException(&quot;Error creating card &quot; + name + &quot;: &quot; + e.getMessage());&#13;&#10;&#9;&#9;}&#13;&#10;&#9;&#9;this.tapped = false;&#13;&#10;&#9;&#9;this.flash = flash;&#13;&#10;&#9;}&#13;&#10;&#13;&#10;&#9;//!# add more constructors&#13;&#10;&#13;&#10;&#9;/**&#13;&#10;&#9; * Adds ability to card&#13;&#10;&#9; * TODO: come up with a good way to represent abilities (Mckee)&#13;&#10;&#9; * @param string ability to add following TODO: format&#13;&#10;&#9; */&#13;&#10;&#9;public void addAbility(String string) {&#13;&#10;&#9;&#9;this.abilities.add(string);&#13;&#10;&#13;&#10;&#9;}&#13;&#10;&#13;&#10;&#9;/**&#13;&#10;&#9; *&#13;&#10;&#9; * @return a string of all abilities that card has&#13;&#10;&#9; */&#13;&#10;&#9;public String[] getAbilities() {&#13;&#10;&#9;&#9;return (this.abilities.toArray(new String[0]));&#13;&#10;&#9;}&#13;&#10;&#13;&#10;&#9;/**&#13;&#10;&#9; * @return color of card represented by W?U?B?R?G?&#13;&#10;&#9; */&#13;&#10;&#9;public String getColor() {&#13;&#10;&#9;&#9;return this.color;&#13;&#10;&#9;}&#13;&#10;&#13;&#10;&#9;/**&#13;&#10;&#9; * Gets the cost of the card expressed as oracle text&#13;&#10;&#9; * without curly braces.&#13;&#10;&#9; * Conforms to regex [0-9]*W*U*B*R*G*&#13;&#10;&#9; */&#13;&#10;&#9;public String getCost(){&#13;&#10;&#9;&#9;return this.manaCost;&#13;&#10;&#9;}&#13;&#10;&#13;&#10;&#9;/**&#13;&#10;&#9; * @return path of image to card&#13;&#10;&#9; */&#13;&#10;&#9;public String getImage() {&#13;&#10;&#9;&#9;return this.image;&#13;&#10;&#9;}&#13;&#10;&#13;&#10;&#9;/**&#13;&#10;&#9; *&#13;&#10;&#9; * @return the name of the card&#13;&#10;&#9; */&#13;&#10;&#9;public String getName(){&#13;&#10;&#9;&#9;return this.name;&#13;&#10;&#9;}&#13;&#10;&#13;&#10;&#9;/**&#13;&#10;&#9; * @return power of card&#13;&#10;&#9; */&#13;&#10;&#9;public int getPower() {&#13;&#10;&#9;&#9;return this.power;&#13;&#10;&#9;}&#13;&#10;&#13;&#10;&#9;/**&#13;&#10;&#9; * @return toughness of card&#13;&#10;&#9; */&#13;&#10;&#9;public int getToughness() {&#13;&#10;&#9;&#9;return this.toughness;&#13;&#10;&#13;&#10;&#9;}&#13;&#10;&#13;&#10;&#9;/**&#13;&#10;&#9; * Type and subtype of card&#13;&#10;&#9; * &lt;Type&gt;- &lt;subtype&gt;*&#13;&#10;&#9; * types are seperated by spaces&#13;&#10;&#9; * (example Storm Crow -&gt; &quot;Creature- bird&quot;)&#13;&#10;&#9; * @return types of card&#13;&#10;&#9; */&#13;&#10;&#9;public String getType() {&#13;&#10;&#9;&#9;return this.type;&#13;&#10;&#13;&#10;&#9;}&#13;&#10;&#13;&#10;&#9;/**&#13;&#10;&#9; * Sets the color of the card to given card&#13;&#10;&#9; * @param string color of card represented by W?U?B?R?G?&#13;&#10;&#9; */&#13;&#10;&#9;public void setColor(String string) {&#13;&#10;&#9;&#9;String regex = &quot;W?U?B?R?G?&quot;;&#13;&#10;&#9;&#9;if(!string.matches(regex)) {&#13;&#10;&#9;&#9;&#9;throw new PatternSyntaxException(&quot;Card &quot; + this.name + &quot;: &quot; + string + &quot; is not a valid color&quot;, regex, -1);&#13;&#10;&#9;&#9;}&#13;&#10;&#9;&#9;this.color = string;&#13;&#10;&#13;&#10;&#9;}&#13;&#10;&#13;&#10;&#9;/**&#13;&#10;&#9; * Sets the cost of the card expressed as oracle text&#13;&#10;&#9; * without curly braces.&#13;&#10;&#9; * Conforms to regex [0-9]*[WUBRG]*&#13;&#10;&#9; *&#13;&#10;&#9; * Ex: (Storm Crow -&gt; '1U', Emrakul -&gt; '15')&#13;&#10;&#9; * @param s mana cost of card&#13;&#10;&#9; */&#13;&#10;&#9;public void setCost(String s){&#13;&#10;&#9;&#9;String regex = &quot;[0-9]*W*U*B*R*G*&quot;;&#13;&#10;&#9;&#9;if(!s.matches(regex)) {&#13;&#10;&#9;&#9;&#9;throw new PatternSyntaxException(&quot;Card &quot; + this.name + &quot;: &quot; + s + &quot; is not a valid mana cost&quot;, regex, -1);&#13;&#10;&#9;&#9;}&#13;&#10;&#9;&#9;this.manaCost = s;&#13;&#10;&#9;}&#13;&#10;&#13;&#10;&#9;/**&#13;&#10;&#9; * sets image path for displaying the card&#13;&#10;&#9; * @param string filepath to image&#13;&#10;&#9; */&#13;&#10;&#9;public void setImage(String string) {&#13;&#10;&#9;&#9;File test = new File(string);&#13;&#10;&#9;&#9;if(!test.exists()) {&#13;&#10;&#9;&#9;&#9;throw new IllegalArgumentException(&quot;Card &quot; + this.name + &quot;: &quot; + string + &quot; is not a valid file name&quot;);&#13;&#10;&#9;&#9;}&#13;&#10;&#9;&#9;this.image = string;&#13;&#10;&#13;&#10;&#9;}&#13;&#10;&#13;&#10;&#9;/**&#13;&#10;&#9; * sets the power of card (if creature)&#13;&#10;&#9; * @param i power of creature&#13;&#10;&#9; */&#13;&#10;&#9;public void setPower(int i) {//!# CHECK IF IS CREATURE&#13;&#10;&#9;&#9;this.power = i;&#13;&#10;&#13;&#10;&#9;}&#13;&#10;&#13;&#10;&#9;/**&#13;&#10;&#9; * Sets both the power and toughness of card&#13;&#10;&#9; * @param p power of card&#13;&#10;&#9; * @param t toughness of card&#13;&#10;&#9; */&#13;&#10;&#9;public void setPT(int p, int t){//!# CHECK IF IS CREATURE&#13;&#10;&#9;&#9;this.toughness = t;&#13;&#10;&#9;&#9;this.power = p;&#13;&#10;&#9;}&#13;&#10;&#13;&#10;&#9;/**&#13;&#10;&#9; * sets toughness of card&#13;&#10;&#9; * @param i toughness&#13;&#10;&#9; */&#13;&#10;&#9;public void setToughness(int i) {//!# CHECK IF IS CREATURE&#13;&#10;&#9;&#9;this.toughness = i;&#13;&#10;&#13;&#10;&#9;}&#13;&#10;&#13;&#10;&#9;/**&#13;&#10;&#9; * Sets the type of given card defined as&#13;&#10;&#9; * &lt;Type&gt;- &lt;subtype&gt;*&#13;&#10;&#9; * (example Storm Crow -&gt; &quot;Creature- bird&quot;)&#13;&#10;&#9; * @param s type of card&#13;&#10;&#9; */&#13;&#10;&#9;public void setType(String s) {&#13;&#10;&#9;&#9;if(s == null){&#13;&#10;&#9;&#9;&#9;throw new IllegalArgumentException(&quot;Card &quot; + this.name + &quot;: null is not a valid card type&quot;);&#13;&#10;&#9;&#9;}&#13;&#10;&#9;&#9;String regex = &quot;(Basic )?[A-Z][a-z]*(\\- [A-Z][a-z]*( [A-Z][a-z]*)*)?&quot;;&#13;&#10;&#9;&#9;if(!s.matches(regex)) {&#13;&#10;&#9;&#9;&#9;throw new PatternSyntaxException(&quot;Card &quot; + this.name + &quot;: &quot; + s + &quot; is not a valid card typeline&quot;, regex, -1);&#13;&#10;&#9;&#9;} &#13;&#10;&#9;&#9;this.type = s;&#13;&#10;&#9;}&#13;&#10;&#9;&#13;&#10;&#9;/**&#13;&#10;&#9; * Sets whether this card can be cast at instant speed independent of its card typeline&#13;&#10;&#9; * @param flash whether this card can be cast at instant speed&#13;&#10;&#9; */&#13;&#10;&#9;public void setFlash(boolean flash) {&#13;&#10;&#9;&#9;this.flash = flash;&#13;&#10;&#9;}&#13;&#10;&#13;&#10;&#9;@Override&#13;&#10;&#9;public String toString() {&#13;&#10;&#9;&#9;return this.name;&#13;&#10;&#9;}&#13;&#10;&#13;&#10;&#9;/**&#13;&#10;&#9; * Adds a mana ability to the card&#13;&#10;&#9; * @param manaAbility added mana ability&#13;&#10;&#9; */&#13;&#10;&#9;public void addManaAbility(String manaAbility) {&#13;&#10;&#9;&#9;this.manaAbility = manaAbility;&#13;&#10;&#9;}&#13;&#10;&#13;&#10;&#9;/**&#13;&#10;&#9; * Gets the mana ability of the card&#13;&#10;&#9; * @return mana ability&#13;&#10;&#9; */&#13;&#10;&#9;public String getManaAbility() {&#13;&#10;&#9;&#9;return this.manaAbility;&#13;&#10;&#9;}&#13;&#10;&#13;&#10;&#9;/**&#13;&#10;&#9; * Determines if a card is tapped&#13;&#10;&#9; * @return true if tapped, false if not&#13;&#10;&#9; */&#13;&#10;&#9;public Boolean getTapped() {&#13;&#10;&#9;&#9;return this.tapped;&#13;&#10;&#9;}&#13;&#10;&#9;&#13;&#10;&#9;/**&#13;&#10;&#9; * Determines whether this card can be cast at instant speed&#13;&#10;&#9; * @return whether this card can be cast at instant speed&#13;&#10;&#9; */&#13;&#10;&#9;public Boolean isFlash() {&#13;&#10;&#9;&#9;return this.flash || this.type.contains(&quot;Instant&quot;);&#13;&#10;&#9;}&#13;&#10;&#13;&#10;&#9;/**&#13;&#10;&#9; * Taps a card&#13;&#10;&#9; * @return true if the card was previously untapped, false otherwise&#13;&#10;&#9; */&#13;&#10;&#9;public boolean tap() {&#13;&#10;&#9;&#9;if (this.tapped)&#13;&#10;&#9;&#9;&#9;return false;&#13;&#10;&#13;&#10;&#9;&#9;this.tapped = true;&#13;&#10;&#9;&#9;return true;&#13;&#10;&#9;}&#13;&#10;&#13;&#10;&#9;/**&#13;&#10;&#9; * Untaps a card&#13;&#10;&#9; */&#13;&#10;&#9;public void untap() {&#13;&#10;&#9;&#9;this.tapped = false;&#13;&#10;&#9;}&#13;&#10;}&#13;&#10;" Filename="Card.java" Intrnl_Id="10"/>
<SrcFile Content="package devops.hw1.core;&#13;&#10;&#13;&#10;import java.util.Stack;&#13;&#10;import java.util.concurrent.RejectedExecutionException;&#13;&#10;import java.util.StringTokenizer;&#13;&#10;&#13;&#10;/**&#13;&#10; * Backend object that handles a lot of game logic and information&#13;&#10; *&#13;&#10; */&#13;&#10;public class Backend {&#13;&#10;&#9;private Phase phase;&#13;&#10;&#9;private Boolean turn;&#13;&#10;&#9;private Boolean priority;&#13;&#10;&#9;private Boolean passed;&#13;&#10;&#9;private Stack&lt;ItemOnStack&gt; stack;&#13;&#10;&#9;public static Backend bk;&#13;&#10;&#13;&#10;&#9;public static Backend getInstance(){&#13;&#10;&#9;&#9;if(bk == null)&#13;&#10;&#9;&#9;&#9;bk = new Backend();&#13;&#10;&#13;&#10;&#9;&#9;return bk;&#13;&#10;&#9;}&#13;&#10;&#13;&#10;&#9;/**&#13;&#10;&#9; * Constructs a backend object&#13;&#10;&#9; */&#13;&#10;&#9;public Backend(){&#13;&#10;&#9;&#9;this.phase = Phase.FIRST_MAIN1;&#13;&#10;&#9;&#9;this.turn = true;&#13;&#10;&#9;&#9;this.priority = true;&#13;&#10;&#9;&#9;this.passed = false;&#13;&#10;&#9;&#9;this.stack = new Stack&lt;ItemOnStack&gt;();&#13;&#10;&#9;}&#13;&#10;&#13;&#10;&#9;/**&#13;&#10;&#9; * Handles logic for moving a card when it's clicked (prototype code)&#13;&#10;&#9; * @param z the zone the card's being moved from&#13;&#10;&#9; * @param currIndex the index that that card currently occupies in that zone&#13;&#10;&#9; * @param c the card that's being moved from its current zone&#13;&#10;&#9; */&#13;&#10;&#9;public static void handleCardClicked(Zone z, int currIndex, Card c) {&#13;&#10;&#9;&#9;if(currIndex &lt; 0){&#13;&#10;&#9;&#9;&#9;throw new IllegalArgumentException(currIndex + &quot; is not a valid index for card click events.&quot;);&#13;&#10;&#9;&#9;}&#13;&#10;&#9;&#9;if(c == null){&#13;&#10;&#9;&#9;&#9;throw new IllegalArgumentException(&quot;Null is not a valid card for card click events.&quot;);&#13;&#10;&#9;&#9;}&#13;&#10;&#9;&#9;switch(z) {&#13;&#10;&#9;&#9;case HAND:&#13;&#10;&#9;&#9;&#9;Zone.BATTLE_FIELD.addCard(c, 0);&#13;&#10;&#9;&#9;&#9;break;&#13;&#10;&#9;&#9;case HAND1:&#13;&#10;&#9;&#9;&#9;Zone.BATTLE_FIELD1.addCard(c, 0);&#13;&#10;&#9;&#9;&#9;break;&#13;&#10;&#9;&#9;case BATTLE_FIELD:&#13;&#10;&#9;&#9;&#9;Zone.GRAVEYARD.addCard(c, 0);&#13;&#10;&#9;&#9;&#9;break;&#13;&#10;&#9;&#9;case BATTLE_FIELD1:&#13;&#10;&#9;&#9;&#9;Zone.GRAVEYARD1.addCard(c, 0);&#13;&#10;&#9;&#9;&#9;break;&#13;&#10;&#9;&#9;default:&#13;&#10;&#9;&#9;&#9;throw new IllegalArgumentException(z + &quot; zone is not a valid zone for card click events.&quot;);&#13;&#10;&#9;&#9;}&#13;&#10;&#9;&#9;try{&#13;&#10;&#9;&#9;&#9;z.remove(currIndex);&#13;&#10;&#9;&#9;} catch (IndexOutOfBoundsException e){&#13;&#10;&#9;&#9;&#9;throw new IndexOutOfBoundsException(&quot;Card clicked could not remove card: &quot; + e.getMessage());&#13;&#10;&#9;&#9;}&#13;&#10;&#9;}&#13;&#10;&#13;&#10;&#9;//TODO Implement this (no need for input validation yet)&#13;&#10;&#9;/**&#13;&#10;&#9; * Prototype function. Moves a card from its current zone to a new one when its ability is activated&#13;&#10;&#9; * @param c the card whose ability is being activated&#13;&#10;&#9; * @param z the zone the card is leaving&#13;&#10;&#9; * @param i the index the card currently occupies in that zone&#13;&#10;&#9; */&#13;&#10;&#9;public static void activateAbility(Card c, Zone z, int i) {&#13;&#10;&#9;&#9;z.remove(i);&#13;&#10;&#13;&#10;&#9;&#9;if(z == Zone.HAND)&#13;&#10;&#9;&#9;&#9;addCard(Zone.BATTLE_FIELD, c);&#13;&#10;&#13;&#10;&#9;&#9;if(z == Zone.HAND1)&#13;&#10;&#9;&#9;&#9;addCard(Zone.BATTLE_FIELD1, c);&#13;&#10;&#13;&#10;&#9;}&#13;&#10;&#13;&#10;&#9;/**&#13;&#10;&#9; * temporary fix to different ways to call activate ability&#13;&#10;&#9; * @param c the card whose ability is being activated&#13;&#10;&#9; * @param z the zone the card is leaving&#13;&#10;&#9; * @param i the index the card currently occupies in that zone&#13;&#10;&#9; * @param abInd index of the card's ability&#13;&#10;&#9; * TODO: this is weird&#13;&#10;&#9; */&#13;&#10;&#9;public static void activateAbility(Card c, Zone z, int i, int abInd) {&#13;&#10;&#9;&#9;activateAbility(c, z, i);&#13;&#10;&#9;}&#13;&#10;&#13;&#10;&#9;/**&#13;&#10;&#9; * Simply adds the card to the given zone at the end of that zone's list&#13;&#10;&#9; * @param z the zone being added to&#13;&#10;&#9; * @param c the card being added&#13;&#10;&#9; */&#13;&#10;&#9;public static void addCard(Zone z, Card c) {&#13;&#10;&#9;&#9;z.addCard(c, z.getSize());&#13;&#10;&#9;}&#13;&#10;&#13;&#10;&#9;/**&#13;&#10;&#9; * Adds the given card to the given zone&#13;&#10;&#9; * @param z Zone to add card to&#13;&#10;&#9; * @param c Card to add&#13;&#10;&#9; * @param i&#9;position of the zone to add card&#13;&#10;&#9; */&#13;&#10;&#9;void addCard(Zone z, Card c, int i){&#13;&#10;&#9;&#9;try {&#13;&#10;&#9;&#9;&#9;z.addCard(c, i);&#13;&#10;&#9;&#9;} catch (IndexOutOfBoundsException e) {&#13;&#10;&#9;&#9;&#9;throw new IndexOutOfBoundsException(&quot;Backend: &quot; + e.getMessage());&#13;&#10;&#9;&#9;}&#13;&#10;&#9;}&#13;&#10;&#13;&#10;&#9;/**&#13;&#10;&#9; * This method will get the contents (in order) of all cards of a given zone&#13;&#10;&#9; * @param zone Zone enum that you want cards from&#13;&#10;&#9; * @return Array of Card's in the given zone&#13;&#10;&#9; */&#13;&#10;&#9;Card[] getZoneContents(Zone zone){&#13;&#10;&#9;&#9;return zone.getCards();&#13;&#10;&#9;}&#13;&#10;&#13;&#10;&#13;&#10;&#9;/**&#13;&#10;&#9; * Removes the card at the given index from the zone&#13;&#10;&#9; * @param z zone to remove card from&#13;&#10;&#9; * @param i index to remove the card&#13;&#10;&#9; */&#13;&#10;&#9;void removeCard(Zone z, int i){&#13;&#10;&#9;&#9;try {&#13;&#10;&#9;&#9;&#9;z.remove(i);&#13;&#10;&#9;&#9;} catch (IndexOutOfBoundsException e) {&#13;&#10;&#9;&#9;&#9;throw new IndexOutOfBoundsException(&quot;Backend: &quot; + e.getMessage());&#13;&#10;&#9;&#9;}&#13;&#10;&#13;&#10;&#9;}&#13;&#10;&#13;&#10;&#13;&#10;&#9;/**&#13;&#10;&#9; * Gets the current phase&#13;&#10;&#9; * @return the current phase&#13;&#10;&#9; */&#13;&#10;&#9;public Phase getPhase() {&#13;&#10;&#9;&#9;return this.phase;&#13;&#10;&#9;}&#13;&#10;&#13;&#10;&#9;/**&#13;&#10;&#9; * Changes the current phase to the next phase&#13;&#10;&#9; */&#13;&#10;&#9;public void changePhase() {&#13;&#10;&#9;&#9;ManaPool.emptyMana();&#13;&#10;&#13;&#10;&#9;&#9;if((this.phase == Phase.CLEANUP1) || (this.phase == Phase.CLEANUP2))&#13;&#10;&#9;&#9;&#9;this.turn = !this.turn;&#13;&#10;&#13;&#10;&#9;&#9;this.phase = Phase.values()[(((this.phase.ordinal() + 1) % (Phase.CLEANUP2.ordinal() + 1)))];&#13;&#10;&#13;&#10;&#9;&#9;//handle untap-step case&#13;&#10;&#9;&#9;if((this.phase == Phase.UNTAP1) || (this.phase == Phase.UNTAP2)) {&#13;&#10;&#9;&#9;&#9;for(Card c : Zone.BATTLE_FIELD.getCards()) {&#13;&#10;&#9;&#9;&#9;&#9;if(c.getTapped()) {&#13;&#10;&#9;&#9;&#9;&#9;&#9;c.untap();&#13;&#10;&#9;&#9;&#9;&#9;}&#13;&#10;&#9;&#9;&#9;}&#13;&#10;&#9;&#9;&#9;for(Card c : Zone.BATTLE_FIELD1.getCards()) {&#13;&#10;&#9;&#9;&#9;&#9;if(c.getTapped()) {&#13;&#10;&#9;&#9;&#9;&#9;&#9;c.untap();&#13;&#10;&#9;&#9;&#9;&#9;}&#13;&#10;&#9;&#9;&#9;}&#13;&#10;&#9;&#9;&#9;this.phase = Phase.values()[(((this.phase.ordinal() + 1) % (Phase.CLEANUP2.ordinal() + 1)))];&#13;&#10;&#9;&#9;}&#13;&#10;&#13;&#10;&#13;&#10;&#9;}&#13;&#10;&#13;&#10;&#9;/**&#13;&#10;&#9; * Returns the current player whose turn it is&#13;&#10;&#9; * @return true if it is the first player's turn, false if it is the second player's&#13;&#10;&#9; */&#13;&#10;&#9;public Boolean getTurn() {&#13;&#10;&#9;&#9;return this.turn;&#13;&#10;&#9;}&#13;&#10;&#13;&#10;&#9;/**&#13;&#10;&#9; * Returns the current player who had priority&#13;&#10;&#9; * @return true if it is the first player's priority, false if it is the second player's&#13;&#10;&#9; */&#13;&#10;&#9;public boolean getPriority() {&#13;&#10;&#9;&#9;return this.priority;&#13;&#10;&#9;}&#13;&#10;&#13;&#10;&#9;/**&#13;&#10;&#9; * Passes priority for players&#13;&#10;&#9; * @param player which player is trying to pass priority&#13;&#10;&#9; */&#13;&#10;&#9;public void passPriority(boolean player) {&#13;&#10;&#9;&#9;if(this.priority == player) {&#13;&#10;&#13;&#10;&#9;&#9;&#9;if (this.passed &amp;&amp; !this.stack.empty()) {&#13;&#10;&#9;&#9;&#9;&#9;ItemOnStack item = this.stack.pop();&#13;&#10;&#9;&#9;&#9;&#9;if(item.getTarget() != null) {&#13;&#10;&#9;&#9;&#9;&#9;&#9;Card[] tZone = item.getTargetZone().getCards();&#13;&#10;&#9;&#9;&#9;&#9;&#9;for(int i = 0; i &lt; tZone.length; i++) {&#13;&#10;&#9;&#9;&#9;&#9;&#9;&#9;if(tZone[i].equals(item.getTarget())) {&#13;&#10;&#9;&#9;&#9;&#9;&#9;&#9;&#9;item.getTargetZone().remove(i);&#13;&#10;&#9;&#9;&#9;&#9;&#9;&#9;}&#13;&#10;&#9;&#9;&#9;&#9;&#9;}&#13;&#10;&#9;&#9;&#9;&#9;} else {&#13;&#10;&#9;&#9;&#9;&#9;&#9;if(item.getPlayer()){&#13;&#10;&#9;&#9;&#9;&#9;&#9;&#9;Zone.BATTLE_FIELD.addCard(item.getCard(), 0);&#13;&#10;&#9;&#9;&#9;&#9;&#9;} else {&#13;&#10;&#9;&#9;&#9;&#9;&#9;&#9;Zone.BATTLE_FIELD1.addCard(item.getCard(), 0);&#13;&#10;&#9;&#9;&#9;&#9;&#9;}&#13;&#10;&#9;&#9;&#9;&#9;}&#13;&#10;&#9;&#9;&#9;&#9;this.passed = false;&#13;&#10;&#9;&#9;&#9;&#9;this.priority = this.turn;&#13;&#10;&#9;&#9;&#9;} else if(this.passed){&#13;&#10;&#9;&#9;&#9;&#9;this.changePhase();&#13;&#10;&#9;&#9;&#9;&#9;this.passed = false;&#13;&#10;&#9;&#9;&#9;&#9;this.priority= this.turn;&#13;&#10;&#9;&#9;&#9;} else {&#13;&#10;&#9;&#9;&#9;&#9;this.passed = true;&#13;&#10;&#9;&#9;&#9;&#9;this.priority = !this.priority;&#13;&#10;&#9;&#9;&#9;}&#13;&#10;&#9;&#9;}&#13;&#10;&#9;}&#13;&#10;&#13;&#10;&#9;/**&#13;&#10;&#9; * Activates the mana ability of a card&#13;&#10;&#9; * @param c card with the mana ability&#13;&#10;&#9; * @param player player who activated the mana ability&#13;&#10;&#9; */&#13;&#10;&#9;public void activateManaAbility(Card c, Boolean player) {&#13;&#10;&#9;&#9;StringTokenizer strToken = new StringTokenizer(c.getManaAbility(),&quot;:&quot;);&#13;&#10;&#9;&#9;if(strToken.nextToken().equals(&quot;T&quot;)){&#13;&#10;&#9;&#9;&#9;if(c.getTapped()){&#13;&#10;&#9;&#9;&#9;&#9;throw new RejectedExecutionException(&quot;Mana ability of &quot; + c.getName() + &quot; cannot be activated: cannot pay cost&quot;);&#13;&#10;&#9;&#9;&#9;}&#13;&#10;&#9;&#9;&#9;c.tap();&#13;&#10;&#9;&#9;}&#13;&#10;&#9;&#9;if(player){&#13;&#10;&#9;&#9;&#9;switch (strToken.nextToken()) {&#13;&#10;&#9;&#9;&#9;case &quot;W&quot;:&#13;&#10;&#9;&#9;&#9;&#9;ManaPool.WHITE1.add(1);&#13;&#10;&#9;&#9;&#9;&#9;break;&#13;&#10;&#9;&#9;&#9;case &quot;U&quot;:&#13;&#10;&#9;&#9;&#9;&#9;ManaPool.BLUE1.add(1);&#13;&#10;&#9;&#9;&#9;&#9;break;&#13;&#10;&#9;&#9;&#9;case &quot;B&quot;:&#13;&#10;&#9;&#9;&#9;&#9;ManaPool.BLACK1.add(1);&#13;&#10;&#9;&#9;&#9;&#9;break;&#13;&#10;&#9;&#9;&#9;case &quot;R&quot;:&#13;&#10;&#9;&#9;&#9;&#9;ManaPool.RED1.add(1);&#13;&#10;&#9;&#9;&#9;&#9;break;&#13;&#10;&#9;&#9;&#9;case &quot;G&quot;:&#13;&#10;&#9;&#9;&#9;&#9;ManaPool.GREEN1.add(1);&#13;&#10;&#9;&#9;&#9;&#9;break;&#13;&#10;&#9;&#9;&#9;case &quot;1&quot;:&#13;&#10;&#9;&#9;&#9;&#9;ManaPool.COLORLESS1.add(1);&#13;&#10;&#9;&#9;&#9;&#9;break;&#13;&#10;&#9;&#9;&#9;}&#13;&#10;&#9;&#9;} else {&#13;&#10;&#9;&#9;&#9;switch (strToken.nextToken()) {&#13;&#10;&#9;&#9;&#9;case &quot;W&quot;:&#13;&#10;&#9;&#9;&#9;&#9;ManaPool.WHITE2.add(1);&#13;&#10;&#9;&#9;&#9;&#9;break;&#13;&#10;&#9;&#9;&#9;case &quot;U&quot;:&#13;&#10;&#9;&#9;&#9;&#9;ManaPool.BLUE2.add(1);&#13;&#10;&#9;&#9;&#9;&#9;break;&#13;&#10;&#9;&#9;&#9;case &quot;B&quot;:&#13;&#10;&#9;&#9;&#9;&#9;ManaPool.BLACK2.add(1);&#13;&#10;&#9;&#9;&#9;&#9;break;&#13;&#10;&#9;&#9;&#9;case &quot;R&quot;:&#13;&#10;&#9;&#9;&#9;&#9;ManaPool.RED2.add(1);&#13;&#10;&#9;&#9;&#9;&#9;break;&#13;&#10;&#9;&#9;&#9;case &quot;G&quot;:&#13;&#10;&#9;&#9;&#9;&#9;ManaPool.GREEN2.add(1);&#13;&#10;&#9;&#9;&#9;&#9;break;&#13;&#10;&#9;&#9;&#9;case &quot;1&quot;:&#13;&#10;&#9;&#9;&#9;&#9;ManaPool.COLORLESS2.add(1);&#13;&#10;&#9;&#9;&#9;&#9;break;&#13;&#10;&#9;&#9;&#9;}&#13;&#10;&#9;&#9;}&#13;&#10;&#9;}&#13;&#10;&#13;&#10;&#9;/**&#13;&#10;&#9; * Parses a cost string and returns an array of costs&#13;&#10;&#9; * @param s String of cost&#13;&#10;&#9; * @return array of cost amounts in WUBRGC&#13;&#10;&#9; */&#13;&#10;&#9;public int[] parseCost(String s){&#13;&#10;&#9;&#9;int cost[] = new int[6];&#13;&#10;&#13;&#10;&#9;&#9;int i = 0;&#13;&#10;&#13;&#10;&#9;&#9;while(isInteger(s.substring(i, i+1))){&#13;&#10;&#9;&#9;&#9;i++;&#13;&#10;&#9;&#9;}&#13;&#10;&#13;&#10;&#9;&#9;if(i != 0){&#13;&#10;&#9;&#9;&#9;cost[5] = Integer.parseInt(s.substring(0,i));&#13;&#10;&#9;&#9;}&#13;&#10;&#13;&#10;&#9;&#9;for(int g = i;g &lt; s.length(); g++){&#13;&#10;&#9;&#9;&#9;switch (s.substring(g, g+1)){&#13;&#10;&#9;&#9;&#9;case &quot;W&quot;:&#13;&#10;&#9;&#9;&#9;&#9;cost[0]++;&#13;&#10;&#9;&#9;&#9;&#9;break;&#13;&#10;&#9;&#9;&#9;case &quot;U&quot;:&#13;&#10;&#9;&#9;&#9;&#9;cost[1]++;&#13;&#10;&#9;&#9;&#9;&#9;break;&#13;&#10;&#9;&#9;&#9;case &quot;B&quot;:&#13;&#10;&#9;&#9;&#9;&#9;cost[2]++;&#13;&#10;&#9;&#9;&#9;&#9;break;&#13;&#10;&#9;&#9;&#9;case &quot;R&quot;:&#13;&#10;&#9;&#9;&#9;&#9;cost[3]++;&#13;&#10;&#9;&#9;&#9;&#9;break;&#13;&#10;&#9;&#9;&#9;case &quot;G&quot;:&#13;&#10;&#9;&#9;&#9;&#9;cost[4]++;&#13;&#10;&#9;&#9;&#9;&#9;break;&#13;&#10;&#9;&#9;&#9;}&#13;&#10;&#9;&#9;}&#13;&#10;&#9;&#9;return cost;&#13;&#10;&#9;}&#13;&#10;&#9;/**&#13;&#10;&#9; * Casts a spell, removing mana from the players mana pool accordingly&#13;&#10;&#9; * @param zone the zone the spell is being cast from&#13;&#10;&#9; * @param c the spell being cast&#13;&#10;&#9; * @param index the index the spell is in&#13;&#10;&#9; * @param player the player that owns the spell&#13;&#10;&#9; * @param target the card being targeted&#13;&#10;&#9; * @param targetZone the zone the targeted card is in&#13;&#10;&#9; * @return true if the spell is cast, false if not&#13;&#10;&#9; */&#13;&#10;&#9;public boolean castSpell(Zone zone, Card c, int index, Boolean player, Card target, Zone targetZone) {&#13;&#10;&#13;&#10;&#9;&#9;if(!c.isFlash() &amp;&amp;&#13;&#10;&#9;&#9;&#9;&#9;((this.turn != player) || (!this.stack.isEmpty()) ||&#13;&#10;&#9;&#9;&#9;&#9;(this.phase != Phase.FIRST_MAIN1 &amp;&amp; this.phase != Phase.SECOND_MAIN1 &amp;&amp; &#13;&#10;&#9;&#9;&#9;&#9;this.phase != Phase.FIRST_MAIN2 &amp;&amp; this.phase != Phase.SECOND_MAIN2))){&#13;&#10;&#9;&#9;&#9;return false;&#13;&#10;&#9;&#9;}&#13;&#10;&#9;&#9;if((target != null) &amp;&amp; !canTarget(c, zone, target, targetZone)) {&#13;&#10;&#9;&#9;&#9;return false;&#13;&#10;&#9;&#9;}&#13;&#10;&#9;&#9;&#13;&#10;&#9;&#9;if(c.getCost() == null){&#13;&#10;&#9;&#9;&#9;throw new IllegalArgumentException(&quot;Illegal card &quot; + c.getName() + &quot;: card cost is null&quot;);&#13;&#10;&#9;&#9;}&#13;&#10;&#9;&#9;int[] costs = this.parseCost(c.getCost());&#13;&#10;&#13;&#10;&#13;&#10;&#9;&#9;if((costs[0] &lt;= ManaPool.getPool('w', player).getAmount()) &amp;&amp;&#13;&#10;&#9;&#9;&#9;&#9;(costs[1] &lt;= ManaPool.getPool('u', player).getAmount()) &amp;&amp;&#13;&#10;&#9;&#9;&#9;&#9;(costs[2] &lt;= ManaPool.getPool('b', player).getAmount()) &amp;&amp;&#13;&#10;&#9;&#9;&#9;&#9;(costs[3] &lt;= ManaPool.getPool('r', player).getAmount()) &amp;&amp;&#13;&#10;&#9;&#9;&#9;&#9;(costs[4] &lt;= ManaPool.getPool('g', player).getAmount()) &amp;&amp;&#13;&#10;&#9;&#9;&#9;&#9;((costs[0] + costs[1] + costs[2] + costs[3] + costs[4] + costs[5])&lt;=&#13;&#10;&#9;&#9;&#9;&#9;(ManaPool.getPool('w', player).getAmount() + ManaPool.getPool('u', player).getAmount()&#13;&#10;&#9;&#9;&#9;&#9;&#9;&#9;+ ManaPool.getPool('b', player).getAmount() + ManaPool.getPool('r', player).getAmount()&#13;&#10;&#9;&#9;&#9;&#9;&#9;&#9;+ ManaPool.getPool('g', player).getAmount() + ManaPool.getPool('c', player).getAmount()))){&#13;&#10;&#13;&#10;&#9;&#9;&#9;ManaPool.getPool('w', player).remove(costs[0]);&#13;&#10;&#9;&#9;&#9;ManaPool.getPool('u', player).remove(costs[1]);&#13;&#10;&#9;&#9;&#9;ManaPool.getPool('b', player).remove(costs[2]);&#13;&#10;&#9;&#9;&#9;ManaPool.getPool('r', player).remove(costs[3]);&#13;&#10;&#9;&#9;&#9;ManaPool.getPool('g', player).remove(costs[4]);&#13;&#10;&#13;&#10;&#9;&#9;&#9;costs[5] = this.handleGeneric(ManaPool.getPool('c', player), costs[5]);&#13;&#10;&#9;&#9;&#9;costs[5] = this.handleGeneric(ManaPool.getPool('u', player), costs[5]);&#13;&#10;&#9;&#9;&#9;costs[5] = this.handleGeneric(ManaPool.getPool('b', player), costs[5]);&#13;&#10;&#9;&#9;&#9;costs[5] = this.handleGeneric(ManaPool.getPool('w', player), costs[5]);&#13;&#10;&#9;&#9;&#9;costs[5] = this.handleGeneric(ManaPool.getPool('r', player), costs[5]);&#13;&#10;&#9;&#9;&#9;costs[5] = this.handleGeneric(ManaPool.getPool('g', player), costs[5]);&#13;&#10;&#13;&#10;&#9;&#9;&#9;this.stack.push(new ItemOnStack(c, player, target, targetZone));&#13;&#10;&#13;&#10;&#9;&#9;&#9;zone.remove(index);&#13;&#10;&#9;&#9;&#9;this.passed = false;&#13;&#10;&#9;&#9;&#9;return true;&#13;&#10;&#9;&#9;} else {&#13;&#10;&#9;&#9;&#9;return false;&#13;&#10;&#9;&#9;}&#13;&#10;&#13;&#10;&#9;}&#13;&#10;&#13;&#10;&#13;&#10;&#9;/**&#13;&#10;&#9; * Handles paying generic costs with mana from a specific mana pool&#13;&#10;&#9; * @param manaPool mana pool to play mana with&#13;&#10;&#9; * @param genericCost amount of generic mana to pay&#13;&#10;&#9; * @return amount of mana left to pay&#13;&#10;&#9; */&#13;&#10;&#9;public int handleGeneric(ManaPool manaPool, int genericCost){&#13;&#10;&#9;&#9;if(genericCost &gt; 0){&#13;&#10;&#9;&#9;&#9;if(manaPool.getAmount() &gt;= genericCost){&#13;&#10;&#9;&#9;&#9;&#9;manaPool.remove(genericCost);&#13;&#10;&#9;&#9;&#9;&#9;return 0;&#13;&#10;&#9;&#9;&#9;} else {&#13;&#10;&#9;&#9;&#9;&#9;int temp = genericCost - manaPool.getAmount();&#13;&#10;&#9;&#9;&#9;&#9;manaPool.empty();&#13;&#10;&#9;&#9;&#9;&#9;return temp;&#13;&#10;&#9;&#9;&#9;}&#13;&#10;&#9;&#9;} else if (genericCost == 0){&#13;&#10;&#9;&#9;&#9;return 0;&#13;&#10;&#9;&#9;} else {&#13;&#10;&#9;&#9;&#9;throw new IllegalArgumentException(genericCost + &quot; is not a valid amount of generic mana cost.&quot;);&#13;&#10;&#9;&#9;}&#13;&#10;&#9;}&#13;&#10;&#13;&#10;&#9;/**&#13;&#10;&#9; * Determines if a string is an integer&#13;&#10;&#9; * @param s string to check&#13;&#10;&#9; * @return true if the string is an integer&#13;&#10;&#9; */&#13;&#10;&#9;public static boolean isInteger(String s) {&#13;&#10;&#9;&#9;return s.matches(&quot;\\d+&quot;);&#13;&#10;&#9;}&#13;&#10;&#13;&#10;&#9;/**&#13;&#10;&#9; * Determines if a card can target another card&#13;&#10;&#9; * @param sourceC the card that is doing the targeting&#13;&#10;&#9; * @param sourceZ the zone that the targeting card is from&#13;&#10;&#9; * @param targetC the card that is being targeting&#13;&#10;&#9; * @param targetZ the zone that the targeted card is in&#13;&#10;&#9; * @return whether the source card in the source zone can target the target card in the target zone&#13;&#10;&#9; */&#13;&#10;&#9;public static boolean canTarget(Card sourceC, Zone sourceZ, Card targetC, Zone targetZ) {&#13;&#10;&#9;&#9;boolean h1ToB2 = (sourceZ == Zone.HAND)  &amp;&amp; (targetZ == Zone.BATTLE_FIELD1);&#13;&#10;&#9;&#9;boolean h1ToB1 = (sourceZ == Zone.HAND)  &amp;&amp; (targetZ == Zone.BATTLE_FIELD);&#13;&#10;&#9;&#9;boolean h2ToB1 = (sourceZ == Zone.HAND1)  &amp;&amp; (targetZ == Zone.BATTLE_FIELD);&#13;&#10;&#9;&#9;boolean h2ToB2 = (sourceZ == Zone.HAND1)  &amp;&amp; (targetZ == Zone.BATTLE_FIELD1);&#13;&#10;&#13;&#10;&#13;&#10;&#9;&#9;return h1ToB2 || h1ToB1 || h2ToB1 || h2ToB2;&#13;&#10;&#9;}&#13;&#10;}&#13;&#10;" Filename="Backend.java" Intrnl_Id="11"/>
<SrcFile Content="package devops.hw1.core;&#13;&#10;&#13;&#10;public abstract class AbstractData&lt;T&gt; implements IData&lt;T&gt; {&#13;&#10;&#9;private long id;&#13;&#10;&#9;private T value;&#13;&#10;&#9;&#13;&#10;&#9;/**&#13;&#10;&#9; * Constructor for an AbstractData&lt;T&gt; object&#13;&#10;&#9; * @param id the ID number of the object&#13;&#10;&#9; * @param value the object that stores this object's value&#13;&#10;&#9; */&#13;&#10;&#9;public AbstractData(long id, T value) {&#13;&#10;&#9;&#9;this.id = id;&#13;&#10;&#9;&#9;this.value = value;&#13;&#10;&#9;}&#13;&#10;&#13;&#10;&#9;&#13;&#10;&#9;public long getId() {&#13;&#10;&#9;&#9;return this.id;&#13;&#10;&#9;}&#13;&#10;&#13;&#10;&#9;public T getValue() {&#13;&#10;&#9;&#9;return this.value;&#13;&#10;&#9;}&#13;&#10;&#13;&#10;&#9;/**&#13;&#10;&#9; * This method produces a hash code for the object from the value that it stores&#13;&#10;&#9; * @return the object's hash code&#13;&#10;&#9; */&#13;&#10;&#9;@Override&#13;&#10;&#9;public int hashCode() {&#13;&#10;&#9;&#9;final int prime = 31;&#13;&#10;&#9;&#9;int result = 1;&#13;&#10;&#9;&#9;result = prime * result + (int) (id ^ (id &gt;&gt;&gt; 32));&#13;&#10;&#9;&#9;result = prime * result + ((value == null) ? 0 : value.hashCode());&#13;&#10;&#9;&#9;return result;&#13;&#10;&#9;}&#13;&#10;&#13;&#10;&#9;/**&#13;&#10;&#9; * This method determines whether this object and another are equivalent&#13;&#10;&#9; * @param obj the other object that this is compared to&#13;&#10;&#9; * @return whether the two objects are equivalent&#13;&#10;&#9; */&#13;&#10;&#9;@Override&#13;&#10;&#9;public boolean equals(Object obj) {&#13;&#10;&#9;&#9;if (this == obj)&#13;&#10;&#9;&#9;&#9;return true;&#13;&#10;&#9;&#9;if (obj == null)&#13;&#10;&#9;&#9;&#9;return false;&#13;&#10;&#9;&#9;if (getClass() != obj.getClass())&#13;&#10;&#9;&#9;&#9;return false;&#13;&#10;&#13;&#10;&#9;&#9;@SuppressWarnings(&quot;unchecked&quot;)&#13;&#10;&#9;&#9;AbstractData&lt;T&gt; other = (AbstractData&lt;T&gt;) obj;&#13;&#10;&#9;&#9;if (id != other.id)&#13;&#10;&#9;&#9;&#9;return false;&#13;&#10;&#9;&#9;if (value == null) {&#13;&#10;&#9;&#9;&#9;if (other.value != null)&#13;&#10;&#9;&#9;&#9;&#9;return false;&#13;&#10;&#9;&#9;} else if (!value.equals(other.value))&#13;&#10;&#9;&#9;&#9;return false;&#13;&#10;&#9;&#9;return true;&#13;&#10;&#9;}&#9;&#13;&#10;&#9;&#13;&#10;&#9;public abstract int compareTo(IData&lt;T&gt; o);&#13;&#10;}&#13;&#10;" Filename="AbstractData.java" Intrnl_Id="12"/>
</SrcFileList>
<CritList>
<CritListEntry Name="org.codecover.model.utils.criteria.LoopCoverage" PluginName="org.codecover"/>
<CritListEntry Name="org.codecover.model.utils.criteria.QMOCoverage" PluginName="org.codecover"/>
<CritListEntry Name="org.codecover.model.utils.criteria.ConditionCoverage" PluginName="org.codecover"/>
<CritListEntry Name="org.codecover.model.utils.criteria.BranchCoverage" PluginName="org.codecover"/>
<CritListEntry Name="org.codecover.model.utils.criteria.SynchronizedStatementCoverage" PluginName="org.codecover"/>
<CritListEntry Name="org.codecover.model.utils.criteria.StatementCoverage" PluginName="org.codecover"/>
</CritList>
<BoolOpList>
<BoolOp Arity="2" Intrnl_Id="13" Name="conditional and (&amp;&amp;)">
<BoolAssgnmntBoolMapList>
<MapEntry BoolAssgnmnt="02" Value="false"/>
<MapEntry BoolAssgnmnt="10" Value="false"/>
<MapEntry BoolAssgnmnt="11" Value="true"/>
</BoolAssgnmntBoolMapList>
</BoolOp>
<BoolOp Arity="2" Intrnl_Id="14" Name="conditional or (||)">
<BoolAssgnmntBoolMapList>
<MapEntry BoolAssgnmnt="00" Value="false"/>
<MapEntry BoolAssgnmnt="01" Value="true"/>
<MapEntry BoolAssgnmnt="12" Value="true"/>
</BoolAssgnmntBoolMapList>
</BoolOp>
<BoolOp Arity="1" Intrnl_Id="15" Name="not (!)">
<BoolAssgnmntBoolMapList>
<MapEntry BoolAssgnmnt="1" Value="false"/>
<MapEntry BoolAssgnmnt="0" Value="true"/>
</BoolAssgnmntBoolMapList>
</BoolOp>
</BoolOpList>
<HierarchyLvlTypeList>
<HierarchyLvlType EnglishName="enumeration" IntrnlName="enum" Intrnl_Id="16"/>
<HierarchyLvlType EnglishName="package" IntrnlName="package" Intrnl_Id="17"/>
<HierarchyLvlType EnglishName="anonymous class" IntrnlName="class" Intrnl_Id="18"/>
<HierarchyLvlType EnglishName="interface" IntrnlName="interface" Intrnl_Id="19"/>
<HierarchyLvlType EnglishName="method" IntrnlName="method" Intrnl_Id="20"/>
<HierarchyLvlType EnglishName="class" IntrnlName="class" Intrnl_Id="21"/>
<HierarchyLvlType EnglishName="enumeration constant" IntrnlName="enum constant" Intrnl_Id="22"/>
<HierarchyLvlType EnglishName="default package" IntrnlName="default package" Intrnl_Id="23"/>
</HierarchyLvlTypeList>
<MASTRoot>
<HierarchyLvl HierarchyLvlId="964" HierarchyLvlTypeId="23" Intrnl_Id="24" Name="default package">
<Header/>
<LocList/>
<HierarchyLvl HierarchyLvlId="963" HierarchyLvlTypeId="17" Intrnl_Id="25" Name="devops">
<Header/>
<LocList/>
<HierarchyLvl HierarchyLvlId="962" HierarchyLvlTypeId="17" Intrnl_Id="26" Name="hw1">
<Header/>
<LocList/>
<HierarchyLvl HierarchyLvlId="961" HierarchyLvlTypeId="17" Intrnl_Id="27" Name="core">
<Header/>
<LocList/>
<HierarchyLvl HierarchyLvlId="822" HierarchyLvlTypeId="16" Intrnl_Id="28" Name="Zone">
<Header>
<Loc EndOffset="119" SrcFileId="1" StartOffset="103"/>
</Header>
<LocList>
<Loc EndOffset="2009" SrcFileId="1" StartOffset="103"/>
</LocList>
<StmntSeq Intrnl_Id="29">
<LocList>
<Loc EndOffset="302" SrcFileId="1" StartOffset="248"/>
</LocList>
<BasicStmnt CovItemId="S1" CovItemPrefix="devops.hw1.core.Zone.java" Intrnl_Id="30">
<LocList>
<Loc EndOffset="302" SrcFileId="1" StartOffset="248"/>
</LocList>
</BasicStmnt>
</StmntSeq>
<HierarchyLvl HierarchyLvlId="815" HierarchyLvlTypeId="20" Intrnl_Id="31" Name="addCard">
<Header>
<Loc EndOffset="461" SrcFileId="1" StartOffset="427"/>
</Header>
<LocList>
<Loc EndOffset="632" SrcFileId="1" StartOffset="427"/>
</LocList>
<StmntSeq Intrnl_Id="32">
<LocList>
<Loc EndOffset="603" SrcFileId="1" StartOffset="466"/>
<Loc EndOffset="628" SrcFileId="1" StartOffset="607"/>
</LocList>
<CondStmnt CovItemId="S2" CovItemPrefix="devops.hw1.core.Zone.java" Intrnl_Id="33">
<Branch CovItemId="B1" CovItemPrefix="devops.hw1.core.Zone.java" Implct="false" Intrnl_Id="34">
<Cond/>
<LocList>
<Loc EndOffset="603" SrcFileId="1" StartOffset="498"/>
</LocList>
<StmntSeq Intrnl_Id="35">
<LocList>
<Loc EndOffset="598" SrcFileId="1" StartOffset="504"/>
</LocList>
<BasicStmnt CovItemId="S3" CovItemPrefix="devops.hw1.core.Zone.java" Intrnl_Id="36">
<LocList>
<Loc EndOffset="598" SrcFileId="1" StartOffset="504"/>
</LocList>
</BasicStmnt>
</StmntSeq>
</Branch>
<Branch CovItemId="B2" CovItemPrefix="devops.hw1.core.Zone.java" Implct="true" Intrnl_Id="37">
<Cond/>
<LocList/>
<StmntSeq Intrnl_Id="38">
<LocList/>
</StmntSeq>
</Branch>
<Keyword EndOffset="468" SrcFileId="1" StartOffset="466"/>
<LocList>
<Loc EndOffset="603" SrcFileId="1" StartOffset="466"/>
</LocList>
<RootTerm CovItemId="C1" CovItemPrefix="devops.hw1.core.Zone.java" Intrnl_Id="39">
<OpTerm BooleanOpId="14" Intrnl_Id="40">
<BasicBoolTerm Intrnl_Id="41">
<LocList>
<Loc EndOffset="487" SrcFileId="1" StartOffset="469"/>
</LocList>
</BasicBoolTerm>
<BasicBoolTerm Intrnl_Id="42">
<LocList>
<Loc EndOffset="496" SrcFileId="1" StartOffset="491"/>
</LocList>
</BasicBoolTerm>
<LocList>
<Loc EndOffset="490" SrcFileId="1" StartOffset="488"/>
</LocList>
</OpTerm>
</RootTerm>
</CondStmnt>
<BasicStmnt CovItemId="S4" CovItemPrefix="devops.hw1.core.Zone.java" Intrnl_Id="43">
<LocList>
<Loc EndOffset="628" SrcFileId="1" StartOffset="607"/>
</LocList>
</BasicStmnt>
</StmntSeq>
</HierarchyLvl>
<HierarchyLvl HierarchyLvlId="816" HierarchyLvlTypeId="20" Intrnl_Id="44" Name="contains">
<Header>
<Loc EndOffset="863" SrcFileId="1" StartOffset="827"/>
</Header>
<LocList>
<Loc EndOffset="972" SrcFileId="1" StartOffset="827"/>
</LocList>
<StmntSeq Intrnl_Id="45">
<LocList>
<Loc EndOffset="951" SrcFileId="1" StartOffset="869"/>
<Loc EndOffset="968" SrcFileId="1" StartOffset="955"/>
</LocList>
<LoopStmnt CovItemId="S5" CovItemPrefix="devops.hw1.core.Zone.java" Intrnl_Id="46" MltplExecId="L1-2" MltplExecPrefix="devops.hw1.core.Zone.java" NvrExecId="L1-0" NvrExecPrefix="devops.hw1.core.Zone.java" OnceExecutedId="L1-1" OnceExecutedPrefix="devops.hw1.core.Zone.java" OptBodyExec="true">
<StmntSeq Intrnl_Id="47">
<LocList>
<Loc EndOffset="946" SrcFileId="1" StartOffset="900"/>
</LocList>
<CondStmnt CovItemId="S6" CovItemPrefix="devops.hw1.core.Zone.java" Intrnl_Id="48">
<Branch CovItemId="B3" CovItemPrefix="devops.hw1.core.Zone.java" Implct="false" Intrnl_Id="49">
<Cond/>
<LocList>
<Loc EndOffset="946" SrcFileId="1" StartOffset="934"/>
</LocList>
<StmntSeq Intrnl_Id="50">
<LocList>
<Loc EndOffset="946" SrcFileId="1" StartOffset="934"/>
</LocList>
<BasicStmnt CovItemId="S7" CovItemPrefix="devops.hw1.core.Zone.java" Intrnl_Id="51">
<LocList>
<Loc EndOffset="946" SrcFileId="1" StartOffset="934"/>
</LocList>
</BasicStmnt>
</StmntSeq>
</Branch>
<Branch CovItemId="B4" CovItemPrefix="devops.hw1.core.Zone.java" Implct="true" Intrnl_Id="52">
<Cond/>
<LocList/>
<StmntSeq Intrnl_Id="53">
<LocList/>
</StmntSeq>
</Branch>
<Keyword EndOffset="902" SrcFileId="1" StartOffset="900"/>
<LocList>
<Loc EndOffset="946" SrcFileId="1" StartOffset="900"/>
</LocList>
<RootTerm CovItemId="C2" CovItemPrefix="devops.hw1.core.Zone.java" Intrnl_Id="54">
<BasicBoolTerm Intrnl_Id="55">
<LocList>
<Loc EndOffset="927" SrcFileId="1" StartOffset="903"/>
</LocList>
</BasicBoolTerm>
</RootTerm>
</CondStmnt>
</StmntSeq>
<Keyword EndOffset="872" SrcFileId="1" StartOffset="869"/>
<LocList>
<Loc EndOffset="951" SrcFileId="1" StartOffset="869"/>
</LocList>
</LoopStmnt>
<BasicStmnt CovItemId="S8" CovItemPrefix="devops.hw1.core.Zone.java" Intrnl_Id="56">
<LocList>
<Loc EndOffset="968" SrcFileId="1" StartOffset="955"/>
</LocList>
</BasicStmnt>
</StmntSeq>
</HierarchyLvl>
<HierarchyLvl HierarchyLvlId="817" HierarchyLvlTypeId="20" Intrnl_Id="57" Name="empty">
<Header>
<Loc EndOffset="1048" SrcFileId="1" StartOffset="1029"/>
</Header>
<LocList>
<Loc EndOffset="1079" SrcFileId="1" StartOffset="1029"/>
</LocList>
<StmntSeq Intrnl_Id="58">
<LocList>
<Loc EndOffset="1073" SrcFileId="1" StartOffset="1054"/>
</LocList>
<BasicStmnt CovItemId="S9" CovItemPrefix="devops.hw1.core.Zone.java" Intrnl_Id="59">
<LocList>
<Loc EndOffset="1073" SrcFileId="1" StartOffset="1054"/>
</LocList>
</BasicStmnt>
</StmntSeq>
</HierarchyLvl>
<HierarchyLvl HierarchyLvlId="818" HierarchyLvlTypeId="20" Intrnl_Id="60" Name="getCards">
<Header>
<Loc EndOffset="1181" SrcFileId="1" StartOffset="1157"/>
</Header>
<LocList>
<Loc EndOffset="1231" SrcFileId="1" StartOffset="1157"/>
</LocList>
<StmntSeq Intrnl_Id="61">
<LocList>
<Loc EndOffset="1227" SrcFileId="1" StartOffset="1188"/>
</LocList>
<BasicStmnt CovItemId="S10" CovItemPrefix="devops.hw1.core.Zone.java" Intrnl_Id="62">
<LocList>
<Loc EndOffset="1227" SrcFileId="1" StartOffset="1188"/>
</LocList>
</BasicStmnt>
</StmntSeq>
</HierarchyLvl>
<HierarchyLvl HierarchyLvlId="819" HierarchyLvlTypeId="20" Intrnl_Id="63" Name="getIndex">
<Header>
<Loc EndOffset="1415" SrcFileId="1" StartOffset="1383"/>
</Header>
<LocList>
<Loc EndOffset="1541" SrcFileId="1" StartOffset="1383"/>
</LocList>
<StmntSeq Intrnl_Id="64">
<LocList>
<Loc EndOffset="1431" SrcFileId="1" StartOffset="1421"/>
<Loc EndOffset="1523" SrcFileId="1" StartOffset="1435"/>
<Loc EndOffset="1537" SrcFileId="1" StartOffset="1527"/>
</LocList>
<BasicStmnt CovItemId="S11" CovItemPrefix="devops.hw1.core.Zone.java" Intrnl_Id="65">
<LocList>
<Loc EndOffset="1431" SrcFileId="1" StartOffset="1421"/>
</LocList>
</BasicStmnt>
<LoopStmnt CovItemId="S12" CovItemPrefix="devops.hw1.core.Zone.java" Intrnl_Id="66" MltplExecId="L2-2" MltplExecPrefix="devops.hw1.core.Zone.java" NvrExecId="L2-0" NvrExecPrefix="devops.hw1.core.Zone.java" OnceExecutedId="L2-1" OnceExecutedPrefix="devops.hw1.core.Zone.java" OptBodyExec="true">
<StmntSeq Intrnl_Id="67">
<LocList>
<Loc EndOffset="1509" SrcFileId="1" StartOffset="1466"/>
<Loc EndOffset="1518" SrcFileId="1" StartOffset="1514"/>
</LocList>
<CondStmnt CovItemId="S13" CovItemPrefix="devops.hw1.core.Zone.java" Intrnl_Id="68">
<Branch CovItemId="B5" CovItemPrefix="devops.hw1.core.Zone.java" Implct="false" Intrnl_Id="69">
<Cond/>
<LocList>
<Loc EndOffset="1509" SrcFileId="1" StartOffset="1500"/>
</LocList>
<StmntSeq Intrnl_Id="70">
<LocList>
<Loc EndOffset="1509" SrcFileId="1" StartOffset="1500"/>
</LocList>
<BasicStmnt CovItemId="S14" CovItemPrefix="devops.hw1.core.Zone.java" Intrnl_Id="71">
<LocList>
<Loc EndOffset="1509" SrcFileId="1" StartOffset="1500"/>
</LocList>
</BasicStmnt>
</StmntSeq>
</Branch>
<Branch CovItemId="B6" CovItemPrefix="devops.hw1.core.Zone.java" Implct="true" Intrnl_Id="72">
<Cond/>
<LocList/>
<StmntSeq Intrnl_Id="73">
<LocList/>
</StmntSeq>
</Branch>
<Keyword EndOffset="1468" SrcFileId="1" StartOffset="1466"/>
<LocList>
<Loc EndOffset="1509" SrcFileId="1" StartOffset="1466"/>
</LocList>
<RootTerm CovItemId="C3" CovItemPrefix="devops.hw1.core.Zone.java" Intrnl_Id="74">
<BasicBoolTerm Intrnl_Id="75">
<LocList>
<Loc EndOffset="1493" SrcFileId="1" StartOffset="1469"/>
</LocList>
</BasicBoolTerm>
</RootTerm>
</CondStmnt>
<BasicStmnt CovItemId="S15" CovItemPrefix="devops.hw1.core.Zone.java" Intrnl_Id="76">
<LocList>
<Loc EndOffset="1518" SrcFileId="1" StartOffset="1514"/>
</LocList>
</BasicStmnt>
</StmntSeq>
<Keyword EndOffset="1438" SrcFileId="1" StartOffset="1435"/>
<LocList>
<Loc EndOffset="1523" SrcFileId="1" StartOffset="1435"/>
</LocList>
</LoopStmnt>
<BasicStmnt CovItemId="S16" CovItemPrefix="devops.hw1.core.Zone.java" Intrnl_Id="77">
<LocList>
<Loc EndOffset="1537" SrcFileId="1" StartOffset="1527"/>
</LocList>
</BasicStmnt>
</StmntSeq>
</HierarchyLvl>
<HierarchyLvl HierarchyLvlId="820" HierarchyLvlTypeId="20" Intrnl_Id="78" Name="getSize">
<Header>
<Loc EndOffset="1630" SrcFileId="1" StartOffset="1610"/>
</Header>
<LocList>
<Loc EndOffset="1665" SrcFileId="1" StartOffset="1610"/>
</LocList>
<StmntSeq Intrnl_Id="79">
<LocList>
<Loc EndOffset="1661" SrcFileId="1" StartOffset="1636"/>
</LocList>
<BasicStmnt CovItemId="S17" CovItemPrefix="devops.hw1.core.Zone.java" Intrnl_Id="80">
<LocList>
<Loc EndOffset="1661" SrcFileId="1" StartOffset="1636"/>
</LocList>
</BasicStmnt>
</StmntSeq>
</HierarchyLvl>
<HierarchyLvl HierarchyLvlId="821" HierarchyLvlTypeId="20" Intrnl_Id="81" Name="remove">
<Header>
<Loc EndOffset="1836" SrcFileId="1" StartOffset="1777"/>
</Header>
<LocList>
<Loc EndOffset="2002" SrcFileId="1" StartOffset="1777"/>
</LocList>
<StmntSeq Intrnl_Id="82">
<LocList>
<Loc EndOffset="1971" SrcFileId="1" StartOffset="1842"/>
<Loc EndOffset="1996" SrcFileId="1" StartOffset="1975"/>
</LocList>
<CondStmnt CovItemId="S18" CovItemPrefix="devops.hw1.core.Zone.java" Intrnl_Id="83">
<Branch CovItemId="B7" CovItemPrefix="devops.hw1.core.Zone.java" Implct="false" Intrnl_Id="84">
<Cond/>
<LocList>
<Loc EndOffset="1971" SrcFileId="1" StartOffset="1865"/>
</LocList>
<StmntSeq Intrnl_Id="85">
<LocList>
<Loc EndOffset="1966" SrcFileId="1" StartOffset="1871"/>
</LocList>
<BasicStmnt CovItemId="S19" CovItemPrefix="devops.hw1.core.Zone.java" Intrnl_Id="86">
<LocList>
<Loc EndOffset="1966" SrcFileId="1" StartOffset="1871"/>
</LocList>
</BasicStmnt>
</StmntSeq>
</Branch>
<Branch CovItemId="B8" CovItemPrefix="devops.hw1.core.Zone.java" Implct="true" Intrnl_Id="87">
<Cond/>
<LocList/>
<StmntSeq Intrnl_Id="88">
<LocList/>
</StmntSeq>
</Branch>
<Keyword EndOffset="1844" SrcFileId="1" StartOffset="1842"/>
<LocList>
<Loc EndOffset="1971" SrcFileId="1" StartOffset="1842"/>
</LocList>
<RootTerm CovItemId="C4" CovItemPrefix="devops.hw1.core.Zone.java" Intrnl_Id="89">
<BasicBoolTerm Intrnl_Id="90">
<LocList>
<Loc EndOffset="1863" SrcFileId="1" StartOffset="1845"/>
</LocList>
</BasicBoolTerm>
</RootTerm>
</CondStmnt>
<BasicStmnt CovItemId="S20" CovItemPrefix="devops.hw1.core.Zone.java" Intrnl_Id="91">
<LocList>
<Loc EndOffset="1996" SrcFileId="1" StartOffset="1975"/>
</LocList>
</BasicStmnt>
</StmntSeq>
</HierarchyLvl>
</HierarchyLvl>
<HierarchyLvl HierarchyLvlId="825" HierarchyLvlTypeId="21" Intrnl_Id="92" Name="SMELParser">
<Header>
<Loc EndOffset="51" SrcFileId="2" StartOffset="28"/>
</Header>
<LocList>
<Loc EndOffset="432" SrcFileId="2" StartOffset="28"/>
</LocList>
<HierarchyLvl HierarchyLvlId="823" HierarchyLvlTypeId="20" Intrnl_Id="93" Name="SMELParser">
<Header>
<Loc EndOffset="106" SrcFileId="2" StartOffset="76"/>
</Header>
<LocList>
<Loc EndOffset="293" SrcFileId="2" StartOffset="76"/>
</LocList>
<StmntSeq Intrnl_Id="94">
<LocList>
<Loc EndOffset="155" SrcFileId="2" StartOffset="112"/>
<Loc EndOffset="197" SrcFileId="2" StartOffset="163"/>
<Loc EndOffset="229" SrcFileId="2" StartOffset="201"/>
<Loc EndOffset="283" SrcFileId="2" StartOffset="233"/>
</LocList>
<CondStmnt CovItemId="S1" CovItemPrefix="devops.hw1.core.SMELParser.java" Intrnl_Id="95">
<Branch CovItemId="B1" CovItemPrefix="devops.hw1.core.SMELParser.java" Implct="false" Intrnl_Id="96">
<Cond/>
<LocList>
<Loc EndOffset="155" SrcFileId="2" StartOffset="148"/>
</LocList>
<StmntSeq Intrnl_Id="97">
<LocList>
<Loc EndOffset="155" SrcFileId="2" StartOffset="148"/>
</LocList>
<BasicStmnt CovItemId="S2" CovItemPrefix="devops.hw1.core.SMELParser.java" Intrnl_Id="98">
<LocList>
<Loc EndOffset="155" SrcFileId="2" StartOffset="148"/>
</LocList>
</BasicStmnt>
</StmntSeq>
</Branch>
<Branch CovItemId="B2" CovItemPrefix="devops.hw1.core.SMELParser.java" Implct="true" Intrnl_Id="99">
<Cond/>
<LocList/>
<StmntSeq Intrnl_Id="100">
<LocList/>
</StmntSeq>
</Branch>
<Keyword EndOffset="114" SrcFileId="2" StartOffset="112"/>
<LocList>
<Loc EndOffset="155" SrcFileId="2" StartOffset="112"/>
</LocList>
<RootTerm CovItemId="C1" CovItemPrefix="devops.hw1.core.SMELParser.java" Intrnl_Id="101">
<OpTerm BooleanOpId="14" Intrnl_Id="102">
<BasicBoolTerm Intrnl_Id="103">
<LocList>
<Loc EndOffset="126" SrcFileId="2" StartOffset="116"/>
</LocList>
</BasicBoolTerm>
<BasicBoolTerm Intrnl_Id="104">
<LocList>
<Loc EndOffset="142" SrcFileId="2" StartOffset="130"/>
</LocList>
</BasicBoolTerm>
<LocList>
<Loc EndOffset="129" SrcFileId="2" StartOffset="127"/>
</LocList>
</OpTerm>
</RootTerm>
</CondStmnt>
<BasicStmnt CovItemId="S3" CovItemPrefix="devops.hw1.core.SMELParser.java" Intrnl_Id="105">
<LocList>
<Loc EndOffset="197" SrcFileId="2" StartOffset="163"/>
</LocList>
</BasicStmnt>
<BasicStmnt CovItemId="S4" CovItemPrefix="devops.hw1.core.SMELParser.java" Intrnl_Id="106">
<LocList>
<Loc EndOffset="229" SrcFileId="2" StartOffset="201"/>
</LocList>
</BasicStmnt>
<BasicStmnt CovItemId="S5" CovItemPrefix="devops.hw1.core.SMELParser.java" Intrnl_Id="107">
<LocList>
<Loc EndOffset="283" SrcFileId="2" StartOffset="233"/>
</LocList>
</BasicStmnt>
</StmntSeq>
</HierarchyLvl>
<HierarchyLvl HierarchyLvlId="824" HierarchyLvlTypeId="20" Intrnl_Id="108" Name="getCost">
<Header>
<Loc EndOffset="321" SrcFileId="2" StartOffset="298"/>
</Header>
<LocList>
<Loc EndOffset="427" SrcFileId="2" StartOffset="298"/>
</LocList>
<StmntSeq Intrnl_Id="109">
<LocList>
<Loc EndOffset="398" SrcFileId="2" StartOffset="327"/>
<Loc EndOffset="423" SrcFileId="2" StartOffset="406"/>
</LocList>
<CondStmnt CovItemId="S6" CovItemPrefix="devops.hw1.core.SMELParser.java" Intrnl_Id="110">
<Branch CovItemId="B3" CovItemPrefix="devops.hw1.core.SMELParser.java" Implct="false" Intrnl_Id="111">
<Cond/>
<LocList>
<Loc EndOffset="398" SrcFileId="2" StartOffset="354"/>
</LocList>
<StmntSeq Intrnl_Id="112">
<LocList>
<Loc EndOffset="398" SrcFileId="2" StartOffset="354"/>
</LocList>
<BasicStmnt CovItemId="S7" CovItemPrefix="devops.hw1.core.SMELParser.java" Intrnl_Id="113">
<LocList>
<Loc EndOffset="398" SrcFileId="2" StartOffset="354"/>
</LocList>
</BasicStmnt>
</StmntSeq>
</Branch>
<Branch CovItemId="B4" CovItemPrefix="devops.hw1.core.SMELParser.java" Implct="true" Intrnl_Id="114">
<Cond/>
<LocList/>
<StmntSeq Intrnl_Id="115">
<LocList/>
</StmntSeq>
</Branch>
<Keyword EndOffset="329" SrcFileId="2" StartOffset="327"/>
<LocList>
<Loc EndOffset="398" SrcFileId="2" StartOffset="327"/>
</LocList>
<RootTerm CovItemId="C2" CovItemPrefix="devops.hw1.core.SMELParser.java" Intrnl_Id="116">
<BasicBoolTerm Intrnl_Id="117">
<LocList>
<Loc EndOffset="348" SrcFileId="2" StartOffset="331"/>
</LocList>
</BasicBoolTerm>
</RootTerm>
</CondStmnt>
<BasicStmnt CovItemId="S8" CovItemPrefix="devops.hw1.core.SMELParser.java" Intrnl_Id="118">
<LocList>
<Loc EndOffset="423" SrcFileId="2" StartOffset="406"/>
</LocList>
</BasicStmnt>
</StmntSeq>
</HierarchyLvl>
</HierarchyLvl>
<HierarchyLvl HierarchyLvlId="874" HierarchyLvlTypeId="16" Intrnl_Id="119" Name="Phase">
<Header>
<Loc EndOffset="98" SrcFileId="3" StartOffset="81"/>
</Header>
<LocList>
<Loc EndOffset="3045" SrcFileId="3" StartOffset="81"/>
</LocList>
<HierarchyLvl HierarchyLvlId="827" HierarchyLvlTypeId="22" Intrnl_Id="120" Name="UNTAP1">
<Header>
<Loc EndOffset="109" SrcFileId="3" StartOffset="103"/>
</Header>
<LocList>
<Loc EndOffset="213" SrcFileId="3" StartOffset="103"/>
</LocList>
<HierarchyLvl HierarchyLvlId="826" HierarchyLvlTypeId="20" Intrnl_Id="121" Name="toString">
<Header>
<Loc EndOffset="164" SrcFileId="3" StartOffset="121"/>
</Header>
<LocList>
<Loc EndOffset="206" SrcFileId="3" StartOffset="121"/>
</LocList>
<StmntSeq Intrnl_Id="122">
<LocList>
<Loc EndOffset="195" SrcFileId="3" StartOffset="180"/>
</LocList>
<BasicStmnt CovItemId="S1" CovItemPrefix="devops.hw1.core.Phase.java" Intrnl_Id="123">
<LocList>
<Loc EndOffset="195" SrcFileId="3" StartOffset="180"/>
</LocList>
</BasicStmnt>
</StmntSeq>
</HierarchyLvl>
</HierarchyLvl>
<HierarchyLvl HierarchyLvlId="829" HierarchyLvlTypeId="22" Intrnl_Id="124" Name="UPKEEP1">
<Header>
<Loc EndOffset="224" SrcFileId="3" StartOffset="217"/>
</Header>
<LocList>
<Loc EndOffset="329" SrcFileId="3" StartOffset="217"/>
</LocList>
<HierarchyLvl HierarchyLvlId="828" HierarchyLvlTypeId="20" Intrnl_Id="125" Name="toString">
<Header>
<Loc EndOffset="279" SrcFileId="3" StartOffset="236"/>
</Header>
<LocList>
<Loc EndOffset="322" SrcFileId="3" StartOffset="236"/>
</LocList>
<StmntSeq Intrnl_Id="126">
<LocList>
<Loc EndOffset="311" SrcFileId="3" StartOffset="295"/>
</LocList>
<BasicStmnt CovItemId="S2" CovItemPrefix="devops.hw1.core.Phase.java" Intrnl_Id="127">
<LocList>
<Loc EndOffset="311" SrcFileId="3" StartOffset="295"/>
</LocList>
</BasicStmnt>
</StmntSeq>
</HierarchyLvl>
</HierarchyLvl>
<HierarchyLvl HierarchyLvlId="831" HierarchyLvlTypeId="22" Intrnl_Id="128" Name="DRAW1">
<Header>
<Loc EndOffset="338" SrcFileId="3" StartOffset="333"/>
</Header>
<LocList>
<Loc EndOffset="441" SrcFileId="3" StartOffset="333"/>
</LocList>
<HierarchyLvl HierarchyLvlId="830" HierarchyLvlTypeId="20" Intrnl_Id="129" Name="toString">
<Header>
<Loc EndOffset="393" SrcFileId="3" StartOffset="350"/>
</Header>
<LocList>
<Loc EndOffset="434" SrcFileId="3" StartOffset="350"/>
</LocList>
<StmntSeq Intrnl_Id="130">
<LocList>
<Loc EndOffset="423" SrcFileId="3" StartOffset="409"/>
</LocList>
<BasicStmnt CovItemId="S3" CovItemPrefix="devops.hw1.core.Phase.java" Intrnl_Id="131">
<LocList>
<Loc EndOffset="423" SrcFileId="3" StartOffset="409"/>
</LocList>
</BasicStmnt>
</StmntSeq>
</HierarchyLvl>
</HierarchyLvl>
<HierarchyLvl HierarchyLvlId="833" HierarchyLvlTypeId="22" Intrnl_Id="132" Name="FIRST_MAIN1">
<Header>
<Loc EndOffset="456" SrcFileId="3" StartOffset="445"/>
</Header>
<LocList>
<Loc EndOffset="561" SrcFileId="3" StartOffset="445"/>
</LocList>
<HierarchyLvl HierarchyLvlId="832" HierarchyLvlTypeId="20" Intrnl_Id="133" Name="toString">
<Header>
<Loc EndOffset="511" SrcFileId="3" StartOffset="468"/>
</Header>
<LocList>
<Loc EndOffset="554" SrcFileId="3" StartOffset="468"/>
</LocList>
<StmntSeq Intrnl_Id="134">
<LocList>
<Loc EndOffset="543" SrcFileId="3" StartOffset="527"/>
</LocList>
<BasicStmnt CovItemId="S4" CovItemPrefix="devops.hw1.core.Phase.java" Intrnl_Id="135">
<LocList>
<Loc EndOffset="543" SrcFileId="3" StartOffset="527"/>
</LocList>
</BasicStmnt>
</StmntSeq>
</HierarchyLvl>
</HierarchyLvl>
<HierarchyLvl HierarchyLvlId="835" HierarchyLvlTypeId="22" Intrnl_Id="136" Name="START_COMBAT1">
<Header>
<Loc EndOffset="578" SrcFileId="3" StartOffset="565"/>
</Header>
<LocList>
<Loc EndOffset="689" SrcFileId="3" StartOffset="565"/>
</LocList>
<HierarchyLvl HierarchyLvlId="834" HierarchyLvlTypeId="20" Intrnl_Id="137" Name="toString">
<Header>
<Loc EndOffset="633" SrcFileId="3" StartOffset="590"/>
</Header>
<LocList>
<Loc EndOffset="682" SrcFileId="3" StartOffset="590"/>
</LocList>
<StmntSeq Intrnl_Id="138">
<LocList>
<Loc EndOffset="671" SrcFileId="3" StartOffset="649"/>
</LocList>
<BasicStmnt CovItemId="S5" CovItemPrefix="devops.hw1.core.Phase.java" Intrnl_Id="139">
<LocList>
<Loc EndOffset="671" SrcFileId="3" StartOffset="649"/>
</LocList>
</BasicStmnt>
</StmntSeq>
</HierarchyLvl>
</HierarchyLvl>
<HierarchyLvl HierarchyLvlId="837" HierarchyLvlTypeId="22" Intrnl_Id="140" Name="DECLARE_ATTACKERS1">
<Header>
<Loc EndOffset="711" SrcFileId="3" StartOffset="693"/>
</Header>
<LocList>
<Loc EndOffset="825" SrcFileId="3" StartOffset="693"/>
</LocList>
<HierarchyLvl HierarchyLvlId="836" HierarchyLvlTypeId="20" Intrnl_Id="141" Name="toString">
<Header>
<Loc EndOffset="766" SrcFileId="3" StartOffset="723"/>
</Header>
<LocList>
<Loc EndOffset="818" SrcFileId="3" StartOffset="723"/>
</LocList>
<StmntSeq Intrnl_Id="142">
<LocList>
<Loc EndOffset="807" SrcFileId="3" StartOffset="782"/>
</LocList>
<BasicStmnt CovItemId="S6" CovItemPrefix="devops.hw1.core.Phase.java" Intrnl_Id="143">
<LocList>
<Loc EndOffset="807" SrcFileId="3" StartOffset="782"/>
</LocList>
</BasicStmnt>
</StmntSeq>
</HierarchyLvl>
</HierarchyLvl>
<HierarchyLvl HierarchyLvlId="839" HierarchyLvlTypeId="22" Intrnl_Id="144" Name="DECLARE_BLOCKERS1">
<Header>
<Loc EndOffset="846" SrcFileId="3" StartOffset="829"/>
</Header>
<LocList>
<Loc EndOffset="959" SrcFileId="3" StartOffset="829"/>
</LocList>
<HierarchyLvl HierarchyLvlId="838" HierarchyLvlTypeId="20" Intrnl_Id="145" Name="toString">
<Header>
<Loc EndOffset="901" SrcFileId="3" StartOffset="858"/>
</Header>
<LocList>
<Loc EndOffset="952" SrcFileId="3" StartOffset="858"/>
</LocList>
<StmntSeq Intrnl_Id="146">
<LocList>
<Loc EndOffset="941" SrcFileId="3" StartOffset="917"/>
</LocList>
<BasicStmnt CovItemId="S7" CovItemPrefix="devops.hw1.core.Phase.java" Intrnl_Id="147">
<LocList>
<Loc EndOffset="941" SrcFileId="3" StartOffset="917"/>
</LocList>
</BasicStmnt>
</StmntSeq>
</HierarchyLvl>
</HierarchyLvl>
<HierarchyLvl HierarchyLvlId="841" HierarchyLvlTypeId="22" Intrnl_Id="148" Name="COMBAT_DAMAGE1">
<Header>
<Loc EndOffset="977" SrcFileId="3" StartOffset="963"/>
</Header>
<LocList>
<Loc EndOffset="1089" SrcFileId="3" StartOffset="963"/>
</LocList>
<HierarchyLvl HierarchyLvlId="840" HierarchyLvlTypeId="20" Intrnl_Id="149" Name="toString">
<Header>
<Loc EndOffset="1032" SrcFileId="3" StartOffset="989"/>
</Header>
<LocList>
<Loc EndOffset="1082" SrcFileId="3" StartOffset="989"/>
</LocList>
<StmntSeq Intrnl_Id="150">
<LocList>
<Loc EndOffset="1071" SrcFileId="3" StartOffset="1048"/>
</LocList>
<BasicStmnt CovItemId="S8" CovItemPrefix="devops.hw1.core.Phase.java" Intrnl_Id="151">
<LocList>
<Loc EndOffset="1071" SrcFileId="3" StartOffset="1048"/>
</LocList>
</BasicStmnt>
</StmntSeq>
</HierarchyLvl>
</HierarchyLvl>
<HierarchyLvl HierarchyLvlId="843" HierarchyLvlTypeId="22" Intrnl_Id="152" Name="END_OF_COMBAT1">
<Header>
<Loc EndOffset="1107" SrcFileId="3" StartOffset="1093"/>
</Header>
<LocList>
<Loc EndOffset="1216" SrcFileId="3" StartOffset="1093"/>
</LocList>
<HierarchyLvl HierarchyLvlId="842" HierarchyLvlTypeId="20" Intrnl_Id="153" Name="toString">
<Header>
<Loc EndOffset="1162" SrcFileId="3" StartOffset="1119"/>
</Header>
<LocList>
<Loc EndOffset="1209" SrcFileId="3" StartOffset="1119"/>
</LocList>
<StmntSeq Intrnl_Id="154">
<LocList>
<Loc EndOffset="1198" SrcFileId="3" StartOffset="1178"/>
</LocList>
<BasicStmnt CovItemId="S9" CovItemPrefix="devops.hw1.core.Phase.java" Intrnl_Id="155">
<LocList>
<Loc EndOffset="1198" SrcFileId="3" StartOffset="1178"/>
</LocList>
</BasicStmnt>
</StmntSeq>
</HierarchyLvl>
</HierarchyLvl>
<HierarchyLvl HierarchyLvlId="845" HierarchyLvlTypeId="22" Intrnl_Id="156" Name="SECOND_MAIN1">
<Header>
<Loc EndOffset="1232" SrcFileId="3" StartOffset="1220"/>
</Header>
<LocList>
<Loc EndOffset="1337" SrcFileId="3" StartOffset="1220"/>
</LocList>
<HierarchyLvl HierarchyLvlId="844" HierarchyLvlTypeId="20" Intrnl_Id="157" Name="toString">
<Header>
<Loc EndOffset="1287" SrcFileId="3" StartOffset="1244"/>
</Header>
<LocList>
<Loc EndOffset="1330" SrcFileId="3" StartOffset="1244"/>
</LocList>
<StmntSeq Intrnl_Id="158">
<LocList>
<Loc EndOffset="1319" SrcFileId="3" StartOffset="1303"/>
</LocList>
<BasicStmnt CovItemId="S10" CovItemPrefix="devops.hw1.core.Phase.java" Intrnl_Id="159">
<LocList>
<Loc EndOffset="1319" SrcFileId="3" StartOffset="1303"/>
</LocList>
</BasicStmnt>
</StmntSeq>
</HierarchyLvl>
</HierarchyLvl>
<HierarchyLvl HierarchyLvlId="847" HierarchyLvlTypeId="22" Intrnl_Id="160" Name="END1">
<Header>
<Loc EndOffset="1345" SrcFileId="3" StartOffset="1341"/>
</Header>
<LocList>
<Loc EndOffset="1452" SrcFileId="3" StartOffset="1341"/>
</LocList>
<HierarchyLvl HierarchyLvlId="846" HierarchyLvlTypeId="20" Intrnl_Id="161" Name="toString">
<Header>
<Loc EndOffset="1400" SrcFileId="3" StartOffset="1357"/>
</Header>
<LocList>
<Loc EndOffset="1445" SrcFileId="3" StartOffset="1357"/>
</LocList>
<StmntSeq Intrnl_Id="162">
<LocList>
<Loc EndOffset="1434" SrcFileId="3" StartOffset="1416"/>
</LocList>
<BasicStmnt CovItemId="S11" CovItemPrefix="devops.hw1.core.Phase.java" Intrnl_Id="163">
<LocList>
<Loc EndOffset="1434" SrcFileId="3" StartOffset="1416"/>
</LocList>
</BasicStmnt>
</StmntSeq>
</HierarchyLvl>
</HierarchyLvl>
<HierarchyLvl HierarchyLvlId="849" HierarchyLvlTypeId="22" Intrnl_Id="164" Name="CLEANUP1">
<Header>
<Loc EndOffset="1464" SrcFileId="3" StartOffset="1456"/>
</Header>
<LocList>
<Loc EndOffset="1570" SrcFileId="3" StartOffset="1456"/>
</LocList>
<HierarchyLvl HierarchyLvlId="848" HierarchyLvlTypeId="20" Intrnl_Id="165" Name="toString">
<Header>
<Loc EndOffset="1519" SrcFileId="3" StartOffset="1476"/>
</Header>
<LocList>
<Loc EndOffset="1563" SrcFileId="3" StartOffset="1476"/>
</LocList>
<StmntSeq Intrnl_Id="166">
<LocList>
<Loc EndOffset="1552" SrcFileId="3" StartOffset="1535"/>
</LocList>
<BasicStmnt CovItemId="S12" CovItemPrefix="devops.hw1.core.Phase.java" Intrnl_Id="167">
<LocList>
<Loc EndOffset="1552" SrcFileId="3" StartOffset="1535"/>
</LocList>
</BasicStmnt>
</StmntSeq>
</HierarchyLvl>
</HierarchyLvl>
<HierarchyLvl HierarchyLvlId="851" HierarchyLvlTypeId="22" Intrnl_Id="168" Name="UNTAP2">
<Header>
<Loc EndOffset="1580" SrcFileId="3" StartOffset="1574"/>
</Header>
<LocList>
<Loc EndOffset="1684" SrcFileId="3" StartOffset="1574"/>
</LocList>
<HierarchyLvl HierarchyLvlId="850" HierarchyLvlTypeId="20" Intrnl_Id="169" Name="toString">
<Header>
<Loc EndOffset="1635" SrcFileId="3" StartOffset="1592"/>
</Header>
<LocList>
<Loc EndOffset="1677" SrcFileId="3" StartOffset="1592"/>
</LocList>
<StmntSeq Intrnl_Id="170">
<LocList>
<Loc EndOffset="1666" SrcFileId="3" StartOffset="1651"/>
</LocList>
<BasicStmnt CovItemId="S13" CovItemPrefix="devops.hw1.core.Phase.java" Intrnl_Id="171">
<LocList>
<Loc EndOffset="1666" SrcFileId="3" StartOffset="1651"/>
</LocList>
</BasicStmnt>
</StmntSeq>
</HierarchyLvl>
</HierarchyLvl>
<HierarchyLvl HierarchyLvlId="853" HierarchyLvlTypeId="22" Intrnl_Id="172" Name="UPKEEP2">
<Header>
<Loc EndOffset="1695" SrcFileId="3" StartOffset="1688"/>
</Header>
<LocList>
<Loc EndOffset="1800" SrcFileId="3" StartOffset="1688"/>
</LocList>
<HierarchyLvl HierarchyLvlId="852" HierarchyLvlTypeId="20" Intrnl_Id="173" Name="toString">
<Header>
<Loc EndOffset="1750" SrcFileId="3" StartOffset="1707"/>
</Header>
<LocList>
<Loc EndOffset="1793" SrcFileId="3" StartOffset="1707"/>
</LocList>
<StmntSeq Intrnl_Id="174">
<LocList>
<Loc EndOffset="1782" SrcFileId="3" StartOffset="1766"/>
</LocList>
<BasicStmnt CovItemId="S14" CovItemPrefix="devops.hw1.core.Phase.java" Intrnl_Id="175">
<LocList>
<Loc EndOffset="1782" SrcFileId="3" StartOffset="1766"/>
</LocList>
</BasicStmnt>
</StmntSeq>
</HierarchyLvl>
</HierarchyLvl>
<HierarchyLvl HierarchyLvlId="855" HierarchyLvlTypeId="22" Intrnl_Id="176" Name="DRAW2">
<Header>
<Loc EndOffset="1809" SrcFileId="3" StartOffset="1804"/>
</Header>
<LocList>
<Loc EndOffset="1912" SrcFileId="3" StartOffset="1804"/>
</LocList>
<HierarchyLvl HierarchyLvlId="854" HierarchyLvlTypeId="20" Intrnl_Id="177" Name="toString">
<Header>
<Loc EndOffset="1864" SrcFileId="3" StartOffset="1821"/>
</Header>
<LocList>
<Loc EndOffset="1905" SrcFileId="3" StartOffset="1821"/>
</LocList>
<StmntSeq Intrnl_Id="178">
<LocList>
<Loc EndOffset="1894" SrcFileId="3" StartOffset="1880"/>
</LocList>
<BasicStmnt CovItemId="S15" CovItemPrefix="devops.hw1.core.Phase.java" Intrnl_Id="179">
<LocList>
<Loc EndOffset="1894" SrcFileId="3" StartOffset="1880"/>
</LocList>
</BasicStmnt>
</StmntSeq>
</HierarchyLvl>
</HierarchyLvl>
<HierarchyLvl HierarchyLvlId="857" HierarchyLvlTypeId="22" Intrnl_Id="180" Name="FIRST_MAIN2">
<Header>
<Loc EndOffset="1927" SrcFileId="3" StartOffset="1916"/>
</Header>
<LocList>
<Loc EndOffset="2032" SrcFileId="3" StartOffset="1916"/>
</LocList>
<HierarchyLvl HierarchyLvlId="856" HierarchyLvlTypeId="20" Intrnl_Id="181" Name="toString">
<Header>
<Loc EndOffset="1982" SrcFileId="3" StartOffset="1939"/>
</Header>
<LocList>
<Loc EndOffset="2025" SrcFileId="3" StartOffset="1939"/>
</LocList>
<StmntSeq Intrnl_Id="182">
<LocList>
<Loc EndOffset="2014" SrcFileId="3" StartOffset="1998"/>
</LocList>
<BasicStmnt CovItemId="S16" CovItemPrefix="devops.hw1.core.Phase.java" Intrnl_Id="183">
<LocList>
<Loc EndOffset="2014" SrcFileId="3" StartOffset="1998"/>
</LocList>
</BasicStmnt>
</StmntSeq>
</HierarchyLvl>
</HierarchyLvl>
<HierarchyLvl HierarchyLvlId="859" HierarchyLvlTypeId="22" Intrnl_Id="184" Name="START_COMBAT2">
<Header>
<Loc EndOffset="2049" SrcFileId="3" StartOffset="2036"/>
</Header>
<LocList>
<Loc EndOffset="2160" SrcFileId="3" StartOffset="2036"/>
</LocList>
<HierarchyLvl HierarchyLvlId="858" HierarchyLvlTypeId="20" Intrnl_Id="185" Name="toString">
<Header>
<Loc EndOffset="2104" SrcFileId="3" StartOffset="2061"/>
</Header>
<LocList>
<Loc EndOffset="2153" SrcFileId="3" StartOffset="2061"/>
</LocList>
<StmntSeq Intrnl_Id="186">
<LocList>
<Loc EndOffset="2142" SrcFileId="3" StartOffset="2120"/>
</LocList>
<BasicStmnt CovItemId="S17" CovItemPrefix="devops.hw1.core.Phase.java" Intrnl_Id="187">
<LocList>
<Loc EndOffset="2142" SrcFileId="3" StartOffset="2120"/>
</LocList>
</BasicStmnt>
</StmntSeq>
</HierarchyLvl>
</HierarchyLvl>
<HierarchyLvl HierarchyLvlId="861" HierarchyLvlTypeId="22" Intrnl_Id="188" Name="DECLARE_ATTACKERS2">
<Header>
<Loc EndOffset="2182" SrcFileId="3" StartOffset="2164"/>
</Header>
<LocList>
<Loc EndOffset="2296" SrcFileId="3" StartOffset="2164"/>
</LocList>
<HierarchyLvl HierarchyLvlId="860" HierarchyLvlTypeId="20" Intrnl_Id="189" Name="toString">
<Header>
<Loc EndOffset="2237" SrcFileId="3" StartOffset="2194"/>
</Header>
<LocList>
<Loc EndOffset="2289" SrcFileId="3" StartOffset="2194"/>
</LocList>
<StmntSeq Intrnl_Id="190">
<LocList>
<Loc EndOffset="2278" SrcFileId="3" StartOffset="2253"/>
</LocList>
<BasicStmnt CovItemId="S18" CovItemPrefix="devops.hw1.core.Phase.java" Intrnl_Id="191">
<LocList>
<Loc EndOffset="2278" SrcFileId="3" StartOffset="2253"/>
</LocList>
</BasicStmnt>
</StmntSeq>
</HierarchyLvl>
</HierarchyLvl>
<HierarchyLvl HierarchyLvlId="863" HierarchyLvlTypeId="22" Intrnl_Id="192" Name="DECLARE_BLOCKERS2">
<Header>
<Loc EndOffset="2317" SrcFileId="3" StartOffset="2300"/>
</Header>
<LocList>
<Loc EndOffset="2430" SrcFileId="3" StartOffset="2300"/>
</LocList>
<HierarchyLvl HierarchyLvlId="862" HierarchyLvlTypeId="20" Intrnl_Id="193" Name="toString">
<Header>
<Loc EndOffset="2372" SrcFileId="3" StartOffset="2329"/>
</Header>
<LocList>
<Loc EndOffset="2423" SrcFileId="3" StartOffset="2329"/>
</LocList>
<StmntSeq Intrnl_Id="194">
<LocList>
<Loc EndOffset="2412" SrcFileId="3" StartOffset="2388"/>
</LocList>
<BasicStmnt CovItemId="S19" CovItemPrefix="devops.hw1.core.Phase.java" Intrnl_Id="195">
<LocList>
<Loc EndOffset="2412" SrcFileId="3" StartOffset="2388"/>
</LocList>
</BasicStmnt>
</StmntSeq>
</HierarchyLvl>
</HierarchyLvl>
<HierarchyLvl HierarchyLvlId="865" HierarchyLvlTypeId="22" Intrnl_Id="196" Name="COMBAT_DAMAGE2">
<Header>
<Loc EndOffset="2448" SrcFileId="3" StartOffset="2434"/>
</Header>
<LocList>
<Loc EndOffset="2560" SrcFileId="3" StartOffset="2434"/>
</LocList>
<HierarchyLvl HierarchyLvlId="864" HierarchyLvlTypeId="20" Intrnl_Id="197" Name="toString">
<Header>
<Loc EndOffset="2503" SrcFileId="3" StartOffset="2460"/>
</Header>
<LocList>
<Loc EndOffset="2553" SrcFileId="3" StartOffset="2460"/>
</LocList>
<StmntSeq Intrnl_Id="198">
<LocList>
<Loc EndOffset="2542" SrcFileId="3" StartOffset="2519"/>
</LocList>
<BasicStmnt CovItemId="S20" CovItemPrefix="devops.hw1.core.Phase.java" Intrnl_Id="199">
<LocList>
<Loc EndOffset="2542" SrcFileId="3" StartOffset="2519"/>
</LocList>
</BasicStmnt>
</StmntSeq>
</HierarchyLvl>
</HierarchyLvl>
<HierarchyLvl HierarchyLvlId="867" HierarchyLvlTypeId="22" Intrnl_Id="200" Name="END_OF_COMBAT2">
<Header>
<Loc EndOffset="2578" SrcFileId="3" StartOffset="2564"/>
</Header>
<LocList>
<Loc EndOffset="2687" SrcFileId="3" StartOffset="2564"/>
</LocList>
<HierarchyLvl HierarchyLvlId="866" HierarchyLvlTypeId="20" Intrnl_Id="201" Name="toString">
<Header>
<Loc EndOffset="2633" SrcFileId="3" StartOffset="2590"/>
</Header>
<LocList>
<Loc EndOffset="2680" SrcFileId="3" StartOffset="2590"/>
</LocList>
<StmntSeq Intrnl_Id="202">
<LocList>
<Loc EndOffset="2669" SrcFileId="3" StartOffset="2649"/>
</LocList>
<BasicStmnt CovItemId="S21" CovItemPrefix="devops.hw1.core.Phase.java" Intrnl_Id="203">
<LocList>
<Loc EndOffset="2669" SrcFileId="3" StartOffset="2649"/>
</LocList>
</BasicStmnt>
</StmntSeq>
</HierarchyLvl>
</HierarchyLvl>
<HierarchyLvl HierarchyLvlId="869" HierarchyLvlTypeId="22" Intrnl_Id="204" Name="SECOND_MAIN2">
<Header>
<Loc EndOffset="2703" SrcFileId="3" StartOffset="2691"/>
</Header>
<LocList>
<Loc EndOffset="2808" SrcFileId="3" StartOffset="2691"/>
</LocList>
<HierarchyLvl HierarchyLvlId="868" HierarchyLvlTypeId="20" Intrnl_Id="205" Name="toString">
<Header>
<Loc EndOffset="2758" SrcFileId="3" StartOffset="2715"/>
</Header>
<LocList>
<Loc EndOffset="2801" SrcFileId="3" StartOffset="2715"/>
</LocList>
<StmntSeq Intrnl_Id="206">
<LocList>
<Loc EndOffset="2790" SrcFileId="3" StartOffset="2774"/>
</LocList>
<BasicStmnt CovItemId="S22" CovItemPrefix="devops.hw1.core.Phase.java" Intrnl_Id="207">
<LocList>
<Loc EndOffset="2790" SrcFileId="3" StartOffset="2774"/>
</LocList>
</BasicStmnt>
</StmntSeq>
</HierarchyLvl>
</HierarchyLvl>
<HierarchyLvl HierarchyLvlId="871" HierarchyLvlTypeId="22" Intrnl_Id="208" Name="END2">
<Header>
<Loc EndOffset="2816" SrcFileId="3" StartOffset="2812"/>
</Header>
<LocList>
<Loc EndOffset="2923" SrcFileId="3" StartOffset="2812"/>
</LocList>
<HierarchyLvl HierarchyLvlId="870" HierarchyLvlTypeId="20" Intrnl_Id="209" Name="toString">
<Header>
<Loc EndOffset="2871" SrcFileId="3" StartOffset="2828"/>
</Header>
<LocList>
<Loc EndOffset="2916" SrcFileId="3" StartOffset="2828"/>
</LocList>
<StmntSeq Intrnl_Id="210">
<LocList>
<Loc EndOffset="2905" SrcFileId="3" StartOffset="2887"/>
</LocList>
<BasicStmnt CovItemId="S23" CovItemPrefix="devops.hw1.core.Phase.java" Intrnl_Id="211">
<LocList>
<Loc EndOffset="2905" SrcFileId="3" StartOffset="2887"/>
</LocList>
</BasicStmnt>
</StmntSeq>
</HierarchyLvl>
</HierarchyLvl>
<HierarchyLvl HierarchyLvlId="873" HierarchyLvlTypeId="22" Intrnl_Id="212" Name="CLEANUP2">
<Header>
<Loc EndOffset="2935" SrcFileId="3" StartOffset="2927"/>
</Header>
<LocList>
<Loc EndOffset="3041" SrcFileId="3" StartOffset="2927"/>
</LocList>
<HierarchyLvl HierarchyLvlId="872" HierarchyLvlTypeId="20" Intrnl_Id="213" Name="toString">
<Header>
<Loc EndOffset="2990" SrcFileId="3" StartOffset="2947"/>
</Header>
<LocList>
<Loc EndOffset="3034" SrcFileId="3" StartOffset="2947"/>
</LocList>
<StmntSeq Intrnl_Id="214">
<LocList>
<Loc EndOffset="3023" SrcFileId="3" StartOffset="3006"/>
</LocList>
<BasicStmnt CovItemId="S24" CovItemPrefix="devops.hw1.core.Phase.java" Intrnl_Id="215">
<LocList>
<Loc EndOffset="3023" SrcFileId="3" StartOffset="3006"/>
</LocList>
</BasicStmnt>
</StmntSeq>
</HierarchyLvl>
</HierarchyLvl>
</HierarchyLvl>
<HierarchyLvl HierarchyLvlId="877" HierarchyLvlTypeId="21" Intrnl_Id="216" Name="NumericData">
<Header>
<Loc EndOffset="79" SrcFileId="4" StartOffset="28"/>
</Header>
<LocList>
<Loc EndOffset="753" SrcFileId="4" StartOffset="28"/>
</LocList>
<HierarchyLvl HierarchyLvlId="875" HierarchyLvlTypeId="20" Intrnl_Id="217" Name="NumericData">
<Header>
<Loc EndOffset="125" SrcFileId="4" StartOffset="86"/>
</Header>
<LocList>
<Loc EndOffset="152" SrcFileId="4" StartOffset="86"/>
</LocList>
<StmntSeq Intrnl_Id="218">
<LocList>
<Loc EndOffset="148" SrcFileId="4" StartOffset="131"/>
</LocList>
<BasicStmnt CovItemId="S1" CovItemPrefix="devops.hw1.core.NumericData.java" Intrnl_Id="219">
<LocList>
<Loc EndOffset="148" SrcFileId="4" StartOffset="131"/>
</LocList>
</BasicStmnt>
</StmntSeq>
</HierarchyLvl>
<HierarchyLvl HierarchyLvlId="876" HierarchyLvlTypeId="20" Intrnl_Id="220" Name="compareTo">
<Header>
<Loc EndOffset="562" SrcFileId="4" StartOffset="511"/>
</Header>
<LocList>
<Loc EndOffset="750" SrcFileId="4" StartOffset="511"/>
</LocList>
<StmntSeq Intrnl_Id="221">
<LocList>
<Loc EndOffset="604" SrcFileId="4" StartOffset="568"/>
<Loc EndOffset="643" SrcFileId="4" StartOffset="612"/>
<Loc EndOffset="682" SrcFileId="4" StartOffset="647"/>
<Loc EndOffset="728" SrcFileId="4" StartOffset="690"/>
<Loc EndOffset="746" SrcFileId="4" StartOffset="736"/>
</LocList>
<CondStmnt CovItemId="S2" CovItemPrefix="devops.hw1.core.NumericData.java" Intrnl_Id="222">
<Branch CovItemId="B1" CovItemPrefix="devops.hw1.core.NumericData.java" Implct="false" Intrnl_Id="223">
<Cond/>
<LocList>
<Loc EndOffset="604" SrcFileId="4" StartOffset="595"/>
</LocList>
<StmntSeq Intrnl_Id="224">
<LocList>
<Loc EndOffset="604" SrcFileId="4" StartOffset="595"/>
</LocList>
<BasicStmnt CovItemId="S3" CovItemPrefix="devops.hw1.core.NumericData.java" Intrnl_Id="225">
<LocList>
<Loc EndOffset="604" SrcFileId="4" StartOffset="595"/>
</LocList>
</BasicStmnt>
</StmntSeq>
</Branch>
<Branch CovItemId="B2" CovItemPrefix="devops.hw1.core.NumericData.java" Implct="true" Intrnl_Id="226">
<Cond/>
<LocList/>
<StmntSeq Intrnl_Id="227">
<LocList/>
</StmntSeq>
</Branch>
<Keyword EndOffset="570" SrcFileId="4" StartOffset="568"/>
<LocList>
<Loc EndOffset="604" SrcFileId="4" StartOffset="568"/>
</LocList>
<RootTerm CovItemId="C1" CovItemPrefix="devops.hw1.core.NumericData.java" Intrnl_Id="228">
<BasicBoolTerm Intrnl_Id="229">
<LocList>
<Loc EndOffset="589" SrcFileId="4" StartOffset="571"/>
</LocList>
</BasicBoolTerm>
</RootTerm>
</CondStmnt>
<BasicStmnt CovItemId="S4" CovItemPrefix="devops.hw1.core.NumericData.java" Intrnl_Id="230">
<LocList>
<Loc EndOffset="643" SrcFileId="4" StartOffset="612"/>
</LocList>
</BasicStmnt>
<BasicStmnt CovItemId="S5" CovItemPrefix="devops.hw1.core.NumericData.java" Intrnl_Id="231">
<LocList>
<Loc EndOffset="682" SrcFileId="4" StartOffset="647"/>
</LocList>
</BasicStmnt>
<CondStmnt CovItemId="S6" CovItemPrefix="devops.hw1.core.NumericData.java" Intrnl_Id="232">
<Branch CovItemId="B3" CovItemPrefix="devops.hw1.core.NumericData.java" Implct="false" Intrnl_Id="233">
<Cond/>
<LocList>
<Loc EndOffset="728" SrcFileId="4" StartOffset="719"/>
</LocList>
<StmntSeq Intrnl_Id="234">
<LocList>
<Loc EndOffset="728" SrcFileId="4" StartOffset="719"/>
</LocList>
<BasicStmnt CovItemId="S7" CovItemPrefix="devops.hw1.core.NumericData.java" Intrnl_Id="235">
<LocList>
<Loc EndOffset="728" SrcFileId="4" StartOffset="719"/>
</LocList>
</BasicStmnt>
</StmntSeq>
</Branch>
<Branch CovItemId="B4" CovItemPrefix="devops.hw1.core.NumericData.java" Implct="true" Intrnl_Id="236">
<Cond/>
<LocList/>
<StmntSeq Intrnl_Id="237">
<LocList/>
</StmntSeq>
</Branch>
<Keyword EndOffset="692" SrcFileId="4" StartOffset="690"/>
<LocList>
<Loc EndOffset="728" SrcFileId="4" StartOffset="690"/>
</LocList>
<RootTerm CovItemId="C2" CovItemPrefix="devops.hw1.core.NumericData.java" Intrnl_Id="238">
<BasicBoolTerm Intrnl_Id="239">
<LocList>
<Loc EndOffset="713" SrcFileId="4" StartOffset="693"/>
</LocList>
</BasicBoolTerm>
</RootTerm>
</CondStmnt>
<BasicStmnt CovItemId="S8" CovItemPrefix="devops.hw1.core.NumericData.java" Intrnl_Id="240">
<LocList>
<Loc EndOffset="746" SrcFileId="4" StartOffset="736"/>
</LocList>
</BasicStmnt>
</StmntSeq>
</HierarchyLvl>
</HierarchyLvl>
<HierarchyLvl HierarchyLvlId="884" HierarchyLvlTypeId="16" Intrnl_Id="241" Name="ManaPool">
<Header>
<Loc EndOffset="108" SrcFileId="5" StartOffset="88"/>
</Header>
<LocList>
<Loc EndOffset="2186" SrcFileId="5" StartOffset="88"/>
</LocList>
<HierarchyLvl HierarchyLvlId="878" HierarchyLvlTypeId="20" Intrnl_Id="242" Name="getAmount">
<Header>
<Loc EndOffset="375" SrcFileId="5" StartOffset="353"/>
</Header>
<LocList>
<Loc EndOffset="404" SrcFileId="5" StartOffset="353"/>
</LocList>
<StmntSeq Intrnl_Id="243">
<LocList>
<Loc EndOffset="400" SrcFileId="5" StartOffset="381"/>
</LocList>
<BasicStmnt CovItemId="S1" CovItemPrefix="devops.hw1.core.ManaPool.java" Intrnl_Id="244">
<LocList>
<Loc EndOffset="400" SrcFileId="5" StartOffset="381"/>
</LocList>
</BasicStmnt>
</StmntSeq>
</HierarchyLvl>
<HierarchyLvl HierarchyLvlId="879" HierarchyLvlTypeId="20" Intrnl_Id="245" Name="add">
<Header>
<Loc EndOffset="516" SrcFileId="5" StartOffset="494"/>
</Header>
<LocList>
<Loc EndOffset="556" SrcFileId="5" StartOffset="494"/>
</LocList>
<StmntSeq Intrnl_Id="246">
<LocList>
<Loc EndOffset="552" SrcFileId="5" StartOffset="522"/>
</LocList>
<BasicStmnt CovItemId="S2" CovItemPrefix="devops.hw1.core.ManaPool.java" Intrnl_Id="247">
<LocList>
<Loc EndOffset="552" SrcFileId="5" StartOffset="522"/>
</LocList>
</BasicStmnt>
</StmntSeq>
</HierarchyLvl>
<HierarchyLvl HierarchyLvlId="880" HierarchyLvlTypeId="20" Intrnl_Id="248" Name="remove">
<Header>
<Loc EndOffset="678" SrcFileId="5" StartOffset="653"/>
</Header>
<LocList>
<Loc EndOffset="718" SrcFileId="5" StartOffset="653"/>
</LocList>
<StmntSeq Intrnl_Id="249">
<LocList>
<Loc EndOffset="714" SrcFileId="5" StartOffset="684"/>
</LocList>
<BasicStmnt CovItemId="S3" CovItemPrefix="devops.hw1.core.ManaPool.java" Intrnl_Id="250">
<LocList>
<Loc EndOffset="714" SrcFileId="5" StartOffset="684"/>
</LocList>
</BasicStmnt>
</StmntSeq>
</HierarchyLvl>
<HierarchyLvl HierarchyLvlId="881" HierarchyLvlTypeId="20" Intrnl_Id="251" Name="empty">
<Header>
<Loc EndOffset="779" SrcFileId="5" StartOffset="760"/>
</Header>
<LocList>
<Loc EndOffset="805" SrcFileId="5" StartOffset="760"/>
</LocList>
<StmntSeq Intrnl_Id="252">
<LocList>
<Loc EndOffset="801" SrcFileId="5" StartOffset="785"/>
</LocList>
<BasicStmnt CovItemId="S4" CovItemPrefix="devops.hw1.core.ManaPool.java" Intrnl_Id="253">
<LocList>
<Loc EndOffset="801" SrcFileId="5" StartOffset="785"/>
</LocList>
</BasicStmnt>
</StmntSeq>
</HierarchyLvl>
<HierarchyLvl HierarchyLvlId="882" HierarchyLvlTypeId="20" Intrnl_Id="254" Name="emptyMana">
<Header>
<Loc EndOffset="894" SrcFileId="5" StartOffset="864"/>
</Header>
<LocList>
<Loc EndOffset="1237" SrcFileId="5" StartOffset="864"/>
</LocList>
<StmntSeq Intrnl_Id="255">
<LocList>
<Loc EndOffset="923" SrcFileId="5" StartOffset="899"/>
<Loc EndOffset="950" SrcFileId="5" StartOffset="927"/>
<Loc EndOffset="978" SrcFileId="5" StartOffset="954"/>
<Loc EndOffset="1004" SrcFileId="5" StartOffset="982"/>
<Loc EndOffset="1032" SrcFileId="5" StartOffset="1008"/>
<Loc EndOffset="1064" SrcFileId="5" StartOffset="1036"/>
<Loc EndOffset="1092" SrcFileId="5" StartOffset="1068"/>
<Loc EndOffset="1119" SrcFileId="5" StartOffset="1096"/>
<Loc EndOffset="1147" SrcFileId="5" StartOffset="1123"/>
<Loc EndOffset="1173" SrcFileId="5" StartOffset="1151"/>
<Loc EndOffset="1201" SrcFileId="5" StartOffset="1177"/>
<Loc EndOffset="1233" SrcFileId="5" StartOffset="1205"/>
</LocList>
<BasicStmnt CovItemId="S5" CovItemPrefix="devops.hw1.core.ManaPool.java" Intrnl_Id="256">
<LocList>
<Loc EndOffset="923" SrcFileId="5" StartOffset="899"/>
</LocList>
</BasicStmnt>
<BasicStmnt CovItemId="S6" CovItemPrefix="devops.hw1.core.ManaPool.java" Intrnl_Id="257">
<LocList>
<Loc EndOffset="950" SrcFileId="5" StartOffset="927"/>
</LocList>
</BasicStmnt>
<BasicStmnt CovItemId="S7" CovItemPrefix="devops.hw1.core.ManaPool.java" Intrnl_Id="258">
<LocList>
<Loc EndOffset="978" SrcFileId="5" StartOffset="954"/>
</LocList>
</BasicStmnt>
<BasicStmnt CovItemId="S8" CovItemPrefix="devops.hw1.core.ManaPool.java" Intrnl_Id="259">
<LocList>
<Loc EndOffset="1004" SrcFileId="5" StartOffset="982"/>
</LocList>
</BasicStmnt>
<BasicStmnt CovItemId="S9" CovItemPrefix="devops.hw1.core.ManaPool.java" Intrnl_Id="260">
<LocList>
<Loc EndOffset="1032" SrcFileId="5" StartOffset="1008"/>
</LocList>
</BasicStmnt>
<BasicStmnt CovItemId="S10" CovItemPrefix="devops.hw1.core.ManaPool.java" Intrnl_Id="261">
<LocList>
<Loc EndOffset="1064" SrcFileId="5" StartOffset="1036"/>
</LocList>
</BasicStmnt>
<BasicStmnt CovItemId="S11" CovItemPrefix="devops.hw1.core.ManaPool.java" Intrnl_Id="262">
<LocList>
<Loc EndOffset="1092" SrcFileId="5" StartOffset="1068"/>
</LocList>
</BasicStmnt>
<BasicStmnt CovItemId="S12" CovItemPrefix="devops.hw1.core.ManaPool.java" Intrnl_Id="263">
<LocList>
<Loc EndOffset="1119" SrcFileId="5" StartOffset="1096"/>
</LocList>
</BasicStmnt>
<BasicStmnt CovItemId="S13" CovItemPrefix="devops.hw1.core.ManaPool.java" Intrnl_Id="264">
<LocList>
<Loc EndOffset="1147" SrcFileId="5" StartOffset="1123"/>
</LocList>
</BasicStmnt>
<BasicStmnt CovItemId="S14" CovItemPrefix="devops.hw1.core.ManaPool.java" Intrnl_Id="265">
<LocList>
<Loc EndOffset="1173" SrcFileId="5" StartOffset="1151"/>
</LocList>
</BasicStmnt>
<BasicStmnt CovItemId="S15" CovItemPrefix="devops.hw1.core.ManaPool.java" Intrnl_Id="266">
<LocList>
<Loc EndOffset="1201" SrcFileId="5" StartOffset="1177"/>
</LocList>
</BasicStmnt>
<BasicStmnt CovItemId="S16" CovItemPrefix="devops.hw1.core.ManaPool.java" Intrnl_Id="267">
<LocList>
<Loc EndOffset="1233" SrcFileId="5" StartOffset="1205"/>
</LocList>
</BasicStmnt>
</StmntSeq>
</HierarchyLvl>
<HierarchyLvl HierarchyLvlId="883" HierarchyLvlTypeId="20" Intrnl_Id="268" Name="getPool">
<Header>
<Loc EndOffset="1505" SrcFileId="5" StartOffset="1447"/>
</Header>
<LocList>
<Loc EndOffset="2183" SrcFileId="5" StartOffset="1447"/>
</LocList>
<StmntSeq Intrnl_Id="269">
<LocList>
<Loc EndOffset="2179" SrcFileId="5" StartOffset="1510"/>
</LocList>
<CondStmnt CovItemId="S17" CovItemPrefix="devops.hw1.core.ManaPool.java" Intrnl_Id="270">
<Branch CovItemId="B1" CovItemPrefix="devops.hw1.core.ManaPool.java" Implct="false" Intrnl_Id="271">
<Cond>
<Loc EndOffset="1559" SrcFileId="5" StartOffset="1551"/>
</Cond>
<LocList>
<Loc EndOffset="1635" SrcFileId="5" StartOffset="1565"/>
</LocList>
<StmntSeq Intrnl_Id="272">
<LocList>
<Loc EndOffset="1605" SrcFileId="5" StartOffset="1565"/>
<Loc EndOffset="1635" SrcFileId="5" StartOffset="1612"/>
</LocList>
<CondStmnt CovItemId="S18" CovItemPrefix="devops.hw1.core.ManaPool.java" Intrnl_Id="273">
<Branch CovItemId="B2" CovItemPrefix="devops.hw1.core.ManaPool.java" Implct="false" Intrnl_Id="274">
<Cond/>
<LocList>
<Loc EndOffset="1605" SrcFileId="5" StartOffset="1582"/>
</LocList>
<StmntSeq Intrnl_Id="275">
<LocList>
<Loc EndOffset="1605" SrcFileId="5" StartOffset="1582"/>
</LocList>
<BasicStmnt CovItemId="S19" CovItemPrefix="devops.hw1.core.ManaPool.java" Intrnl_Id="276">
<LocList>
<Loc EndOffset="1605" SrcFileId="5" StartOffset="1582"/>
</LocList>
</BasicStmnt>
</StmntSeq>
</Branch>
<Branch CovItemId="B3" CovItemPrefix="devops.hw1.core.ManaPool.java" Implct="true" Intrnl_Id="277">
<Cond/>
<LocList/>
<StmntSeq Intrnl_Id="278">
<LocList/>
</StmntSeq>
</Branch>
<Keyword EndOffset="1567" SrcFileId="5" StartOffset="1565"/>
<LocList>
<Loc EndOffset="1605" SrcFileId="5" StartOffset="1565"/>
</LocList>
<RootTerm CovItemId="C1" CovItemPrefix="devops.hw1.core.ManaPool.java" Intrnl_Id="279">
<BasicBoolTerm Intrnl_Id="280">
<LocList>
<Loc EndOffset="1575" SrcFileId="5" StartOffset="1569"/>
</LocList>
</BasicBoolTerm>
</RootTerm>
</CondStmnt>
<BasicStmnt CovItemId="S20" CovItemPrefix="devops.hw1.core.ManaPool.java" Intrnl_Id="281">
<LocList>
<Loc EndOffset="1635" SrcFileId="5" StartOffset="1612"/>
</LocList>
</BasicStmnt>
</StmntSeq>
</Branch>
<Branch CovItemId="B4" CovItemPrefix="devops.hw1.core.ManaPool.java" Implct="false" Intrnl_Id="282">
<Cond>
<Loc EndOffset="1649" SrcFileId="5" StartOffset="1641"/>
</Cond>
<LocList>
<Loc EndOffset="1723" SrcFileId="5" StartOffset="1655"/>
</LocList>
<StmntSeq Intrnl_Id="283">
<LocList>
<Loc EndOffset="1694" SrcFileId="5" StartOffset="1655"/>
<Loc EndOffset="1723" SrcFileId="5" StartOffset="1701"/>
</LocList>
<CondStmnt CovItemId="S21" CovItemPrefix="devops.hw1.core.ManaPool.java" Intrnl_Id="284">
<Branch CovItemId="B5" CovItemPrefix="devops.hw1.core.ManaPool.java" Implct="false" Intrnl_Id="285">
<Cond/>
<LocList>
<Loc EndOffset="1694" SrcFileId="5" StartOffset="1672"/>
</LocList>
<StmntSeq Intrnl_Id="286">
<LocList>
<Loc EndOffset="1694" SrcFileId="5" StartOffset="1672"/>
</LocList>
<BasicStmnt CovItemId="S22" CovItemPrefix="devops.hw1.core.ManaPool.java" Intrnl_Id="287">
<LocList>
<Loc EndOffset="1694" SrcFileId="5" StartOffset="1672"/>
</LocList>
</BasicStmnt>
</StmntSeq>
</Branch>
<Branch CovItemId="B6" CovItemPrefix="devops.hw1.core.ManaPool.java" Implct="true" Intrnl_Id="288">
<Cond/>
<LocList/>
<StmntSeq Intrnl_Id="289">
<LocList/>
</StmntSeq>
</Branch>
<Keyword EndOffset="1657" SrcFileId="5" StartOffset="1655"/>
<LocList>
<Loc EndOffset="1694" SrcFileId="5" StartOffset="1655"/>
</LocList>
<RootTerm CovItemId="C2" CovItemPrefix="devops.hw1.core.ManaPool.java" Intrnl_Id="290">
<BasicBoolTerm Intrnl_Id="291">
<LocList>
<Loc EndOffset="1665" SrcFileId="5" StartOffset="1659"/>
</LocList>
</BasicBoolTerm>
</RootTerm>
</CondStmnt>
<BasicStmnt CovItemId="S23" CovItemPrefix="devops.hw1.core.ManaPool.java" Intrnl_Id="292">
<LocList>
<Loc EndOffset="1723" SrcFileId="5" StartOffset="1701"/>
</LocList>
</BasicStmnt>
</StmntSeq>
</Branch>
<Branch CovItemId="B7" CovItemPrefix="devops.hw1.core.ManaPool.java" Implct="false" Intrnl_Id="293">
<Cond>
<Loc EndOffset="1737" SrcFileId="5" StartOffset="1729"/>
</Cond>
<LocList>
<Loc EndOffset="1813" SrcFileId="5" StartOffset="1743"/>
</LocList>
<StmntSeq Intrnl_Id="294">
<LocList>
<Loc EndOffset="1783" SrcFileId="5" StartOffset="1743"/>
<Loc EndOffset="1813" SrcFileId="5" StartOffset="1790"/>
</LocList>
<CondStmnt CovItemId="S24" CovItemPrefix="devops.hw1.core.ManaPool.java" Intrnl_Id="295">
<Branch CovItemId="B8" CovItemPrefix="devops.hw1.core.ManaPool.java" Implct="false" Intrnl_Id="296">
<Cond/>
<LocList>
<Loc EndOffset="1783" SrcFileId="5" StartOffset="1760"/>
</LocList>
<StmntSeq Intrnl_Id="297">
<LocList>
<Loc EndOffset="1783" SrcFileId="5" StartOffset="1760"/>
</LocList>
<BasicStmnt CovItemId="S25" CovItemPrefix="devops.hw1.core.ManaPool.java" Intrnl_Id="298">
<LocList>
<Loc EndOffset="1783" SrcFileId="5" StartOffset="1760"/>
</LocList>
</BasicStmnt>
</StmntSeq>
</Branch>
<Branch CovItemId="B9" CovItemPrefix="devops.hw1.core.ManaPool.java" Implct="true" Intrnl_Id="299">
<Cond/>
<LocList/>
<StmntSeq Intrnl_Id="300">
<LocList/>
</StmntSeq>
</Branch>
<Keyword EndOffset="1745" SrcFileId="5" StartOffset="1743"/>
<LocList>
<Loc EndOffset="1783" SrcFileId="5" StartOffset="1743"/>
</LocList>
<RootTerm CovItemId="C3" CovItemPrefix="devops.hw1.core.ManaPool.java" Intrnl_Id="301">
<BasicBoolTerm Intrnl_Id="302">
<LocList>
<Loc EndOffset="1753" SrcFileId="5" StartOffset="1747"/>
</LocList>
</BasicBoolTerm>
</RootTerm>
</CondStmnt>
<BasicStmnt CovItemId="S26" CovItemPrefix="devops.hw1.core.ManaPool.java" Intrnl_Id="303">
<LocList>
<Loc EndOffset="1813" SrcFileId="5" StartOffset="1790"/>
</LocList>
</BasicStmnt>
</StmntSeq>
</Branch>
<Branch CovItemId="B10" CovItemPrefix="devops.hw1.core.ManaPool.java" Implct="false" Intrnl_Id="304">
<Cond>
<Loc EndOffset="1827" SrcFileId="5" StartOffset="1819"/>
</Cond>
<LocList>
<Loc EndOffset="1899" SrcFileId="5" StartOffset="1833"/>
</LocList>
<StmntSeq Intrnl_Id="305">
<LocList>
<Loc EndOffset="1871" SrcFileId="5" StartOffset="1833"/>
<Loc EndOffset="1899" SrcFileId="5" StartOffset="1878"/>
</LocList>
<CondStmnt CovItemId="S27" CovItemPrefix="devops.hw1.core.ManaPool.java" Intrnl_Id="306">
<Branch CovItemId="B11" CovItemPrefix="devops.hw1.core.ManaPool.java" Implct="false" Intrnl_Id="307">
<Cond/>
<LocList>
<Loc EndOffset="1871" SrcFileId="5" StartOffset="1850"/>
</LocList>
<StmntSeq Intrnl_Id="308">
<LocList>
<Loc EndOffset="1871" SrcFileId="5" StartOffset="1850"/>
</LocList>
<BasicStmnt CovItemId="S28" CovItemPrefix="devops.hw1.core.ManaPool.java" Intrnl_Id="309">
<LocList>
<Loc EndOffset="1871" SrcFileId="5" StartOffset="1850"/>
</LocList>
</BasicStmnt>
</StmntSeq>
</Branch>
<Branch CovItemId="B12" CovItemPrefix="devops.hw1.core.ManaPool.java" Implct="true" Intrnl_Id="310">
<Cond/>
<LocList/>
<StmntSeq Intrnl_Id="311">
<LocList/>
</StmntSeq>
</Branch>
<Keyword EndOffset="1835" SrcFileId="5" StartOffset="1833"/>
<LocList>
<Loc EndOffset="1871" SrcFileId="5" StartOffset="1833"/>
</LocList>
<RootTerm CovItemId="C4" CovItemPrefix="devops.hw1.core.ManaPool.java" Intrnl_Id="312">
<BasicBoolTerm Intrnl_Id="313">
<LocList>
<Loc EndOffset="1843" SrcFileId="5" StartOffset="1837"/>
</LocList>
</BasicBoolTerm>
</RootTerm>
</CondStmnt>
<BasicStmnt CovItemId="S29" CovItemPrefix="devops.hw1.core.ManaPool.java" Intrnl_Id="314">
<LocList>
<Loc EndOffset="1899" SrcFileId="5" StartOffset="1878"/>
</LocList>
</BasicStmnt>
</StmntSeq>
</Branch>
<Branch CovItemId="B13" CovItemPrefix="devops.hw1.core.ManaPool.java" Implct="false" Intrnl_Id="315">
<Cond>
<Loc EndOffset="1911" SrcFileId="5" StartOffset="1903"/>
</Cond>
<LocList>
<Loc EndOffset="1987" SrcFileId="5" StartOffset="1917"/>
</LocList>
<StmntSeq Intrnl_Id="316">
<LocList>
<Loc EndOffset="1957" SrcFileId="5" StartOffset="1917"/>
<Loc EndOffset="1987" SrcFileId="5" StartOffset="1964"/>
</LocList>
<CondStmnt CovItemId="S30" CovItemPrefix="devops.hw1.core.ManaPool.java" Intrnl_Id="317">
<Branch CovItemId="B14" CovItemPrefix="devops.hw1.core.ManaPool.java" Implct="false" Intrnl_Id="318">
<Cond/>
<LocList>
<Loc EndOffset="1957" SrcFileId="5" StartOffset="1934"/>
</LocList>
<StmntSeq Intrnl_Id="319">
<LocList>
<Loc EndOffset="1957" SrcFileId="5" StartOffset="1934"/>
</LocList>
<BasicStmnt CovItemId="S31" CovItemPrefix="devops.hw1.core.ManaPool.java" Intrnl_Id="320">
<LocList>
<Loc EndOffset="1957" SrcFileId="5" StartOffset="1934"/>
</LocList>
</BasicStmnt>
</StmntSeq>
</Branch>
<Branch CovItemId="B15" CovItemPrefix="devops.hw1.core.ManaPool.java" Implct="true" Intrnl_Id="321">
<Cond/>
<LocList/>
<StmntSeq Intrnl_Id="322">
<LocList/>
</StmntSeq>
</Branch>
<Keyword EndOffset="1919" SrcFileId="5" StartOffset="1917"/>
<LocList>
<Loc EndOffset="1957" SrcFileId="5" StartOffset="1917"/>
</LocList>
<RootTerm CovItemId="C5" CovItemPrefix="devops.hw1.core.ManaPool.java" Intrnl_Id="323">
<BasicBoolTerm Intrnl_Id="324">
<LocList>
<Loc EndOffset="1927" SrcFileId="5" StartOffset="1921"/>
</LocList>
</BasicBoolTerm>
</RootTerm>
</CondStmnt>
<BasicStmnt CovItemId="S32" CovItemPrefix="devops.hw1.core.ManaPool.java" Intrnl_Id="325">
<LocList>
<Loc EndOffset="1987" SrcFileId="5" StartOffset="1964"/>
</LocList>
</BasicStmnt>
</StmntSeq>
</Branch>
<Branch CovItemId="B16" CovItemPrefix="devops.hw1.core.ManaPool.java" Implct="false" Intrnl_Id="326">
<Cond>
<Loc EndOffset="2001" SrcFileId="5" StartOffset="1993"/>
</Cond>
<LocList>
<Loc EndOffset="2085" SrcFileId="5" StartOffset="2007"/>
</LocList>
<StmntSeq Intrnl_Id="327">
<LocList>
<Loc EndOffset="2051" SrcFileId="5" StartOffset="2007"/>
<Loc EndOffset="2085" SrcFileId="5" StartOffset="2058"/>
</LocList>
<CondStmnt CovItemId="S33" CovItemPrefix="devops.hw1.core.ManaPool.java" Intrnl_Id="328">
<Branch CovItemId="B17" CovItemPrefix="devops.hw1.core.ManaPool.java" Implct="false" Intrnl_Id="329">
<Cond/>
<LocList>
<Loc EndOffset="2051" SrcFileId="5" StartOffset="2024"/>
</LocList>
<StmntSeq Intrnl_Id="330">
<LocList>
<Loc EndOffset="2051" SrcFileId="5" StartOffset="2024"/>
</LocList>
<BasicStmnt CovItemId="S34" CovItemPrefix="devops.hw1.core.ManaPool.java" Intrnl_Id="331">
<LocList>
<Loc EndOffset="2051" SrcFileId="5" StartOffset="2024"/>
</LocList>
</BasicStmnt>
</StmntSeq>
</Branch>
<Branch CovItemId="B18" CovItemPrefix="devops.hw1.core.ManaPool.java" Implct="true" Intrnl_Id="332">
<Cond/>
<LocList/>
<StmntSeq Intrnl_Id="333">
<LocList/>
</StmntSeq>
</Branch>
<Keyword EndOffset="2009" SrcFileId="5" StartOffset="2007"/>
<LocList>
<Loc EndOffset="2051" SrcFileId="5" StartOffset="2007"/>
</LocList>
<RootTerm CovItemId="C6" CovItemPrefix="devops.hw1.core.ManaPool.java" Intrnl_Id="334">
<BasicBoolTerm Intrnl_Id="335">
<LocList>
<Loc EndOffset="2017" SrcFileId="5" StartOffset="2011"/>
</LocList>
</BasicBoolTerm>
</RootTerm>
</CondStmnt>
<BasicStmnt CovItemId="S35" CovItemPrefix="devops.hw1.core.ManaPool.java" Intrnl_Id="336">
<LocList>
<Loc EndOffset="2085" SrcFileId="5" StartOffset="2058"/>
</LocList>
</BasicStmnt>
</StmntSeq>
</Branch>
<Branch CovItemId="B19" CovItemPrefix="devops.hw1.core.ManaPool.java" Implct="false" Intrnl_Id="337">
<Cond>
<Loc EndOffset="2098" SrcFileId="5" StartOffset="2091"/>
</Cond>
<LocList>
<Loc EndOffset="2172" SrcFileId="5" StartOffset="2104"/>
</LocList>
<StmntSeq Intrnl_Id="338">
<LocList>
<Loc EndOffset="2172" SrcFileId="5" StartOffset="2104"/>
</LocList>
<BasicStmnt CovItemId="S36" CovItemPrefix="devops.hw1.core.ManaPool.java" Intrnl_Id="339">
<LocList>
<Loc EndOffset="2172" SrcFileId="5" StartOffset="2104"/>
</LocList>
</BasicStmnt>
</StmntSeq>
</Branch>
<Keyword EndOffset="1516" SrcFileId="5" StartOffset="1510"/>
<LocList>
<Loc EndOffset="2179" SrcFileId="5" StartOffset="1510"/>
</LocList>
</CondStmnt>
</StmntSeq>
</HierarchyLvl>
</HierarchyLvl>
<HierarchyLvl HierarchyLvlId="891" HierarchyLvlTypeId="21" Intrnl_Id="340" Name="MTGDuelDecks">
<Header>
<Loc EndOffset="265" SrcFileId="6" StartOffset="240"/>
</Header>
<LocList>
<Loc EndOffset="5360" SrcFileId="6" StartOffset="240"/>
</LocList>
<StmntSeq Intrnl_Id="341">
<LocList>
<Loc EndOffset="332" SrcFileId="6" StartOffset="270"/>
<Loc EndOffset="393" SrcFileId="6" StartOffset="335"/>
<Loc EndOffset="470" SrcFileId="6" StartOffset="396"/>
<Loc EndOffset="533" SrcFileId="6" StartOffset="473"/>
</LocList>
<BasicStmnt CovItemId="S1" CovItemPrefix="devops.hw1.core.MTGDuelDecks.java" Intrnl_Id="342">
<LocList>
<Loc EndOffset="332" SrcFileId="6" StartOffset="270"/>
</LocList>
</BasicStmnt>
<BasicStmnt CovItemId="S2" CovItemPrefix="devops.hw1.core.MTGDuelDecks.java" Intrnl_Id="343">
<LocList>
<Loc EndOffset="393" SrcFileId="6" StartOffset="335"/>
</LocList>
</BasicStmnt>
<BasicStmnt CovItemId="S3" CovItemPrefix="devops.hw1.core.MTGDuelDecks.java" Intrnl_Id="344">
<LocList>
<Loc EndOffset="470" SrcFileId="6" StartOffset="396"/>
</LocList>
</BasicStmnt>
<BasicStmnt CovItemId="S4" CovItemPrefix="devops.hw1.core.MTGDuelDecks.java" Intrnl_Id="345">
<LocList>
<Loc EndOffset="533" SrcFileId="6" StartOffset="473"/>
</LocList>
</BasicStmnt>
</StmntSeq>
<HierarchyLvl HierarchyLvlId="885" HierarchyLvlTypeId="20" Intrnl_Id="346" Name="main">
<Header>
<Loc EndOffset="668" SrcFileId="6" StartOffset="630"/>
</Header>
<LocList>
<Loc EndOffset="783" SrcFileId="6" StartOffset="630"/>
</LocList>
<StmntSeq Intrnl_Id="347">
<LocList>
<Loc EndOffset="709" SrcFileId="6" StartOffset="673"/>
<Loc EndOffset="730" SrcFileId="6" StartOffset="713"/>
<Loc EndOffset="755" SrcFileId="6" StartOffset="736"/>
<Loc EndOffset="779" SrcFileId="6" StartOffset="759"/>
</LocList>
<BasicStmnt CovItemId="S5" CovItemPrefix="devops.hw1.core.MTGDuelDecks.java" Intrnl_Id="348">
<LocList>
<Loc EndOffset="709" SrcFileId="6" StartOffset="673"/>
</LocList>
</BasicStmnt>
<BasicStmnt CovItemId="S6" CovItemPrefix="devops.hw1.core.MTGDuelDecks.java" Intrnl_Id="349">
<LocList>
<Loc EndOffset="730" SrcFileId="6" StartOffset="713"/>
</LocList>
</BasicStmnt>
<BasicStmnt CovItemId="S7" CovItemPrefix="devops.hw1.core.MTGDuelDecks.java" Intrnl_Id="350">
<LocList>
<Loc EndOffset="755" SrcFileId="6" StartOffset="736"/>
</LocList>
</BasicStmnt>
<BasicStmnt CovItemId="S8" CovItemPrefix="devops.hw1.core.MTGDuelDecks.java" Intrnl_Id="351">
<LocList>
<Loc EndOffset="779" SrcFileId="6" StartOffset="759"/>
</LocList>
</BasicStmnt>
</StmntSeq>
</HierarchyLvl>
<HierarchyLvl HierarchyLvlId="886" HierarchyLvlTypeId="20" Intrnl_Id="352" Name="initializePlayer">
<Header>
<Loc EndOffset="897" SrcFileId="6" StartOffset="859"/>
</Header>
<LocList>
<Loc EndOffset="2788" SrcFileId="6" StartOffset="859"/>
</LocList>
<StmntSeq Intrnl_Id="353">
<LocList>
<Loc EndOffset="1022" SrcFileId="6" StartOffset="913"/>
<Loc EndOffset="1132" SrcFileId="6" StartOffset="1026"/>
<Loc EndOffset="1245" SrcFileId="6" StartOffset="1138"/>
<Loc EndOffset="1286" SrcFileId="6" StartOffset="1251"/>
<Loc EndOffset="1339" SrcFileId="6" StartOffset="1290"/>
<Loc EndOffset="1372" SrcFileId="6" StartOffset="1345"/>
<Loc EndOffset="1485" SrcFileId="6" StartOffset="1378"/>
<Loc EndOffset="1524" SrcFileId="6" StartOffset="1489"/>
<Loc EndOffset="1577" SrcFileId="6" StartOffset="1528"/>
<Loc EndOffset="1611" SrcFileId="6" StartOffset="1583"/>
<Loc EndOffset="1757" SrcFileId="6" StartOffset="1617"/>
<Loc EndOffset="1796" SrcFileId="6" StartOffset="1761"/>
<Loc EndOffset="1849" SrcFileId="6" StartOffset="1800"/>
<Loc EndOffset="1887" SrcFileId="6" StartOffset="1859"/>
<Loc EndOffset="1995" SrcFileId="6" StartOffset="1891"/>
<Loc EndOffset="2103" SrcFileId="6" StartOffset="1999"/>
<Loc EndOffset="2211" SrcFileId="6" StartOffset="2107"/>
<Loc EndOffset="2319" SrcFileId="6" StartOffset="2215"/>
<Loc EndOffset="2427" SrcFileId="6" StartOffset="2323"/>
<Loc EndOffset="2535" SrcFileId="6" StartOffset="2431"/>
<Loc EndOffset="2650" SrcFileId="6" StartOffset="2547"/>
<Loc EndOffset="2689" SrcFileId="6" StartOffset="2656"/>
<Loc EndOffset="2740" SrcFileId="6" StartOffset="2693"/>
<Loc EndOffset="2778" SrcFileId="6" StartOffset="2744"/>
</LocList>
<BasicStmnt CovItemId="S9" CovItemPrefix="devops.hw1.core.MTGDuelDecks.java" Intrnl_Id="354">
<LocList>
<Loc EndOffset="1022" SrcFileId="6" StartOffset="913"/>
</LocList>
</BasicStmnt>
<BasicStmnt CovItemId="S10" CovItemPrefix="devops.hw1.core.MTGDuelDecks.java" Intrnl_Id="355">
<LocList>
<Loc EndOffset="1132" SrcFileId="6" StartOffset="1026"/>
</LocList>
</BasicStmnt>
<BasicStmnt CovItemId="S11" CovItemPrefix="devops.hw1.core.MTGDuelDecks.java" Intrnl_Id="356">
<LocList>
<Loc EndOffset="1245" SrcFileId="6" StartOffset="1138"/>
</LocList>
</BasicStmnt>
<BasicStmnt CovItemId="S12" CovItemPrefix="devops.hw1.core.MTGDuelDecks.java" Intrnl_Id="357">
<LocList>
<Loc EndOffset="1286" SrcFileId="6" StartOffset="1251"/>
</LocList>
</BasicStmnt>
<BasicStmnt CovItemId="S13" CovItemPrefix="devops.hw1.core.MTGDuelDecks.java" Intrnl_Id="358">
<LocList>
<Loc EndOffset="1339" SrcFileId="6" StartOffset="1290"/>
</LocList>
</BasicStmnt>
<BasicStmnt CovItemId="S14" CovItemPrefix="devops.hw1.core.MTGDuelDecks.java" Intrnl_Id="359">
<LocList>
<Loc EndOffset="1372" SrcFileId="6" StartOffset="1345"/>
</LocList>
</BasicStmnt>
<BasicStmnt CovItemId="S15" CovItemPrefix="devops.hw1.core.MTGDuelDecks.java" Intrnl_Id="360">
<LocList>
<Loc EndOffset="1485" SrcFileId="6" StartOffset="1378"/>
</LocList>
</BasicStmnt>
<BasicStmnt CovItemId="S16" CovItemPrefix="devops.hw1.core.MTGDuelDecks.java" Intrnl_Id="361">
<LocList>
<Loc EndOffset="1524" SrcFileId="6" StartOffset="1489"/>
</LocList>
</BasicStmnt>
<BasicStmnt CovItemId="S17" CovItemPrefix="devops.hw1.core.MTGDuelDecks.java" Intrnl_Id="362">
<LocList>
<Loc EndOffset="1577" SrcFileId="6" StartOffset="1528"/>
</LocList>
</BasicStmnt>
<BasicStmnt CovItemId="S18" CovItemPrefix="devops.hw1.core.MTGDuelDecks.java" Intrnl_Id="363">
<LocList>
<Loc EndOffset="1611" SrcFileId="6" StartOffset="1583"/>
</LocList>
</BasicStmnt>
<BasicStmnt CovItemId="S19" CovItemPrefix="devops.hw1.core.MTGDuelDecks.java" Intrnl_Id="364">
<LocList>
<Loc EndOffset="1757" SrcFileId="6" StartOffset="1617"/>
</LocList>
</BasicStmnt>
<BasicStmnt CovItemId="S20" CovItemPrefix="devops.hw1.core.MTGDuelDecks.java" Intrnl_Id="365">
<LocList>
<Loc EndOffset="1796" SrcFileId="6" StartOffset="1761"/>
</LocList>
</BasicStmnt>
<BasicStmnt CovItemId="S21" CovItemPrefix="devops.hw1.core.MTGDuelDecks.java" Intrnl_Id="366">
<LocList>
<Loc EndOffset="1849" SrcFileId="6" StartOffset="1800"/>
</LocList>
</BasicStmnt>
<BasicStmnt CovItemId="S22" CovItemPrefix="devops.hw1.core.MTGDuelDecks.java" Intrnl_Id="367">
<LocList>
<Loc EndOffset="1887" SrcFileId="6" StartOffset="1859"/>
</LocList>
</BasicStmnt>
<BasicStmnt CovItemId="S23" CovItemPrefix="devops.hw1.core.MTGDuelDecks.java" Intrnl_Id="368">
<LocList>
<Loc EndOffset="1995" SrcFileId="6" StartOffset="1891"/>
</LocList>
</BasicStmnt>
<BasicStmnt CovItemId="S24" CovItemPrefix="devops.hw1.core.MTGDuelDecks.java" Intrnl_Id="369">
<LocList>
<Loc EndOffset="2103" SrcFileId="6" StartOffset="1999"/>
</LocList>
</BasicStmnt>
<BasicStmnt CovItemId="S25" CovItemPrefix="devops.hw1.core.MTGDuelDecks.java" Intrnl_Id="370">
<LocList>
<Loc EndOffset="2211" SrcFileId="6" StartOffset="2107"/>
</LocList>
</BasicStmnt>
<BasicStmnt CovItemId="S26" CovItemPrefix="devops.hw1.core.MTGDuelDecks.java" Intrnl_Id="371">
<LocList>
<Loc EndOffset="2319" SrcFileId="6" StartOffset="2215"/>
</LocList>
</BasicStmnt>
<BasicStmnt CovItemId="S27" CovItemPrefix="devops.hw1.core.MTGDuelDecks.java" Intrnl_Id="372">
<LocList>
<Loc EndOffset="2427" SrcFileId="6" StartOffset="2323"/>
</LocList>
</BasicStmnt>
<BasicStmnt CovItemId="S28" CovItemPrefix="devops.hw1.core.MTGDuelDecks.java" Intrnl_Id="373">
<LocList>
<Loc EndOffset="2535" SrcFileId="6" StartOffset="2431"/>
</LocList>
</BasicStmnt>
<BasicStmnt CovItemId="S29" CovItemPrefix="devops.hw1.core.MTGDuelDecks.java" Intrnl_Id="374">
<LocList>
<Loc EndOffset="2650" SrcFileId="6" StartOffset="2547"/>
</LocList>
</BasicStmnt>
<BasicStmnt CovItemId="S30" CovItemPrefix="devops.hw1.core.MTGDuelDecks.java" Intrnl_Id="375">
<LocList>
<Loc EndOffset="2689" SrcFileId="6" StartOffset="2656"/>
</LocList>
</BasicStmnt>
<BasicStmnt CovItemId="S31" CovItemPrefix="devops.hw1.core.MTGDuelDecks.java" Intrnl_Id="376">
<LocList>
<Loc EndOffset="2740" SrcFileId="6" StartOffset="2693"/>
</LocList>
</BasicStmnt>
<BasicStmnt CovItemId="S32" CovItemPrefix="devops.hw1.core.MTGDuelDecks.java" Intrnl_Id="377">
<LocList>
<Loc EndOffset="2778" SrcFileId="6" StartOffset="2744"/>
</LocList>
</BasicStmnt>
</StmntSeq>
</HierarchyLvl>
<HierarchyLvl HierarchyLvlId="887" HierarchyLvlTypeId="20" Intrnl_Id="378" Name="initializePlayer1">
<Header>
<Loc EndOffset="2904" SrcFileId="6" StartOffset="2865"/>
</Header>
<LocList>
<Loc EndOffset="4382" SrcFileId="6" StartOffset="2865"/>
</LocList>
<StmntSeq Intrnl_Id="379">
<LocList>
<Loc EndOffset="3030" SrcFileId="6" StartOffset="2920"/>
<Loc EndOffset="3141" SrcFileId="6" StartOffset="3034"/>
<Loc EndOffset="3263" SrcFileId="6" StartOffset="3149"/>
<Loc EndOffset="3302" SrcFileId="6" StartOffset="3267"/>
<Loc EndOffset="3355" SrcFileId="6" StartOffset="3306"/>
<Loc EndOffset="3484" SrcFileId="6" StartOffset="3361"/>
<Loc EndOffset="3523" SrcFileId="6" StartOffset="3488"/>
<Loc EndOffset="3558" SrcFileId="6" StartOffset="3529"/>
<Loc EndOffset="3591" SrcFileId="6" StartOffset="3562"/>
<Loc EndOffset="3700" SrcFileId="6" StartOffset="3595"/>
<Loc EndOffset="3809" SrcFileId="6" StartOffset="3704"/>
<Loc EndOffset="3918" SrcFileId="6" StartOffset="3813"/>
<Loc EndOffset="4027" SrcFileId="6" StartOffset="3922"/>
<Loc EndOffset="4136" SrcFileId="6" StartOffset="4031"/>
<Loc EndOffset="4247" SrcFileId="6" StartOffset="4142"/>
<Loc EndOffset="4284" SrcFileId="6" StartOffset="4251"/>
<Loc EndOffset="4335" SrcFileId="6" StartOffset="4288"/>
<Loc EndOffset="4374" SrcFileId="6" StartOffset="4339"/>
</LocList>
<BasicStmnt CovItemId="S33" CovItemPrefix="devops.hw1.core.MTGDuelDecks.java" Intrnl_Id="380">
<LocList>
<Loc EndOffset="3030" SrcFileId="6" StartOffset="2920"/>
</LocList>
</BasicStmnt>
<BasicStmnt CovItemId="S34" CovItemPrefix="devops.hw1.core.MTGDuelDecks.java" Intrnl_Id="381">
<LocList>
<Loc EndOffset="3141" SrcFileId="6" StartOffset="3034"/>
</LocList>
</BasicStmnt>
<BasicStmnt CovItemId="S35" CovItemPrefix="devops.hw1.core.MTGDuelDecks.java" Intrnl_Id="382">
<LocList>
<Loc EndOffset="3263" SrcFileId="6" StartOffset="3149"/>
</LocList>
</BasicStmnt>
<BasicStmnt CovItemId="S36" CovItemPrefix="devops.hw1.core.MTGDuelDecks.java" Intrnl_Id="383">
<LocList>
<Loc EndOffset="3302" SrcFileId="6" StartOffset="3267"/>
</LocList>
</BasicStmnt>
<BasicStmnt CovItemId="S37" CovItemPrefix="devops.hw1.core.MTGDuelDecks.java" Intrnl_Id="384">
<LocList>
<Loc EndOffset="3355" SrcFileId="6" StartOffset="3306"/>
</LocList>
</BasicStmnt>
<BasicStmnt CovItemId="S38" CovItemPrefix="devops.hw1.core.MTGDuelDecks.java" Intrnl_Id="385">
<LocList>
<Loc EndOffset="3484" SrcFileId="6" StartOffset="3361"/>
</LocList>
</BasicStmnt>
<BasicStmnt CovItemId="S39" CovItemPrefix="devops.hw1.core.MTGDuelDecks.java" Intrnl_Id="386">
<LocList>
<Loc EndOffset="3523" SrcFileId="6" StartOffset="3488"/>
</LocList>
</BasicStmnt>
<BasicStmnt CovItemId="S40" CovItemPrefix="devops.hw1.core.MTGDuelDecks.java" Intrnl_Id="387">
<LocList>
<Loc EndOffset="3558" SrcFileId="6" StartOffset="3529"/>
</LocList>
</BasicStmnt>
<BasicStmnt CovItemId="S41" CovItemPrefix="devops.hw1.core.MTGDuelDecks.java" Intrnl_Id="388">
<LocList>
<Loc EndOffset="3591" SrcFileId="6" StartOffset="3562"/>
</LocList>
</BasicStmnt>
<BasicStmnt CovItemId="S42" CovItemPrefix="devops.hw1.core.MTGDuelDecks.java" Intrnl_Id="389">
<LocList>
<Loc EndOffset="3700" SrcFileId="6" StartOffset="3595"/>
</LocList>
</BasicStmnt>
<BasicStmnt CovItemId="S43" CovItemPrefix="devops.hw1.core.MTGDuelDecks.java" Intrnl_Id="390">
<LocList>
<Loc EndOffset="3809" SrcFileId="6" StartOffset="3704"/>
</LocList>
</BasicStmnt>
<BasicStmnt CovItemId="S44" CovItemPrefix="devops.hw1.core.MTGDuelDecks.java" Intrnl_Id="391">
<LocList>
<Loc EndOffset="3918" SrcFileId="6" StartOffset="3813"/>
</LocList>
</BasicStmnt>
<BasicStmnt CovItemId="S45" CovItemPrefix="devops.hw1.core.MTGDuelDecks.java" Intrnl_Id="392">
<LocList>
<Loc EndOffset="4027" SrcFileId="6" StartOffset="3922"/>
</LocList>
</BasicStmnt>
<BasicStmnt CovItemId="S46" CovItemPrefix="devops.hw1.core.MTGDuelDecks.java" Intrnl_Id="393">
<LocList>
<Loc EndOffset="4136" SrcFileId="6" StartOffset="4031"/>
</LocList>
</BasicStmnt>
<BasicStmnt CovItemId="S47" CovItemPrefix="devops.hw1.core.MTGDuelDecks.java" Intrnl_Id="394">
<LocList>
<Loc EndOffset="4247" SrcFileId="6" StartOffset="4142"/>
</LocList>
</BasicStmnt>
<BasicStmnt CovItemId="S48" CovItemPrefix="devops.hw1.core.MTGDuelDecks.java" Intrnl_Id="395">
<LocList>
<Loc EndOffset="4284" SrcFileId="6" StartOffset="4251"/>
</LocList>
</BasicStmnt>
<BasicStmnt CovItemId="S49" CovItemPrefix="devops.hw1.core.MTGDuelDecks.java" Intrnl_Id="396">
<LocList>
<Loc EndOffset="4335" SrcFileId="6" StartOffset="4288"/>
</LocList>
</BasicStmnt>
<BasicStmnt CovItemId="S50" CovItemPrefix="devops.hw1.core.MTGDuelDecks.java" Intrnl_Id="397">
<LocList>
<Loc EndOffset="4374" SrcFileId="6" StartOffset="4339"/>
</LocList>
</BasicStmnt>
</StmntSeq>
</HierarchyLvl>
<HierarchyLvl HierarchyLvlId="890" HierarchyLvlTypeId="20" Intrnl_Id="398" Name="setUpJFrame">
<Header>
<Loc EndOffset="4559" SrcFileId="6" StartOffset="4513"/>
</Header>
<LocList>
<Loc EndOffset="5357" SrcFileId="6" StartOffset="4513"/>
</LocList>
<StmntSeq Intrnl_Id="399">
<LocList>
<Loc EndOffset="4598" SrcFileId="6" StartOffset="4564"/>
<Loc EndOffset="4655" SrcFileId="6" StartOffset="4602"/>
<Loc EndOffset="4682" SrcFileId="6" StartOffset="4659"/>
<Loc EndOffset="4719" SrcFileId="6" StartOffset="4686"/>
<Loc EndOffset="4769" SrcFileId="6" StartOffset="4723"/>
<Loc EndOffset="4895" SrcFileId="6" StartOffset="4773"/>
<Loc EndOffset="4918" SrcFileId="6" StartOffset="4899"/>
<Loc EndOffset="4949" SrcFileId="6" StartOffset="4922"/>
<Loc EndOffset="5174" SrcFileId="6" StartOffset="5172"/>
<Loc EndOffset="5222" SrcFileId="6" StartOffset="5178"/>
<Loc EndOffset="5276" SrcFileId="6" StartOffset="5226"/>
<Loc EndOffset="5305" SrcFileId="6" StartOffset="5280"/>
<Loc EndOffset="5336" SrcFileId="6" StartOffset="5309"/>
<Loc EndOffset="5353" SrcFileId="6" StartOffset="5340"/>
</LocList>
<BasicStmnt CovItemId="S51" CovItemPrefix="devops.hw1.core.MTGDuelDecks.java" Intrnl_Id="400">
<LocList>
<Loc EndOffset="4598" SrcFileId="6" StartOffset="4564"/>
</LocList>
</BasicStmnt>
<BasicStmnt CovItemId="S52" CovItemPrefix="devops.hw1.core.MTGDuelDecks.java" Intrnl_Id="401">
<LocList>
<Loc EndOffset="4655" SrcFileId="6" StartOffset="4602"/>
</LocList>
</BasicStmnt>
<BasicStmnt CovItemId="S53" CovItemPrefix="devops.hw1.core.MTGDuelDecks.java" Intrnl_Id="402">
<LocList>
<Loc EndOffset="4682" SrcFileId="6" StartOffset="4659"/>
</LocList>
</BasicStmnt>
<BasicStmnt CovItemId="S54" CovItemPrefix="devops.hw1.core.MTGDuelDecks.java" Intrnl_Id="403">
<LocList>
<Loc EndOffset="4719" SrcFileId="6" StartOffset="4686"/>
</LocList>
</BasicStmnt>
<BasicStmnt CovItemId="S55" CovItemPrefix="devops.hw1.core.MTGDuelDecks.java" Intrnl_Id="404">
<LocList>
<Loc EndOffset="4769" SrcFileId="6" StartOffset="4723"/>
</LocList>
</BasicStmnt>
<BasicStmnt CovItemId="S56" CovItemPrefix="devops.hw1.core.MTGDuelDecks.java" Intrnl_Id="405">
<LocList>
<Loc EndOffset="4895" SrcFileId="6" StartOffset="4773"/>
</LocList>
</BasicStmnt>
<BasicStmnt CovItemId="S57" CovItemPrefix="devops.hw1.core.MTGDuelDecks.java" Intrnl_Id="406">
<LocList>
<Loc EndOffset="4918" SrcFileId="6" StartOffset="4899"/>
</LocList>
</BasicStmnt>
<BasicStmnt CovItemId="S58" CovItemPrefix="devops.hw1.core.MTGDuelDecks.java" Intrnl_Id="407">
<LocList>
<Loc EndOffset="4949" SrcFileId="6" StartOffset="4922"/>
<Loc EndOffset="5174" SrcFileId="6" StartOffset="5172"/>
</LocList>
</BasicStmnt>
<BasicStmnt CovItemId="S61" CovItemPrefix="devops.hw1.core.MTGDuelDecks.java" Intrnl_Id="408">
<LocList>
<Loc EndOffset="5222" SrcFileId="6" StartOffset="5178"/>
</LocList>
</BasicStmnt>
<BasicStmnt CovItemId="S62" CovItemPrefix="devops.hw1.core.MTGDuelDecks.java" Intrnl_Id="409">
<LocList>
<Loc EndOffset="5276" SrcFileId="6" StartOffset="5226"/>
</LocList>
</BasicStmnt>
<BasicStmnt CovItemId="S63" CovItemPrefix="devops.hw1.core.MTGDuelDecks.java" Intrnl_Id="410">
<LocList>
<Loc EndOffset="5305" SrcFileId="6" StartOffset="5280"/>
</LocList>
</BasicStmnt>
<BasicStmnt CovItemId="S64" CovItemPrefix="devops.hw1.core.MTGDuelDecks.java" Intrnl_Id="411">
<LocList>
<Loc EndOffset="5336" SrcFileId="6" StartOffset="5309"/>
</LocList>
</BasicStmnt>
<BasicStmnt CovItemId="S65" CovItemPrefix="devops.hw1.core.MTGDuelDecks.java" Intrnl_Id="412">
<LocList>
<Loc EndOffset="5353" SrcFileId="6" StartOffset="5340"/>
</LocList>
</BasicStmnt>
</StmntSeq>
<HierarchyLvl HierarchyLvlId="889" HierarchyLvlTypeId="18" Intrnl_Id="413" Name="ComponentAdapter">
<Header>
<Loc EndOffset="4971" SrcFileId="6" StartOffset="4953"/>
</Header>
<LocList>
<Loc EndOffset="5172" SrcFileId="6" StartOffset="4949"/>
</LocList>
<HierarchyLvl HierarchyLvlId="888" HierarchyLvlTypeId="20" Intrnl_Id="414" Name="componentResized">
<Header>
<Loc EndOffset="5038" SrcFileId="6" StartOffset="4978"/>
</Header>
<LocList>
<Loc EndOffset="5167" SrcFileId="6" StartOffset="4978"/>
</LocList>
<StmntSeq Intrnl_Id="415">
<LocList>
<Loc EndOffset="5100" SrcFileId="6" StartOffset="5046"/>
<Loc EndOffset="5161" SrcFileId="6" StartOffset="5106"/>
</LocList>
<BasicStmnt CovItemId="S59" CovItemPrefix="devops.hw1.core.MTGDuelDecks.java" Intrnl_Id="416">
<LocList>
<Loc EndOffset="5100" SrcFileId="6" StartOffset="5046"/>
</LocList>
</BasicStmnt>
<BasicStmnt CovItemId="S60" CovItemPrefix="devops.hw1.core.MTGDuelDecks.java" Intrnl_Id="417">
<LocList>
<Loc EndOffset="5161" SrcFileId="6" StartOffset="5106"/>
</LocList>
</BasicStmnt>
</StmntSeq>
</HierarchyLvl>
</HierarchyLvl>
</HierarchyLvl>
</HierarchyLvl>
<HierarchyLvl HierarchyLvlId="896" HierarchyLvlTypeId="21" Intrnl_Id="418" Name="KeyBoardHandler">
<Header>
<Loc EndOffset="213" SrcFileId="7" StartOffset="162"/>
</Header>
<LocList>
<Loc EndOffset="772" SrcFileId="7" StartOffset="162"/>
</LocList>
<StmntSeq Intrnl_Id="419">
<LocList>
<Loc EndOffset="284" SrcFileId="7" StartOffset="252"/>
</LocList>
<BasicStmnt CovItemId="S1" CovItemPrefix="devops.hw1.core.KeyBoardHandler.java" Intrnl_Id="420">
<LocList>
<Loc EndOffset="284" SrcFileId="7" StartOffset="252"/>
</LocList>
</BasicStmnt>
</StmntSeq>
<HierarchyLvl HierarchyLvlId="892" HierarchyLvlTypeId="20" Intrnl_Id="421" Name="KeyBoardHandler">
<Header>
<Loc EndOffset="330" SrcFileId="7" StartOffset="289"/>
</Header>
<LocList>
<Loc EndOffset="360" SrcFileId="7" StartOffset="289"/>
</LocList>
<StmntSeq Intrnl_Id="422">
<LocList>
<Loc EndOffset="356" SrcFileId="7" StartOffset="336"/>
</LocList>
<BasicStmnt CovItemId="S2" CovItemPrefix="devops.hw1.core.KeyBoardHandler.java" Intrnl_Id="423">
<LocList>
<Loc EndOffset="356" SrcFileId="7" StartOffset="336"/>
</LocList>
</BasicStmnt>
</StmntSeq>
</HierarchyLvl>
<HierarchyLvl HierarchyLvlId="893" HierarchyLvlTypeId="20" Intrnl_Id="424" Name="keyPressed">
<Header>
<Loc EndOffset="409" SrcFileId="7" StartOffset="363"/>
</Header>
<LocList>
<Loc EndOffset="574" SrcFileId="7" StartOffset="363"/>
</LocList>
<StmntSeq Intrnl_Id="425">
<LocList>
<Loc EndOffset="570" SrcFileId="7" StartOffset="415"/>
</LocList>
<CondStmnt CovItemId="S3" CovItemPrefix="devops.hw1.core.KeyBoardHandler.java" Intrnl_Id="426">
<Branch CovItemId="B1" CovItemPrefix="devops.hw1.core.KeyBoardHandler.java" Implct="false" Intrnl_Id="427">
<Cond/>
<LocList>
<Loc EndOffset="570" SrcFileId="7" StartOffset="441"/>
</LocList>
<StmntSeq Intrnl_Id="428">
<LocList>
<Loc EndOffset="501" SrcFileId="7" StartOffset="447"/>
<Loc EndOffset="537" SrcFileId="7" StartOffset="506"/>
<Loc EndOffset="565" SrcFileId="7" StartOffset="542"/>
</LocList>
<BasicStmnt CovItemId="S4" CovItemPrefix="devops.hw1.core.KeyBoardHandler.java" Intrnl_Id="429">
<LocList>
<Loc EndOffset="501" SrcFileId="7" StartOffset="447"/>
</LocList>
</BasicStmnt>
<BasicStmnt CovItemId="S5" CovItemPrefix="devops.hw1.core.KeyBoardHandler.java" Intrnl_Id="430">
<LocList>
<Loc EndOffset="537" SrcFileId="7" StartOffset="506"/>
</LocList>
</BasicStmnt>
<BasicStmnt CovItemId="S6" CovItemPrefix="devops.hw1.core.KeyBoardHandler.java" Intrnl_Id="431">
<LocList>
<Loc EndOffset="565" SrcFileId="7" StartOffset="542"/>
</LocList>
</BasicStmnt>
</StmntSeq>
</Branch>
<Branch CovItemId="B2" CovItemPrefix="devops.hw1.core.KeyBoardHandler.java" Implct="true" Intrnl_Id="432">
<Cond/>
<LocList/>
<StmntSeq Intrnl_Id="433">
<LocList/>
</StmntSeq>
</Branch>
<Keyword EndOffset="417" SrcFileId="7" StartOffset="415"/>
<LocList>
<Loc EndOffset="570" SrcFileId="7" StartOffset="415"/>
</LocList>
<RootTerm CovItemId="C1" CovItemPrefix="devops.hw1.core.KeyBoardHandler.java" Intrnl_Id="434">
<BasicBoolTerm Intrnl_Id="435">
<LocList>
<Loc EndOffset="440" SrcFileId="7" StartOffset="419"/>
</LocList>
</BasicBoolTerm>
</RootTerm>
</CondStmnt>
</StmntSeq>
</HierarchyLvl>
<HierarchyLvl HierarchyLvlId="894" HierarchyLvlTypeId="20" Intrnl_Id="436" Name="keyReleased">
<Header>
<Loc EndOffset="626" SrcFileId="7" StartOffset="579"/>
</Header>
<LocList>
<Loc EndOffset="672" SrcFileId="7" StartOffset="579"/>
</LocList>
</HierarchyLvl>
<HierarchyLvl HierarchyLvlId="895" HierarchyLvlTypeId="20" Intrnl_Id="437" Name="keyTyped">
<Header>
<Loc EndOffset="721" SrcFileId="7" StartOffset="677"/>
</Header>
<LocList>
<Loc EndOffset="767" SrcFileId="7" StartOffset="677"/>
</LocList>
</HierarchyLvl>
</HierarchyLvl>
<HierarchyLvl HierarchyLvlId="902" HierarchyLvlTypeId="21" Intrnl_Id="438" Name="ItemOnStack">
<Header>
<Loc EndOffset="104" SrcFileId="8" StartOffset="80"/>
</Header>
<LocList>
<Loc EndOffset="1227" SrcFileId="8" StartOffset="80"/>
</LocList>
<HierarchyLvl HierarchyLvlId="897" HierarchyLvlTypeId="20" Intrnl_Id="439" Name="ItemOnStack">
<Header>
<Loc EndOffset="427" SrcFileId="8" StartOffset="362"/>
</Header>
<LocList>
<Loc EndOffset="530" SrcFileId="8" StartOffset="362"/>
</LocList>
<StmntSeq Intrnl_Id="440">
<LocList>
<Loc EndOffset="443" SrcFileId="8" StartOffset="432"/>
<Loc EndOffset="468" SrcFileId="8" StartOffset="447"/>
<Loc EndOffset="493" SrcFileId="8" StartOffset="472"/>
<Loc EndOffset="526" SrcFileId="8" StartOffset="497"/>
</LocList>
<BasicStmnt CovItemId="S1" CovItemPrefix="devops.hw1.core.ItemOnStack.java" Intrnl_Id="441">
<LocList>
<Loc EndOffset="443" SrcFileId="8" StartOffset="432"/>
</LocList>
</BasicStmnt>
<BasicStmnt CovItemId="S2" CovItemPrefix="devops.hw1.core.ItemOnStack.java" Intrnl_Id="442">
<LocList>
<Loc EndOffset="468" SrcFileId="8" StartOffset="447"/>
</LocList>
</BasicStmnt>
<BasicStmnt CovItemId="S3" CovItemPrefix="devops.hw1.core.ItemOnStack.java" Intrnl_Id="443">
<LocList>
<Loc EndOffset="493" SrcFileId="8" StartOffset="472"/>
</LocList>
</BasicStmnt>
<BasicStmnt CovItemId="S4" CovItemPrefix="devops.hw1.core.ItemOnStack.java" Intrnl_Id="444">
<LocList>
<Loc EndOffset="526" SrcFileId="8" StartOffset="497"/>
</LocList>
</BasicStmnt>
</StmntSeq>
</HierarchyLvl>
<HierarchyLvl HierarchyLvlId="898" HierarchyLvlTypeId="20" Intrnl_Id="445" Name="getCard">
<Header>
<Loc EndOffset="646" SrcFileId="8" StartOffset="625"/>
</Header>
<LocList>
<Loc EndOffset="665" SrcFileId="8" StartOffset="625"/>
</LocList>
<StmntSeq Intrnl_Id="446">
<LocList>
<Loc EndOffset="661" SrcFileId="8" StartOffset="652"/>
</LocList>
<BasicStmnt CovItemId="S5" CovItemPrefix="devops.hw1.core.ItemOnStack.java" Intrnl_Id="447">
<LocList>
<Loc EndOffset="661" SrcFileId="8" StartOffset="652"/>
</LocList>
</BasicStmnt>
</StmntSeq>
</HierarchyLvl>
<HierarchyLvl HierarchyLvlId="899" HierarchyLvlTypeId="20" Intrnl_Id="448" Name="getPlayer">
<Header>
<Loc EndOffset="821" SrcFileId="8" StartOffset="795"/>
</Header>
<LocList>
<Loc EndOffset="845" SrcFileId="8" StartOffset="795"/>
</LocList>
<StmntSeq Intrnl_Id="449">
<LocList>
<Loc EndOffset="841" SrcFileId="8" StartOffset="827"/>
</LocList>
<BasicStmnt CovItemId="S6" CovItemPrefix="devops.hw1.core.ItemOnStack.java" Intrnl_Id="450">
<LocList>
<Loc EndOffset="841" SrcFileId="8" StartOffset="827"/>
</LocList>
</BasicStmnt>
</StmntSeq>
</HierarchyLvl>
<HierarchyLvl HierarchyLvlId="900" HierarchyLvlTypeId="20" Intrnl_Id="451" Name="getTarget">
<Header>
<Loc EndOffset="1002" SrcFileId="8" StartOffset="979"/>
</Header>
<LocList>
<Loc EndOffset="1026" SrcFileId="8" StartOffset="979"/>
</LocList>
<StmntSeq Intrnl_Id="452">
<LocList>
<Loc EndOffset="1022" SrcFileId="8" StartOffset="1008"/>
</LocList>
<BasicStmnt CovItemId="S7" CovItemPrefix="devops.hw1.core.ItemOnStack.java" Intrnl_Id="453">
<LocList>
<Loc EndOffset="1022" SrcFileId="8" StartOffset="1008"/>
</LocList>
</BasicStmnt>
</StmntSeq>
</HierarchyLvl>
<HierarchyLvl HierarchyLvlId="901" HierarchyLvlTypeId="20" Intrnl_Id="454" Name="getTargetZone">
<Header>
<Loc EndOffset="1196" SrcFileId="8" StartOffset="1169"/>
</Header>
<LocList>
<Loc EndOffset="1224" SrcFileId="8" StartOffset="1169"/>
</LocList>
<StmntSeq Intrnl_Id="455">
<LocList>
<Loc EndOffset="1220" SrcFileId="8" StartOffset="1202"/>
</LocList>
<BasicStmnt CovItemId="S8" CovItemPrefix="devops.hw1.core.ItemOnStack.java" Intrnl_Id="456">
<LocList>
<Loc EndOffset="1220" SrcFileId="8" StartOffset="1202"/>
</LocList>
</BasicStmnt>
</StmntSeq>
</HierarchyLvl>
</HierarchyLvl>
<HierarchyLvl HierarchyLvlId="905" HierarchyLvlTypeId="19" Intrnl_Id="457" Name="IData">
<Header>
<Loc EndOffset="82" SrcFileId="9" StartOffset="28"/>
</Header>
<LocList>
<Loc EndOffset="133" SrcFileId="9" StartOffset="28"/>
</LocList>
<HierarchyLvl HierarchyLvlId="903" HierarchyLvlTypeId="20" Intrnl_Id="458" Name="getId">
<Header>
<Loc EndOffset="106" SrcFileId="9" StartOffset="87"/>
</Header>
<LocList>
<Loc EndOffset="107" SrcFileId="9" StartOffset="87"/>
</LocList>
</HierarchyLvl>
<HierarchyLvl HierarchyLvlId="904" HierarchyLvlTypeId="20" Intrnl_Id="459" Name="getValue">
<Header>
<Loc EndOffset="129" SrcFileId="9" StartOffset="110"/>
</Header>
<LocList>
<Loc EndOffset="130" SrcFileId="9" StartOffset="110"/>
</LocList>
</HierarchyLvl>
</HierarchyLvl>
<HierarchyLvl HierarchyLvlId="932" HierarchyLvlTypeId="21" Intrnl_Id="460" Name="Card">
<Header>
<Loc EndOffset="146" SrcFileId="10" StartOffset="129"/>
</Header>
<LocList>
<Loc EndOffset="6389" SrcFileId="10" StartOffset="129"/>
</LocList>
<StmntSeq Intrnl_Id="461">
<LocList>
<Loc EndOffset="340" SrcFileId="10" StartOffset="278"/>
</LocList>
<BasicStmnt CovItemId="S1" CovItemPrefix="devops.hw1.core.Card.java" Intrnl_Id="462">
<LocList>
<Loc EndOffset="340" SrcFileId="10" StartOffset="278"/>
</LocList>
</BasicStmnt>
</StmntSeq>
<HierarchyLvl HierarchyLvlId="906" HierarchyLvlTypeId="20" Intrnl_Id="463" Name="Card">
<Header>
<Loc EndOffset="580" SrcFileId="10" StartOffset="545"/>
</Header>
<LocList>
<Loc EndOffset="678" SrcFileId="10" StartOffset="545"/>
</LocList>
<StmntSeq Intrnl_Id="464">
<LocList>
<Loc EndOffset="599" SrcFileId="10" StartOffset="585"/>
<Loc EndOffset="623" SrcFileId="10" StartOffset="603"/>
<Loc EndOffset="651" SrcFileId="10" StartOffset="627"/>
<Loc EndOffset="674" SrcFileId="10" StartOffset="655"/>
</LocList>
<BasicStmnt CovItemId="S2" CovItemPrefix="devops.hw1.core.Card.java" Intrnl_Id="465">
<LocList>
<Loc EndOffset="599" SrcFileId="10" StartOffset="585"/>
</LocList>
</BasicStmnt>
<BasicStmnt CovItemId="S3" CovItemPrefix="devops.hw1.core.Card.java" Intrnl_Id="466">
<LocList>
<Loc EndOffset="623" SrcFileId="10" StartOffset="603"/>
</LocList>
</BasicStmnt>
<BasicStmnt CovItemId="S4" CovItemPrefix="devops.hw1.core.Card.java" Intrnl_Id="467">
<LocList>
<Loc EndOffset="651" SrcFileId="10" StartOffset="627"/>
</LocList>
</BasicStmnt>
<BasicStmnt CovItemId="S5" CovItemPrefix="devops.hw1.core.Card.java" Intrnl_Id="468">
<LocList>
<Loc EndOffset="674" SrcFileId="10" StartOffset="655"/>
</LocList>
</BasicStmnt>
</StmntSeq>
</HierarchyLvl>
<HierarchyLvl HierarchyLvlId="907" HierarchyLvlTypeId="20" Intrnl_Id="469" Name="Card">
<Header>
<Loc EndOffset="864" SrcFileId="10" StartOffset="684"/>
</Header>
<LocList>
<Loc EndOffset="1419" SrcFileId="10" StartOffset="684"/>
</LocList>
<StmntSeq Intrnl_Id="470">
<LocList>
<Loc EndOffset="886" SrcFileId="10" StartOffset="869"/>
<Loc EndOffset="1027" SrcFileId="10" StartOffset="890"/>
<Loc EndOffset="1058" SrcFileId="10" StartOffset="1031"/>
<Loc EndOffset="1094" SrcFileId="10" StartOffset="1071"/>
<Loc EndOffset="1120" SrcFileId="10" StartOffset="1099"/>
<Loc EndOffset="1144" SrcFileId="10" StartOffset="1125"/>
<Loc EndOffset="1182" SrcFileId="10" StartOffset="1149"/>
<Loc EndOffset="1216" SrcFileId="10" StartOffset="1187"/>
<Loc EndOffset="1242" SrcFileId="10" StartOffset="1221"/>
<Loc EndOffset="1368" SrcFileId="10" StartOffset="1062"/>
<Loc EndOffset="1392" SrcFileId="10" StartOffset="1372"/>
<Loc EndOffset="1415" SrcFileId="10" StartOffset="1396"/>
</LocList>
<BasicStmnt CovItemId="S6" CovItemPrefix="devops.hw1.core.Card.java" Intrnl_Id="471">
<LocList>
<Loc EndOffset="886" SrcFileId="10" StartOffset="869"/>
</LocList>
</BasicStmnt>
<CondStmnt CovItemId="S7" CovItemPrefix="devops.hw1.core.Card.java" Intrnl_Id="472">
<Branch CovItemId="B1" CovItemPrefix="devops.hw1.core.Card.java" Implct="false" Intrnl_Id="473">
<Cond/>
<LocList>
<Loc EndOffset="1027" SrcFileId="10" StartOffset="911"/>
</LocList>
<StmntSeq Intrnl_Id="474">
<LocList>
<Loc EndOffset="1022" SrcFileId="10" StartOffset="917"/>
</LocList>
<BasicStmnt CovItemId="S8" CovItemPrefix="devops.hw1.core.Card.java" Intrnl_Id="475">
<LocList>
<Loc EndOffset="1022" SrcFileId="10" StartOffset="917"/>
</LocList>
</BasicStmnt>
</StmntSeq>
</Branch>
<Branch CovItemId="B2" CovItemPrefix="devops.hw1.core.Card.java" Implct="true" Intrnl_Id="476">
<Cond/>
<LocList/>
<StmntSeq Intrnl_Id="477">
<LocList/>
</StmntSeq>
</Branch>
<Keyword EndOffset="892" SrcFileId="10" StartOffset="890"/>
<LocList>
<Loc EndOffset="1027" SrcFileId="10" StartOffset="890"/>
</LocList>
<RootTerm CovItemId="C1" CovItemPrefix="devops.hw1.core.Card.java" Intrnl_Id="478">
<BasicBoolTerm Intrnl_Id="479">
<LocList>
<Loc EndOffset="910" SrcFileId="10" StartOffset="893"/>
</LocList>
</BasicBoolTerm>
</RootTerm>
</CondStmnt>
<BasicStmnt CovItemId="S9" CovItemPrefix="devops.hw1.core.Card.java" Intrnl_Id="480">
<LocList>
<Loc EndOffset="1058" SrcFileId="10" StartOffset="1031"/>
</LocList>
</BasicStmnt>
<BasicStmnt CovItemId="S11" CovItemPrefix="devops.hw1.core.Card.java" Intrnl_Id="481">
<LocList>
<Loc EndOffset="1094" SrcFileId="10" StartOffset="1071"/>
</LocList>
</BasicStmnt>
<BasicStmnt CovItemId="S12" CovItemPrefix="devops.hw1.core.Card.java" Intrnl_Id="482">
<LocList>
<Loc EndOffset="1120" SrcFileId="10" StartOffset="1099"/>
</LocList>
</BasicStmnt>
<BasicStmnt CovItemId="S13" CovItemPrefix="devops.hw1.core.Card.java" Intrnl_Id="483">
<LocList>
<Loc EndOffset="1144" SrcFileId="10" StartOffset="1125"/>
</LocList>
</BasicStmnt>
<BasicStmnt CovItemId="S14" CovItemPrefix="devops.hw1.core.Card.java" Intrnl_Id="484">
<LocList>
<Loc EndOffset="1182" SrcFileId="10" StartOffset="1149"/>
</LocList>
</BasicStmnt>
<BasicStmnt CovItemId="S15" CovItemPrefix="devops.hw1.core.Card.java" Intrnl_Id="485">
<LocList>
<Loc EndOffset="1216" SrcFileId="10" StartOffset="1187"/>
</LocList>
</BasicStmnt>
<BasicStmnt CovItemId="S16" CovItemPrefix="devops.hw1.core.Card.java" Intrnl_Id="486">
<LocList>
<Loc EndOffset="1242" SrcFileId="10" StartOffset="1221"/>
</LocList>
</BasicStmnt>
<CondStmnt CovItemId="S10" CovItemPrefix="devops.hw1.core.Card.java" Intrnl_Id="487">
<Branch CovItemId="B3" CovItemPrefix="devops.hw1.core.Card.java" Implct="true" Intrnl_Id="488">
<Cond/>
<LocList/>
<StmntSeq Intrnl_Id="489">
<LocList/>
</StmntSeq>
</Branch>
<Branch CovItemId="B4" CovItemPrefix="devops.hw1.core.Card.java" Implct="false" Intrnl_Id="490">
<Cond>
<Loc EndOffset="1267" SrcFileId="10" StartOffset="1248"/>
</Cond>
<LocList>
<Loc EndOffset="1368" SrcFileId="10" StartOffset="1267"/>
</LocList>
<StmntSeq Intrnl_Id="491">
<LocList>
<Loc EndOffset="1363" SrcFileId="10" StartOffset="1273"/>
</LocList>
<BasicStmnt CovItemId="S17" CovItemPrefix="devops.hw1.core.Card.java" Intrnl_Id="492">
<LocList>
<Loc EndOffset="1363" SrcFileId="10" StartOffset="1273"/>
</LocList>
</BasicStmnt>
</StmntSeq>
</Branch>
<Keyword EndOffset="1065" SrcFileId="10" StartOffset="1062"/>
<LocList>
<Loc EndOffset="1368" SrcFileId="10" StartOffset="1062"/>
</LocList>
</CondStmnt>
<BasicStmnt CovItemId="S18" CovItemPrefix="devops.hw1.core.Card.java" Intrnl_Id="493">
<LocList>
<Loc EndOffset="1392" SrcFileId="10" StartOffset="1372"/>
</LocList>
</BasicStmnt>
<BasicStmnt CovItemId="S19" CovItemPrefix="devops.hw1.core.Card.java" Intrnl_Id="494">
<LocList>
<Loc EndOffset="1415" SrcFileId="10" StartOffset="1396"/>
</LocList>
</BasicStmnt>
</StmntSeq>
</HierarchyLvl>
<HierarchyLvl HierarchyLvlId="908" HierarchyLvlTypeId="20" Intrnl_Id="495" Name="addAbility">
<Header>
<Loc EndOffset="1653" SrcFileId="10" StartOffset="1616"/>
</Header>
<LocList>
<Loc EndOffset="1692" SrcFileId="10" StartOffset="1616"/>
</LocList>
<StmntSeq Intrnl_Id="496">
<LocList>
<Loc EndOffset="1686" SrcFileId="10" StartOffset="1659"/>
</LocList>
<BasicStmnt CovItemId="S20" CovItemPrefix="devops.hw1.core.Card.java" Intrnl_Id="497">
<LocList>
<Loc EndOffset="1686" SrcFileId="10" StartOffset="1659"/>
</LocList>
</BasicStmnt>
</StmntSeq>
</HierarchyLvl>
<HierarchyLvl HierarchyLvlId="909" HierarchyLvlTypeId="20" Intrnl_Id="498" Name="getAbilities">
<Header>
<Loc EndOffset="1797" SrcFileId="10" StartOffset="1767"/>
</Header>
<LocList>
<Loc EndOffset="1854" SrcFileId="10" StartOffset="1767"/>
</LocList>
<StmntSeq Intrnl_Id="499">
<LocList>
<Loc EndOffset="1850" SrcFileId="10" StartOffset="1803"/>
</LocList>
<BasicStmnt CovItemId="S21" CovItemPrefix="devops.hw1.core.Card.java" Intrnl_Id="500">
<LocList>
<Loc EndOffset="1850" SrcFileId="10" StartOffset="1803"/>
</LocList>
</BasicStmnt>
</StmntSeq>
</HierarchyLvl>
<HierarchyLvl HierarchyLvlId="910" HierarchyLvlTypeId="20" Intrnl_Id="501" Name="getColor">
<Header>
<Loc EndOffset="1948" SrcFileId="10" StartOffset="1924"/>
</Header>
<LocList>
<Loc EndOffset="1976" SrcFileId="10" StartOffset="1924"/>
</LocList>
<StmntSeq Intrnl_Id="502">
<LocList>
<Loc EndOffset="1972" SrcFileId="10" StartOffset="1954"/>
</LocList>
<BasicStmnt CovItemId="S22" CovItemPrefix="devops.hw1.core.Card.java" Intrnl_Id="503">
<LocList>
<Loc EndOffset="1972" SrcFileId="10" StartOffset="1954"/>
</LocList>
</BasicStmnt>
</StmntSeq>
</HierarchyLvl>
<HierarchyLvl HierarchyLvlId="911" HierarchyLvlTypeId="20" Intrnl_Id="504" Name="getCost">
<Header>
<Loc EndOffset="2139" SrcFileId="10" StartOffset="2116"/>
</Header>
<LocList>
<Loc EndOffset="2169" SrcFileId="10" StartOffset="2116"/>
</LocList>
<StmntSeq Intrnl_Id="505">
<LocList>
<Loc EndOffset="2165" SrcFileId="10" StartOffset="2144"/>
</LocList>
<BasicStmnt CovItemId="S23" CovItemPrefix="devops.hw1.core.Card.java" Intrnl_Id="506">
<LocList>
<Loc EndOffset="2165" SrcFileId="10" StartOffset="2144"/>
</LocList>
</BasicStmnt>
</StmntSeq>
</HierarchyLvl>
<HierarchyLvl HierarchyLvlId="912" HierarchyLvlTypeId="20" Intrnl_Id="507" Name="getImage">
<Header>
<Loc EndOffset="2245" SrcFileId="10" StartOffset="2221"/>
</Header>
<LocList>
<Loc EndOffset="2273" SrcFileId="10" StartOffset="2221"/>
</LocList>
<StmntSeq Intrnl_Id="508">
<LocList>
<Loc EndOffset="2269" SrcFileId="10" StartOffset="2251"/>
</LocList>
<BasicStmnt CovItemId="S24" CovItemPrefix="devops.hw1.core.Card.java" Intrnl_Id="509">
<LocList>
<Loc EndOffset="2269" SrcFileId="10" StartOffset="2251"/>
</LocList>
</BasicStmnt>
</StmntSeq>
</HierarchyLvl>
<HierarchyLvl HierarchyLvlId="913" HierarchyLvlTypeId="20" Intrnl_Id="510" Name="getName">
<Header>
<Loc EndOffset="2352" SrcFileId="10" StartOffset="2329"/>
</Header>
<LocList>
<Loc EndOffset="2378" SrcFileId="10" StartOffset="2329"/>
</LocList>
<StmntSeq Intrnl_Id="511">
<LocList>
<Loc EndOffset="2374" SrcFileId="10" StartOffset="2357"/>
</LocList>
<BasicStmnt CovItemId="S25" CovItemPrefix="devops.hw1.core.Card.java" Intrnl_Id="512">
<LocList>
<Loc EndOffset="2374" SrcFileId="10" StartOffset="2357"/>
</LocList>
</BasicStmnt>
</StmntSeq>
</HierarchyLvl>
<HierarchyLvl HierarchyLvlId="914" HierarchyLvlTypeId="20" Intrnl_Id="513" Name="getPower">
<Header>
<Loc EndOffset="2443" SrcFileId="10" StartOffset="2422"/>
</Header>
<LocList>
<Loc EndOffset="2471" SrcFileId="10" StartOffset="2422"/>
</LocList>
<StmntSeq Intrnl_Id="514">
<LocList>
<Loc EndOffset="2467" SrcFileId="10" StartOffset="2449"/>
</LocList>
<BasicStmnt CovItemId="S26" CovItemPrefix="devops.hw1.core.Card.java" Intrnl_Id="515">
<LocList>
<Loc EndOffset="2467" SrcFileId="10" StartOffset="2449"/>
</LocList>
</BasicStmnt>
</StmntSeq>
</HierarchyLvl>
<HierarchyLvl HierarchyLvlId="915" HierarchyLvlTypeId="20" Intrnl_Id="516" Name="getToughness">
<Header>
<Loc EndOffset="2544" SrcFileId="10" StartOffset="2519"/>
</Header>
<LocList>
<Loc EndOffset="2578" SrcFileId="10" StartOffset="2519"/>
</LocList>
<StmntSeq Intrnl_Id="517">
<LocList>
<Loc EndOffset="2572" SrcFileId="10" StartOffset="2550"/>
</LocList>
<BasicStmnt CovItemId="S27" CovItemPrefix="devops.hw1.core.Card.java" Intrnl_Id="518">
<LocList>
<Loc EndOffset="2572" SrcFileId="10" StartOffset="2550"/>
</LocList>
</BasicStmnt>
</StmntSeq>
</HierarchyLvl>
<HierarchyLvl HierarchyLvlId="916" HierarchyLvlTypeId="20" Intrnl_Id="519" Name="getType">
<Header>
<Loc EndOffset="2780" SrcFileId="10" StartOffset="2757"/>
</Header>
<LocList>
<Loc EndOffset="2809" SrcFileId="10" StartOffset="2757"/>
</LocList>
<StmntSeq Intrnl_Id="520">
<LocList>
<Loc EndOffset="2803" SrcFileId="10" StartOffset="2786"/>
</LocList>
<BasicStmnt CovItemId="S28" CovItemPrefix="devops.hw1.core.Card.java" Intrnl_Id="521">
<LocList>
<Loc EndOffset="2803" SrcFileId="10" StartOffset="2786"/>
</LocList>
</BasicStmnt>
</StmntSeq>
</HierarchyLvl>
<HierarchyLvl HierarchyLvlId="917" HierarchyLvlTypeId="20" Intrnl_Id="522" Name="setColor">
<Header>
<Loc EndOffset="2966" SrcFileId="10" StartOffset="2931"/>
</Header>
<LocList>
<Loc EndOffset="3179" SrcFileId="10" StartOffset="2931"/>
</LocList>
<StmntSeq Intrnl_Id="523">
<LocList>
<Loc EndOffset="3000" SrcFileId="10" StartOffset="2972"/>
<Loc EndOffset="3149" SrcFileId="10" StartOffset="3004"/>
<Loc EndOffset="3173" SrcFileId="10" StartOffset="3153"/>
</LocList>
<BasicStmnt CovItemId="S29" CovItemPrefix="devops.hw1.core.Card.java" Intrnl_Id="524">
<LocList>
<Loc EndOffset="3000" SrcFileId="10" StartOffset="2972"/>
</LocList>
</BasicStmnt>
<CondStmnt CovItemId="S30" CovItemPrefix="devops.hw1.core.Card.java" Intrnl_Id="525">
<Branch CovItemId="B5" CovItemPrefix="devops.hw1.core.Card.java" Implct="false" Intrnl_Id="526">
<Cond/>
<LocList>
<Loc EndOffset="3149" SrcFileId="10" StartOffset="3031"/>
</LocList>
<StmntSeq Intrnl_Id="527">
<LocList>
<Loc EndOffset="3144" SrcFileId="10" StartOffset="3037"/>
</LocList>
<BasicStmnt CovItemId="S31" CovItemPrefix="devops.hw1.core.Card.java" Intrnl_Id="528">
<LocList>
<Loc EndOffset="3144" SrcFileId="10" StartOffset="3037"/>
</LocList>
</BasicStmnt>
</StmntSeq>
</Branch>
<Branch CovItemId="B6" CovItemPrefix="devops.hw1.core.Card.java" Implct="true" Intrnl_Id="529">
<Cond/>
<LocList/>
<StmntSeq Intrnl_Id="530">
<LocList/>
</StmntSeq>
</Branch>
<Keyword EndOffset="3006" SrcFileId="10" StartOffset="3004"/>
<LocList>
<Loc EndOffset="3149" SrcFileId="10" StartOffset="3004"/>
</LocList>
<RootTerm CovItemId="C2" CovItemPrefix="devops.hw1.core.Card.java" Intrnl_Id="531">
<OpTerm BooleanOpId="15" Intrnl_Id="532">
<BasicBoolTerm Intrnl_Id="533">
<LocList>
<Loc EndOffset="3029" SrcFileId="10" StartOffset="3008"/>
</LocList>
</BasicBoolTerm>
<LocList>
<Loc EndOffset="3008" SrcFileId="10" StartOffset="3007"/>
</LocList>
</OpTerm>
</RootTerm>
</CondStmnt>
<BasicStmnt CovItemId="S32" CovItemPrefix="devops.hw1.core.Card.java" Intrnl_Id="534">
<LocList>
<Loc EndOffset="3173" SrcFileId="10" StartOffset="3153"/>
</LocList>
</BasicStmnt>
</StmntSeq>
</HierarchyLvl>
<HierarchyLvl HierarchyLvlId="918" HierarchyLvlTypeId="20" Intrnl_Id="535" Name="setCost">
<Header>
<Loc EndOffset="3430" SrcFileId="10" StartOffset="3401"/>
</Header>
<LocList>
<Loc EndOffset="3638" SrcFileId="10" StartOffset="3401"/>
</LocList>
<StmntSeq Intrnl_Id="536">
<LocList>
<Loc EndOffset="3469" SrcFileId="10" StartOffset="3435"/>
<Loc EndOffset="3612" SrcFileId="10" StartOffset="3473"/>
<Loc EndOffset="3634" SrcFileId="10" StartOffset="3616"/>
</LocList>
<BasicStmnt CovItemId="S33" CovItemPrefix="devops.hw1.core.Card.java" Intrnl_Id="537">
<LocList>
<Loc EndOffset="3469" SrcFileId="10" StartOffset="3435"/>
</LocList>
</BasicStmnt>
<CondStmnt CovItemId="S34" CovItemPrefix="devops.hw1.core.Card.java" Intrnl_Id="538">
<Branch CovItemId="B7" CovItemPrefix="devops.hw1.core.Card.java" Implct="false" Intrnl_Id="539">
<Cond/>
<LocList>
<Loc EndOffset="3612" SrcFileId="10" StartOffset="3495"/>
</LocList>
<StmntSeq Intrnl_Id="540">
<LocList>
<Loc EndOffset="3607" SrcFileId="10" StartOffset="3501"/>
</LocList>
<BasicStmnt CovItemId="S35" CovItemPrefix="devops.hw1.core.Card.java" Intrnl_Id="541">
<LocList>
<Loc EndOffset="3607" SrcFileId="10" StartOffset="3501"/>
</LocList>
</BasicStmnt>
</StmntSeq>
</Branch>
<Branch CovItemId="B8" CovItemPrefix="devops.hw1.core.Card.java" Implct="true" Intrnl_Id="542">
<Cond/>
<LocList/>
<StmntSeq Intrnl_Id="543">
<LocList/>
</StmntSeq>
</Branch>
<Keyword EndOffset="3475" SrcFileId="10" StartOffset="3473"/>
<LocList>
<Loc EndOffset="3612" SrcFileId="10" StartOffset="3473"/>
</LocList>
<RootTerm CovItemId="C3" CovItemPrefix="devops.hw1.core.Card.java" Intrnl_Id="544">
<OpTerm BooleanOpId="15" Intrnl_Id="545">
<BasicBoolTerm Intrnl_Id="546">
<LocList>
<Loc EndOffset="3493" SrcFileId="10" StartOffset="3477"/>
</LocList>
</BasicBoolTerm>
<LocList>
<Loc EndOffset="3477" SrcFileId="10" StartOffset="3476"/>
</LocList>
</OpTerm>
</RootTerm>
</CondStmnt>
<BasicStmnt CovItemId="S36" CovItemPrefix="devops.hw1.core.Card.java" Intrnl_Id="547">
<LocList>
<Loc EndOffset="3634" SrcFileId="10" StartOffset="3616"/>
</LocList>
</BasicStmnt>
</StmntSeq>
</HierarchyLvl>
<HierarchyLvl HierarchyLvlId="919" HierarchyLvlTypeId="20" Intrnl_Id="548" Name="setImage">
<Header>
<Loc EndOffset="3772" SrcFileId="10" StartOffset="3737"/>
</Header>
<LocList>
<Loc EndOffset="3973" SrcFileId="10" StartOffset="3737"/>
</LocList>
<StmntSeq Intrnl_Id="549">
<LocList>
<Loc EndOffset="3807" SrcFileId="10" StartOffset="3778"/>
<Loc EndOffset="3943" SrcFileId="10" StartOffset="3811"/>
<Loc EndOffset="3967" SrcFileId="10" StartOffset="3947"/>
</LocList>
<BasicStmnt CovItemId="S37" CovItemPrefix="devops.hw1.core.Card.java" Intrnl_Id="550">
<LocList>
<Loc EndOffset="3807" SrcFileId="10" StartOffset="3778"/>
</LocList>
</BasicStmnt>
<CondStmnt CovItemId="S38" CovItemPrefix="devops.hw1.core.Card.java" Intrnl_Id="551">
<Branch CovItemId="B9" CovItemPrefix="devops.hw1.core.Card.java" Implct="false" Intrnl_Id="552">
<Cond/>
<LocList>
<Loc EndOffset="3943" SrcFileId="10" StartOffset="3830"/>
</LocList>
<StmntSeq Intrnl_Id="553">
<LocList>
<Loc EndOffset="3938" SrcFileId="10" StartOffset="3836"/>
</LocList>
<BasicStmnt CovItemId="S39" CovItemPrefix="devops.hw1.core.Card.java" Intrnl_Id="554">
<LocList>
<Loc EndOffset="3938" SrcFileId="10" StartOffset="3836"/>
</LocList>
</BasicStmnt>
</StmntSeq>
</Branch>
<Branch CovItemId="B10" CovItemPrefix="devops.hw1.core.Card.java" Implct="true" Intrnl_Id="555">
<Cond/>
<LocList/>
<StmntSeq Intrnl_Id="556">
<LocList/>
</StmntSeq>
</Branch>
<Keyword EndOffset="3813" SrcFileId="10" StartOffset="3811"/>
<LocList>
<Loc EndOffset="3943" SrcFileId="10" StartOffset="3811"/>
</LocList>
<RootTerm CovItemId="C4" CovItemPrefix="devops.hw1.core.Card.java" Intrnl_Id="557">
<OpTerm BooleanOpId="15" Intrnl_Id="558">
<BasicBoolTerm Intrnl_Id="559">
<LocList>
<Loc EndOffset="3828" SrcFileId="10" StartOffset="3815"/>
</LocList>
</BasicBoolTerm>
<LocList>
<Loc EndOffset="3815" SrcFileId="10" StartOffset="3814"/>
</LocList>
</OpTerm>
</RootTerm>
</CondStmnt>
<BasicStmnt CovItemId="S40" CovItemPrefix="devops.hw1.core.Card.java" Intrnl_Id="560">
<LocList>
<Loc EndOffset="3967" SrcFileId="10" StartOffset="3947"/>
</LocList>
</BasicStmnt>
</StmntSeq>
</HierarchyLvl>
<HierarchyLvl HierarchyLvlId="920" HierarchyLvlTypeId="20" Intrnl_Id="561" Name="setPower">
<Header>
<Loc EndOffset="4091" SrcFileId="10" StartOffset="4064"/>
</Header>
<LocList>
<Loc EndOffset="4143" SrcFileId="10" StartOffset="4064"/>
</LocList>
<StmntSeq Intrnl_Id="562">
<LocList>
<Loc EndOffset="4137" SrcFileId="10" StartOffset="4122"/>
</LocList>
<BasicStmnt CovItemId="S41" CovItemPrefix="devops.hw1.core.Card.java" Intrnl_Id="563">
<LocList>
<Loc EndOffset="4137" SrcFileId="10" StartOffset="4122"/>
</LocList>
</BasicStmnt>
</StmntSeq>
</HierarchyLvl>
<HierarchyLvl HierarchyLvlId="921" HierarchyLvlTypeId="20" Intrnl_Id="564" Name="setPT">
<Header>
<Loc EndOffset="4298" SrcFileId="10" StartOffset="4267"/>
</Header>
<LocList>
<Loc EndOffset="4370" SrcFileId="10" StartOffset="4267"/>
</LocList>
<StmntSeq Intrnl_Id="565">
<LocList>
<Loc EndOffset="4347" SrcFileId="10" StartOffset="4328"/>
<Loc EndOffset="4366" SrcFileId="10" StartOffset="4351"/>
</LocList>
<BasicStmnt CovItemId="S42" CovItemPrefix="devops.hw1.core.Card.java" Intrnl_Id="566">
<LocList>
<Loc EndOffset="4347" SrcFileId="10" StartOffset="4328"/>
</LocList>
</BasicStmnt>
<BasicStmnt CovItemId="S43" CovItemPrefix="devops.hw1.core.Card.java" Intrnl_Id="567">
<LocList>
<Loc EndOffset="4366" SrcFileId="10" StartOffset="4351"/>
</LocList>
</BasicStmnt>
</StmntSeq>
</HierarchyLvl>
<HierarchyLvl HierarchyLvlId="922" HierarchyLvlTypeId="20" Intrnl_Id="568" Name="setToughness">
<Header>
<Loc EndOffset="4470" SrcFileId="10" StartOffset="4439"/>
</Header>
<LocList>
<Loc EndOffset="4526" SrcFileId="10" StartOffset="4439"/>
</LocList>
<StmntSeq Intrnl_Id="569">
<LocList>
<Loc EndOffset="4520" SrcFileId="10" StartOffset="4501"/>
</LocList>
<BasicStmnt CovItemId="S44" CovItemPrefix="devops.hw1.core.Card.java" Intrnl_Id="570">
<LocList>
<Loc EndOffset="4520" SrcFileId="10" StartOffset="4501"/>
</LocList>
</BasicStmnt>
</StmntSeq>
</HierarchyLvl>
<HierarchyLvl HierarchyLvlId="923" HierarchyLvlTypeId="20" Intrnl_Id="571" Name="setType">
<Header>
<Loc EndOffset="4713" SrcFileId="10" StartOffset="4684"/>
</Header>
<LocList>
<Loc EndOffset="5080" SrcFileId="10" StartOffset="4684"/>
</LocList>
<StmntSeq Intrnl_Id="572">
<LocList>
<Loc EndOffset="4835" SrcFileId="10" StartOffset="4719"/>
<Loc EndOffset="4910" SrcFileId="10" StartOffset="4839"/>
<Loc EndOffset="5057" SrcFileId="10" StartOffset="4914"/>
<Loc EndOffset="5076" SrcFileId="10" StartOffset="5062"/>
</LocList>
<CondStmnt CovItemId="S45" CovItemPrefix="devops.hw1.core.Card.java" Intrnl_Id="573">
<Branch CovItemId="B11" CovItemPrefix="devops.hw1.core.Card.java" Implct="false" Intrnl_Id="574">
<Cond/>
<LocList>
<Loc EndOffset="4835" SrcFileId="10" StartOffset="4732"/>
</LocList>
<StmntSeq Intrnl_Id="575">
<LocList>
<Loc EndOffset="4830" SrcFileId="10" StartOffset="4738"/>
</LocList>
<BasicStmnt CovItemId="S46" CovItemPrefix="devops.hw1.core.Card.java" Intrnl_Id="576">
<LocList>
<Loc EndOffset="4830" SrcFileId="10" StartOffset="4738"/>
</LocList>
</BasicStmnt>
</StmntSeq>
</Branch>
<Branch CovItemId="B12" CovItemPrefix="devops.hw1.core.Card.java" Implct="true" Intrnl_Id="577">
<Cond/>
<LocList/>
<StmntSeq Intrnl_Id="578">
<LocList/>
</StmntSeq>
</Branch>
<Keyword EndOffset="4721" SrcFileId="10" StartOffset="4719"/>
<LocList>
<Loc EndOffset="4835" SrcFileId="10" StartOffset="4719"/>
</LocList>
<RootTerm CovItemId="C5" CovItemPrefix="devops.hw1.core.Card.java" Intrnl_Id="579">
<BasicBoolTerm Intrnl_Id="580">
<LocList>
<Loc EndOffset="4731" SrcFileId="10" StartOffset="4722"/>
</LocList>
</BasicBoolTerm>
</RootTerm>
</CondStmnt>
<BasicStmnt CovItemId="S47" CovItemPrefix="devops.hw1.core.Card.java" Intrnl_Id="581">
<LocList>
<Loc EndOffset="4910" SrcFileId="10" StartOffset="4839"/>
</LocList>
</BasicStmnt>
<CondStmnt CovItemId="S48" CovItemPrefix="devops.hw1.core.Card.java" Intrnl_Id="582">
<Branch CovItemId="B13" CovItemPrefix="devops.hw1.core.Card.java" Implct="false" Intrnl_Id="583">
<Cond/>
<LocList>
<Loc EndOffset="5057" SrcFileId="10" StartOffset="4936"/>
</LocList>
<StmntSeq Intrnl_Id="584">
<LocList>
<Loc EndOffset="5052" SrcFileId="10" StartOffset="4942"/>
</LocList>
<BasicStmnt CovItemId="S49" CovItemPrefix="devops.hw1.core.Card.java" Intrnl_Id="585">
<LocList>
<Loc EndOffset="5052" SrcFileId="10" StartOffset="4942"/>
</LocList>
</BasicStmnt>
</StmntSeq>
</Branch>
<Branch CovItemId="B14" CovItemPrefix="devops.hw1.core.Card.java" Implct="true" Intrnl_Id="586">
<Cond/>
<LocList/>
<StmntSeq Intrnl_Id="587">
<LocList/>
</StmntSeq>
</Branch>
<Keyword EndOffset="4916" SrcFileId="10" StartOffset="4914"/>
<LocList>
<Loc EndOffset="5057" SrcFileId="10" StartOffset="4914"/>
</LocList>
<RootTerm CovItemId="C6" CovItemPrefix="devops.hw1.core.Card.java" Intrnl_Id="588">
<OpTerm BooleanOpId="15" Intrnl_Id="589">
<BasicBoolTerm Intrnl_Id="590">
<LocList>
<Loc EndOffset="4934" SrcFileId="10" StartOffset="4918"/>
</LocList>
</BasicBoolTerm>
<LocList>
<Loc EndOffset="4918" SrcFileId="10" StartOffset="4917"/>
</LocList>
</OpTerm>
</RootTerm>
</CondStmnt>
<BasicStmnt CovItemId="S50" CovItemPrefix="devops.hw1.core.Card.java" Intrnl_Id="591">
<LocList>
<Loc EndOffset="5076" SrcFileId="10" StartOffset="5062"/>
</LocList>
</BasicStmnt>
</StmntSeq>
</HierarchyLvl>
<HierarchyLvl HierarchyLvlId="924" HierarchyLvlTypeId="20" Intrnl_Id="592" Name="setFlash">
<Header>
<Loc EndOffset="5288" SrcFileId="10" StartOffset="5253"/>
</Header>
<LocList>
<Loc EndOffset="5317" SrcFileId="10" StartOffset="5253"/>
</LocList>
<StmntSeq Intrnl_Id="593">
<LocList>
<Loc EndOffset="5313" SrcFileId="10" StartOffset="5294"/>
</LocList>
<BasicStmnt CovItemId="S51" CovItemPrefix="devops.hw1.core.Card.java" Intrnl_Id="594">
<LocList>
<Loc EndOffset="5313" SrcFileId="10" StartOffset="5294"/>
</LocList>
</BasicStmnt>
</StmntSeq>
</HierarchyLvl>
<HierarchyLvl HierarchyLvlId="925" HierarchyLvlTypeId="20" Intrnl_Id="595" Name="toString">
<Header>
<Loc EndOffset="5358" SrcFileId="10" StartOffset="5322"/>
</Header>
<LocList>
<Loc EndOffset="5385" SrcFileId="10" StartOffset="5322"/>
</LocList>
<StmntSeq Intrnl_Id="596">
<LocList>
<Loc EndOffset="5381" SrcFileId="10" StartOffset="5364"/>
</LocList>
<BasicStmnt CovItemId="S52" CovItemPrefix="devops.hw1.core.Card.java" Intrnl_Id="597">
<LocList>
<Loc EndOffset="5381" SrcFileId="10" StartOffset="5364"/>
</LocList>
</BasicStmnt>
</StmntSeq>
</HierarchyLvl>
<HierarchyLvl HierarchyLvlId="926" HierarchyLvlTypeId="20" Intrnl_Id="598" Name="addManaAbility">
<Header>
<Loc EndOffset="5528" SrcFileId="10" StartOffset="5482"/>
</Header>
<LocList>
<Loc EndOffset="5569" SrcFileId="10" StartOffset="5482"/>
</LocList>
<StmntSeq Intrnl_Id="599">
<LocList>
<Loc EndOffset="5565" SrcFileId="10" StartOffset="5534"/>
</LocList>
<BasicStmnt CovItemId="S53" CovItemPrefix="devops.hw1.core.Card.java" Intrnl_Id="600">
<LocList>
<Loc EndOffset="5565" SrcFileId="10" StartOffset="5534"/>
</LocList>
</BasicStmnt>
</StmntSeq>
</HierarchyLvl>
<HierarchyLvl HierarchyLvlId="927" HierarchyLvlTypeId="20" Intrnl_Id="601" Name="getManaAbility">
<Header>
<Loc EndOffset="5681" SrcFileId="10" StartOffset="5651"/>
</Header>
<LocList>
<Loc EndOffset="5715" SrcFileId="10" StartOffset="5651"/>
</LocList>
<StmntSeq Intrnl_Id="602">
<LocList>
<Loc EndOffset="5711" SrcFileId="10" StartOffset="5687"/>
</LocList>
<BasicStmnt CovItemId="S54" CovItemPrefix="devops.hw1.core.Card.java" Intrnl_Id="603">
<LocList>
<Loc EndOffset="5711" SrcFileId="10" StartOffset="5687"/>
</LocList>
</BasicStmnt>
</StmntSeq>
</HierarchyLvl>
<HierarchyLvl HierarchyLvlId="928" HierarchyLvlTypeId="20" Intrnl_Id="604" Name="getTapped">
<Header>
<Loc EndOffset="5836" SrcFileId="10" StartOffset="5810"/>
</Header>
<LocList>
<Loc EndOffset="5865" SrcFileId="10" StartOffset="5810"/>
</LocList>
<StmntSeq Intrnl_Id="605">
<LocList>
<Loc EndOffset="5861" SrcFileId="10" StartOffset="5842"/>
</LocList>
<BasicStmnt CovItemId="S55" CovItemPrefix="devops.hw1.core.Card.java" Intrnl_Id="606">
<LocList>
<Loc EndOffset="5861" SrcFileId="10" StartOffset="5842"/>
</LocList>
</BasicStmnt>
</StmntSeq>
</HierarchyLvl>
<HierarchyLvl HierarchyLvlId="929" HierarchyLvlTypeId="20" Intrnl_Id="607" Name="isFlash">
<Header>
<Loc EndOffset="6030" SrcFileId="10" StartOffset="6006"/>
</Header>
<LocList>
<Loc EndOffset="6091" SrcFileId="10" StartOffset="6006"/>
</LocList>
<StmntSeq Intrnl_Id="608">
<LocList>
<Loc EndOffset="6087" SrcFileId="10" StartOffset="6036"/>
</LocList>
<BasicStmnt CovItemId="S56" CovItemPrefix="devops.hw1.core.Card.java" Intrnl_Id="609">
<LocList>
<Loc EndOffset="6087" SrcFileId="10" StartOffset="6036"/>
</LocList>
</BasicStmnt>
</StmntSeq>
</HierarchyLvl>
<HierarchyLvl HierarchyLvlId="930" HierarchyLvlTypeId="20" Intrnl_Id="610" Name="tap">
<Header>
<Loc EndOffset="6216" SrcFileId="10" StartOffset="6196"/>
</Header>
<LocList>
<Loc EndOffset="6301" SrcFileId="10" StartOffset="6196"/>
</LocList>
<StmntSeq Intrnl_Id="611">
<LocList>
<Loc EndOffset="6256" SrcFileId="10" StartOffset="6222"/>
<Loc EndOffset="6281" SrcFileId="10" StartOffset="6262"/>
<Loc EndOffset="6297" SrcFileId="10" StartOffset="6285"/>
</LocList>
<CondStmnt CovItemId="S57" CovItemPrefix="devops.hw1.core.Card.java" Intrnl_Id="612">
<Branch CovItemId="B15" CovItemPrefix="devops.hw1.core.Card.java" Implct="false" Intrnl_Id="613">
<Cond/>
<LocList>
<Loc EndOffset="6256" SrcFileId="10" StartOffset="6243"/>
</LocList>
<StmntSeq Intrnl_Id="614">
<LocList>
<Loc EndOffset="6256" SrcFileId="10" StartOffset="6243"/>
</LocList>
<BasicStmnt CovItemId="S58" CovItemPrefix="devops.hw1.core.Card.java" Intrnl_Id="615">
<LocList>
<Loc EndOffset="6256" SrcFileId="10" StartOffset="6243"/>
</LocList>
</BasicStmnt>
</StmntSeq>
</Branch>
<Branch CovItemId="B16" CovItemPrefix="devops.hw1.core.Card.java" Implct="true" Intrnl_Id="616">
<Cond/>
<LocList/>
<StmntSeq Intrnl_Id="617">
<LocList/>
</StmntSeq>
</Branch>
<Keyword EndOffset="6224" SrcFileId="10" StartOffset="6222"/>
<LocList>
<Loc EndOffset="6256" SrcFileId="10" StartOffset="6222"/>
</LocList>
<RootTerm CovItemId="C7" CovItemPrefix="devops.hw1.core.Card.java" Intrnl_Id="618">
<BasicBoolTerm Intrnl_Id="619">
<LocList>
<Loc EndOffset="6237" SrcFileId="10" StartOffset="6226"/>
</LocList>
</BasicBoolTerm>
</RootTerm>
</CondStmnt>
<BasicStmnt CovItemId="S59" CovItemPrefix="devops.hw1.core.Card.java" Intrnl_Id="620">
<LocList>
<Loc EndOffset="6281" SrcFileId="10" StartOffset="6262"/>
</LocList>
</BasicStmnt>
<BasicStmnt CovItemId="S60" CovItemPrefix="devops.hw1.core.Card.java" Intrnl_Id="621">
<LocList>
<Loc EndOffset="6297" SrcFileId="10" StartOffset="6285"/>
</LocList>
</BasicStmnt>
</StmntSeq>
</HierarchyLvl>
<HierarchyLvl HierarchyLvlId="931" HierarchyLvlTypeId="20" Intrnl_Id="622" Name="untap">
<Header>
<Loc EndOffset="6356" SrcFileId="10" StartOffset="6337"/>
</Header>
<LocList>
<Loc EndOffset="6386" SrcFileId="10" StartOffset="6337"/>
</LocList>
<StmntSeq Intrnl_Id="623">
<LocList>
<Loc EndOffset="6382" SrcFileId="10" StartOffset="6362"/>
</LocList>
<BasicStmnt CovItemId="S61" CovItemPrefix="devops.hw1.core.Card.java" Intrnl_Id="624">
<LocList>
<Loc EndOffset="6382" SrcFileId="10" StartOffset="6362"/>
</LocList>
</BasicStmnt>
</StmntSeq>
</HierarchyLvl>
</HierarchyLvl>
<HierarchyLvl HierarchyLvlId="953" HierarchyLvlTypeId="21" Intrnl_Id="625" Name="Backend">
<Header>
<Loc EndOffset="249" SrcFileId="11" StartOffset="229"/>
</Header>
<LocList>
<Loc EndOffset="12655" SrcFileId="11" StartOffset="229"/>
</LocList>
<HierarchyLvl HierarchyLvlId="933" HierarchyLvlTypeId="20" Intrnl_Id="626" Name="getInstance">
<Header>
<Loc EndOffset="456" SrcFileId="11" StartOffset="421"/>
</Header>
<LocList>
<Loc EndOffset="519" SrcFileId="11" StartOffset="421"/>
</LocList>
<StmntSeq Intrnl_Id="627">
<LocList>
<Loc EndOffset="499" SrcFileId="11" StartOffset="461"/>
<Loc EndOffset="515" SrcFileId="11" StartOffset="505"/>
</LocList>
<CondStmnt CovItemId="S1" CovItemPrefix="devops.hw1.core.Backend.java" Intrnl_Id="628">
<Branch CovItemId="B1" CovItemPrefix="devops.hw1.core.Backend.java" Implct="false" Intrnl_Id="629">
<Cond/>
<LocList>
<Loc EndOffset="499" SrcFileId="11" StartOffset="480"/>
</LocList>
<StmntSeq Intrnl_Id="630">
<LocList>
<Loc EndOffset="499" SrcFileId="11" StartOffset="480"/>
</LocList>
<BasicStmnt CovItemId="S2" CovItemPrefix="devops.hw1.core.Backend.java" Intrnl_Id="631">
<LocList>
<Loc EndOffset="499" SrcFileId="11" StartOffset="480"/>
</LocList>
</BasicStmnt>
</StmntSeq>
</Branch>
<Branch CovItemId="B2" CovItemPrefix="devops.hw1.core.Backend.java" Implct="true" Intrnl_Id="632">
<Cond/>
<LocList/>
<StmntSeq Intrnl_Id="633">
<LocList/>
</StmntSeq>
</Branch>
<Keyword EndOffset="463" SrcFileId="11" StartOffset="461"/>
<LocList>
<Loc EndOffset="499" SrcFileId="11" StartOffset="461"/>
</LocList>
<RootTerm CovItemId="C1" CovItemPrefix="devops.hw1.core.Backend.java" Intrnl_Id="634">
<BasicBoolTerm Intrnl_Id="635">
<LocList>
<Loc EndOffset="474" SrcFileId="11" StartOffset="464"/>
</LocList>
</BasicBoolTerm>
</RootTerm>
</CondStmnt>
<BasicStmnt CovItemId="S3" CovItemPrefix="devops.hw1.core.Backend.java" Intrnl_Id="636">
<LocList>
<Loc EndOffset="515" SrcFileId="11" StartOffset="505"/>
</LocList>
</BasicStmnt>
</StmntSeq>
</HierarchyLvl>
<HierarchyLvl HierarchyLvlId="934" HierarchyLvlTypeId="20" Intrnl_Id="637" Name="Backend">
<Header>
<Loc EndOffset="585" SrcFileId="11" StartOffset="569"/>
</Header>
<LocList>
<Loc EndOffset="737" SrcFileId="11" StartOffset="569"/>
</LocList>
<StmntSeq Intrnl_Id="638">
<LocList>
<Loc EndOffset="621" SrcFileId="11" StartOffset="590"/>
<Loc EndOffset="642" SrcFileId="11" StartOffset="625"/>
<Loc EndOffset="667" SrcFileId="11" StartOffset="646"/>
<Loc EndOffset="691" SrcFileId="11" StartOffset="671"/>
<Loc EndOffset="733" SrcFileId="11" StartOffset="695"/>
</LocList>
<BasicStmnt CovItemId="S4" CovItemPrefix="devops.hw1.core.Backend.java" Intrnl_Id="639">
<LocList>
<Loc EndOffset="621" SrcFileId="11" StartOffset="590"/>
</LocList>
</BasicStmnt>
<BasicStmnt CovItemId="S5" CovItemPrefix="devops.hw1.core.Backend.java" Intrnl_Id="640">
<LocList>
<Loc EndOffset="642" SrcFileId="11" StartOffset="625"/>
</LocList>
</BasicStmnt>
<BasicStmnt CovItemId="S6" CovItemPrefix="devops.hw1.core.Backend.java" Intrnl_Id="641">
<LocList>
<Loc EndOffset="667" SrcFileId="11" StartOffset="646"/>
</LocList>
</BasicStmnt>
<BasicStmnt CovItemId="S7" CovItemPrefix="devops.hw1.core.Backend.java" Intrnl_Id="642">
<LocList>
<Loc EndOffset="691" SrcFileId="11" StartOffset="671"/>
</LocList>
</BasicStmnt>
<BasicStmnt CovItemId="S8" CovItemPrefix="devops.hw1.core.Backend.java" Intrnl_Id="643">
<LocList>
<Loc EndOffset="733" SrcFileId="11" StartOffset="695"/>
</LocList>
</BasicStmnt>
</StmntSeq>
</HierarchyLvl>
<HierarchyLvl HierarchyLvlId="935" HierarchyLvlTypeId="20" Intrnl_Id="644" Name="handleCardClicked">
<Header>
<Loc EndOffset="1087" SrcFileId="11" StartOffset="1020"/>
</Header>
<LocList>
<Loc EndOffset="1902" SrcFileId="11" StartOffset="1020"/>
</LocList>
<StmntSeq Intrnl_Id="645">
<LocList>
<Loc EndOffset="1216" SrcFileId="11" StartOffset="1093"/>
<Loc EndOffset="1330" SrcFileId="11" StartOffset="1220"/>
<Loc EndOffset="1720" SrcFileId="11" StartOffset="1334"/>
<Loc EndOffset="1753" SrcFileId="11" StartOffset="1733"/>
<Loc EndOffset="1898" SrcFileId="11" StartOffset="1724"/>
</LocList>
<CondStmnt CovItemId="S9" CovItemPrefix="devops.hw1.core.Backend.java" Intrnl_Id="646">
<Branch CovItemId="B3" CovItemPrefix="devops.hw1.core.Backend.java" Implct="false" Intrnl_Id="647">
<Cond/>
<LocList>
<Loc EndOffset="1216" SrcFileId="11" StartOffset="1110"/>
</LocList>
<StmntSeq Intrnl_Id="648">
<LocList>
<Loc EndOffset="1211" SrcFileId="11" StartOffset="1116"/>
</LocList>
<BasicStmnt CovItemId="S10" CovItemPrefix="devops.hw1.core.Backend.java" Intrnl_Id="649">
<LocList>
<Loc EndOffset="1211" SrcFileId="11" StartOffset="1116"/>
</LocList>
</BasicStmnt>
</StmntSeq>
</Branch>
<Branch CovItemId="B4" CovItemPrefix="devops.hw1.core.Backend.java" Implct="true" Intrnl_Id="650">
<Cond/>
<LocList/>
<StmntSeq Intrnl_Id="651">
<LocList/>
</StmntSeq>
</Branch>
<Keyword EndOffset="1095" SrcFileId="11" StartOffset="1093"/>
<LocList>
<Loc EndOffset="1216" SrcFileId="11" StartOffset="1093"/>
</LocList>
<RootTerm CovItemId="C2" CovItemPrefix="devops.hw1.core.Backend.java" Intrnl_Id="652">
<BasicBoolTerm Intrnl_Id="653">
<LocList>
<Loc EndOffset="1109" SrcFileId="11" StartOffset="1096"/>
</LocList>
</BasicBoolTerm>
</RootTerm>
</CondStmnt>
<CondStmnt CovItemId="S11" CovItemPrefix="devops.hw1.core.Backend.java" Intrnl_Id="654">
<Branch CovItemId="B5" CovItemPrefix="devops.hw1.core.Backend.java" Implct="false" Intrnl_Id="655">
<Cond/>
<LocList>
<Loc EndOffset="1330" SrcFileId="11" StartOffset="1233"/>
</LocList>
<StmntSeq Intrnl_Id="656">
<LocList>
<Loc EndOffset="1325" SrcFileId="11" StartOffset="1239"/>
</LocList>
<BasicStmnt CovItemId="S12" CovItemPrefix="devops.hw1.core.Backend.java" Intrnl_Id="657">
<LocList>
<Loc EndOffset="1325" SrcFileId="11" StartOffset="1239"/>
</LocList>
</BasicStmnt>
</StmntSeq>
</Branch>
<Branch CovItemId="B6" CovItemPrefix="devops.hw1.core.Backend.java" Implct="true" Intrnl_Id="658">
<Cond/>
<LocList/>
<StmntSeq Intrnl_Id="659">
<LocList/>
</StmntSeq>
</Branch>
<Keyword EndOffset="1222" SrcFileId="11" StartOffset="1220"/>
<LocList>
<Loc EndOffset="1330" SrcFileId="11" StartOffset="1220"/>
</LocList>
<RootTerm CovItemId="C3" CovItemPrefix="devops.hw1.core.Backend.java" Intrnl_Id="660">
<BasicBoolTerm Intrnl_Id="661">
<LocList>
<Loc EndOffset="1232" SrcFileId="11" StartOffset="1223"/>
</LocList>
</BasicBoolTerm>
</RootTerm>
</CondStmnt>
<CondStmnt CovItemId="S13" CovItemPrefix="devops.hw1.core.Backend.java" Intrnl_Id="662">
<Branch CovItemId="B7" CovItemPrefix="devops.hw1.core.Backend.java" Implct="false" Intrnl_Id="663">
<Cond>
<Loc EndOffset="1358" SrcFileId="11" StartOffset="1349"/>
</Cond>
<LocList>
<Loc EndOffset="1407" SrcFileId="11" StartOffset="1364"/>
</LocList>
<StmntSeq Intrnl_Id="664">
<LocList>
<Loc EndOffset="1396" SrcFileId="11" StartOffset="1364"/>
<Loc EndOffset="1407" SrcFileId="11" StartOffset="1401"/>
</LocList>
<BasicStmnt CovItemId="S14" CovItemPrefix="devops.hw1.core.Backend.java" Intrnl_Id="665">
<LocList>
<Loc EndOffset="1396" SrcFileId="11" StartOffset="1364"/>
</LocList>
</BasicStmnt>
<BasicStmnt CovItemId="S15" CovItemPrefix="devops.hw1.core.Backend.java" Intrnl_Id="666">
<LocList>
<Loc EndOffset="1407" SrcFileId="11" StartOffset="1401"/>
</LocList>
</BasicStmnt>
</StmntSeq>
</Branch>
<Branch CovItemId="B8" CovItemPrefix="devops.hw1.core.Backend.java" Implct="false" Intrnl_Id="667">
<Cond>
<Loc EndOffset="1421" SrcFileId="11" StartOffset="1411"/>
</Cond>
<LocList>
<Loc EndOffset="1471" SrcFileId="11" StartOffset="1427"/>
</LocList>
<StmntSeq Intrnl_Id="668">
<LocList>
<Loc EndOffset="1460" SrcFileId="11" StartOffset="1427"/>
<Loc EndOffset="1471" SrcFileId="11" StartOffset="1465"/>
</LocList>
<BasicStmnt CovItemId="S16" CovItemPrefix="devops.hw1.core.Backend.java" Intrnl_Id="669">
<LocList>
<Loc EndOffset="1460" SrcFileId="11" StartOffset="1427"/>
</LocList>
</BasicStmnt>
<BasicStmnt CovItemId="S17" CovItemPrefix="devops.hw1.core.Backend.java" Intrnl_Id="670">
<LocList>
<Loc EndOffset="1471" SrcFileId="11" StartOffset="1465"/>
</LocList>
</BasicStmnt>
</StmntSeq>
</Branch>
<Branch CovItemId="B9" CovItemPrefix="devops.hw1.core.Backend.java" Implct="false" Intrnl_Id="671">
<Cond>
<Loc EndOffset="1492" SrcFileId="11" StartOffset="1475"/>
</Cond>
<LocList>
<Loc EndOffset="1538" SrcFileId="11" StartOffset="1498"/>
</LocList>
<StmntSeq Intrnl_Id="672">
<LocList>
<Loc EndOffset="1527" SrcFileId="11" StartOffset="1498"/>
<Loc EndOffset="1538" SrcFileId="11" StartOffset="1532"/>
</LocList>
<BasicStmnt CovItemId="S18" CovItemPrefix="devops.hw1.core.Backend.java" Intrnl_Id="673">
<LocList>
<Loc EndOffset="1527" SrcFileId="11" StartOffset="1498"/>
</LocList>
</BasicStmnt>
<BasicStmnt CovItemId="S19" CovItemPrefix="devops.hw1.core.Backend.java" Intrnl_Id="674">
<LocList>
<Loc EndOffset="1538" SrcFileId="11" StartOffset="1532"/>
</LocList>
</BasicStmnt>
</StmntSeq>
</Branch>
<Branch CovItemId="B10" CovItemPrefix="devops.hw1.core.Backend.java" Implct="false" Intrnl_Id="675">
<Cond>
<Loc EndOffset="1560" SrcFileId="11" StartOffset="1542"/>
</Cond>
<LocList>
<Loc EndOffset="1607" SrcFileId="11" StartOffset="1566"/>
</LocList>
<StmntSeq Intrnl_Id="676">
<LocList>
<Loc EndOffset="1596" SrcFileId="11" StartOffset="1566"/>
<Loc EndOffset="1607" SrcFileId="11" StartOffset="1601"/>
</LocList>
<BasicStmnt CovItemId="S20" CovItemPrefix="devops.hw1.core.Backend.java" Intrnl_Id="677">
<LocList>
<Loc EndOffset="1596" SrcFileId="11" StartOffset="1566"/>
</LocList>
</BasicStmnt>
<BasicStmnt CovItemId="S21" CovItemPrefix="devops.hw1.core.Backend.java" Intrnl_Id="678">
<LocList>
<Loc EndOffset="1607" SrcFileId="11" StartOffset="1601"/>
</LocList>
</BasicStmnt>
</StmntSeq>
</Branch>
<Branch CovItemId="B11" CovItemPrefix="devops.hw1.core.Backend.java" Implct="false" Intrnl_Id="679">
<Cond>
<Loc EndOffset="1618" SrcFileId="11" StartOffset="1611"/>
</Cond>
<LocList>
<Loc EndOffset="1715" SrcFileId="11" StartOffset="1624"/>
</LocList>
<StmntSeq Intrnl_Id="680">
<LocList>
<Loc EndOffset="1715" SrcFileId="11" StartOffset="1624"/>
</LocList>
<BasicStmnt CovItemId="S22" CovItemPrefix="devops.hw1.core.Backend.java" Intrnl_Id="681">
<LocList>
<Loc EndOffset="1715" SrcFileId="11" StartOffset="1624"/>
</LocList>
</BasicStmnt>
</StmntSeq>
</Branch>
<Keyword EndOffset="1340" SrcFileId="11" StartOffset="1334"/>
<LocList>
<Loc EndOffset="1720" SrcFileId="11" StartOffset="1334"/>
</LocList>
</CondStmnt>
<BasicStmnt CovItemId="S24" CovItemPrefix="devops.hw1.core.Backend.java" Intrnl_Id="682">
<LocList>
<Loc EndOffset="1753" SrcFileId="11" StartOffset="1733"/>
</LocList>
</BasicStmnt>
<CondStmnt CovItemId="S23" CovItemPrefix="devops.hw1.core.Backend.java" Intrnl_Id="683">
<Branch CovItemId="B12" CovItemPrefix="devops.hw1.core.Backend.java" Implct="true" Intrnl_Id="684">
<Cond/>
<LocList/>
<StmntSeq Intrnl_Id="685">
<LocList/>
</StmntSeq>
</Branch>
<Branch CovItemId="B13" CovItemPrefix="devops.hw1.core.Backend.java" Implct="false" Intrnl_Id="686">
<Cond>
<Loc EndOffset="1794" SrcFileId="11" StartOffset="1759"/>
</Cond>
<LocList>
<Loc EndOffset="1898" SrcFileId="11" StartOffset="1794"/>
</LocList>
<StmntSeq Intrnl_Id="687">
<LocList>
<Loc EndOffset="1893" SrcFileId="11" StartOffset="1800"/>
</LocList>
<BasicStmnt CovItemId="S25" CovItemPrefix="devops.hw1.core.Backend.java" Intrnl_Id="688">
<LocList>
<Loc EndOffset="1893" SrcFileId="11" StartOffset="1800"/>
</LocList>
</BasicStmnt>
</StmntSeq>
</Branch>
<Keyword EndOffset="1727" SrcFileId="11" StartOffset="1724"/>
<LocList>
<Loc EndOffset="1898" SrcFileId="11" StartOffset="1724"/>
</LocList>
</CondStmnt>
</StmntSeq>
</HierarchyLvl>
<HierarchyLvl HierarchyLvlId="936" HierarchyLvlTypeId="20" Intrnl_Id="689" Name="activateAbility">
<Header>
<Loc EndOffset="2302" SrcFileId="11" StartOffset="2245"/>
</Header>
<LocList>
<Loc EndOffset="2446" SrcFileId="11" StartOffset="2245"/>
</LocList>
<StmntSeq Intrnl_Id="690">
<LocList>
<Loc EndOffset="2320" SrcFileId="11" StartOffset="2308"/>
<Loc EndOffset="2379" SrcFileId="11" StartOffset="2326"/>
<Loc EndOffset="2440" SrcFileId="11" StartOffset="2385"/>
</LocList>
<BasicStmnt CovItemId="S26" CovItemPrefix="devops.hw1.core.Backend.java" Intrnl_Id="691">
<LocList>
<Loc EndOffset="2320" SrcFileId="11" StartOffset="2308"/>
</LocList>
</BasicStmnt>
<CondStmnt CovItemId="S27" CovItemPrefix="devops.hw1.core.Backend.java" Intrnl_Id="692">
<Branch CovItemId="B14" CovItemPrefix="devops.hw1.core.Backend.java" Implct="false" Intrnl_Id="693">
<Cond/>
<LocList>
<Loc EndOffset="2379" SrcFileId="11" StartOffset="2349"/>
</LocList>
<StmntSeq Intrnl_Id="694">
<LocList>
<Loc EndOffset="2379" SrcFileId="11" StartOffset="2349"/>
</LocList>
<BasicStmnt CovItemId="S28" CovItemPrefix="devops.hw1.core.Backend.java" Intrnl_Id="695">
<LocList>
<Loc EndOffset="2379" SrcFileId="11" StartOffset="2349"/>
</LocList>
</BasicStmnt>
</StmntSeq>
</Branch>
<Branch CovItemId="B15" CovItemPrefix="devops.hw1.core.Backend.java" Implct="true" Intrnl_Id="696">
<Cond/>
<LocList/>
<StmntSeq Intrnl_Id="697">
<LocList/>
</StmntSeq>
</Branch>
<Keyword EndOffset="2328" SrcFileId="11" StartOffset="2326"/>
<LocList>
<Loc EndOffset="2379" SrcFileId="11" StartOffset="2326"/>
</LocList>
<RootTerm CovItemId="C4" CovItemPrefix="devops.hw1.core.Backend.java" Intrnl_Id="698">
<BasicBoolTerm Intrnl_Id="699">
<LocList>
<Loc EndOffset="2343" SrcFileId="11" StartOffset="2329"/>
</LocList>
</BasicBoolTerm>
</RootTerm>
</CondStmnt>
<CondStmnt CovItemId="S29" CovItemPrefix="devops.hw1.core.Backend.java" Intrnl_Id="700">
<Branch CovItemId="B16" CovItemPrefix="devops.hw1.core.Backend.java" Implct="false" Intrnl_Id="701">
<Cond/>
<LocList>
<Loc EndOffset="2440" SrcFileId="11" StartOffset="2409"/>
</LocList>
<StmntSeq Intrnl_Id="702">
<LocList>
<Loc EndOffset="2440" SrcFileId="11" StartOffset="2409"/>
</LocList>
<BasicStmnt CovItemId="S30" CovItemPrefix="devops.hw1.core.Backend.java" Intrnl_Id="703">
<LocList>
<Loc EndOffset="2440" SrcFileId="11" StartOffset="2409"/>
</LocList>
</BasicStmnt>
</StmntSeq>
</Branch>
<Branch CovItemId="B17" CovItemPrefix="devops.hw1.core.Backend.java" Implct="true" Intrnl_Id="704">
<Cond/>
<LocList/>
<StmntSeq Intrnl_Id="705">
<LocList/>
</StmntSeq>
</Branch>
<Keyword EndOffset="2387" SrcFileId="11" StartOffset="2385"/>
<LocList>
<Loc EndOffset="2440" SrcFileId="11" StartOffset="2385"/>
</LocList>
<RootTerm CovItemId="C5" CovItemPrefix="devops.hw1.core.Backend.java" Intrnl_Id="706">
<BasicBoolTerm Intrnl_Id="707">
<LocList>
<Loc EndOffset="2403" SrcFileId="11" StartOffset="2388"/>
</LocList>
</BasicBoolTerm>
</RootTerm>
</CondStmnt>
</StmntSeq>
</HierarchyLvl>
<HierarchyLvl HierarchyLvlId="937" HierarchyLvlTypeId="20" Intrnl_Id="708" Name="activateAbility">
<Header>
<Loc EndOffset="2828" SrcFileId="11" StartOffset="2760"/>
</Header>
<LocList>
<Loc EndOffset="2863" SrcFileId="11" StartOffset="2760"/>
</LocList>
<StmntSeq Intrnl_Id="709">
<LocList>
<Loc EndOffset="2859" SrcFileId="11" StartOffset="2834"/>
</LocList>
<BasicStmnt CovItemId="S31" CovItemPrefix="devops.hw1.core.Backend.java" Intrnl_Id="710">
<LocList>
<Loc EndOffset="2859" SrcFileId="11" StartOffset="2834"/>
</LocList>
</BasicStmnt>
</StmntSeq>
</HierarchyLvl>
<HierarchyLvl HierarchyLvlId="938" HierarchyLvlTypeId="20" Intrnl_Id="711" Name="addCard">
<Header>
<Loc EndOffset="3070" SrcFileId="11" StartOffset="3028"/>
</Header>
<LocList>
<Loc EndOffset="3106" SrcFileId="11" StartOffset="3028"/>
</LocList>
<StmntSeq Intrnl_Id="712">
<LocList>
<Loc EndOffset="3102" SrcFileId="11" StartOffset="3076"/>
</LocList>
<BasicStmnt CovItemId="S32" CovItemPrefix="devops.hw1.core.Backend.java" Intrnl_Id="713">
<LocList>
<Loc EndOffset="3102" SrcFileId="11" StartOffset="3076"/>
</LocList>
</BasicStmnt>
</StmntSeq>
</HierarchyLvl>
<HierarchyLvl HierarchyLvlId="939" HierarchyLvlTypeId="20" Intrnl_Id="714" Name="addCard">
<Header>
<Loc EndOffset="3308" SrcFileId="11" StartOffset="3273"/>
</Header>
<LocList>
<Loc EndOffset="3462" SrcFileId="11" StartOffset="3273"/>
</LocList>
<StmntSeq Intrnl_Id="715">
<LocList>
<Loc EndOffset="3339" SrcFileId="11" StartOffset="3323"/>
<Loc EndOffset="3458" SrcFileId="11" StartOffset="3313"/>
</LocList>
<BasicStmnt CovItemId="S34" CovItemPrefix="devops.hw1.core.Backend.java" Intrnl_Id="716">
<LocList>
<Loc EndOffset="3339" SrcFileId="11" StartOffset="3323"/>
</LocList>
</BasicStmnt>
<CondStmnt CovItemId="S33" CovItemPrefix="devops.hw1.core.Backend.java" Intrnl_Id="717">
<Branch CovItemId="B18" CovItemPrefix="devops.hw1.core.Backend.java" Implct="true" Intrnl_Id="718">
<Cond/>
<LocList/>
<StmntSeq Intrnl_Id="719">
<LocList/>
</StmntSeq>
</Branch>
<Branch CovItemId="B19" CovItemPrefix="devops.hw1.core.Backend.java" Implct="false" Intrnl_Id="720">
<Cond>
<Loc EndOffset="3380" SrcFileId="11" StartOffset="3345"/>
</Cond>
<LocList>
<Loc EndOffset="3458" SrcFileId="11" StartOffset="3381"/>
</LocList>
<StmntSeq Intrnl_Id="721">
<LocList>
<Loc EndOffset="3453" SrcFileId="11" StartOffset="3387"/>
</LocList>
<BasicStmnt CovItemId="S35" CovItemPrefix="devops.hw1.core.Backend.java" Intrnl_Id="722">
<LocList>
<Loc EndOffset="3453" SrcFileId="11" StartOffset="3387"/>
</LocList>
</BasicStmnt>
</StmntSeq>
</Branch>
<Keyword EndOffset="3316" SrcFileId="11" StartOffset="3313"/>
<LocList>
<Loc EndOffset="3458" SrcFileId="11" StartOffset="3313"/>
</LocList>
</CondStmnt>
</StmntSeq>
</HierarchyLvl>
<HierarchyLvl HierarchyLvlId="940" HierarchyLvlTypeId="20" Intrnl_Id="723" Name="getZoneContents">
<Header>
<Loc EndOffset="3690" SrcFileId="11" StartOffset="3657"/>
</Header>
<LocList>
<Loc EndOffset="3722" SrcFileId="11" StartOffset="3657"/>
</LocList>
<StmntSeq Intrnl_Id="724">
<LocList>
<Loc EndOffset="3718" SrcFileId="11" StartOffset="3695"/>
</LocList>
<BasicStmnt CovItemId="S36" CovItemPrefix="devops.hw1.core.Backend.java" Intrnl_Id="725">
<LocList>
<Loc EndOffset="3718" SrcFileId="11" StartOffset="3695"/>
</LocList>
</BasicStmnt>
</StmntSeq>
</HierarchyLvl>
<HierarchyLvl HierarchyLvlId="941" HierarchyLvlTypeId="20" Intrnl_Id="726" Name="removeCard">
<Header>
<Loc EndOffset="3904" SrcFileId="11" StartOffset="3874"/>
</Header>
<LocList>
<Loc EndOffset="4056" SrcFileId="11" StartOffset="3874"/>
</LocList>
<StmntSeq Intrnl_Id="727">
<LocList>
<Loc EndOffset="3931" SrcFileId="11" StartOffset="3919"/>
<Loc EndOffset="4050" SrcFileId="11" StartOffset="3909"/>
</LocList>
<BasicStmnt CovItemId="S38" CovItemPrefix="devops.hw1.core.Backend.java" Intrnl_Id="728">
<LocList>
<Loc EndOffset="3931" SrcFileId="11" StartOffset="3919"/>
</LocList>
</BasicStmnt>
<CondStmnt CovItemId="S37" CovItemPrefix="devops.hw1.core.Backend.java" Intrnl_Id="729">
<Branch CovItemId="B20" CovItemPrefix="devops.hw1.core.Backend.java" Implct="true" Intrnl_Id="730">
<Cond/>
<LocList/>
<StmntSeq Intrnl_Id="731">
<LocList/>
</StmntSeq>
</Branch>
<Branch CovItemId="B21" CovItemPrefix="devops.hw1.core.Backend.java" Implct="false" Intrnl_Id="732">
<Cond>
<Loc EndOffset="3972" SrcFileId="11" StartOffset="3937"/>
</Cond>
<LocList>
<Loc EndOffset="4050" SrcFileId="11" StartOffset="3973"/>
</LocList>
<StmntSeq Intrnl_Id="733">
<LocList>
<Loc EndOffset="4045" SrcFileId="11" StartOffset="3979"/>
</LocList>
<BasicStmnt CovItemId="S39" CovItemPrefix="devops.hw1.core.Backend.java" Intrnl_Id="734">
<LocList>
<Loc EndOffset="4045" SrcFileId="11" StartOffset="3979"/>
</LocList>
</BasicStmnt>
</StmntSeq>
</Branch>
<Keyword EndOffset="3912" SrcFileId="11" StartOffset="3909"/>
<LocList>
<Loc EndOffset="4050" SrcFileId="11" StartOffset="3909"/>
</LocList>
</CondStmnt>
</StmntSeq>
</HierarchyLvl>
<HierarchyLvl HierarchyLvlId="942" HierarchyLvlTypeId="20" Intrnl_Id="735" Name="getPhase">
<Header>
<Loc EndOffset="4157" SrcFileId="11" StartOffset="4134"/>
</Header>
<LocList>
<Loc EndOffset="4185" SrcFileId="11" StartOffset="4134"/>
</LocList>
<StmntSeq Intrnl_Id="736">
<LocList>
<Loc EndOffset="4181" SrcFileId="11" StartOffset="4163"/>
</LocList>
<BasicStmnt CovItemId="S40" CovItemPrefix="devops.hw1.core.Backend.java" Intrnl_Id="737">
<LocList>
<Loc EndOffset="4181" SrcFileId="11" StartOffset="4163"/>
</LocList>
</BasicStmnt>
</StmntSeq>
</HierarchyLvl>
<HierarchyLvl HierarchyLvlId="943" HierarchyLvlTypeId="20" Intrnl_Id="738" Name="changePhase">
<Header>
<Loc EndOffset="4276" SrcFileId="11" StartOffset="4251"/>
</Header>
<LocList>
<Loc EndOffset="4924" SrcFileId="11" StartOffset="4251"/>
</LocList>
<StmntSeq Intrnl_Id="739">
<LocList>
<Loc EndOffset="4303" SrcFileId="11" StartOffset="4282"/>
<Loc EndOffset="4405" SrcFileId="11" StartOffset="4309"/>
<Loc EndOffset="4504" SrcFileId="11" StartOffset="4411"/>
<Loc EndOffset="4916" SrcFileId="11" StartOffset="4538"/>
</LocList>
<BasicStmnt CovItemId="S41" CovItemPrefix="devops.hw1.core.Backend.java" Intrnl_Id="740">
<LocList>
<Loc EndOffset="4303" SrcFileId="11" StartOffset="4282"/>
</LocList>
</BasicStmnt>
<CondStmnt CovItemId="S42" CovItemPrefix="devops.hw1.core.Backend.java" Intrnl_Id="741">
<Branch CovItemId="B22" CovItemPrefix="devops.hw1.core.Backend.java" Implct="false" Intrnl_Id="742">
<Cond/>
<LocList>
<Loc EndOffset="4405" SrcFileId="11" StartOffset="4382"/>
</LocList>
<StmntSeq Intrnl_Id="743">
<LocList>
<Loc EndOffset="4405" SrcFileId="11" StartOffset="4382"/>
</LocList>
<BasicStmnt CovItemId="S43" CovItemPrefix="devops.hw1.core.Backend.java" Intrnl_Id="744">
<LocList>
<Loc EndOffset="4405" SrcFileId="11" StartOffset="4382"/>
</LocList>
</BasicStmnt>
</StmntSeq>
</Branch>
<Branch CovItemId="B23" CovItemPrefix="devops.hw1.core.Backend.java" Implct="true" Intrnl_Id="745">
<Cond/>
<LocList/>
<StmntSeq Intrnl_Id="746">
<LocList/>
</StmntSeq>
</Branch>
<Keyword EndOffset="4311" SrcFileId="11" StartOffset="4309"/>
<LocList>
<Loc EndOffset="4405" SrcFileId="11" StartOffset="4309"/>
</LocList>
<RootTerm CovItemId="C6" CovItemPrefix="devops.hw1.core.Backend.java" Intrnl_Id="747">
<OpTerm BooleanOpId="14" Intrnl_Id="748">
<BasicBoolTerm Intrnl_Id="749">
<LocList>
<Loc EndOffset="4341" SrcFileId="11" StartOffset="4313"/>
</LocList>
</BasicBoolTerm>
<BasicBoolTerm Intrnl_Id="750">
<LocList>
<Loc EndOffset="4375" SrcFileId="11" StartOffset="4347"/>
</LocList>
</BasicBoolTerm>
<LocList>
<Loc EndOffset="4345" SrcFileId="11" StartOffset="4343"/>
</LocList>
</OpTerm>
</RootTerm>
</CondStmnt>
<BasicStmnt CovItemId="S44" CovItemPrefix="devops.hw1.core.Backend.java" Intrnl_Id="751">
<LocList>
<Loc EndOffset="4504" SrcFileId="11" StartOffset="4411"/>
</LocList>
</BasicStmnt>
<CondStmnt CovItemId="S45" CovItemPrefix="devops.hw1.core.Backend.java" Intrnl_Id="752">
<Branch CovItemId="B24" CovItemPrefix="devops.hw1.core.Backend.java" Implct="false" Intrnl_Id="753">
<Cond/>
<LocList>
<Loc EndOffset="4916" SrcFileId="11" StartOffset="4603"/>
</LocList>
<StmntSeq Intrnl_Id="754">
<LocList>
<Loc EndOffset="4708" SrcFileId="11" StartOffset="4609"/>
<Loc EndOffset="4813" SrcFileId="11" StartOffset="4713"/>
<Loc EndOffset="4911" SrcFileId="11" StartOffset="4818"/>
</LocList>
<LoopStmnt CovItemId="S46" CovItemPrefix="devops.hw1.core.Backend.java" Intrnl_Id="755" MltplExecId="L1-2" MltplExecPrefix="devops.hw1.core.Backend.java" NvrExecId="L1-0" NvrExecPrefix="devops.hw1.core.Backend.java" OnceExecutedId="L1-1" OnceExecutedPrefix="devops.hw1.core.Backend.java" OptBodyExec="true">
<StmntSeq Intrnl_Id="756">
<LocList>
<Loc EndOffset="4702" SrcFileId="11" StartOffset="4659"/>
</LocList>
<CondStmnt CovItemId="S47" CovItemPrefix="devops.hw1.core.Backend.java" Intrnl_Id="757">
<Branch CovItemId="B26" CovItemPrefix="devops.hw1.core.Backend.java" Implct="false" Intrnl_Id="758">
<Cond/>
<LocList>
<Loc EndOffset="4702" SrcFileId="11" StartOffset="4677"/>
</LocList>
<StmntSeq Intrnl_Id="759">
<LocList>
<Loc EndOffset="4695" SrcFileId="11" StartOffset="4685"/>
</LocList>
<BasicStmnt CovItemId="S48" CovItemPrefix="devops.hw1.core.Backend.java" Intrnl_Id="760">
<LocList>
<Loc EndOffset="4695" SrcFileId="11" StartOffset="4685"/>
</LocList>
</BasicStmnt>
</StmntSeq>
</Branch>
<Branch CovItemId="B27" CovItemPrefix="devops.hw1.core.Backend.java" Implct="true" Intrnl_Id="761">
<Cond/>
<LocList/>
<StmntSeq Intrnl_Id="762">
<LocList/>
</StmntSeq>
</Branch>
<Keyword EndOffset="4661" SrcFileId="11" StartOffset="4659"/>
<LocList>
<Loc EndOffset="4702" SrcFileId="11" StartOffset="4659"/>
</LocList>
<RootTerm CovItemId="C8" CovItemPrefix="devops.hw1.core.Backend.java" Intrnl_Id="763">
<BasicBoolTerm Intrnl_Id="764">
<LocList>
<Loc EndOffset="4675" SrcFileId="11" StartOffset="4662"/>
</LocList>
</BasicBoolTerm>
</RootTerm>
</CondStmnt>
</StmntSeq>
<Keyword EndOffset="4612" SrcFileId="11" StartOffset="4609"/>
<LocList>
<Loc EndOffset="4708" SrcFileId="11" StartOffset="4609"/>
</LocList>
</LoopStmnt>
<LoopStmnt CovItemId="S49" CovItemPrefix="devops.hw1.core.Backend.java" Intrnl_Id="765" MltplExecId="L2-2" MltplExecPrefix="devops.hw1.core.Backend.java" NvrExecId="L2-0" NvrExecPrefix="devops.hw1.core.Backend.java" OnceExecutedId="L2-1" OnceExecutedPrefix="devops.hw1.core.Backend.java" OptBodyExec="true">
<StmntSeq Intrnl_Id="766">
<LocList>
<Loc EndOffset="4807" SrcFileId="11" StartOffset="4764"/>
</LocList>
<CondStmnt CovItemId="S50" CovItemPrefix="devops.hw1.core.Backend.java" Intrnl_Id="767">
<Branch CovItemId="B28" CovItemPrefix="devops.hw1.core.Backend.java" Implct="false" Intrnl_Id="768">
<Cond/>
<LocList>
<Loc EndOffset="4807" SrcFileId="11" StartOffset="4782"/>
</LocList>
<StmntSeq Intrnl_Id="769">
<LocList>
<Loc EndOffset="4800" SrcFileId="11" StartOffset="4790"/>
</LocList>
<BasicStmnt CovItemId="S51" CovItemPrefix="devops.hw1.core.Backend.java" Intrnl_Id="770">
<LocList>
<Loc EndOffset="4800" SrcFileId="11" StartOffset="4790"/>
</LocList>
</BasicStmnt>
</StmntSeq>
</Branch>
<Branch CovItemId="B29" CovItemPrefix="devops.hw1.core.Backend.java" Implct="true" Intrnl_Id="771">
<Cond/>
<LocList/>
<StmntSeq Intrnl_Id="772">
<LocList/>
</StmntSeq>
</Branch>
<Keyword EndOffset="4766" SrcFileId="11" StartOffset="4764"/>
<LocList>
<Loc EndOffset="4807" SrcFileId="11" StartOffset="4764"/>
</LocList>
<RootTerm CovItemId="C9" CovItemPrefix="devops.hw1.core.Backend.java" Intrnl_Id="773">
<BasicBoolTerm Intrnl_Id="774">
<LocList>
<Loc EndOffset="4780" SrcFileId="11" StartOffset="4767"/>
</LocList>
</BasicBoolTerm>
</RootTerm>
</CondStmnt>
</StmntSeq>
<Keyword EndOffset="4716" SrcFileId="11" StartOffset="4713"/>
<LocList>
<Loc EndOffset="4813" SrcFileId="11" StartOffset="4713"/>
</LocList>
</LoopStmnt>
<BasicStmnt CovItemId="S52" CovItemPrefix="devops.hw1.core.Backend.java" Intrnl_Id="775">
<LocList>
<Loc EndOffset="4911" SrcFileId="11" StartOffset="4818"/>
</LocList>
</BasicStmnt>
</StmntSeq>
</Branch>
<Branch CovItemId="B25" CovItemPrefix="devops.hw1.core.Backend.java" Implct="true" Intrnl_Id="776">
<Cond/>
<LocList/>
<StmntSeq Intrnl_Id="777">
<LocList/>
</StmntSeq>
</Branch>
<Keyword EndOffset="4540" SrcFileId="11" StartOffset="4538"/>
<LocList>
<Loc EndOffset="4916" SrcFileId="11" StartOffset="4538"/>
</LocList>
<RootTerm CovItemId="C7" CovItemPrefix="devops.hw1.core.Backend.java" Intrnl_Id="778">
<OpTerm BooleanOpId="14" Intrnl_Id="779">
<BasicBoolTerm Intrnl_Id="780">
<LocList>
<Loc EndOffset="4568" SrcFileId="11" StartOffset="4542"/>
</LocList>
</BasicBoolTerm>
<BasicBoolTerm Intrnl_Id="781">
<LocList>
<Loc EndOffset="4600" SrcFileId="11" StartOffset="4574"/>
</LocList>
</BasicBoolTerm>
<LocList>
<Loc EndOffset="4572" SrcFileId="11" StartOffset="4570"/>
</LocList>
</OpTerm>
</RootTerm>
</CondStmnt>
</StmntSeq>
</HierarchyLvl>
<HierarchyLvl HierarchyLvlId="944" HierarchyLvlTypeId="20" Intrnl_Id="782" Name="getTurn">
<Header>
<Loc EndOffset="5101" SrcFileId="11" StartOffset="5077"/>
</Header>
<LocList>
<Loc EndOffset="5128" SrcFileId="11" StartOffset="5077"/>
</LocList>
<StmntSeq Intrnl_Id="783">
<LocList>
<Loc EndOffset="5124" SrcFileId="11" StartOffset="5107"/>
</LocList>
<BasicStmnt CovItemId="S53" CovItemPrefix="devops.hw1.core.Backend.java" Intrnl_Id="784">
<LocList>
<Loc EndOffset="5124" SrcFileId="11" StartOffset="5107"/>
</LocList>
</BasicStmnt>
</StmntSeq>
</HierarchyLvl>
<HierarchyLvl HierarchyLvlId="945" HierarchyLvlTypeId="20" Intrnl_Id="785" Name="getPriority">
<Header>
<Loc EndOffset="5313" SrcFileId="11" StartOffset="5285"/>
</Header>
<LocList>
<Loc EndOffset="5344" SrcFileId="11" StartOffset="5285"/>
</LocList>
<StmntSeq Intrnl_Id="786">
<LocList>
<Loc EndOffset="5340" SrcFileId="11" StartOffset="5319"/>
</LocList>
<BasicStmnt CovItemId="S54" CovItemPrefix="devops.hw1.core.Backend.java" Intrnl_Id="787">
<LocList>
<Loc EndOffset="5340" SrcFileId="11" StartOffset="5319"/>
</LocList>
</BasicStmnt>
</StmntSeq>
</HierarchyLvl>
<HierarchyLvl HierarchyLvlId="946" HierarchyLvlTypeId="20" Intrnl_Id="788" Name="passPriority">
<Header>
<Loc EndOffset="5493" SrcFileId="11" StartOffset="5453"/>
</Header>
<LocList>
<Loc EndOffset="6295" SrcFileId="11" StartOffset="5453"/>
</LocList>
<StmntSeq Intrnl_Id="789">
<LocList>
<Loc EndOffset="6291" SrcFileId="11" StartOffset="5499"/>
</LocList>
<CondStmnt CovItemId="S55" CovItemPrefix="devops.hw1.core.Backend.java" Intrnl_Id="790">
<Branch CovItemId="B30" CovItemPrefix="devops.hw1.core.Backend.java" Implct="false" Intrnl_Id="791">
<Cond/>
<LocList>
<Loc EndOffset="6291" SrcFileId="11" StartOffset="5527"/>
</LocList>
<StmntSeq Intrnl_Id="792">
<LocList>
<Loc EndOffset="6286" SrcFileId="11" StartOffset="5535"/>
</LocList>
<CondStmnt CovItemId="S56" CovItemPrefix="devops.hw1.core.Backend.java" Intrnl_Id="793">
<Branch CovItemId="B32" CovItemPrefix="devops.hw1.core.Backend.java" Implct="false" Intrnl_Id="794">
<Cond/>
<LocList>
<Loc EndOffset="6101" SrcFileId="11" StartOffset="5575"/>
</LocList>
<StmntSeq Intrnl_Id="795">
<LocList>
<Loc EndOffset="5618" SrcFileId="11" StartOffset="5582"/>
<Loc EndOffset="6037" SrcFileId="11" StartOffset="5624"/>
<Loc EndOffset="6063" SrcFileId="11" StartOffset="6043"/>
<Loc EndOffset="6095" SrcFileId="11" StartOffset="6069"/>
</LocList>
<BasicStmnt CovItemId="S57" CovItemPrefix="devops.hw1.core.Backend.java" Intrnl_Id="796">
<LocList>
<Loc EndOffset="5618" SrcFileId="11" StartOffset="5582"/>
</LocList>
</BasicStmnt>
<CondStmnt CovItemId="S58" CovItemPrefix="devops.hw1.core.Backend.java" Intrnl_Id="797">
<Branch CovItemId="B34" CovItemPrefix="devops.hw1.core.Backend.java" Implct="false" Intrnl_Id="798">
<Cond/>
<LocList>
<Loc EndOffset="5865" SrcFileId="11" StartOffset="5653"/>
</LocList>
<StmntSeq Intrnl_Id="799">
<LocList>
<Loc EndOffset="5708" SrcFileId="11" StartOffset="5661"/>
<Loc EndOffset="5858" SrcFileId="11" StartOffset="5715"/>
</LocList>
<BasicStmnt CovItemId="S59" CovItemPrefix="devops.hw1.core.Backend.java" Intrnl_Id="800">
<LocList>
<Loc EndOffset="5708" SrcFileId="11" StartOffset="5661"/>
</LocList>
</BasicStmnt>
<LoopStmnt CovItemId="S60" CovItemPrefix="devops.hw1.core.Backend.java" Intrnl_Id="801" MltplExecId="L3-2" MltplExecPrefix="devops.hw1.core.Backend.java" NvrExecId="L3-0" NvrExecPrefix="devops.hw1.core.Backend.java" OnceExecutedId="L3-1" OnceExecutedPrefix="devops.hw1.core.Backend.java" OptBodyExec="true">
<StmntSeq Intrnl_Id="802">
<LocList>
<Loc EndOffset="5850" SrcFileId="11" StartOffset="5762"/>
</LocList>
<CondStmnt CovItemId="S61" CovItemPrefix="devops.hw1.core.Backend.java" Intrnl_Id="803">
<Branch CovItemId="B36" CovItemPrefix="devops.hw1.core.Backend.java" Implct="false" Intrnl_Id="804">
<Cond/>
<LocList>
<Loc EndOffset="5850" SrcFileId="11" StartOffset="5800"/>
</LocList>
<StmntSeq Intrnl_Id="805">
<LocList>
<Loc EndOffset="5841" SrcFileId="11" StartOffset="5810"/>
</LocList>
<BasicStmnt CovItemId="S62" CovItemPrefix="devops.hw1.core.Backend.java" Intrnl_Id="806">
<LocList>
<Loc EndOffset="5841" SrcFileId="11" StartOffset="5810"/>
</LocList>
</BasicStmnt>
</StmntSeq>
</Branch>
<Branch CovItemId="B37" CovItemPrefix="devops.hw1.core.Backend.java" Implct="true" Intrnl_Id="807">
<Cond/>
<LocList/>
<StmntSeq Intrnl_Id="808">
<LocList/>
</StmntSeq>
</Branch>
<Keyword EndOffset="5764" SrcFileId="11" StartOffset="5762"/>
<LocList>
<Loc EndOffset="5850" SrcFileId="11" StartOffset="5762"/>
</LocList>
<RootTerm CovItemId="C14" CovItemPrefix="devops.hw1.core.Backend.java" Intrnl_Id="809">
<BasicBoolTerm Intrnl_Id="810">
<LocList>
<Loc EndOffset="5798" SrcFileId="11" StartOffset="5765"/>
</LocList>
</BasicBoolTerm>
</RootTerm>
</CondStmnt>
</StmntSeq>
<Keyword EndOffset="5718" SrcFileId="11" StartOffset="5715"/>
<LocList>
<Loc EndOffset="5858" SrcFileId="11" StartOffset="5715"/>
</LocList>
<RootTerm CovItemId="C13" CovItemPrefix="devops.hw1.core.Backend.java" Intrnl_Id="811">
<BasicBoolTerm Intrnl_Id="812">
<LocList>
<Loc EndOffset="5746" SrcFileId="11" StartOffset="5730"/>
</LocList>
</BasicBoolTerm>
</RootTerm>
</LoopStmnt>
</StmntSeq>
</Branch>
<Branch CovItemId="B35" CovItemPrefix="devops.hw1.core.Backend.java" Implct="false" Intrnl_Id="813">
<Cond>
<Loc EndOffset="5870" SrcFileId="11" StartOffset="5866"/>
</Cond>
<LocList>
<Loc EndOffset="6037" SrcFileId="11" StartOffset="5871"/>
</LocList>
<StmntSeq Intrnl_Id="814">
<LocList>
<Loc EndOffset="6030" SrcFileId="11" StartOffset="5879"/>
</LocList>
<CondStmnt CovItemId="S63" CovItemPrefix="devops.hw1.core.Backend.java" Intrnl_Id="815">
<Branch CovItemId="B38" CovItemPrefix="devops.hw1.core.Backend.java" Implct="false" Intrnl_Id="816">
<Cond/>
<LocList>
<Loc EndOffset="5961" SrcFileId="11" StartOffset="5899"/>
</LocList>
<StmntSeq Intrnl_Id="817">
<LocList>
<Loc EndOffset="5953" SrcFileId="11" StartOffset="5908"/>
</LocList>
<BasicStmnt CovItemId="S64" CovItemPrefix="devops.hw1.core.Backend.java" Intrnl_Id="818">
<LocList>
<Loc EndOffset="5953" SrcFileId="11" StartOffset="5908"/>
</LocList>
</BasicStmnt>
</StmntSeq>
</Branch>
<Branch CovItemId="B39" CovItemPrefix="devops.hw1.core.Backend.java" Implct="false" Intrnl_Id="819">
<Cond>
<Loc EndOffset="5966" SrcFileId="11" StartOffset="5962"/>
</Cond>
<LocList>
<Loc EndOffset="6030" SrcFileId="11" StartOffset="5967"/>
</LocList>
<StmntSeq Intrnl_Id="820">
<LocList>
<Loc EndOffset="6022" SrcFileId="11" StartOffset="5976"/>
</LocList>
<BasicStmnt CovItemId="S65" CovItemPrefix="devops.hw1.core.Backend.java" Intrnl_Id="821">
<LocList>
<Loc EndOffset="6022" SrcFileId="11" StartOffset="5976"/>
</LocList>
</BasicStmnt>
</StmntSeq>
</Branch>
<Keyword EndOffset="5881" SrcFileId="11" StartOffset="5879"/>
<LocList>
<Loc EndOffset="6030" SrcFileId="11" StartOffset="5879"/>
</LocList>
<RootTerm CovItemId="C15" CovItemPrefix="devops.hw1.core.Backend.java" Intrnl_Id="822">
<BasicBoolTerm Intrnl_Id="823">
<LocList>
<Loc EndOffset="5898" SrcFileId="11" StartOffset="5882"/>
</LocList>
</BasicBoolTerm>
</RootTerm>
</CondStmnt>
</StmntSeq>
</Branch>
<Keyword EndOffset="5626" SrcFileId="11" StartOffset="5624"/>
<LocList>
<Loc EndOffset="6037" SrcFileId="11" StartOffset="5624"/>
</LocList>
<RootTerm CovItemId="C12" CovItemPrefix="devops.hw1.core.Backend.java" Intrnl_Id="824">
<BasicBoolTerm Intrnl_Id="825">
<LocList>
<Loc EndOffset="5651" SrcFileId="11" StartOffset="5627"/>
</LocList>
</BasicBoolTerm>
</RootTerm>
</CondStmnt>
<BasicStmnt CovItemId="S66" CovItemPrefix="devops.hw1.core.Backend.java" Intrnl_Id="826">
<LocList>
<Loc EndOffset="6063" SrcFileId="11" StartOffset="6043"/>
</LocList>
</BasicStmnt>
<BasicStmnt CovItemId="S67" CovItemPrefix="devops.hw1.core.Backend.java" Intrnl_Id="827">
<LocList>
<Loc EndOffset="6095" SrcFileId="11" StartOffset="6069"/>
</LocList>
</BasicStmnt>
</StmntSeq>
</Branch>
<Branch CovItemId="B33" CovItemPrefix="devops.hw1.core.Backend.java" Implct="false" Intrnl_Id="828">
<Cond>
<Loc EndOffset="6106" SrcFileId="11" StartOffset="6102"/>
</Cond>
<LocList>
<Loc EndOffset="6286" SrcFileId="11" StartOffset="6107"/>
</LocList>
<StmntSeq Intrnl_Id="829">
<LocList>
<Loc EndOffset="6286" SrcFileId="11" StartOffset="6107"/>
</LocList>
<CondStmnt CovItemId="S68" CovItemPrefix="devops.hw1.core.Backend.java" Intrnl_Id="830">
<Branch CovItemId="B40" CovItemPrefix="devops.hw1.core.Backend.java" Implct="false" Intrnl_Id="831">
<Cond/>
<LocList>
<Loc EndOffset="6211" SrcFileId="11" StartOffset="6122"/>
</LocList>
<StmntSeq Intrnl_Id="832">
<LocList>
<Loc EndOffset="6148" SrcFileId="11" StartOffset="6129"/>
<Loc EndOffset="6174" SrcFileId="11" StartOffset="6154"/>
<Loc EndOffset="6205" SrcFileId="11" StartOffset="6180"/>
</LocList>
<BasicStmnt CovItemId="S69" CovItemPrefix="devops.hw1.core.Backend.java" Intrnl_Id="833">
<LocList>
<Loc EndOffset="6148" SrcFileId="11" StartOffset="6129"/>
</LocList>
</BasicStmnt>
<BasicStmnt CovItemId="S70" CovItemPrefix="devops.hw1.core.Backend.java" Intrnl_Id="834">
<LocList>
<Loc EndOffset="6174" SrcFileId="11" StartOffset="6154"/>
</LocList>
</BasicStmnt>
<BasicStmnt CovItemId="S71" CovItemPrefix="devops.hw1.core.Backend.java" Intrnl_Id="835">
<LocList>
<Loc EndOffset="6205" SrcFileId="11" StartOffset="6180"/>
</LocList>
</BasicStmnt>
</StmntSeq>
</Branch>
<Branch CovItemId="B41" CovItemPrefix="devops.hw1.core.Backend.java" Implct="false" Intrnl_Id="836">
<Cond>
<Loc EndOffset="6216" SrcFileId="11" StartOffset="6212"/>
</Cond>
<LocList>
<Loc EndOffset="6286" SrcFileId="11" StartOffset="6217"/>
</LocList>
<StmntSeq Intrnl_Id="837">
<LocList>
<Loc EndOffset="6243" SrcFileId="11" StartOffset="6224"/>
<Loc EndOffset="6280" SrcFileId="11" StartOffset="6249"/>
</LocList>
<BasicStmnt CovItemId="S72" CovItemPrefix="devops.hw1.core.Backend.java" Intrnl_Id="838">
<LocList>
<Loc EndOffset="6243" SrcFileId="11" StartOffset="6224"/>
</LocList>
</BasicStmnt>
<BasicStmnt CovItemId="S73" CovItemPrefix="devops.hw1.core.Backend.java" Intrnl_Id="839">
<LocList>
<Loc EndOffset="6280" SrcFileId="11" StartOffset="6249"/>
</LocList>
</BasicStmnt>
</StmntSeq>
</Branch>
<Keyword EndOffset="6109" SrcFileId="11" StartOffset="6107"/>
<LocList>
<Loc EndOffset="6286" SrcFileId="11" StartOffset="6107"/>
</LocList>
<RootTerm CovItemId="C16" CovItemPrefix="devops.hw1.core.Backend.java" Intrnl_Id="840">
<BasicBoolTerm Intrnl_Id="841">
<LocList>
<Loc EndOffset="6121" SrcFileId="11" StartOffset="6110"/>
</LocList>
</BasicBoolTerm>
</RootTerm>
</CondStmnt>
</StmntSeq>
</Branch>
<Keyword EndOffset="5537" SrcFileId="11" StartOffset="5535"/>
<LocList>
<Loc EndOffset="6286" SrcFileId="11" StartOffset="5535"/>
</LocList>
<RootTerm CovItemId="C11" CovItemPrefix="devops.hw1.core.Backend.java" Intrnl_Id="842">
<OpTerm BooleanOpId="13" Intrnl_Id="843">
<BasicBoolTerm Intrnl_Id="844">
<LocList>
<Loc EndOffset="5550" SrcFileId="11" StartOffset="5539"/>
</LocList>
</BasicBoolTerm>
<OpTerm BooleanOpId="15" Intrnl_Id="845">
<BasicBoolTerm Intrnl_Id="846">
<LocList>
<Loc EndOffset="5573" SrcFileId="11" StartOffset="5555"/>
</LocList>
</BasicBoolTerm>
<LocList>
<Loc EndOffset="5555" SrcFileId="11" StartOffset="5554"/>
</LocList>
</OpTerm>
<LocList>
<Loc EndOffset="5553" SrcFileId="11" StartOffset="5551"/>
</LocList>
</OpTerm>
</RootTerm>
</CondStmnt>
</StmntSeq>
</Branch>
<Branch CovItemId="B31" CovItemPrefix="devops.hw1.core.Backend.java" Implct="true" Intrnl_Id="847">
<Cond/>
<LocList/>
<StmntSeq Intrnl_Id="848">
<LocList/>
</StmntSeq>
</Branch>
<Keyword EndOffset="5501" SrcFileId="11" StartOffset="5499"/>
<LocList>
<Loc EndOffset="6291" SrcFileId="11" StartOffset="5499"/>
</LocList>
<RootTerm CovItemId="C10" CovItemPrefix="devops.hw1.core.Backend.java" Intrnl_Id="849">
<BasicBoolTerm Intrnl_Id="850">
<LocList>
<Loc EndOffset="5525" SrcFileId="11" StartOffset="5502"/>
</LocList>
</BasicBoolTerm>
</RootTerm>
</CondStmnt>
</StmntSeq>
</HierarchyLvl>
<HierarchyLvl HierarchyLvlId="947" HierarchyLvlTypeId="20" Intrnl_Id="851" Name="activateManaAbility">
<Header>
<Loc EndOffset="6507" SrcFileId="11" StartOffset="6452"/>
</Header>
<LocList>
<Loc EndOffset="7573" SrcFileId="11" StartOffset="6452"/>
</LocList>
<StmntSeq Intrnl_Id="852">
<LocList>
<Loc EndOffset="6584" SrcFileId="11" StartOffset="6513"/>
<Loc EndOffset="6791" SrcFileId="11" StartOffset="6588"/>
<Loc EndOffset="7569" SrcFileId="11" StartOffset="6795"/>
</LocList>
<BasicStmnt CovItemId="S74" CovItemPrefix="devops.hw1.core.Backend.java" Intrnl_Id="853">
<LocList>
<Loc EndOffset="6584" SrcFileId="11" StartOffset="6513"/>
</LocList>
</BasicStmnt>
<CondStmnt CovItemId="S75" CovItemPrefix="devops.hw1.core.Backend.java" Intrnl_Id="854">
<Branch CovItemId="B42" CovItemPrefix="devops.hw1.core.Backend.java" Implct="false" Intrnl_Id="855">
<Cond/>
<LocList>
<Loc EndOffset="6791" SrcFileId="11" StartOffset="6624"/>
</LocList>
<StmntSeq Intrnl_Id="856">
<LocList>
<Loc EndOffset="6773" SrcFileId="11" StartOffset="6630"/>
<Loc EndOffset="6786" SrcFileId="11" StartOffset="6778"/>
</LocList>
<CondStmnt CovItemId="S76" CovItemPrefix="devops.hw1.core.Backend.java" Intrnl_Id="857">
<Branch CovItemId="B44" CovItemPrefix="devops.hw1.core.Backend.java" Implct="false" Intrnl_Id="858">
<Cond/>
<LocList>
<Loc EndOffset="6773" SrcFileId="11" StartOffset="6647"/>
</LocList>
<StmntSeq Intrnl_Id="859">
<LocList>
<Loc EndOffset="6767" SrcFileId="11" StartOffset="6654"/>
</LocList>
<BasicStmnt CovItemId="S77" CovItemPrefix="devops.hw1.core.Backend.java" Intrnl_Id="860">
<LocList>
<Loc EndOffset="6767" SrcFileId="11" StartOffset="6654"/>
</LocList>
</BasicStmnt>
</StmntSeq>
</Branch>
<Branch CovItemId="B45" CovItemPrefix="devops.hw1.core.Backend.java" Implct="true" Intrnl_Id="861">
<Cond/>
<LocList/>
<StmntSeq Intrnl_Id="862">
<LocList/>
</StmntSeq>
</Branch>
<Keyword EndOffset="6632" SrcFileId="11" StartOffset="6630"/>
<LocList>
<Loc EndOffset="6773" SrcFileId="11" StartOffset="6630"/>
</LocList>
<RootTerm CovItemId="C18" CovItemPrefix="devops.hw1.core.Backend.java" Intrnl_Id="863">
<BasicBoolTerm Intrnl_Id="864">
<LocList>
<Loc EndOffset="6646" SrcFileId="11" StartOffset="6633"/>
</LocList>
</BasicBoolTerm>
</RootTerm>
</CondStmnt>
<BasicStmnt CovItemId="S78" CovItemPrefix="devops.hw1.core.Backend.java" Intrnl_Id="865">
<LocList>
<Loc EndOffset="6786" SrcFileId="11" StartOffset="6778"/>
</LocList>
</BasicStmnt>
</StmntSeq>
</Branch>
<Branch CovItemId="B43" CovItemPrefix="devops.hw1.core.Backend.java" Implct="true" Intrnl_Id="866">
<Cond/>
<LocList/>
<StmntSeq Intrnl_Id="867">
<LocList/>
</StmntSeq>
</Branch>
<Keyword EndOffset="6590" SrcFileId="11" StartOffset="6588"/>
<LocList>
<Loc EndOffset="6791" SrcFileId="11" StartOffset="6588"/>
</LocList>
<RootTerm CovItemId="C17" CovItemPrefix="devops.hw1.core.Backend.java" Intrnl_Id="868">
<BasicBoolTerm Intrnl_Id="869">
<LocList>
<Loc EndOffset="6623" SrcFileId="11" StartOffset="6591"/>
</LocList>
</BasicBoolTerm>
</RootTerm>
</CondStmnt>
<CondStmnt CovItemId="S79" CovItemPrefix="devops.hw1.core.Backend.java" Intrnl_Id="870">
<Branch CovItemId="B46" CovItemPrefix="devops.hw1.core.Backend.java" Implct="false" Intrnl_Id="871">
<Cond/>
<LocList>
<Loc EndOffset="7184" SrcFileId="11" StartOffset="6805"/>
</LocList>
<StmntSeq Intrnl_Id="872">
<LocList>
<Loc EndOffset="7179" SrcFileId="11" StartOffset="6811"/>
</LocList>
<CondStmnt CovItemId="S80" CovItemPrefix="devops.hw1.core.Backend.java" Intrnl_Id="873">
<Branch CovItemId="B48" CovItemPrefix="devops.hw1.core.Backend.java" Implct="false" Intrnl_Id="874">
<Cond>
<Loc EndOffset="6855" SrcFileId="11" StartOffset="6847"/>
</Cond>
<LocList>
<Loc EndOffset="6897" SrcFileId="11" StartOffset="6862"/>
</LocList>
<StmntSeq Intrnl_Id="875">
<LocList>
<Loc EndOffset="6885" SrcFileId="11" StartOffset="6862"/>
<Loc EndOffset="6897" SrcFileId="11" StartOffset="6891"/>
</LocList>
<BasicStmnt CovItemId="S81" CovItemPrefix="devops.hw1.core.Backend.java" Intrnl_Id="876">
<LocList>
<Loc EndOffset="6885" SrcFileId="11" StartOffset="6862"/>
</LocList>
</BasicStmnt>
<BasicStmnt CovItemId="S82" CovItemPrefix="devops.hw1.core.Backend.java" Intrnl_Id="877">
<LocList>
<Loc EndOffset="6897" SrcFileId="11" StartOffset="6891"/>
</LocList>
</BasicStmnt>
</StmntSeq>
</Branch>
<Branch CovItemId="B49" CovItemPrefix="devops.hw1.core.Backend.java" Implct="false" Intrnl_Id="878">
<Cond>
<Loc EndOffset="6910" SrcFileId="11" StartOffset="6902"/>
</Cond>
<LocList>
<Loc EndOffset="6951" SrcFileId="11" StartOffset="6917"/>
</LocList>
<StmntSeq Intrnl_Id="879">
<LocList>
<Loc EndOffset="6939" SrcFileId="11" StartOffset="6917"/>
<Loc EndOffset="6951" SrcFileId="11" StartOffset="6945"/>
</LocList>
<BasicStmnt CovItemId="S83" CovItemPrefix="devops.hw1.core.Backend.java" Intrnl_Id="880">
<LocList>
<Loc EndOffset="6939" SrcFileId="11" StartOffset="6917"/>
</LocList>
</BasicStmnt>
<BasicStmnt CovItemId="S84" CovItemPrefix="devops.hw1.core.Backend.java" Intrnl_Id="881">
<LocList>
<Loc EndOffset="6951" SrcFileId="11" StartOffset="6945"/>
</LocList>
</BasicStmnt>
</StmntSeq>
</Branch>
<Branch CovItemId="B50" CovItemPrefix="devops.hw1.core.Backend.java" Implct="false" Intrnl_Id="882">
<Cond>
<Loc EndOffset="6964" SrcFileId="11" StartOffset="6956"/>
</Cond>
<LocList>
<Loc EndOffset="7006" SrcFileId="11" StartOffset="6971"/>
</LocList>
<StmntSeq Intrnl_Id="883">
<LocList>
<Loc EndOffset="6994" SrcFileId="11" StartOffset="6971"/>
<Loc EndOffset="7006" SrcFileId="11" StartOffset="7000"/>
</LocList>
<BasicStmnt CovItemId="S85" CovItemPrefix="devops.hw1.core.Backend.java" Intrnl_Id="884">
<LocList>
<Loc EndOffset="6994" SrcFileId="11" StartOffset="6971"/>
</LocList>
</BasicStmnt>
<BasicStmnt CovItemId="S86" CovItemPrefix="devops.hw1.core.Backend.java" Intrnl_Id="885">
<LocList>
<Loc EndOffset="7006" SrcFileId="11" StartOffset="7000"/>
</LocList>
</BasicStmnt>
</StmntSeq>
</Branch>
<Branch CovItemId="B51" CovItemPrefix="devops.hw1.core.Backend.java" Implct="false" Intrnl_Id="886">
<Cond>
<Loc EndOffset="7019" SrcFileId="11" StartOffset="7011"/>
</Cond>
<LocList>
<Loc EndOffset="7059" SrcFileId="11" StartOffset="7026"/>
</LocList>
<StmntSeq Intrnl_Id="887">
<LocList>
<Loc EndOffset="7047" SrcFileId="11" StartOffset="7026"/>
<Loc EndOffset="7059" SrcFileId="11" StartOffset="7053"/>
</LocList>
<BasicStmnt CovItemId="S87" CovItemPrefix="devops.hw1.core.Backend.java" Intrnl_Id="888">
<LocList>
<Loc EndOffset="7047" SrcFileId="11" StartOffset="7026"/>
</LocList>
</BasicStmnt>
<BasicStmnt CovItemId="S88" CovItemPrefix="devops.hw1.core.Backend.java" Intrnl_Id="889">
<LocList>
<Loc EndOffset="7059" SrcFileId="11" StartOffset="7053"/>
</LocList>
</BasicStmnt>
</StmntSeq>
</Branch>
<Branch CovItemId="B52" CovItemPrefix="devops.hw1.core.Backend.java" Implct="false" Intrnl_Id="890">
<Cond>
<Loc EndOffset="7072" SrcFileId="11" StartOffset="7064"/>
</Cond>
<LocList>
<Loc EndOffset="7114" SrcFileId="11" StartOffset="7079"/>
</LocList>
<StmntSeq Intrnl_Id="891">
<LocList>
<Loc EndOffset="7102" SrcFileId="11" StartOffset="7079"/>
<Loc EndOffset="7114" SrcFileId="11" StartOffset="7108"/>
</LocList>
<BasicStmnt CovItemId="S89" CovItemPrefix="devops.hw1.core.Backend.java" Intrnl_Id="892">
<LocList>
<Loc EndOffset="7102" SrcFileId="11" StartOffset="7079"/>
</LocList>
</BasicStmnt>
<BasicStmnt CovItemId="S90" CovItemPrefix="devops.hw1.core.Backend.java" Intrnl_Id="893">
<LocList>
<Loc EndOffset="7114" SrcFileId="11" StartOffset="7108"/>
</LocList>
</BasicStmnt>
</StmntSeq>
</Branch>
<Branch CovItemId="B53" CovItemPrefix="devops.hw1.core.Backend.java" Implct="false" Intrnl_Id="894">
<Cond>
<Loc EndOffset="7127" SrcFileId="11" StartOffset="7119"/>
</Cond>
<LocList>
<Loc EndOffset="7173" SrcFileId="11" StartOffset="7134"/>
</LocList>
<StmntSeq Intrnl_Id="895">
<LocList>
<Loc EndOffset="7161" SrcFileId="11" StartOffset="7134"/>
<Loc EndOffset="7173" SrcFileId="11" StartOffset="7167"/>
</LocList>
<BasicStmnt CovItemId="S91" CovItemPrefix="devops.hw1.core.Backend.java" Intrnl_Id="896">
<LocList>
<Loc EndOffset="7161" SrcFileId="11" StartOffset="7134"/>
</LocList>
</BasicStmnt>
<BasicStmnt CovItemId="S92" CovItemPrefix="devops.hw1.core.Backend.java" Intrnl_Id="897">
<LocList>
<Loc EndOffset="7173" SrcFileId="11" StartOffset="7167"/>
</LocList>
</BasicStmnt>
</StmntSeq>
</Branch>
<Branch CovItemId="B54" CovItemPrefix="devops.hw1.core.Backend.java" Implct="true" Intrnl_Id="898">
<Cond/>
<LocList/>
<StmntSeq Intrnl_Id="899">
<LocList/>
</StmntSeq>
</Branch>
<Keyword EndOffset="6817" SrcFileId="11" StartOffset="6811"/>
<LocList>
<Loc EndOffset="7179" SrcFileId="11" StartOffset="6811"/>
</LocList>
</CondStmnt>
</StmntSeq>
</Branch>
<Branch CovItemId="B47" CovItemPrefix="devops.hw1.core.Backend.java" Implct="false" Intrnl_Id="900">
<Cond>
<Loc EndOffset="7189" SrcFileId="11" StartOffset="7185"/>
</Cond>
<LocList>
<Loc EndOffset="7569" SrcFileId="11" StartOffset="7190"/>
</LocList>
<StmntSeq Intrnl_Id="901">
<LocList>
<Loc EndOffset="7564" SrcFileId="11" StartOffset="7196"/>
</LocList>
<CondStmnt CovItemId="S93" CovItemPrefix="devops.hw1.core.Backend.java" Intrnl_Id="902">
<Branch CovItemId="B55" CovItemPrefix="devops.hw1.core.Backend.java" Implct="false" Intrnl_Id="903">
<Cond>
<Loc EndOffset="7240" SrcFileId="11" StartOffset="7232"/>
</Cond>
<LocList>
<Loc EndOffset="7282" SrcFileId="11" StartOffset="7247"/>
</LocList>
<StmntSeq Intrnl_Id="904">
<LocList>
<Loc EndOffset="7270" SrcFileId="11" StartOffset="7247"/>
<Loc EndOffset="7282" SrcFileId="11" StartOffset="7276"/>
</LocList>
<BasicStmnt CovItemId="S94" CovItemPrefix="devops.hw1.core.Backend.java" Intrnl_Id="905">
<LocList>
<Loc EndOffset="7270" SrcFileId="11" StartOffset="7247"/>
</LocList>
</BasicStmnt>
<BasicStmnt CovItemId="S95" CovItemPrefix="devops.hw1.core.Backend.java" Intrnl_Id="906">
<LocList>
<Loc EndOffset="7282" SrcFileId="11" StartOffset="7276"/>
</LocList>
</BasicStmnt>
</StmntSeq>
</Branch>
<Branch CovItemId="B56" CovItemPrefix="devops.hw1.core.Backend.java" Implct="false" Intrnl_Id="907">
<Cond>
<Loc EndOffset="7295" SrcFileId="11" StartOffset="7287"/>
</Cond>
<LocList>
<Loc EndOffset="7336" SrcFileId="11" StartOffset="7302"/>
</LocList>
<StmntSeq Intrnl_Id="908">
<LocList>
<Loc EndOffset="7324" SrcFileId="11" StartOffset="7302"/>
<Loc EndOffset="7336" SrcFileId="11" StartOffset="7330"/>
</LocList>
<BasicStmnt CovItemId="S96" CovItemPrefix="devops.hw1.core.Backend.java" Intrnl_Id="909">
<LocList>
<Loc EndOffset="7324" SrcFileId="11" StartOffset="7302"/>
</LocList>
</BasicStmnt>
<BasicStmnt CovItemId="S97" CovItemPrefix="devops.hw1.core.Backend.java" Intrnl_Id="910">
<LocList>
<Loc EndOffset="7336" SrcFileId="11" StartOffset="7330"/>
</LocList>
</BasicStmnt>
</StmntSeq>
</Branch>
<Branch CovItemId="B57" CovItemPrefix="devops.hw1.core.Backend.java" Implct="false" Intrnl_Id="911">
<Cond>
<Loc EndOffset="7349" SrcFileId="11" StartOffset="7341"/>
</Cond>
<LocList>
<Loc EndOffset="7391" SrcFileId="11" StartOffset="7356"/>
</LocList>
<StmntSeq Intrnl_Id="912">
<LocList>
<Loc EndOffset="7379" SrcFileId="11" StartOffset="7356"/>
<Loc EndOffset="7391" SrcFileId="11" StartOffset="7385"/>
</LocList>
<BasicStmnt CovItemId="S98" CovItemPrefix="devops.hw1.core.Backend.java" Intrnl_Id="913">
<LocList>
<Loc EndOffset="7379" SrcFileId="11" StartOffset="7356"/>
</LocList>
</BasicStmnt>
<BasicStmnt CovItemId="S99" CovItemPrefix="devops.hw1.core.Backend.java" Intrnl_Id="914">
<LocList>
<Loc EndOffset="7391" SrcFileId="11" StartOffset="7385"/>
</LocList>
</BasicStmnt>
</StmntSeq>
</Branch>
<Branch CovItemId="B58" CovItemPrefix="devops.hw1.core.Backend.java" Implct="false" Intrnl_Id="915">
<Cond>
<Loc EndOffset="7404" SrcFileId="11" StartOffset="7396"/>
</Cond>
<LocList>
<Loc EndOffset="7444" SrcFileId="11" StartOffset="7411"/>
</LocList>
<StmntSeq Intrnl_Id="916">
<LocList>
<Loc EndOffset="7432" SrcFileId="11" StartOffset="7411"/>
<Loc EndOffset="7444" SrcFileId="11" StartOffset="7438"/>
</LocList>
<BasicStmnt CovItemId="S100" CovItemPrefix="devops.hw1.core.Backend.java" Intrnl_Id="917">
<LocList>
<Loc EndOffset="7432" SrcFileId="11" StartOffset="7411"/>
</LocList>
</BasicStmnt>
<BasicStmnt CovItemId="S101" CovItemPrefix="devops.hw1.core.Backend.java" Intrnl_Id="918">
<LocList>
<Loc EndOffset="7444" SrcFileId="11" StartOffset="7438"/>
</LocList>
</BasicStmnt>
</StmntSeq>
</Branch>
<Branch CovItemId="B59" CovItemPrefix="devops.hw1.core.Backend.java" Implct="false" Intrnl_Id="919">
<Cond>
<Loc EndOffset="7457" SrcFileId="11" StartOffset="7449"/>
</Cond>
<LocList>
<Loc EndOffset="7499" SrcFileId="11" StartOffset="7464"/>
</LocList>
<StmntSeq Intrnl_Id="920">
<LocList>
<Loc EndOffset="7487" SrcFileId="11" StartOffset="7464"/>
<Loc EndOffset="7499" SrcFileId="11" StartOffset="7493"/>
</LocList>
<BasicStmnt CovItemId="S102" CovItemPrefix="devops.hw1.core.Backend.java" Intrnl_Id="921">
<LocList>
<Loc EndOffset="7487" SrcFileId="11" StartOffset="7464"/>
</LocList>
</BasicStmnt>
<BasicStmnt CovItemId="S103" CovItemPrefix="devops.hw1.core.Backend.java" Intrnl_Id="922">
<LocList>
<Loc EndOffset="7499" SrcFileId="11" StartOffset="7493"/>
</LocList>
</BasicStmnt>
</StmntSeq>
</Branch>
<Branch CovItemId="B60" CovItemPrefix="devops.hw1.core.Backend.java" Implct="false" Intrnl_Id="923">
<Cond>
<Loc EndOffset="7512" SrcFileId="11" StartOffset="7504"/>
</Cond>
<LocList>
<Loc EndOffset="7558" SrcFileId="11" StartOffset="7519"/>
</LocList>
<StmntSeq Intrnl_Id="924">
<LocList>
<Loc EndOffset="7546" SrcFileId="11" StartOffset="7519"/>
<Loc EndOffset="7558" SrcFileId="11" StartOffset="7552"/>
</LocList>
<BasicStmnt CovItemId="S104" CovItemPrefix="devops.hw1.core.Backend.java" Intrnl_Id="925">
<LocList>
<Loc EndOffset="7546" SrcFileId="11" StartOffset="7519"/>
</LocList>
</BasicStmnt>
<BasicStmnt CovItemId="S105" CovItemPrefix="devops.hw1.core.Backend.java" Intrnl_Id="926">
<LocList>
<Loc EndOffset="7558" SrcFileId="11" StartOffset="7552"/>
</LocList>
</BasicStmnt>
</StmntSeq>
</Branch>
<Branch CovItemId="B61" CovItemPrefix="devops.hw1.core.Backend.java" Implct="true" Intrnl_Id="927">
<Cond/>
<LocList/>
<StmntSeq Intrnl_Id="928">
<LocList/>
</StmntSeq>
</Branch>
<Keyword EndOffset="7202" SrcFileId="11" StartOffset="7196"/>
<LocList>
<Loc EndOffset="7564" SrcFileId="11" StartOffset="7196"/>
</LocList>
</CondStmnt>
</StmntSeq>
</Branch>
<Keyword EndOffset="6797" SrcFileId="11" StartOffset="6795"/>
<LocList>
<Loc EndOffset="7569" SrcFileId="11" StartOffset="6795"/>
</LocList>
<RootTerm CovItemId="C19" CovItemPrefix="devops.hw1.core.Backend.java" Intrnl_Id="929">
<BasicBoolTerm Intrnl_Id="930">
<LocList>
<Loc EndOffset="6804" SrcFileId="11" StartOffset="6798"/>
</LocList>
</BasicBoolTerm>
</RootTerm>
</CondStmnt>
</StmntSeq>
</HierarchyLvl>
<HierarchyLvl HierarchyLvlId="948" HierarchyLvlTypeId="20" Intrnl_Id="931" Name="parseCost">
<Header>
<Loc EndOffset="7752" SrcFileId="11" StartOffset="7720"/>
</Header>
<LocList>
<Loc EndOffset="8243" SrcFileId="11" StartOffset="7720"/>
</LocList>
<StmntSeq Intrnl_Id="932">
<LocList>
<Loc EndOffset="7781" SrcFileId="11" StartOffset="7757"/>
<Loc EndOffset="7797" SrcFileId="11" StartOffset="7787"/>
<Loc EndOffset="7855" SrcFileId="11" StartOffset="7803"/>
<Loc EndOffset="7927" SrcFileId="11" StartOffset="7861"/>
<Loc EndOffset="8223" SrcFileId="11" StartOffset="7933"/>
<Loc EndOffset="8239" SrcFileId="11" StartOffset="8227"/>
</LocList>
<BasicStmnt CovItemId="S106" CovItemPrefix="devops.hw1.core.Backend.java" Intrnl_Id="933">
<LocList>
<Loc EndOffset="7781" SrcFileId="11" StartOffset="7757"/>
</LocList>
</BasicStmnt>
<BasicStmnt CovItemId="S107" CovItemPrefix="devops.hw1.core.Backend.java" Intrnl_Id="934">
<LocList>
<Loc EndOffset="7797" SrcFileId="11" StartOffset="7787"/>
</LocList>
</BasicStmnt>
<LoopStmnt CovItemId="S108" CovItemPrefix="devops.hw1.core.Backend.java" Intrnl_Id="935" MltplExecId="L4-2" MltplExecPrefix="devops.hw1.core.Backend.java" NvrExecId="L4-0" NvrExecPrefix="devops.hw1.core.Backend.java" OnceExecutedId="L4-1" OnceExecutedPrefix="devops.hw1.core.Backend.java" OptBodyExec="true">
<StmntSeq Intrnl_Id="936">
<LocList>
<Loc EndOffset="7850" SrcFileId="11" StartOffset="7846"/>
</LocList>
<BasicStmnt CovItemId="S109" CovItemPrefix="devops.hw1.core.Backend.java" Intrnl_Id="937">
<LocList>
<Loc EndOffset="7850" SrcFileId="11" StartOffset="7846"/>
</LocList>
</BasicStmnt>
</StmntSeq>
<Keyword EndOffset="7808" SrcFileId="11" StartOffset="7803"/>
<LocList>
<Loc EndOffset="7855" SrcFileId="11" StartOffset="7803"/>
</LocList>
<RootTerm CovItemId="C20" CovItemPrefix="devops.hw1.core.Backend.java" Intrnl_Id="938">
<BasicBoolTerm Intrnl_Id="939">
<LocList>
<Loc EndOffset="7839" SrcFileId="11" StartOffset="7809"/>
</LocList>
</BasicBoolTerm>
</RootTerm>
</LoopStmnt>
<CondStmnt CovItemId="S110" CovItemPrefix="devops.hw1.core.Backend.java" Intrnl_Id="940">
<Branch CovItemId="B62" CovItemPrefix="devops.hw1.core.Backend.java" Implct="false" Intrnl_Id="941">
<Cond/>
<LocList>
<Loc EndOffset="7927" SrcFileId="11" StartOffset="7871"/>
</LocList>
<StmntSeq Intrnl_Id="942">
<LocList>
<Loc EndOffset="7922" SrcFileId="11" StartOffset="7877"/>
</LocList>
<BasicStmnt CovItemId="S111" CovItemPrefix="devops.hw1.core.Backend.java" Intrnl_Id="943">
<LocList>
<Loc EndOffset="7922" SrcFileId="11" StartOffset="7877"/>
</LocList>
</BasicStmnt>
</StmntSeq>
</Branch>
<Branch CovItemId="B63" CovItemPrefix="devops.hw1.core.Backend.java" Implct="true" Intrnl_Id="944">
<Cond/>
<LocList/>
<StmntSeq Intrnl_Id="945">
<LocList/>
</StmntSeq>
</Branch>
<Keyword EndOffset="7863" SrcFileId="11" StartOffset="7861"/>
<LocList>
<Loc EndOffset="7927" SrcFileId="11" StartOffset="7861"/>
</LocList>
<RootTerm CovItemId="C21" CovItemPrefix="devops.hw1.core.Backend.java" Intrnl_Id="946">
<BasicBoolTerm Intrnl_Id="947">
<LocList>
<Loc EndOffset="7870" SrcFileId="11" StartOffset="7864"/>
</LocList>
</BasicBoolTerm>
</RootTerm>
</CondStmnt>
<LoopStmnt CovItemId="S112" CovItemPrefix="devops.hw1.core.Backend.java" Intrnl_Id="948" MltplExecId="L5-2" MltplExecPrefix="devops.hw1.core.Backend.java" NvrExecId="L5-0" NvrExecPrefix="devops.hw1.core.Backend.java" OnceExecutedId="L5-1" OnceExecutedPrefix="devops.hw1.core.Backend.java" OptBodyExec="true">
<StmntSeq Intrnl_Id="949">
<LocList>
<Loc EndOffset="8218" SrcFileId="11" StartOffset="7973"/>
</LocList>
<CondStmnt CovItemId="S113" CovItemPrefix="devops.hw1.core.Backend.java" Intrnl_Id="950">
<Branch CovItemId="B64" CovItemPrefix="devops.hw1.core.Backend.java" Implct="false" Intrnl_Id="951">
<Cond>
<Loc EndOffset="8015" SrcFileId="11" StartOffset="8007"/>
</Cond>
<LocList>
<Loc EndOffset="8044" SrcFileId="11" StartOffset="8022"/>
</LocList>
<StmntSeq Intrnl_Id="952">
<LocList>
<Loc EndOffset="8032" SrcFileId="11" StartOffset="8022"/>
<Loc EndOffset="8044" SrcFileId="11" StartOffset="8038"/>
</LocList>
<BasicStmnt CovItemId="S114" CovItemPrefix="devops.hw1.core.Backend.java" Intrnl_Id="953">
<LocList>
<Loc EndOffset="8032" SrcFileId="11" StartOffset="8022"/>
</LocList>
</BasicStmnt>
<BasicStmnt CovItemId="S115" CovItemPrefix="devops.hw1.core.Backend.java" Intrnl_Id="954">
<LocList>
<Loc EndOffset="8044" SrcFileId="11" StartOffset="8038"/>
</LocList>
</BasicStmnt>
</StmntSeq>
</Branch>
<Branch CovItemId="B65" CovItemPrefix="devops.hw1.core.Backend.java" Implct="false" Intrnl_Id="955">
<Cond>
<Loc EndOffset="8057" SrcFileId="11" StartOffset="8049"/>
</Cond>
<LocList>
<Loc EndOffset="8086" SrcFileId="11" StartOffset="8064"/>
</LocList>
<StmntSeq Intrnl_Id="956">
<LocList>
<Loc EndOffset="8074" SrcFileId="11" StartOffset="8064"/>
<Loc EndOffset="8086" SrcFileId="11" StartOffset="8080"/>
</LocList>
<BasicStmnt CovItemId="S116" CovItemPrefix="devops.hw1.core.Backend.java" Intrnl_Id="957">
<LocList>
<Loc EndOffset="8074" SrcFileId="11" StartOffset="8064"/>
</LocList>
</BasicStmnt>
<BasicStmnt CovItemId="S117" CovItemPrefix="devops.hw1.core.Backend.java" Intrnl_Id="958">
<LocList>
<Loc EndOffset="8086" SrcFileId="11" StartOffset="8080"/>
</LocList>
</BasicStmnt>
</StmntSeq>
</Branch>
<Branch CovItemId="B66" CovItemPrefix="devops.hw1.core.Backend.java" Implct="false" Intrnl_Id="959">
<Cond>
<Loc EndOffset="8099" SrcFileId="11" StartOffset="8091"/>
</Cond>
<LocList>
<Loc EndOffset="8128" SrcFileId="11" StartOffset="8106"/>
</LocList>
<StmntSeq Intrnl_Id="960">
<LocList>
<Loc EndOffset="8116" SrcFileId="11" StartOffset="8106"/>
<Loc EndOffset="8128" SrcFileId="11" StartOffset="8122"/>
</LocList>
<BasicStmnt CovItemId="S118" CovItemPrefix="devops.hw1.core.Backend.java" Intrnl_Id="961">
<LocList>
<Loc EndOffset="8116" SrcFileId="11" StartOffset="8106"/>
</LocList>
</BasicStmnt>
<BasicStmnt CovItemId="S119" CovItemPrefix="devops.hw1.core.Backend.java" Intrnl_Id="962">
<LocList>
<Loc EndOffset="8128" SrcFileId="11" StartOffset="8122"/>
</LocList>
</BasicStmnt>
</StmntSeq>
</Branch>
<Branch CovItemId="B67" CovItemPrefix="devops.hw1.core.Backend.java" Implct="false" Intrnl_Id="963">
<Cond>
<Loc EndOffset="8141" SrcFileId="11" StartOffset="8133"/>
</Cond>
<LocList>
<Loc EndOffset="8170" SrcFileId="11" StartOffset="8148"/>
</LocList>
<StmntSeq Intrnl_Id="964">
<LocList>
<Loc EndOffset="8158" SrcFileId="11" StartOffset="8148"/>
<Loc EndOffset="8170" SrcFileId="11" StartOffset="8164"/>
</LocList>
<BasicStmnt CovItemId="S120" CovItemPrefix="devops.hw1.core.Backend.java" Intrnl_Id="965">
<LocList>
<Loc EndOffset="8158" SrcFileId="11" StartOffset="8148"/>
</LocList>
</BasicStmnt>
<BasicStmnt CovItemId="S121" CovItemPrefix="devops.hw1.core.Backend.java" Intrnl_Id="966">
<LocList>
<Loc EndOffset="8170" SrcFileId="11" StartOffset="8164"/>
</LocList>
</BasicStmnt>
</StmntSeq>
</Branch>
<Branch CovItemId="B68" CovItemPrefix="devops.hw1.core.Backend.java" Implct="false" Intrnl_Id="967">
<Cond>
<Loc EndOffset="8183" SrcFileId="11" StartOffset="8175"/>
</Cond>
<LocList>
<Loc EndOffset="8212" SrcFileId="11" StartOffset="8190"/>
</LocList>
<StmntSeq Intrnl_Id="968">
<LocList>
<Loc EndOffset="8200" SrcFileId="11" StartOffset="8190"/>
<Loc EndOffset="8212" SrcFileId="11" StartOffset="8206"/>
</LocList>
<BasicStmnt CovItemId="S122" CovItemPrefix="devops.hw1.core.Backend.java" Intrnl_Id="969">
<LocList>
<Loc EndOffset="8200" SrcFileId="11" StartOffset="8190"/>
</LocList>
</BasicStmnt>
<BasicStmnt CovItemId="S123" CovItemPrefix="devops.hw1.core.Backend.java" Intrnl_Id="970">
<LocList>
<Loc EndOffset="8212" SrcFileId="11" StartOffset="8206"/>
</LocList>
</BasicStmnt>
</StmntSeq>
</Branch>
<Branch CovItemId="B69" CovItemPrefix="devops.hw1.core.Backend.java" Implct="true" Intrnl_Id="971">
<Cond/>
<LocList/>
<StmntSeq Intrnl_Id="972">
<LocList/>
</StmntSeq>
</Branch>
<Keyword EndOffset="7979" SrcFileId="11" StartOffset="7973"/>
<LocList>
<Loc EndOffset="8218" SrcFileId="11" StartOffset="7973"/>
</LocList>
</CondStmnt>
</StmntSeq>
<Keyword EndOffset="7936" SrcFileId="11" StartOffset="7933"/>
<LocList>
<Loc EndOffset="8223" SrcFileId="11" StartOffset="7933"/>
</LocList>
<RootTerm CovItemId="C22" CovItemPrefix="devops.hw1.core.Backend.java" Intrnl_Id="973">
<BasicBoolTerm Intrnl_Id="974">
<LocList>
<Loc EndOffset="7961" SrcFileId="11" StartOffset="7947"/>
</LocList>
</BasicBoolTerm>
</RootTerm>
</LoopStmnt>
<BasicStmnt CovItemId="S124" CovItemPrefix="devops.hw1.core.Backend.java" Intrnl_Id="975">
<LocList>
<Loc EndOffset="8239" SrcFileId="11" StartOffset="8227"/>
</LocList>
</BasicStmnt>
</StmntSeq>
</HierarchyLvl>
<HierarchyLvl HierarchyLvlId="949" HierarchyLvlTypeId="20" Intrnl_Id="976" Name="castSpell">
<Header>
<Loc EndOffset="8767" SrcFileId="11" StartOffset="8667"/>
</Header>
<LocList>
<Loc EndOffset="10884" SrcFileId="11" StartOffset="8667"/>
</LocList>
<StmntSeq Intrnl_Id="977">
<LocList>
<Loc EndOffset="9029" SrcFileId="11" StartOffset="8775"/>
<Loc EndOffset="9121" SrcFileId="11" StartOffset="9033"/>
<Loc EndOffset="9253" SrcFileId="11" StartOffset="9129"/>
<Loc EndOffset="9299" SrcFileId="11" StartOffset="9257"/>
<Loc EndOffset="10878" SrcFileId="11" StartOffset="9307"/>
</LocList>
<CondStmnt CovItemId="S125" CovItemPrefix="devops.hw1.core.Backend.java" Intrnl_Id="978">
<Branch CovItemId="B70" CovItemPrefix="devops.hw1.core.Backend.java" Implct="false" Intrnl_Id="979">
<Cond/>
<LocList>
<Loc EndOffset="9029" SrcFileId="11" StartOffset="9005"/>
</LocList>
<StmntSeq Intrnl_Id="980">
<LocList>
<Loc EndOffset="9024" SrcFileId="11" StartOffset="9011"/>
</LocList>
<BasicStmnt CovItemId="S126" CovItemPrefix="devops.hw1.core.Backend.java" Intrnl_Id="981">
<LocList>
<Loc EndOffset="9024" SrcFileId="11" StartOffset="9011"/>
</LocList>
</BasicStmnt>
</StmntSeq>
</Branch>
<Branch CovItemId="B71" CovItemPrefix="devops.hw1.core.Backend.java" Implct="true" Intrnl_Id="982">
<Cond/>
<LocList/>
<StmntSeq Intrnl_Id="983">
<LocList/>
</StmntSeq>
</Branch>
<Keyword EndOffset="8777" SrcFileId="11" StartOffset="8775"/>
<LocList>
<Loc EndOffset="9029" SrcFileId="11" StartOffset="8775"/>
</LocList>
<RootTerm CovItemId="C23" CovItemPrefix="devops.hw1.core.Backend.java" Intrnl_Id="984">
<OpTerm BooleanOpId="13" Intrnl_Id="985">
<OpTerm BooleanOpId="15" Intrnl_Id="986">
<BasicBoolTerm Intrnl_Id="987">
<LocList>
<Loc EndOffset="8790" SrcFileId="11" StartOffset="8779"/>
</LocList>
</BasicBoolTerm>
<LocList>
<Loc EndOffset="8779" SrcFileId="11" StartOffset="8778"/>
</LocList>
</OpTerm>
<OpTerm BooleanOpId="14" Intrnl_Id="988">
<OpTerm BooleanOpId="14" Intrnl_Id="989">
<BasicBoolTerm Intrnl_Id="990">
<LocList>
<Loc EndOffset="8820" SrcFileId="11" StartOffset="8801"/>
</LocList>
</BasicBoolTerm>
<OpTerm BooleanOpId="15" Intrnl_Id="991">
<BasicBoolTerm Intrnl_Id="992">
<LocList>
<Loc EndOffset="8847" SrcFileId="11" StartOffset="8827"/>
</LocList>
</BasicBoolTerm>
<LocList>
<Loc EndOffset="8827" SrcFileId="11" StartOffset="8826"/>
</LocList>
</OpTerm>
<LocList>
<Loc EndOffset="8824" SrcFileId="11" StartOffset="8822"/>
</LocList>
</OpTerm>
<OpTerm BooleanOpId="13" Intrnl_Id="993">
<OpTerm BooleanOpId="13" Intrnl_Id="994">
<OpTerm BooleanOpId="13" Intrnl_Id="995">
<BasicBoolTerm Intrnl_Id="996">
<LocList>
<Loc EndOffset="8889" SrcFileId="11" StartOffset="8858"/>
</LocList>
</BasicBoolTerm>
<BasicBoolTerm Intrnl_Id="997">
<LocList>
<Loc EndOffset="8925" SrcFileId="11" StartOffset="8893"/>
</LocList>
</BasicBoolTerm>
<LocList>
<Loc EndOffset="8892" SrcFileId="11" StartOffset="8890"/>
</LocList>
</OpTerm>
<BasicBoolTerm Intrnl_Id="998">
<LocList>
<Loc EndOffset="8966" SrcFileId="11" StartOffset="8935"/>
</LocList>
</BasicBoolTerm>
<LocList>
<Loc EndOffset="8928" SrcFileId="11" StartOffset="8926"/>
</LocList>
</OpTerm>
<BasicBoolTerm Intrnl_Id="999">
<LocList>
<Loc EndOffset="9002" SrcFileId="11" StartOffset="8970"/>
</LocList>
</BasicBoolTerm>
<LocList>
<Loc EndOffset="8969" SrcFileId="11" StartOffset="8967"/>
</LocList>
</OpTerm>
<LocList>
<Loc EndOffset="8851" SrcFileId="11" StartOffset="8849"/>
</LocList>
</OpTerm>
<LocList>
<Loc EndOffset="8793" SrcFileId="11" StartOffset="8791"/>
</LocList>
</OpTerm>
</RootTerm>
</CondStmnt>
<CondStmnt CovItemId="S127" CovItemPrefix="devops.hw1.core.Backend.java" Intrnl_Id="1000">
<Branch CovItemId="B72" CovItemPrefix="devops.hw1.core.Backend.java" Implct="false" Intrnl_Id="1001">
<Cond/>
<LocList>
<Loc EndOffset="9121" SrcFileId="11" StartOffset="9097"/>
</LocList>
<StmntSeq Intrnl_Id="1002">
<LocList>
<Loc EndOffset="9116" SrcFileId="11" StartOffset="9103"/>
</LocList>
<BasicStmnt CovItemId="S128" CovItemPrefix="devops.hw1.core.Backend.java" Intrnl_Id="1003">
<LocList>
<Loc EndOffset="9116" SrcFileId="11" StartOffset="9103"/>
</LocList>
</BasicStmnt>
</StmntSeq>
</Branch>
<Branch CovItemId="B73" CovItemPrefix="devops.hw1.core.Backend.java" Implct="true" Intrnl_Id="1004">
<Cond/>
<LocList/>
<StmntSeq Intrnl_Id="1005">
<LocList/>
</StmntSeq>
</Branch>
<Keyword EndOffset="9035" SrcFileId="11" StartOffset="9033"/>
<LocList>
<Loc EndOffset="9121" SrcFileId="11" StartOffset="9033"/>
</LocList>
<RootTerm CovItemId="C24" CovItemPrefix="devops.hw1.core.Backend.java" Intrnl_Id="1006">
<OpTerm BooleanOpId="13" Intrnl_Id="1007">
<BasicBoolTerm Intrnl_Id="1008">
<LocList>
<Loc EndOffset="9051" SrcFileId="11" StartOffset="9037"/>
</LocList>
</BasicBoolTerm>
<OpTerm BooleanOpId="15" Intrnl_Id="1009">
<BasicBoolTerm Intrnl_Id="1010">
<LocList>
<Loc EndOffset="9095" SrcFileId="11" StartOffset="9057"/>
</LocList>
</BasicBoolTerm>
<LocList>
<Loc EndOffset="9057" SrcFileId="11" StartOffset="9056"/>
</LocList>
</OpTerm>
<LocList>
<Loc EndOffset="9055" SrcFileId="11" StartOffset="9053"/>
</LocList>
</OpTerm>
</RootTerm>
</CondStmnt>
<CondStmnt CovItemId="S129" CovItemPrefix="devops.hw1.core.Backend.java" Intrnl_Id="1011">
<Branch CovItemId="B74" CovItemPrefix="devops.hw1.core.Backend.java" Implct="false" Intrnl_Id="1012">
<Cond/>
<LocList>
<Loc EndOffset="9253" SrcFileId="11" StartOffset="9152"/>
</LocList>
<StmntSeq Intrnl_Id="1013">
<LocList>
<Loc EndOffset="9248" SrcFileId="11" StartOffset="9158"/>
</LocList>
<BasicStmnt CovItemId="S130" CovItemPrefix="devops.hw1.core.Backend.java" Intrnl_Id="1014">
<LocList>
<Loc EndOffset="9248" SrcFileId="11" StartOffset="9158"/>
</LocList>
</BasicStmnt>
</StmntSeq>
</Branch>
<Branch CovItemId="B75" CovItemPrefix="devops.hw1.core.Backend.java" Implct="true" Intrnl_Id="1015">
<Cond/>
<LocList/>
<StmntSeq Intrnl_Id="1016">
<LocList/>
</StmntSeq>
</Branch>
<Keyword EndOffset="9131" SrcFileId="11" StartOffset="9129"/>
<LocList>
<Loc EndOffset="9253" SrcFileId="11" StartOffset="9129"/>
</LocList>
<RootTerm CovItemId="C25" CovItemPrefix="devops.hw1.core.Backend.java" Intrnl_Id="1017">
<BasicBoolTerm Intrnl_Id="1018">
<LocList>
<Loc EndOffset="9151" SrcFileId="11" StartOffset="9132"/>
</LocList>
</BasicBoolTerm>
</RootTerm>
</CondStmnt>
<BasicStmnt CovItemId="S131" CovItemPrefix="devops.hw1.core.Backend.java" Intrnl_Id="1019">
<LocList>
<Loc EndOffset="9299" SrcFileId="11" StartOffset="9257"/>
</LocList>
</BasicStmnt>
<CondStmnt CovItemId="S132" CovItemPrefix="devops.hw1.core.Backend.java" Intrnl_Id="1020">
<Branch CovItemId="B76" CovItemPrefix="devops.hw1.core.Backend.java" Implct="false" Intrnl_Id="1021">
<Cond/>
<LocList>
<Loc EndOffset="10848" SrcFileId="11" StartOffset="9983"/>
</LocList>
<StmntSeq Intrnl_Id="1022">
<LocList>
<Loc EndOffset="10038" SrcFileId="11" StartOffset="9991"/>
<Loc EndOffset="10090" SrcFileId="11" StartOffset="10043"/>
<Loc EndOffset="10142" SrcFileId="11" StartOffset="10095"/>
<Loc EndOffset="10194" SrcFileId="11" StartOffset="10147"/>
<Loc EndOffset="10246" SrcFileId="11" StartOffset="10199"/>
<Loc EndOffset="10324" SrcFileId="11" StartOffset="10253"/>
<Loc EndOffset="10400" SrcFileId="11" StartOffset="10329"/>
<Loc EndOffset="10476" SrcFileId="11" StartOffset="10405"/>
<Loc EndOffset="10552" SrcFileId="11" StartOffset="10481"/>
<Loc EndOffset="10628" SrcFileId="11" StartOffset="10557"/>
<Loc EndOffset="10704" SrcFileId="11" StartOffset="10633"/>
<Loc EndOffset="10775" SrcFileId="11" StartOffset="10711"/>
<Loc EndOffset="10801" SrcFileId="11" StartOffset="10782"/>
<Loc EndOffset="10826" SrcFileId="11" StartOffset="10806"/>
<Loc EndOffset="10843" SrcFileId="11" StartOffset="10831"/>
</LocList>
<BasicStmnt CovItemId="S133" CovItemPrefix="devops.hw1.core.Backend.java" Intrnl_Id="1023">
<LocList>
<Loc EndOffset="10038" SrcFileId="11" StartOffset="9991"/>
</LocList>
</BasicStmnt>
<BasicStmnt CovItemId="S134" CovItemPrefix="devops.hw1.core.Backend.java" Intrnl_Id="1024">
<LocList>
<Loc EndOffset="10090" SrcFileId="11" StartOffset="10043"/>
</LocList>
</BasicStmnt>
<BasicStmnt CovItemId="S135" CovItemPrefix="devops.hw1.core.Backend.java" Intrnl_Id="1025">
<LocList>
<Loc EndOffset="10142" SrcFileId="11" StartOffset="10095"/>
</LocList>
</BasicStmnt>
<BasicStmnt CovItemId="S136" CovItemPrefix="devops.hw1.core.Backend.java" Intrnl_Id="1026">
<LocList>
<Loc EndOffset="10194" SrcFileId="11" StartOffset="10147"/>
</LocList>
</BasicStmnt>
<BasicStmnt CovItemId="S137" CovItemPrefix="devops.hw1.core.Backend.java" Intrnl_Id="1027">
<LocList>
<Loc EndOffset="10246" SrcFileId="11" StartOffset="10199"/>
</LocList>
</BasicStmnt>
<BasicStmnt CovItemId="S138" CovItemPrefix="devops.hw1.core.Backend.java" Intrnl_Id="1028">
<LocList>
<Loc EndOffset="10324" SrcFileId="11" StartOffset="10253"/>
</LocList>
</BasicStmnt>
<BasicStmnt CovItemId="S139" CovItemPrefix="devops.hw1.core.Backend.java" Intrnl_Id="1029">
<LocList>
<Loc EndOffset="10400" SrcFileId="11" StartOffset="10329"/>
</LocList>
</BasicStmnt>
<BasicStmnt CovItemId="S140" CovItemPrefix="devops.hw1.core.Backend.java" Intrnl_Id="1030">
<LocList>
<Loc EndOffset="10476" SrcFileId="11" StartOffset="10405"/>
</LocList>
</BasicStmnt>
<BasicStmnt CovItemId="S141" CovItemPrefix="devops.hw1.core.Backend.java" Intrnl_Id="1031">
<LocList>
<Loc EndOffset="10552" SrcFileId="11" StartOffset="10481"/>
</LocList>
</BasicStmnt>
<BasicStmnt CovItemId="S142" CovItemPrefix="devops.hw1.core.Backend.java" Intrnl_Id="1032">
<LocList>
<Loc EndOffset="10628" SrcFileId="11" StartOffset="10557"/>
</LocList>
</BasicStmnt>
<BasicStmnt CovItemId="S143" CovItemPrefix="devops.hw1.core.Backend.java" Intrnl_Id="1033">
<LocList>
<Loc EndOffset="10704" SrcFileId="11" StartOffset="10633"/>
</LocList>
</BasicStmnt>
<BasicStmnt CovItemId="S144" CovItemPrefix="devops.hw1.core.Backend.java" Intrnl_Id="1034">
<LocList>
<Loc EndOffset="10775" SrcFileId="11" StartOffset="10711"/>
</LocList>
</BasicStmnt>
<BasicStmnt CovItemId="S145" CovItemPrefix="devops.hw1.core.Backend.java" Intrnl_Id="1035">
<LocList>
<Loc EndOffset="10801" SrcFileId="11" StartOffset="10782"/>
</LocList>
</BasicStmnt>
<BasicStmnt CovItemId="S146" CovItemPrefix="devops.hw1.core.Backend.java" Intrnl_Id="1036">
<LocList>
<Loc EndOffset="10826" SrcFileId="11" StartOffset="10806"/>
</LocList>
</BasicStmnt>
<BasicStmnt CovItemId="S147" CovItemPrefix="devops.hw1.core.Backend.java" Intrnl_Id="1037">
<LocList>
<Loc EndOffset="10843" SrcFileId="11" StartOffset="10831"/>
</LocList>
</BasicStmnt>
</StmntSeq>
</Branch>
<Branch CovItemId="B77" CovItemPrefix="devops.hw1.core.Backend.java" Implct="false" Intrnl_Id="1038">
<Cond>
<Loc EndOffset="10853" SrcFileId="11" StartOffset="10849"/>
</Cond>
<LocList>
<Loc EndOffset="10878" SrcFileId="11" StartOffset="10854"/>
</LocList>
<StmntSeq Intrnl_Id="1039">
<LocList>
<Loc EndOffset="10873" SrcFileId="11" StartOffset="10860"/>
</LocList>
<BasicStmnt CovItemId="S148" CovItemPrefix="devops.hw1.core.Backend.java" Intrnl_Id="1040">
<LocList>
<Loc EndOffset="10873" SrcFileId="11" StartOffset="10860"/>
</LocList>
</BasicStmnt>
</StmntSeq>
</Branch>
<Keyword EndOffset="9309" SrcFileId="11" StartOffset="9307"/>
<LocList>
<Loc EndOffset="10878" SrcFileId="11" StartOffset="9307"/>
</LocList>
<RootTerm CovItemId="C26" CovItemPrefix="devops.hw1.core.Backend.java" Intrnl_Id="1041">
<OpTerm BooleanOpId="13" Intrnl_Id="1042">
<OpTerm BooleanOpId="13" Intrnl_Id="1043">
<OpTerm BooleanOpId="13" Intrnl_Id="1044">
<OpTerm BooleanOpId="13" Intrnl_Id="1045">
<OpTerm BooleanOpId="13" Intrnl_Id="1046">
<BasicBoolTerm Intrnl_Id="1047">
<LocList>
<Loc EndOffset="9364" SrcFileId="11" StartOffset="9311"/>
</LocList>
</BasicBoolTerm>
<BasicBoolTerm Intrnl_Id="1048">
<LocList>
<Loc EndOffset="9428" SrcFileId="11" StartOffset="9375"/>
</LocList>
</BasicBoolTerm>
<LocList>
<Loc EndOffset="9368" SrcFileId="11" StartOffset="9366"/>
</LocList>
</OpTerm>
<BasicBoolTerm Intrnl_Id="1049">
<LocList>
<Loc EndOffset="9492" SrcFileId="11" StartOffset="9439"/>
</LocList>
</BasicBoolTerm>
<LocList>
<Loc EndOffset="9432" SrcFileId="11" StartOffset="9430"/>
</LocList>
</OpTerm>
<BasicBoolTerm Intrnl_Id="1050">
<LocList>
<Loc EndOffset="9556" SrcFileId="11" StartOffset="9503"/>
</LocList>
</BasicBoolTerm>
<LocList>
<Loc EndOffset="9496" SrcFileId="11" StartOffset="9494"/>
</LocList>
</OpTerm>
<BasicBoolTerm Intrnl_Id="1051">
<LocList>
<Loc EndOffset="9620" SrcFileId="11" StartOffset="9567"/>
</LocList>
</BasicBoolTerm>
<LocList>
<Loc EndOffset="9560" SrcFileId="11" StartOffset="9558"/>
</LocList>
</OpTerm>
<BasicBoolTerm Intrnl_Id="1052">
<LocList>
<Loc EndOffset="9981" SrcFileId="11" StartOffset="9631"/>
</LocList>
</BasicBoolTerm>
<LocList>
<Loc EndOffset="9624" SrcFileId="11" StartOffset="9622"/>
</LocList>
</OpTerm>
</RootTerm>
</CondStmnt>
</StmntSeq>
</HierarchyLvl>
<HierarchyLvl HierarchyLvlId="950" HierarchyLvlTypeId="20" Intrnl_Id="1053" Name="handleGeneric">
<Header>
<Loc EndOffset="11176" SrcFileId="11" StartOffset="11116"/>
</Header>
<LocList>
<Loc EndOffset="11578" SrcFileId="11" StartOffset="11116"/>
</LocList>
<StmntSeq Intrnl_Id="1054">
<LocList>
<Loc EndOffset="11574" SrcFileId="11" StartOffset="11181"/>
</LocList>
<CondStmnt CovItemId="S149" CovItemPrefix="devops.hw1.core.Backend.java" Intrnl_Id="1055">
<Branch CovItemId="B78" CovItemPrefix="devops.hw1.core.Backend.java" Implct="false" Intrnl_Id="1056">
<Cond/>
<LocList>
<Loc EndOffset="11413" SrcFileId="11" StartOffset="11200"/>
</LocList>
<StmntSeq Intrnl_Id="1057">
<LocList>
<Loc EndOffset="11408" SrcFileId="11" StartOffset="11206"/>
</LocList>
<CondStmnt CovItemId="S150" CovItemPrefix="devops.hw1.core.Backend.java" Intrnl_Id="1058">
<Branch CovItemId="B80" CovItemPrefix="devops.hw1.core.Backend.java" Implct="false" Intrnl_Id="1059">
<Cond/>
<LocList>
<Loc EndOffset="11302" SrcFileId="11" StartOffset="11245"/>
</LocList>
<StmntSeq Intrnl_Id="1060">
<LocList>
<Loc EndOffset="11281" SrcFileId="11" StartOffset="11252"/>
<Loc EndOffset="11296" SrcFileId="11" StartOffset="11287"/>
</LocList>
<BasicStmnt CovItemId="S151" CovItemPrefix="devops.hw1.core.Backend.java" Intrnl_Id="1061">
<LocList>
<Loc EndOffset="11281" SrcFileId="11" StartOffset="11252"/>
</LocList>
</BasicStmnt>
<BasicStmnt CovItemId="S152" CovItemPrefix="devops.hw1.core.Backend.java" Intrnl_Id="1062">
<LocList>
<Loc EndOffset="11296" SrcFileId="11" StartOffset="11287"/>
</LocList>
</BasicStmnt>
</StmntSeq>
</Branch>
<Branch CovItemId="B81" CovItemPrefix="devops.hw1.core.Backend.java" Implct="false" Intrnl_Id="1063">
<Cond>
<Loc EndOffset="11307" SrcFileId="11" StartOffset="11303"/>
</Cond>
<LocList>
<Loc EndOffset="11408" SrcFileId="11" StartOffset="11308"/>
</LocList>
<StmntSeq Intrnl_Id="1064">
<LocList>
<Loc EndOffset="11361" SrcFileId="11" StartOffset="11315"/>
<Loc EndOffset="11384" SrcFileId="11" StartOffset="11367"/>
<Loc EndOffset="11402" SrcFileId="11" StartOffset="11390"/>
</LocList>
<BasicStmnt CovItemId="S153" CovItemPrefix="devops.hw1.core.Backend.java" Intrnl_Id="1065">
<LocList>
<Loc EndOffset="11361" SrcFileId="11" StartOffset="11315"/>
</LocList>
</BasicStmnt>
<BasicStmnt CovItemId="S154" CovItemPrefix="devops.hw1.core.Backend.java" Intrnl_Id="1066">
<LocList>
<Loc EndOffset="11384" SrcFileId="11" StartOffset="11367"/>
</LocList>
</BasicStmnt>
<BasicStmnt CovItemId="S155" CovItemPrefix="devops.hw1.core.Backend.java" Intrnl_Id="1067">
<LocList>
<Loc EndOffset="11402" SrcFileId="11" StartOffset="11390"/>
</LocList>
</BasicStmnt>
</StmntSeq>
</Branch>
<Keyword EndOffset="11208" SrcFileId="11" StartOffset="11206"/>
<LocList>
<Loc EndOffset="11408" SrcFileId="11" StartOffset="11206"/>
</LocList>
<RootTerm CovItemId="C28" CovItemPrefix="devops.hw1.core.Backend.java" Intrnl_Id="1068">
<BasicBoolTerm Intrnl_Id="1069">
<LocList>
<Loc EndOffset="11244" SrcFileId="11" StartOffset="11209"/>
</LocList>
</BasicBoolTerm>
</RootTerm>
</CondStmnt>
</StmntSeq>
</Branch>
<Branch CovItemId="B79" CovItemPrefix="devops.hw1.core.Backend.java" Implct="false" Intrnl_Id="1070">
<Cond>
<Loc EndOffset="11418" SrcFileId="11" StartOffset="11414"/>
</Cond>
<LocList>
<Loc EndOffset="11574" SrcFileId="11" StartOffset="11419"/>
</LocList>
<StmntSeq Intrnl_Id="1071">
<LocList>
<Loc EndOffset="11574" SrcFileId="11" StartOffset="11419"/>
</LocList>
<CondStmnt CovItemId="S156" CovItemPrefix="devops.hw1.core.Backend.java" Intrnl_Id="1072">
<Branch CovItemId="B82" CovItemPrefix="devops.hw1.core.Backend.java" Implct="false" Intrnl_Id="1073">
<Cond/>
<LocList>
<Loc EndOffset="11460" SrcFileId="11" StartOffset="11440"/>
</LocList>
<StmntSeq Intrnl_Id="1074">
<LocList>
<Loc EndOffset="11455" SrcFileId="11" StartOffset="11446"/>
</LocList>
<BasicStmnt CovItemId="S157" CovItemPrefix="devops.hw1.core.Backend.java" Intrnl_Id="1075">
<LocList>
<Loc EndOffset="11455" SrcFileId="11" StartOffset="11446"/>
</LocList>
</BasicStmnt>
</StmntSeq>
</Branch>
<Branch CovItemId="B83" CovItemPrefix="devops.hw1.core.Backend.java" Implct="false" Intrnl_Id="1076">
<Cond>
<Loc EndOffset="11465" SrcFileId="11" StartOffset="11461"/>
</Cond>
<LocList>
<Loc EndOffset="11574" SrcFileId="11" StartOffset="11466"/>
</LocList>
<StmntSeq Intrnl_Id="1077">
<LocList>
<Loc EndOffset="11569" SrcFileId="11" StartOffset="11472"/>
</LocList>
<BasicStmnt CovItemId="S158" CovItemPrefix="devops.hw1.core.Backend.java" Intrnl_Id="1078">
<LocList>
<Loc EndOffset="11569" SrcFileId="11" StartOffset="11472"/>
</LocList>
</BasicStmnt>
</StmntSeq>
</Branch>
<Keyword EndOffset="11421" SrcFileId="11" StartOffset="11419"/>
<LocList>
<Loc EndOffset="11574" SrcFileId="11" StartOffset="11419"/>
</LocList>
<RootTerm CovItemId="C29" CovItemPrefix="devops.hw1.core.Backend.java" Intrnl_Id="1079">
<BasicBoolTerm Intrnl_Id="1080">
<LocList>
<Loc EndOffset="11439" SrcFileId="11" StartOffset="11423"/>
</LocList>
</BasicBoolTerm>
</RootTerm>
</CondStmnt>
</StmntSeq>
</Branch>
<Keyword EndOffset="11183" SrcFileId="11" StartOffset="11181"/>
<LocList>
<Loc EndOffset="11574" SrcFileId="11" StartOffset="11181"/>
</LocList>
<RootTerm CovItemId="C27" CovItemPrefix="devops.hw1.core.Backend.java" Intrnl_Id="1081">
<BasicBoolTerm Intrnl_Id="1082">
<LocList>
<Loc EndOffset="11199" SrcFileId="11" StartOffset="11184"/>
</LocList>
</BasicBoolTerm>
</RootTerm>
</CondStmnt>
</StmntSeq>
</HierarchyLvl>
<HierarchyLvl HierarchyLvlId="951" HierarchyLvlTypeId="20" Intrnl_Id="1083" Name="isInteger">
<Header>
<Loc EndOffset="11754" SrcFileId="11" StartOffset="11713"/>
</Header>
<LocList>
<Loc EndOffset="11789" SrcFileId="11" StartOffset="11713"/>
</LocList>
<StmntSeq Intrnl_Id="1084">
<LocList>
<Loc EndOffset="11785" SrcFileId="11" StartOffset="11760"/>
</LocList>
<BasicStmnt CovItemId="S159" CovItemPrefix="devops.hw1.core.Backend.java" Intrnl_Id="1085">
<LocList>
<Loc EndOffset="11785" SrcFileId="11" StartOffset="11760"/>
</LocList>
</BasicStmnt>
</StmntSeq>
</HierarchyLvl>
<HierarchyLvl HierarchyLvlId="952" HierarchyLvlTypeId="20" Intrnl_Id="1086" Name="canTarget">
<Header>
<Loc EndOffset="12274" SrcFileId="11" StartOffset="12187"/>
</Header>
<LocList>
<Loc EndOffset="12652" SrcFileId="11" StartOffset="12187"/>
</LocList>
<StmntSeq Intrnl_Id="1087">
<LocList>
<Loc EndOffset="12356" SrcFileId="11" StartOffset="12280"/>
<Loc EndOffset="12435" SrcFileId="11" StartOffset="12360"/>
<Loc EndOffset="12515" SrcFileId="11" StartOffset="12439"/>
<Loc EndOffset="12596" SrcFileId="11" StartOffset="12519"/>
<Loc EndOffset="12648" SrcFileId="11" StartOffset="12604"/>
</LocList>
<BasicStmnt CovItemId="S160" CovItemPrefix="devops.hw1.core.Backend.java" Intrnl_Id="1088">
<LocList>
<Loc EndOffset="12356" SrcFileId="11" StartOffset="12280"/>
</LocList>
</BasicStmnt>
<BasicStmnt CovItemId="S161" CovItemPrefix="devops.hw1.core.Backend.java" Intrnl_Id="1089">
<LocList>
<Loc EndOffset="12435" SrcFileId="11" StartOffset="12360"/>
</LocList>
</BasicStmnt>
<BasicStmnt CovItemId="S162" CovItemPrefix="devops.hw1.core.Backend.java" Intrnl_Id="1090">
<LocList>
<Loc EndOffset="12515" SrcFileId="11" StartOffset="12439"/>
</LocList>
</BasicStmnt>
<BasicStmnt CovItemId="S163" CovItemPrefix="devops.hw1.core.Backend.java" Intrnl_Id="1091">
<LocList>
<Loc EndOffset="12596" SrcFileId="11" StartOffset="12519"/>
</LocList>
</BasicStmnt>
<BasicStmnt CovItemId="S164" CovItemPrefix="devops.hw1.core.Backend.java" Intrnl_Id="1092">
<LocList>
<Loc EndOffset="12648" SrcFileId="11" StartOffset="12604"/>
</LocList>
</BasicStmnt>
</StmntSeq>
</HierarchyLvl>
</HierarchyLvl>
<HierarchyLvl HierarchyLvlId="960" HierarchyLvlTypeId="21" Intrnl_Id="1093" Name="AbstractData">
<Header>
<Loc EndOffset="85" SrcFileId="12" StartOffset="28"/>
</Header>
<LocList>
<Loc EndOffset="1554" SrcFileId="12" StartOffset="28"/>
</LocList>
<HierarchyLvl HierarchyLvlId="954" HierarchyLvlTypeId="20" Intrnl_Id="1094" Name="AbstractData">
<Header>
<Loc EndOffset="331" SrcFileId="12" StartOffset="294"/>
</Header>
<LocList>
<Loc EndOffset="377" SrcFileId="12" StartOffset="294"/>
</LocList>
<StmntSeq Intrnl_Id="1095">
<LocList>
<Loc EndOffset="350" SrcFileId="12" StartOffset="337"/>
<Loc EndOffset="373" SrcFileId="12" StartOffset="354"/>
</LocList>
<BasicStmnt CovItemId="S1" CovItemPrefix="devops.hw1.core.AbstractData.java" Intrnl_Id="1096">
<LocList>
<Loc EndOffset="350" SrcFileId="12" StartOffset="337"/>
</LocList>
</BasicStmnt>
<BasicStmnt CovItemId="S2" CovItemPrefix="devops.hw1.core.AbstractData.java" Intrnl_Id="1097">
<LocList>
<Loc EndOffset="373" SrcFileId="12" StartOffset="354"/>
</LocList>
</BasicStmnt>
</StmntSeq>
</HierarchyLvl>
<HierarchyLvl HierarchyLvlId="955" HierarchyLvlTypeId="20" Intrnl_Id="1098" Name="getId">
<Header>
<Loc EndOffset="404" SrcFileId="12" StartOffset="385"/>
</Header>
<LocList>
<Loc EndOffset="429" SrcFileId="12" StartOffset="385"/>
</LocList>
<StmntSeq Intrnl_Id="1099">
<LocList>
<Loc EndOffset="425" SrcFileId="12" StartOffset="410"/>
</LocList>
<BasicStmnt CovItemId="S3" CovItemPrefix="devops.hw1.core.AbstractData.java" Intrnl_Id="1100">
<LocList>
<Loc EndOffset="425" SrcFileId="12" StartOffset="410"/>
</LocList>
</BasicStmnt>
</StmntSeq>
</HierarchyLvl>
<HierarchyLvl HierarchyLvlId="956" HierarchyLvlTypeId="20" Intrnl_Id="1101" Name="getValue">
<Header>
<Loc EndOffset="453" SrcFileId="12" StartOffset="434"/>
</Header>
<LocList>
<Loc EndOffset="481" SrcFileId="12" StartOffset="434"/>
</LocList>
<StmntSeq Intrnl_Id="1102">
<LocList>
<Loc EndOffset="477" SrcFileId="12" StartOffset="459"/>
</LocList>
<BasicStmnt CovItemId="S4" CovItemPrefix="devops.hw1.core.AbstractData.java" Intrnl_Id="1103">
<LocList>
<Loc EndOffset="477" SrcFileId="12" StartOffset="459"/>
</LocList>
</BasicStmnt>
</StmntSeq>
</HierarchyLvl>
<HierarchyLvl HierarchyLvlId="957" HierarchyLvlTypeId="20" Intrnl_Id="1104" Name="hashCode">
<Header>
<Loc EndOffset="650" SrcFileId="12" StartOffset="617"/>
</Header>
<LocList>
<Loc EndOffset="844" SrcFileId="12" StartOffset="617"/>
</LocList>
<StmntSeq Intrnl_Id="1105">
<LocList>
<Loc EndOffset="677" SrcFileId="12" StartOffset="656"/>
<Loc EndOffset="696" SrcFileId="12" StartOffset="681"/>
<Loc EndOffset="751" SrcFileId="12" StartOffset="700"/>
<Loc EndOffset="822" SrcFileId="12" StartOffset="755"/>
<Loc EndOffset="840" SrcFileId="12" StartOffset="826"/>
</LocList>
<BasicStmnt CovItemId="S5" CovItemPrefix="devops.hw1.core.AbstractData.java" Intrnl_Id="1106">
<LocList>
<Loc EndOffset="677" SrcFileId="12" StartOffset="656"/>
</LocList>
</BasicStmnt>
<BasicStmnt CovItemId="S6" CovItemPrefix="devops.hw1.core.AbstractData.java" Intrnl_Id="1107">
<LocList>
<Loc EndOffset="696" SrcFileId="12" StartOffset="681"/>
</LocList>
</BasicStmnt>
<BasicStmnt CovItemId="S7" CovItemPrefix="devops.hw1.core.AbstractData.java" Intrnl_Id="1108">
<LocList>
<Loc EndOffset="751" SrcFileId="12" StartOffset="700"/>
</LocList>
</BasicStmnt>
<BasicStmnt CovItemId="S8" CovItemPrefix="devops.hw1.core.AbstractData.java" Intrnl_Id="1109">
<LocList>
<Loc EndOffset="822" SrcFileId="12" StartOffset="755"/>
</LocList>
<QMO CovItemId="Q0" CovItemPrefix="devops.hw1.core.AbstractData.java" Intrnl_Id="1110">
<LocList>
<Loc EndOffset="797" SrcFileId="12" StartOffset="782"/>
</LocList>
<QMO_E CovItemId="Q0-0" CovItemPrefix="devops.hw1.core.AbstractData.java" Intrnl_Id="1111">
<LocList>
<Loc EndOffset="801" SrcFileId="12" StartOffset="800"/>
</LocList>
</QMO_E>
<QMO_E CovItemId="Q0-1" CovItemPrefix="devops.hw1.core.AbstractData.java" Intrnl_Id="1112">
<LocList>
<Loc EndOffset="820" SrcFileId="12" StartOffset="804"/>
</LocList>
</QMO_E>
</QMO>
</BasicStmnt>
<BasicStmnt CovItemId="S9" CovItemPrefix="devops.hw1.core.AbstractData.java" Intrnl_Id="1113">
<LocList>
<Loc EndOffset="840" SrcFileId="12" StartOffset="826"/>
</LocList>
</BasicStmnt>
</StmntSeq>
</HierarchyLvl>
<HierarchyLvl HierarchyLvlId="958" HierarchyLvlTypeId="20" Intrnl_Id="1114" Name="equals">
<Header>
<Loc EndOffset="1091" SrcFileId="12" StartOffset="1046"/>
</Header>
<LocList>
<Loc EndOffset="1502" SrcFileId="12" StartOffset="1046"/>
</LocList>
<StmntSeq Intrnl_Id="1115">
<LocList>
<Loc EndOffset="1130" SrcFileId="12" StartOffset="1097"/>
<Loc EndOffset="1168" SrcFileId="12" StartOffset="1134"/>
<Loc EndOffset="1223" SrcFileId="12" StartOffset="1172"/>
<Loc EndOffset="1309" SrcFileId="12" StartOffset="1229"/>
<Loc EndOffset="1350" SrcFileId="12" StartOffset="1313"/>
<Loc EndOffset="1482" SrcFileId="12" StartOffset="1354"/>
<Loc EndOffset="1498" SrcFileId="12" StartOffset="1486"/>
</LocList>
<CondStmnt CovItemId="S10" CovItemPrefix="devops.hw1.core.AbstractData.java" Intrnl_Id="1116">
<Branch CovItemId="B1" CovItemPrefix="devops.hw1.core.AbstractData.java" Implct="false" Intrnl_Id="1117">
<Cond/>
<LocList>
<Loc EndOffset="1130" SrcFileId="12" StartOffset="1118"/>
</LocList>
<StmntSeq Intrnl_Id="1118">
<LocList>
<Loc EndOffset="1130" SrcFileId="12" StartOffset="1118"/>
</LocList>
<BasicStmnt CovItemId="S11" CovItemPrefix="devops.hw1.core.AbstractData.java" Intrnl_Id="1119">
<LocList>
<Loc EndOffset="1130" SrcFileId="12" StartOffset="1118"/>
</LocList>
</BasicStmnt>
</StmntSeq>
</Branch>
<Branch CovItemId="B2" CovItemPrefix="devops.hw1.core.AbstractData.java" Implct="true" Intrnl_Id="1120">
<Cond/>
<LocList/>
<StmntSeq Intrnl_Id="1121">
<LocList/>
</StmntSeq>
</Branch>
<Keyword EndOffset="1099" SrcFileId="12" StartOffset="1097"/>
<LocList>
<Loc EndOffset="1130" SrcFileId="12" StartOffset="1097"/>
</LocList>
<RootTerm CovItemId="C1" CovItemPrefix="devops.hw1.core.AbstractData.java" Intrnl_Id="1122">
<BasicBoolTerm Intrnl_Id="1123">
<LocList>
<Loc EndOffset="1112" SrcFileId="12" StartOffset="1101"/>
</LocList>
</BasicBoolTerm>
</RootTerm>
</CondStmnt>
<CondStmnt CovItemId="S12" CovItemPrefix="devops.hw1.core.AbstractData.java" Intrnl_Id="1124">
<Branch CovItemId="B3" CovItemPrefix="devops.hw1.core.AbstractData.java" Implct="false" Intrnl_Id="1125">
<Cond/>
<LocList>
<Loc EndOffset="1168" SrcFileId="12" StartOffset="1155"/>
</LocList>
<StmntSeq Intrnl_Id="1126">
<LocList>
<Loc EndOffset="1168" SrcFileId="12" StartOffset="1155"/>
</LocList>
<BasicStmnt CovItemId="S13" CovItemPrefix="devops.hw1.core.AbstractData.java" Intrnl_Id="1127">
<LocList>
<Loc EndOffset="1168" SrcFileId="12" StartOffset="1155"/>
</LocList>
</BasicStmnt>
</StmntSeq>
</Branch>
<Branch CovItemId="B4" CovItemPrefix="devops.hw1.core.AbstractData.java" Implct="true" Intrnl_Id="1128">
<Cond/>
<LocList/>
<StmntSeq Intrnl_Id="1129">
<LocList/>
</StmntSeq>
</Branch>
<Keyword EndOffset="1136" SrcFileId="12" StartOffset="1134"/>
<LocList>
<Loc EndOffset="1168" SrcFileId="12" StartOffset="1134"/>
</LocList>
<RootTerm CovItemId="C2" CovItemPrefix="devops.hw1.core.AbstractData.java" Intrnl_Id="1130">
<BasicBoolTerm Intrnl_Id="1131">
<LocList>
<Loc EndOffset="1149" SrcFileId="12" StartOffset="1138"/>
</LocList>
</BasicBoolTerm>
</RootTerm>
</CondStmnt>
<CondStmnt CovItemId="S14" CovItemPrefix="devops.hw1.core.AbstractData.java" Intrnl_Id="1132">
<Branch CovItemId="B5" CovItemPrefix="devops.hw1.core.AbstractData.java" Implct="false" Intrnl_Id="1133">
<Cond/>
<LocList>
<Loc EndOffset="1223" SrcFileId="12" StartOffset="1210"/>
</LocList>
<StmntSeq Intrnl_Id="1134">
<LocList>
<Loc EndOffset="1223" SrcFileId="12" StartOffset="1210"/>
</LocList>
<BasicStmnt CovItemId="S15" CovItemPrefix="devops.hw1.core.AbstractData.java" Intrnl_Id="1135">
<LocList>
<Loc EndOffset="1223" SrcFileId="12" StartOffset="1210"/>
</LocList>
</BasicStmnt>
</StmntSeq>
</Branch>
<Branch CovItemId="B6" CovItemPrefix="devops.hw1.core.AbstractData.java" Implct="true" Intrnl_Id="1136">
<Cond/>
<LocList/>
<StmntSeq Intrnl_Id="1137">
<LocList/>
</StmntSeq>
</Branch>
<Keyword EndOffset="1174" SrcFileId="12" StartOffset="1172"/>
<LocList>
<Loc EndOffset="1223" SrcFileId="12" StartOffset="1172"/>
</LocList>
<RootTerm CovItemId="C3" CovItemPrefix="devops.hw1.core.AbstractData.java" Intrnl_Id="1138">
<BasicBoolTerm Intrnl_Id="1139">
<LocList>
<Loc EndOffset="1204" SrcFileId="12" StartOffset="1176"/>
</LocList>
</BasicBoolTerm>
</RootTerm>
</CondStmnt>
<BasicStmnt CovItemId="S16" CovItemPrefix="devops.hw1.core.AbstractData.java" Intrnl_Id="1140">
<LocList>
<Loc EndOffset="1309" SrcFileId="12" StartOffset="1229"/>
</LocList>
</BasicStmnt>
<CondStmnt CovItemId="S17" CovItemPrefix="devops.hw1.core.AbstractData.java" Intrnl_Id="1141">
<Branch CovItemId="B7" CovItemPrefix="devops.hw1.core.AbstractData.java" Implct="false" Intrnl_Id="1142">
<Cond/>
<LocList>
<Loc EndOffset="1350" SrcFileId="12" StartOffset="1337"/>
</LocList>
<StmntSeq Intrnl_Id="1143">
<LocList>
<Loc EndOffset="1350" SrcFileId="12" StartOffset="1337"/>
</LocList>
<BasicStmnt CovItemId="S18" CovItemPrefix="devops.hw1.core.AbstractData.java" Intrnl_Id="1144">
<LocList>
<Loc EndOffset="1350" SrcFileId="12" StartOffset="1337"/>
</LocList>
</BasicStmnt>
</StmntSeq>
</Branch>
<Branch CovItemId="B8" CovItemPrefix="devops.hw1.core.AbstractData.java" Implct="true" Intrnl_Id="1145">
<Cond/>
<LocList/>
<StmntSeq Intrnl_Id="1146">
<LocList/>
</StmntSeq>
</Branch>
<Keyword EndOffset="1315" SrcFileId="12" StartOffset="1313"/>
<LocList>
<Loc EndOffset="1350" SrcFileId="12" StartOffset="1313"/>
</LocList>
<RootTerm CovItemId="C4" CovItemPrefix="devops.hw1.core.AbstractData.java" Intrnl_Id="1147">
<BasicBoolTerm Intrnl_Id="1148">
<LocList>
<Loc EndOffset="1331" SrcFileId="12" StartOffset="1317"/>
</LocList>
</BasicBoolTerm>
</RootTerm>
</CondStmnt>
<CondStmnt CovItemId="S19" CovItemPrefix="devops.hw1.core.AbstractData.java" Intrnl_Id="1149">
<Branch CovItemId="B9" CovItemPrefix="devops.hw1.core.AbstractData.java" Implct="false" Intrnl_Id="1150">
<Cond/>
<LocList>
<Loc EndOffset="1427" SrcFileId="12" StartOffset="1373"/>
</LocList>
<StmntSeq Intrnl_Id="1151">
<LocList>
<Loc EndOffset="1422" SrcFileId="12" StartOffset="1379"/>
</LocList>
<CondStmnt CovItemId="S20" CovItemPrefix="devops.hw1.core.AbstractData.java" Intrnl_Id="1152">
<Branch CovItemId="B11" CovItemPrefix="devops.hw1.core.AbstractData.java" Implct="false" Intrnl_Id="1153">
<Cond/>
<LocList>
<Loc EndOffset="1422" SrcFileId="12" StartOffset="1409"/>
</LocList>
<StmntSeq Intrnl_Id="1154">
<LocList>
<Loc EndOffset="1422" SrcFileId="12" StartOffset="1409"/>
</LocList>
<BasicStmnt CovItemId="S21" CovItemPrefix="devops.hw1.core.AbstractData.java" Intrnl_Id="1155">
<LocList>
<Loc EndOffset="1422" SrcFileId="12" StartOffset="1409"/>
</LocList>
</BasicStmnt>
</StmntSeq>
</Branch>
<Branch CovItemId="B12" CovItemPrefix="devops.hw1.core.AbstractData.java" Implct="true" Intrnl_Id="1156">
<Cond/>
<LocList/>
<StmntSeq Intrnl_Id="1157">
<LocList/>
</StmntSeq>
</Branch>
<Keyword EndOffset="1381" SrcFileId="12" StartOffset="1379"/>
<LocList>
<Loc EndOffset="1422" SrcFileId="12" StartOffset="1379"/>
</LocList>
<RootTerm CovItemId="C6" CovItemPrefix="devops.hw1.core.AbstractData.java" Intrnl_Id="1158">
<BasicBoolTerm Intrnl_Id="1159">
<LocList>
<Loc EndOffset="1402" SrcFileId="12" StartOffset="1383"/>
</LocList>
</BasicBoolTerm>
</RootTerm>
</CondStmnt>
</StmntSeq>
</Branch>
<Branch CovItemId="B10" CovItemPrefix="devops.hw1.core.AbstractData.java" Implct="false" Intrnl_Id="1160">
<Cond>
<Loc EndOffset="1432" SrcFileId="12" StartOffset="1428"/>
</Cond>
<LocList>
<Loc EndOffset="1482" SrcFileId="12" StartOffset="1433"/>
</LocList>
<StmntSeq Intrnl_Id="1161">
<LocList>
<Loc EndOffset="1482" SrcFileId="12" StartOffset="1433"/>
</LocList>
<CondStmnt CovItemId="S22" CovItemPrefix="devops.hw1.core.AbstractData.java" Intrnl_Id="1162">
<Branch CovItemId="B13" CovItemPrefix="devops.hw1.core.AbstractData.java" Implct="false" Intrnl_Id="1163">
<Cond/>
<LocList>
<Loc EndOffset="1482" SrcFileId="12" StartOffset="1469"/>
</LocList>
<StmntSeq Intrnl_Id="1164">
<LocList>
<Loc EndOffset="1482" SrcFileId="12" StartOffset="1469"/>
</LocList>
<BasicStmnt CovItemId="S23" CovItemPrefix="devops.hw1.core.AbstractData.java" Intrnl_Id="1165">
<LocList>
<Loc EndOffset="1482" SrcFileId="12" StartOffset="1469"/>
</LocList>
</BasicStmnt>
</StmntSeq>
</Branch>
<Branch CovItemId="B14" CovItemPrefix="devops.hw1.core.AbstractData.java" Implct="true" Intrnl_Id="1166">
<Cond/>
<LocList/>
<StmntSeq Intrnl_Id="1167">
<LocList/>
</StmntSeq>
</Branch>
<Keyword EndOffset="1435" SrcFileId="12" StartOffset="1433"/>
<LocList>
<Loc EndOffset="1482" SrcFileId="12" StartOffset="1433"/>
</LocList>
<RootTerm CovItemId="C7" CovItemPrefix="devops.hw1.core.AbstractData.java" Intrnl_Id="1168">
<OpTerm BooleanOpId="15" Intrnl_Id="1169">
<BasicBoolTerm Intrnl_Id="1170">
<LocList>
<Loc EndOffset="1463" SrcFileId="12" StartOffset="1438"/>
</LocList>
</BasicBoolTerm>
<LocList>
<Loc EndOffset="1438" SrcFileId="12" StartOffset="1437"/>
</LocList>
</OpTerm>
</RootTerm>
</CondStmnt>
</StmntSeq>
</Branch>
<Keyword EndOffset="1356" SrcFileId="12" StartOffset="1354"/>
<LocList>
<Loc EndOffset="1482" SrcFileId="12" StartOffset="1354"/>
</LocList>
<RootTerm CovItemId="C5" CovItemPrefix="devops.hw1.core.AbstractData.java" Intrnl_Id="1171">
<BasicBoolTerm Intrnl_Id="1172">
<LocList>
<Loc EndOffset="1371" SrcFileId="12" StartOffset="1358"/>
</LocList>
</BasicBoolTerm>
</RootTerm>
</CondStmnt>
<BasicStmnt CovItemId="S24" CovItemPrefix="devops.hw1.core.AbstractData.java" Intrnl_Id="1173">
<LocList>
<Loc EndOffset="1498" SrcFileId="12" StartOffset="1486"/>
</LocList>
</BasicStmnt>
</StmntSeq>
</HierarchyLvl>
<HierarchyLvl HierarchyLvlId="959" HierarchyLvlTypeId="20" Intrnl_Id="1174" Name="compareTo">
<Header>
<Loc EndOffset="1550" SrcFileId="12" StartOffset="1509"/>
</Header>
<LocList>
<Loc EndOffset="1551" SrcFileId="12" StartOffset="1509"/>
</LocList>
</HierarchyLvl>
</HierarchyLvl>
</HierarchyLvl>
</HierarchyLvl>
</HierarchyLvl>
</HierarchyLvl>
</MASTRoot>
</TestSessionContainer>
