<?xml version="1.0" encoding="UTF-8"?><TestSessionContainer xmlns="http://www.codecover.org/xml/testsession-container" Date="1461457091227" TestSessionContainerId="1084ec4a-c63a-4d2f-888c-b6d8ef09d228" version="1.0">
<SrcFileList>
<SrcFile Content="package devops.hw1.core;&#13;&#10;&#13;&#10;import java.util.ArrayList;&#13;&#10;/**&#13;&#10; * Represents the zones in MTG&#13;&#10; *&#13;&#10; */&#13;&#10;public enum Zone {&#13;&#10;&#9;BATTLE_FIELD,&#13;&#10;&#9;GRAVEYARD,&#13;&#10;&#9;LIBRARY,&#13;&#10;&#9;HAND,&#13;&#10;&#9;EXILE,&#13;&#10;&#9;BATTLE_FIELD1,&#13;&#10;&#9;GRAVEYARD1,&#13;&#10;&#9;LIBRARY1,&#13;&#10;&#9;HAND1,&#13;&#10;&#9;EXILE1&#13;&#10;&#9;;&#13;&#10;&#13;&#10;&#9;private ArrayList&lt;Card&gt; cards = new ArrayList&lt;Card&gt;();&#13;&#10;&#13;&#10;&#9;/**&#13;&#10;&#9; * Adds a card to the zone at the given index&#13;&#10;&#9; * @param c card to add&#13;&#10;&#9; * @param i index to place card&#13;&#10;&#9; */&#13;&#10;&#9;public void addCard(Card c, int i){&#13;&#10;&#9;&#9;if(i &gt; this.getSize() || i &lt; 0) {&#13;&#10;&#9;&#9;&#9;throw new IndexOutOfBoundsException(&quot;Index &quot; + i + &quot; is not valid for the &quot; + this + &quot; zone&quot;);&#13;&#10;&#9;&#9;}&#13;&#10;&#9;&#9;this.cards.add(i, c);&#13;&#10;&#9;}&#13;&#10;&#13;&#10;&#9;/**&#13;&#10;&#9; * Determines if the zone contains a card with the given name&#13;&#10;&#9; * @param name name of the card to look for&#13;&#10;&#9; * @return true if the card is found in the zone, false otherwise&#13;&#10;&#9; */&#13;&#10;&#9;public Boolean contains(String name) {&#13;&#10;&#9;&#9;for (Card c : this.cards){&#13;&#10;&#9;&#9;&#9;if(c.getName().equals(name))&#13;&#10;&#9;&#9;&#9;&#9;return true;&#13;&#10;&#9;&#9;}&#13;&#10;&#9;&#9;return false;&#13;&#10;&#9;}&#13;&#10;&#13;&#10;&#9;/**&#13;&#10;&#9; * empties all contents from the zone&#13;&#10;&#9; */&#13;&#10;&#9;public void empty() {&#13;&#10;&#9;&#9;this.cards.clear();&#13;&#10;&#13;&#10;&#9;}&#13;&#10;&#13;&#10;&#9;/**&#13;&#10;&#9; *&#13;&#10;&#9; * @return an array of cards that are within the zone&#13;&#10;&#9; */&#13;&#10;&#9;public Card[] getCards(){&#13;&#10;&#13;&#10;&#9;&#9;return this.cards.toArray(new Card[0]);&#13;&#10;&#9;}&#13;&#10;&#13;&#10;&#9;/**&#13;&#10;&#9; * Gets the index of the first occurrence of the given card&#13;&#10;&#9; * @param name name of card&#13;&#10;&#9; * @return index of the card in the zone&#13;&#10;&#9; */&#13;&#10;&#9;public int getIndex(String name) {&#13;&#10;&#9;&#9;int i = 0;&#13;&#10;&#9;&#9;for (Card c : this.cards){&#13;&#10;&#9;&#9;&#9;if(name.equals(c.getName()))&#13;&#10;&#9;&#9;&#9;&#9;return i;&#13;&#10;&#9;&#9;&#9;i++;&#13;&#10;&#9;&#9;}&#13;&#10;&#9;&#9;return -1;&#13;&#10;&#9;}&#13;&#10;&#13;&#10;&#13;&#10;&#9;/**&#13;&#10;&#9; *&#13;&#10;&#9; * @return the number of cards in the zone&#13;&#10;&#9; */&#13;&#10;&#9;public int getSize() {&#13;&#10;&#9;&#9;return this.cards.size();&#13;&#10;&#9;}&#13;&#10;&#13;&#10;&#13;&#10;&#9;/**&#13;&#10;&#9; * Removes the card at the given index from the zone&#13;&#10;&#9; * @param i index of card to remove&#13;&#10;&#9; */&#13;&#10;&#9;public void remove(int i)  throws IndexOutOfBoundsException {&#13;&#10;&#9;&#9;if(i&gt;= this.getSize()) {&#13;&#10;&#9;&#9;&#9;throw new IndexOutOfBoundsException(&quot;No object exists in the &quot; + this + &quot; zone at index &quot; + i);&#13;&#10;&#9;&#9;}&#13;&#10;&#9;&#9;this.cards.remove(i);&#13;&#10;&#13;&#10;&#9;}&#13;&#10;&#13;&#10;&#13;&#10;}&#13;&#10;" Filename="Zone.java" Intrnl_Id="1"/>
<SrcFile Content="package devops.hw1.core;&#13;&#10;&#13;&#10;public class SMELParser {&#13;&#10;&#13;&#10;&#9;String cost;&#13;&#10;&#9;&#13;&#10;&#9;public SMELParser(String smel) {&#13;&#10;&#9;&#9;if (smel == &quot;&quot; || smel == null)&#13;&#10;&#9;&#9;&#9;return;&#13;&#10;&#9;&#9;&#13;&#10;&#9;&#9;int start = smel.indexOf('{') + 1;&#13;&#10;&#9;&#9;int end = smel.indexOf('}');&#13;&#10;&#9;&#9;this.cost = (String) smel.subSequence(start, end);&#13;&#10;&#9;&#9;&#13;&#10;&#13;&#10;&#9;}&#13;&#10;&#13;&#10;&#9;public String getCost() {&#13;&#10;&#9;&#9;if (this.cost == null)&#13;&#10;&#9;&#9;&#9;throw new RuntimeException(&quot;SMEL: no cost&quot;);&#13;&#10;&#9;&#9;&#13;&#10;&#9;&#9;return this.cost;&#13;&#10;&#9;}&#13;&#10;&#13;&#10;}&#13;&#10;" Filename="SMELParser.java" Intrnl_Id="2"/>
<SrcFile Content="package devops.hw1.core;&#13;&#10;/**&#13;&#10; * Represents the various phases in MTG&#13;&#10; *&#13;&#10; */&#13;&#10;public enum Phase {&#13;&#10;&#9;UNTAP1 {&#13;&#10;        @Override&#13;&#10;        public String toString() {&#13;&#10;            return &quot;Untap&quot;;&#13;&#10;        }&#13;&#10;    },&#13;&#10;&#9;UPKEEP1 {&#13;&#10;        @Override&#13;&#10;        public String toString() {&#13;&#10;            return &quot;Upkeep&quot;;&#13;&#10;        }&#13;&#10;    },&#13;&#10;&#9;DRAW1 {&#13;&#10;        @Override&#13;&#10;        public String toString() {&#13;&#10;            return &quot;Draw&quot;;&#13;&#10;        }&#13;&#10;    },&#13;&#10;&#9;FIRST_MAIN1 {&#13;&#10;        @Override&#13;&#10;        public String toString() {&#13;&#10;            return &quot;Main 1&quot;;&#13;&#10;        }&#13;&#10;    },&#13;&#10;&#9;START_COMBAT1 {&#13;&#10;        @Override&#13;&#10;        public String toString() {&#13;&#10;            return &quot;Begin Combat&quot;;&#13;&#10;        }&#13;&#10;    },&#13;&#10;&#9;DECLARE_ATTACKERS1 {&#13;&#10;        @Override&#13;&#10;        public String toString() {&#13;&#10;            return &quot;Declare Attacks&quot;;&#13;&#10;        }&#13;&#10;    },&#13;&#10;&#9;DECLARE_BLOCKERS1 {&#13;&#10;        @Override&#13;&#10;        public String toString() {&#13;&#10;            return &quot;Declare Blocks&quot;;&#13;&#10;        }&#13;&#10;    },&#13;&#10;&#9;COMBAT_DAMAGE1 {&#13;&#10;        @Override&#13;&#10;        public String toString() {&#13;&#10;            return &quot;Combat Damage&quot;;&#13;&#10;        }&#13;&#10;    },&#13;&#10;&#9;END_OF_COMBAT1 {&#13;&#10;        @Override&#13;&#10;        public String toString() {&#13;&#10;            return &quot;End Combat&quot;;&#13;&#10;        }&#13;&#10;    },&#13;&#10;&#9;SECOND_MAIN1 {&#13;&#10;        @Override&#13;&#10;        public String toString() {&#13;&#10;            return &quot;Main 2&quot;;&#13;&#10;        }&#13;&#10;    },&#13;&#10;&#9;END1 {&#13;&#10;        @Override&#13;&#10;        public String toString() {&#13;&#10;            return &quot;End Turn&quot;;&#13;&#10;        }&#13;&#10;    },&#13;&#10;&#9;CLEANUP1 {&#13;&#10;        @Override&#13;&#10;        public String toString() {&#13;&#10;            return &quot;Cleanup&quot;;&#13;&#10;        }&#13;&#10;    },&#13;&#10;&#9;UNTAP2 {&#13;&#10;        @Override&#13;&#10;        public String toString() {&#13;&#10;            return &quot;Untap&quot;;&#13;&#10;        }&#13;&#10;    },&#13;&#10;&#9;UPKEEP2 {&#13;&#10;        @Override&#13;&#10;        public String toString() {&#13;&#10;            return &quot;Upkeep&quot;;&#13;&#10;        }&#13;&#10;    },&#13;&#10;&#9;DRAW2 {&#13;&#10;        @Override&#13;&#10;        public String toString() {&#13;&#10;            return &quot;Draw&quot;;&#13;&#10;        }&#13;&#10;    },&#13;&#10;&#9;FIRST_MAIN2 {&#13;&#10;        @Override&#13;&#10;        public String toString() {&#13;&#10;            return &quot;Main 1&quot;;&#13;&#10;        }&#13;&#10;    },&#13;&#10;&#9;START_COMBAT2 {&#13;&#10;        @Override&#13;&#10;        public String toString() {&#13;&#10;            return &quot;Begin Combat&quot;;&#13;&#10;        }&#13;&#10;    },&#13;&#10;&#9;DECLARE_ATTACKERS2 {&#13;&#10;        @Override&#13;&#10;        public String toString() {&#13;&#10;            return &quot;Declare Attacks&quot;;&#13;&#10;        }&#13;&#10;    },&#13;&#10;&#9;DECLARE_BLOCKERS2 {&#13;&#10;        @Override&#13;&#10;        public String toString() {&#13;&#10;            return &quot;Declare Blocks&quot;;&#13;&#10;        }&#13;&#10;    },&#13;&#10;&#9;COMBAT_DAMAGE2 {&#13;&#10;        @Override&#13;&#10;        public String toString() {&#13;&#10;            return &quot;Combat Damage&quot;;&#13;&#10;        }&#13;&#10;    },&#13;&#10;&#9;END_OF_COMBAT2 {&#13;&#10;        @Override&#13;&#10;        public String toString() {&#13;&#10;            return &quot;End Combat&quot;;&#13;&#10;        }&#13;&#10;    },&#13;&#10;&#9;SECOND_MAIN2 {&#13;&#10;        @Override&#13;&#10;        public String toString() {&#13;&#10;            return &quot;Main 2&quot;;&#13;&#10;        }&#13;&#10;    },&#13;&#10;&#9;END2 {&#13;&#10;        @Override&#13;&#10;        public String toString() {&#13;&#10;            return &quot;End Turn&quot;;&#13;&#10;        }&#13;&#10;    },&#13;&#10;&#9;CLEANUP2 {&#13;&#10;        @Override&#13;&#10;        public String toString() {&#13;&#10;            return &quot;Cleanup&quot;;&#13;&#10;        }&#13;&#10;    };&#13;&#10;}&#13;&#10;" Filename="Phase.java" Intrnl_Id="3"/>
<SrcFile Content="package devops.hw1.core;&#13;&#10;&#13;&#10;public class NumericData extends AbstractData&lt;Long&gt; {&#13;&#10;&#13;&#10;&#9;public NumericData(long id, Long value) {&#13;&#10;&#9;&#9;super(id, value);&#13;&#10;&#9;}&#13;&#10;&#13;&#10;&#9;/**&#13;&#10;&#9; * This method compares the current object's value to the value of another object implementing the same interface&#13;&#10;&#9; * @param other the other object being compared to&#13;&#10;&#9; * @return 1 if this object is comparatively greater than the other, 0 if they are comparatively equivalent, and -1 if the other is comparatively greater than this object&#13;&#10;&#9; */&#13;&#10;&#9;@Override&#13;&#10;&#9;public int compareTo(IData&lt;Long&gt; other) {&#13;&#10;&#9;&#9;if(this.equals(other))&#13;&#10;&#9;&#9;&#9;return 0;&#13;&#10;&#9;&#9;&#13;&#10;&#9;&#9;Long myValue = this.getValue();&#13;&#10;&#9;&#9;Long otherValue = other.getValue();&#13;&#10;&#9;&#9;&#13;&#10;&#9;&#9;if(myValue &gt; otherValue)&#13;&#10;&#9;&#9;&#9;return 1;&#13;&#10;&#9;&#9;&#13;&#10;&#9;&#9;return -1;&#13;&#10;&#9;}&#13;&#10;}&#13;&#10;" Filename="NumericData.java" Intrnl_Id="4"/>
<SrcFile Content="package devops.hw1.core;&#13;&#10;&#13;&#10;/**&#13;&#10; * Represents the mana pool for both players&#13;&#10; *&#13;&#10; */&#13;&#10;public enum ManaPool {&#13;&#10;&#9;WHITE1,&#13;&#10;&#9;BLUE1,&#13;&#10;&#9;BLACK1,&#13;&#10;&#9;RED1,&#13;&#10;&#9;GREEN1,&#13;&#10;&#9;COLORLESS1,&#13;&#10;&#9;WHITE2,&#13;&#10;&#9;BLUE2,&#13;&#10;&#9;BLACK2,&#13;&#10;&#9;RED2,&#13;&#10;&#9;GREEN2,&#13;&#10;&#9;COLORLESS2;&#13;&#10;&#13;&#10;&#9;int amount;&#13;&#10;&#9;/**&#13;&#10;&#9; * Returns the total amount of mana in the pool&#13;&#10;&#9; * @return amount of mana in the pool&#13;&#10;&#9; */&#13;&#10;&#9;public int getAmount() {&#13;&#10;&#9;&#9;return this.amount;&#13;&#10;&#9;}&#13;&#10;&#13;&#10;&#9;/**&#13;&#10;&#9; * Adds mana to the mana pool&#13;&#10;&#9; * @param i amount of mana to be added&#13;&#10;&#9; */&#13;&#10;&#9;public void add(int i) {&#13;&#10;&#9;&#9;this.amount = this.amount + i;&#13;&#10;&#9;}&#13;&#10;&#13;&#10;&#9;/**&#13;&#10;&#9; * Removes mana from the mana pool&#13;&#10;&#9; * @param i amount of mana to be removed&#13;&#10;&#9; */&#13;&#10;&#9;public void remove(int i) {&#13;&#10;&#9;&#9;this.amount = this.amount - i;&#13;&#10;&#9;}&#13;&#10;&#13;&#10;&#9;/**&#13;&#10;&#9; * Empty the mana pool&#13;&#10;&#9; */&#13;&#10;&#9;public void empty() {&#13;&#10;&#9;&#9;this.amount = 0;&#13;&#10;&#9;}&#13;&#10;&#13;&#10;&#9;/**&#13;&#10;&#9; * Empties the mana from all mana pools&#13;&#10;&#9; */&#13;&#10;&#9;public static void emptyMana(){&#13;&#10;&#9;&#9;ManaPool.WHITE1.empty();&#13;&#10;&#9;&#9;ManaPool.BLUE1.empty();&#13;&#10;&#9;&#9;ManaPool.BLACK1.empty();&#13;&#10;&#9;&#9;ManaPool.RED1.empty();&#13;&#10;&#9;&#9;ManaPool.GREEN1.empty();&#13;&#10;&#9;&#9;ManaPool.COLORLESS1.empty();&#13;&#10;&#9;&#9;ManaPool.WHITE2.empty();&#13;&#10;&#9;&#9;ManaPool.BLUE2.empty();&#13;&#10;&#9;&#9;ManaPool.BLACK2.empty();&#13;&#10;&#9;&#9;ManaPool.RED2.empty();&#13;&#10;&#9;&#9;ManaPool.GREEN2.empty();&#13;&#10;&#9;&#9;ManaPool.COLORLESS2.empty();&#13;&#10;&#9;}&#13;&#10;&#13;&#10;&#9;/**&#13;&#10;&#9; * easy way to select a mana pool to prevent duplicate code&#13;&#10;&#9; * @param color color of mana pool (wubrgc)&#13;&#10;&#9; * @param player True if player 1, false otherwise&#13;&#10;&#9; * @return ManaPool of player&#13;&#10;&#9; */&#13;&#10;&#9;public static ManaPool getPool(char color, boolean player){&#13;&#10;&#9;&#9;switch(Character.toLowerCase(color)){&#13;&#10;&#9;&#9;case 'w':&#13;&#10;&#9;&#9;&#9;if (player)&#13;&#10;&#9;&#9;&#9;&#9;return ManaPool.WHITE1;&#13;&#10;&#13;&#10;&#9;&#9;&#9;return ManaPool.WHITE2;&#13;&#10;&#13;&#10;&#9;&#9;case 'u':&#13;&#10;&#9;&#9;&#9;if (player)&#13;&#10;&#9;&#9;&#9;&#9;return ManaPool.BLUE1;&#13;&#10;&#13;&#10;&#9;&#9;&#9;return ManaPool.BLUE2;&#13;&#10;&#13;&#10;&#9;&#9;case 'b':&#13;&#10;&#9;&#9;&#9;if (player)&#13;&#10;&#9;&#9;&#9;&#9;return ManaPool.BLACK1;&#13;&#10;&#13;&#10;&#9;&#9;&#9;return ManaPool.BLACK2;&#13;&#10;&#13;&#10;&#9;&#9;case 'r':&#13;&#10;&#9;&#9;&#9;if (player)&#13;&#10;&#9;&#9;&#9;&#9;return ManaPool.RED1;&#13;&#10;&#13;&#10;&#9;&#9;&#9;return ManaPool.RED2;&#13;&#10;&#9;&#9;case 'g':&#13;&#10;&#9;&#9;&#9;if (player)&#13;&#10;&#9;&#9;&#9;&#9;return ManaPool.GREEN1;&#13;&#10;&#13;&#10;&#9;&#9;&#9;return ManaPool.GREEN2;&#13;&#10;&#13;&#10;&#9;&#9;case 'c':&#13;&#10;&#9;&#9;&#9;if (player)&#13;&#10;&#9;&#9;&#9;&#9;return ManaPool.COLORLESS1;&#13;&#10;&#13;&#10;&#9;&#9;&#9;return ManaPool.COLORLESS2;&#13;&#10;&#13;&#10;&#9;&#9;default:&#13;&#10;&#9;&#9;&#9;throw new IllegalArgumentException(&quot;invalid color '&quot; + color + &quot;'&quot;);&#13;&#10;&#13;&#10;&#9;&#9;}&#13;&#10;&#9;}&#13;&#10;}&#13;&#10;" Filename="ManaPool.java" Intrnl_Id="5"/>
<SrcFile Content="package devops.hw1.core;&#13;&#10;&#13;&#10;import java.awt.event.ComponentAdapter;&#13;&#10;import java.awt.event.ComponentEvent;&#13;&#10;import java.util.ArrayList;&#13;&#10;&#13;&#10;import javax.swing.JFrame;&#13;&#10;&#13;&#10;/**&#13;&#10; * Main MTG Duel Deck class that runs the rest of the game.&#13;&#10; */&#13;&#10;public class MTGDuelDecks {&#13;&#10;&#9;public static final String MOUNTAIN_PATH = &quot;res/Mountain.jpg&quot;;&#13;&#10;&#9;public static final String FOREST_PATH = &quot;res/Forest.jpg&quot;;&#13;&#10;&#9;public static final String LLANOWAR_ELVES_PATH = &quot;res/Llanowar_Elves.jpg&quot;;&#13;&#10;&#9;public static final String TARFIRE_PATH = &quot;res/Tarfire.jpg&quot;;&#13;&#10;&#13;&#10;&#9;/**&#13;&#10;&#9; * Main method that runs the game and sets up the GUI frame.&#13;&#10;&#9; * @param args&#13;&#10;&#9; */&#13;&#10;&#9;public static void main(String[] args){&#13;&#10;&#9;&#9;Backend bkd = Backend.getInstance();&#13;&#10;&#9;&#9;setUpJFrame(bkd);&#13;&#10;&#13;&#10;&#9;&#9;initializePlayer();&#13;&#10;&#9;&#9;initializePlayer1();&#13;&#10;&#9;}&#13;&#10;&#13;&#10;&#13;&#10;&#9;/**&#13;&#10;&#9; * Initializes the game data for the first player&#13;&#10;&#9; *&#13;&#10;&#9; */&#13;&#10;&#9;private static void initializePlayer() {&#13;&#10;&#9;&#9;//Test&#13;&#10;&#9;&#9;Zone.GRAVEYARD.addCard(new Card(&quot;Grave&quot;, &quot;&quot;, &quot;&quot;, &quot;&quot;, &quot;&quot;, &#13;&#10;&#9;&#9;&#9;&#9;new ArrayList&lt;String&gt;(), 0, 0, &quot;&quot;, false), 0);&#13;&#10;&#9;&#9;Zone.LIBRARY.addCard(new Card(&quot;Libr&quot;, &quot;&quot;, &quot;&quot;, &quot;&quot;, &quot;&quot;, &#13;&#10;&#9;&#9;&#9;&#9;new ArrayList&lt;String&gt;(), 0, 0, &quot;&quot;, false), 0);&#13;&#10;&#13;&#10;&#9;&#9;Card hand1 = new Card(&quot;Hand1&quot;, &quot;&quot;, &quot;&quot;, &quot;&quot;, &quot;T:G&quot;, &#13;&#10;&#9;&#9;&#9;&#9;new ArrayList&lt;String&gt;(), 0, 0, FOREST_PATH, false);&#13;&#10;&#13;&#10;&#9;&#9;hand1.addAbility(&quot;Play this card&quot;);&#13;&#10;&#9;&#9;hand1.addAbility(&quot;Tap: Add G to your mana pool&quot;);&#13;&#10;&#13;&#10;&#9;&#9;Zone.HAND.addCard(hand1,0);&#13;&#10;&#13;&#10;&#9;&#9;Card hand2 = new Card(&quot;Hand2&quot;, &quot;&quot;, &quot;&quot;, &quot;&quot;, &quot;T:G&quot;, &#13;&#10;&#9;&#9;&#9;&#9;new ArrayList&lt;String&gt;(), 0, 0, FOREST_PATH, false);&#13;&#10;&#9;&#9;hand2.addAbility(&quot;Play this card&quot;);&#13;&#10;&#9;&#9;hand2.addAbility(&quot;Tap: Add G to your mana pool&quot;);&#13;&#10;&#13;&#10;&#9;&#9;Zone.HAND.addCard(hand2, 0);&#13;&#10;&#13;&#10;&#9;&#9;Card hand3 = new Card(&quot;Arbor elf&quot;, &quot;G&quot;, &quot;G&quot;, &quot;Creature- Elf Druid&quot;, &quot;T:G&quot;, &#13;&#10;&#9;&#9;&#9;&#9;new ArrayList&lt;String&gt;(), 1, 1, LLANOWAR_ELVES_PATH, false);&#13;&#10;&#9;&#9;hand3.addAbility(&quot;Play this card&quot;);&#13;&#10;&#9;&#9;hand3.addAbility(&quot;Tap: Add G to your mana pool&quot;);&#13;&#10;&#13;&#10;&#13;&#10;&#13;&#10;&#9;&#9;Zone.HAND.addCard(hand3, 0);&#13;&#10;&#9;&#9;Zone.HAND.addCard(new Card(&quot;Hand4&quot;, &quot;&quot;, &quot;&quot;, &quot;&quot;, &quot;&quot;, &#13;&#10;&#9;&#9;&#9;&#9;new ArrayList&lt;String&gt;(), 0, 0, &quot;&quot;, false), 0);&#13;&#10;&#9;&#9;Zone.HAND.addCard(new Card(&quot;Hand5&quot;, &quot;&quot;, &quot;&quot;, &quot;&quot;, &quot;&quot;, &#13;&#10;&#9;&#9;&#9;&#9;new ArrayList&lt;String&gt;(), 0, 0, &quot;&quot;, false), 0);&#13;&#10;&#9;&#9;Zone.HAND.addCard(new Card(&quot;Hand6&quot;, &quot;&quot;, &quot;&quot;, &quot;&quot;, &quot;&quot;, &#13;&#10;&#9;&#9;&#9;&#9;new ArrayList&lt;String&gt;(), 0, 0, &quot;&quot;, false), 0);&#13;&#10;&#9;&#9;Zone.HAND.addCard(new Card(&quot;Hand7&quot;, &quot;&quot;, &quot;&quot;, &quot;&quot;, &quot;&quot;, &#13;&#10;&#9;&#9;&#9;&#9;new ArrayList&lt;String&gt;(), 0, 0, &quot;&quot;, false), 0);&#13;&#10;&#9;&#9;Zone.HAND.addCard(new Card(&quot;Hand8&quot;, &quot;&quot;, &quot;&quot;, &quot;&quot;, &quot;&quot;, &#13;&#10;&#9;&#9;&#9;&#9;new ArrayList&lt;String&gt;(), 0, 0, &quot;&quot;, false), 0);&#13;&#10;&#9;&#9;Zone.HAND.addCard(new Card(&quot;Hand9&quot;, &quot;&quot;, &quot;&quot;, &quot;&quot;, &quot;&quot;, &#13;&#10;&#9;&#9;&#9;&#9;new ArrayList&lt;String&gt;(), 0, 0, &quot;&quot;, false), 0);&#13;&#10;&#13;&#10;&#13;&#10;&#13;&#10;&#13;&#10;&#9;&#9;Card BF1 = new Card(&quot;BF1&quot;, &quot;&quot;, &quot;&quot;, &quot;&quot;, &quot;T:G&quot;, &#13;&#10;&#9;&#9;&#9;&#9;new ArrayList&lt;String&gt;(), 0, 0, FOREST_PATH, false);&#13;&#10;&#13;&#10;&#9;&#9;BF1.addAbility(&quot;Play this Card&quot;);&#13;&#10;&#9;&#9;BF1.addAbility(&quot;Tap: Add G to your mana pool&quot;);&#13;&#10;&#9;&#9;Zone.BATTLE_FIELD.addCard(BF1, 0);&#13;&#10;&#13;&#10;&#13;&#10;&#13;&#10;&#9;}&#13;&#10;&#13;&#10;&#13;&#10;&#9;/**&#13;&#10;&#9; * Initializes the game data for the second player&#13;&#10;&#9; *&#13;&#10;&#9; */&#13;&#10;&#9;private static void initializePlayer1() {&#13;&#10;&#9;&#9;//Test&#13;&#10;&#9;&#9;Zone.GRAVEYARD1.addCard(new Card(&quot;Grave&quot;, &quot;&quot;, &quot;&quot;, &quot;&quot;, &quot;&quot;, &#13;&#10;&#9;&#9;&#9;&#9;new ArrayList&lt;String&gt;(), 0, 0, &quot;&quot;, false), 0);&#13;&#10;&#9;&#9;Zone.LIBRARY1.addCard(new Card(&quot;Libr&quot;, &quot;&quot;, &quot;&quot;, &quot;&quot;, &quot;&quot;, &#13;&#10;&#9;&#9;&#9;&#9;new ArrayList&lt;String&gt;(), 0, 0, &quot;&quot;, false), 0);&#13;&#10;&#13;&#10;&#13;&#10;&#9;&#9;Card hand1 = new Card(&quot;Hand11&quot;, &quot;&quot;, &quot;&quot;, &quot;Land&quot;, &quot;T:R&quot;, &#13;&#10;&#9;&#9;&#9;&#9;new ArrayList&lt;String&gt;(), 0, 0, MOUNTAIN_PATH, false);&#13;&#10;&#9;&#9;hand1.addAbility(&quot;Play this card&quot;);&#13;&#10;&#9;&#9;hand1.addAbility(&quot;Tap: Add R to your mana pool&quot;);&#13;&#10;&#13;&#10;&#9;&#9;Card hand2 = new Card(&quot;tarfire&quot;, &quot;R&quot;, &quot;R&quot;, &quot;Instant- Goblin&quot;, &quot;&quot;, &#13;&#10;&#9;&#9;&#9;&#9;new ArrayList&lt;String&gt;(), 0, 0, TARFIRE_PATH, true);&#13;&#10;&#9;&#9;hand2.addAbility(&quot;play this card&quot;);&#13;&#10;&#13;&#10;&#9;&#9;Zone.HAND1.addCard(hand1, 0);&#13;&#10;&#9;&#9;Zone.HAND1.addCard(hand2, 0);&#13;&#10;&#9;&#9;Zone.HAND1.addCard(new Card(&quot;Hand3&quot;, &quot;&quot;, &quot;&quot;, &quot;&quot;, &quot;&quot;, &#13;&#10;&#9;&#9;&#9;&#9;new ArrayList&lt;String&gt;(), 0, 0, &quot;&quot;, false), 0);&#13;&#10;&#9;&#9;Zone.HAND1.addCard(new Card(&quot;Hand4&quot;, &quot;&quot;, &quot;&quot;, &quot;&quot;, &quot;&quot;, &#13;&#10;&#9;&#9;&#9;&#9;new ArrayList&lt;String&gt;(), 0, 0, &quot;&quot;, false), 0);&#13;&#10;&#9;&#9;Zone.HAND1.addCard(new Card(&quot;Hand5&quot;, &quot;&quot;, &quot;&quot;, &quot;&quot;, &quot;&quot;, &#13;&#10;&#9;&#9;&#9;&#9;new ArrayList&lt;String&gt;(), 0, 0, &quot;&quot;, false), 0);&#13;&#10;&#9;&#9;Zone.HAND1.addCard(new Card(&quot;Hand6&quot;, &quot;&quot;, &quot;&quot;, &quot;&quot;, &quot;&quot;, &#13;&#10;&#9;&#9;&#9;&#9;new ArrayList&lt;String&gt;(), 0, 0, &quot;&quot;, false), 0);&#13;&#10;&#9;&#9;Zone.HAND1.addCard(new Card(&quot;Hand7&quot;, &quot;&quot;, &quot;&quot;, &quot;&quot;, &quot;&quot;, &#13;&#10;&#9;&#9;&#9;&#9;new ArrayList&lt;String&gt;(), 0, 0, &quot;&quot;, false), 0);&#13;&#10;&#13;&#10;&#9;&#9;Card BF2 = new Card(&quot;BF2&quot;, &quot;&quot;, &quot;&quot;, &quot;&quot;, &quot;T:R&quot;, &#13;&#10;&#9;&#9;&#9;&#9;new ArrayList&lt;String&gt;(), 0, 0, MOUNTAIN_PATH, false);&#13;&#10;&#9;&#9;BF2.addAbility(&quot;Play this card&quot;);&#13;&#10;&#9;&#9;BF2.addAbility(&quot;Tap: Add R to your mana pool&quot;);&#13;&#10;&#9;&#9;Zone.BATTLE_FIELD1.addCard(BF2, 0);&#13;&#10;&#13;&#10;&#13;&#10;&#9;}&#13;&#10;&#13;&#10;&#13;&#10;&#13;&#10;&#13;&#10;&#9;/**&#13;&#10;&#9; * Sets up the JFrame to include all the default values for the game&#13;&#10;&#9; * @return initialized game JFrame&#13;&#10;&#9; */&#13;&#10;&#9;private static JFrame setUpJFrame(Backend bkd){&#13;&#10;&#9;&#9;final JFrame Frame = new JFrame();&#13;&#10;&#9;&#9;Frame.setDefaultCloseOperation(JFrame.EXIT_ON_CLOSE);&#13;&#10;&#9;&#9;Frame.setVisible(true);&#13;&#10;&#9;&#9;Frame.setTitle(&quot;MTG Duel Decks&quot;);&#13;&#10;&#9;&#9;Frame.setExtendedState(JFrame.MAXIMIZED_BOTH);&#13;&#10;&#9;&#9;final MTGComponent MTGComp = new MTGComponent(Frame.getContentPane().getWidth(), Frame.getContentPane().getHeight(), bkd);&#13;&#10;&#9;&#9;Frame.add(MTGComp);&#13;&#10;&#9;&#9;Frame.addComponentListener(new ComponentAdapter() {&#13;&#10;&#9;&#9;&#9;@Override&#13;&#10;&#9;&#9;&#9;public void componentResized(ComponentEvent e) {&#13;&#10;&#9;&#9;&#9;&#9;MTGComp.setWindowX(Frame.getContentPane().getWidth());&#13;&#10;&#9;&#9;&#9;&#9;MTGComp.setWindowY(Frame.getContentPane().getHeight());&#13;&#10;&#9;&#9;&#9;}&#13;&#10;&#9;&#9;});&#13;&#10;&#9;&#9;ClickHandler ch = new ClickHandler(MTGComp);&#13;&#10;&#9;&#9;KeyBoardHandler kb = new KeyBoardHandler(MTGComp);&#13;&#10;&#9;&#9;Frame.addKeyListener(kb);&#13;&#10;&#9;&#9;Frame.addMouseListener(ch);&#13;&#10;&#9;&#9;return Frame;&#13;&#10;&#9;}&#13;&#10;}&#13;&#10;" Filename="MTGDuelDecks.java" Intrnl_Id="6"/>
<SrcFile Content="package devops.hw1.core;&#13;&#10;&#13;&#10;import java.awt.Color;&#13;&#10;import java.awt.Font;&#13;&#10;import java.awt.Graphics;&#13;&#10;import java.awt.Graphics2D;&#13;&#10;import java.awt.Rectangle;&#13;&#10;import java.awt.geom.AffineTransform;&#13;&#10;import java.awt.image.AffineTransformOp;&#13;&#10;import java.awt.image.BufferedImage;&#13;&#10;import java.util.ArrayList;&#13;&#10;&#13;&#10;import javax.swing.JComponent;&#13;&#10;&#13;&#10;/**&#13;&#10; * The component that draws everything for the game.&#13;&#10; * @author malinocr&#13;&#10; *&#13;&#10; */&#13;&#10;@SuppressWarnings(&quot;serial&quot;)&#13;&#10;public class MTGComponent extends JComponent{&#13;&#10;&#9;private static final double BASE_HAND_CARDS_POSITION = 0;&#13;&#10;&#9;private static final double BASE_HAND1_CARDS_POSITION = 0.9;&#13;&#10;&#9;private static final double BASE_BATTLEFIELD_CARDS_POSITION = 0.1;&#13;&#10;&#9;private static final double BASE_BATTLEFIELD1_CARDS_POSITION = 0.8;&#13;&#10;&#9;private static final double CENTER_LINE_X_POSITION = 0.5;&#13;&#10;&#9;private static final int CENTER_LINE_Y_POSITION = 0;&#13;&#10;&#9;private static final double SIDEBAR_WIDTH = 0.1;&#13;&#10;&#9;private static final double HAND_HEIGHT = 0.8;&#13;&#10;&#9;private static final double EXILE_HEIGHT = 0.1;&#13;&#10;&#9;private static final double LIBRARY_HEIGHT = 0.1;&#13;&#10;&#9;private static final double SIDEBAR1_X_POSITION = 0;&#13;&#10;&#9;private static final double SIDEBAR2_X_POSITION = 0.9;&#13;&#10;&#9;private static final int HAND_Y_POSITION = 0;&#13;&#10;&#9;private static final double SIDEBAR_ADJUSTMENT  = 0.5;&#13;&#10;&#9;private static final double ZONES_MAX_FONT_WIDTH = 0.08;&#13;&#10;&#9;private static final double ZONES_MAX_FONT_HEIGHT = 0.08;&#13;&#10;&#9;private static final double LIBRARY_COUNT_X_POSITION = 0.035;&#13;&#10;&#9;private static final double LIBRARY_COUNT_Y_POSITION = 0.98;&#13;&#10;&#9;private static final double GRAVEYARD_COUNT_X_POSITION = 0.01;&#13;&#10;&#9;private static final double GRAVEYARD_COUNT_Y_POSITION = 0.88;&#13;&#10;&#9;private static final double EXILE_COUNT_X_POSITION = 0.06;&#13;&#10;&#9;private static final double LIBRARY1_COUNT_X_POSITION = 0.965;&#13;&#10;&#9;private static final double GRAVEYARD1_COUNT_X_POSITION = 0.91;&#13;&#10;&#9;private static final double EXILE1_COUNT_X_POSITION = 0.96;&#13;&#10;&#9;private static final double CARD_WIDTH_TO_HEIGHT_RATIO = 3.5/2.5;&#13;&#10;&#9;private static final double HAND_BUFFER_FROM_TOP = 0.025;&#13;&#10;&#9;private static final double HAND_BUFFER_FROM_LEFT = 0.05;&#13;&#10;&#9;private static final double BUFFER_FROM_TOP_OF_PREV_CARD = 1.25;&#13;&#10;&#9;private static final double MINIMUM_HAND_CARD_WIDTH = 0.08;&#13;&#10;&#9;private static final double CARD_HEIGHT_TO_WIDTH_RATIO = 2.5/3.5;&#13;&#10;&#9;private static final int ABILITY_FONT_SIZE = 25;&#13;&#10;&#9;private static final double ABILITY_STRING_LEFT_BUFFER = 0.1;&#13;&#10;&#9;private static final double ABILITY_STRING_Y_CENTER_SHIFT = 0.05;&#13;&#10;&#9;private static final double MANA_POOL_WIDTH = 0.4;&#13;&#10;&#9;private static final double MANA_POOL_HEIGHT = 0.1;&#13;&#10;&#9;private static final double MANA_POOL_COLOR_WIDTH = MANA_POOL_WIDTH/6.0;&#13;&#10;&#9;private static final double MANA_POOLS_X_POSITION = 0.1;&#13;&#10;&#9;private static final double MANA_POOLS_Y_POSITION = 0.8;&#13;&#10;&#9;private static final double MANA_POOLS_MAX_FONT_HEIGHT = 0.06;&#13;&#10;&#9;private static final double MANA_POOLS_MAX_FONT_WIDTH = 0.06;&#13;&#10;&#9;private static final double MANA_POOLS_ADJUSTMENT= 0.5;&#13;&#10;&#9;private static final double PHASES_WIDTH = 0.8;&#13;&#10;&#9;private static final double PHASES_HEIGHT = 0.1;&#13;&#10;&#9;private static final double PHASE_WIDTH = PHASES_WIDTH/12.0;&#13;&#10;&#9;private static final double PHASES_X_POSITION = 0.1;&#13;&#10;&#9;private static final double PHASES_Y_POSITION = 0.9;&#13;&#10;&#9;private static final double PHASES_MAX_FONT_HEIGHT = 0.02;&#13;&#10;&#9;private static final double PHASES_MAX_FONT_WIDTH = 0.02;&#13;&#10;&#9;private static final double PHASES_ADJUSTMENT = 0.5;&#13;&#10;&#9;private static final double PASS_BUTTONS_WIDTH = 0.03;&#13;&#10;&#9;private static final double PASS_BUTTONS_HEIGHT = 0.1;&#13;&#10;&#9;private static final double PASS_BUTTON_X_POSITION = 0.07;&#13;&#10;&#9;private static final double PASS_BUTTON_Y_POSITION = 0.9;&#13;&#10;&#9;private static final double PASS_BUTTON1_X_POSITION = 0.9;&#13;&#10;&#9;private static final double PASS_BUTTON1_Y_POSITION = 0.9;&#13;&#10;&#9;private static final double PASS_BUTTONS_MAX_FONT_HEIGHT = 0.02;&#13;&#10;&#9;private static final double PASS_BUTTONS_MAX_FONT_WIDTH = 0.02;&#13;&#10;&#9;private static final double PASS_BUTTONS_ADJUSTMENT = 0.5;&#13;&#10;&#9;private static final double PRIORITY_ADJUSTMENT = PASS_BUTTONS_ADJUSTMENT + 0.2;&#13;&#10;&#13;&#10;&#13;&#10;&#13;&#10;&#9;private int windowX;&#13;&#10;&#9;private int windowY;&#13;&#10;&#9;private Backend bkd;&#13;&#10;&#9;private ArrayList&lt;GUICard&gt; handGUICards1;&#13;&#10;&#9;private DispGUICard dispGUICard1;&#13;&#10;&#9;private ArrayList&lt;GUICard&gt; handGUICards2;&#13;&#10;&#9;private DispGUICard dispGUICard2;&#13;&#10;&#9;private ArrayList&lt;GUICard&gt; battleGUICards1;&#13;&#10;&#9;private ArrayList&lt;GUICard&gt; battleGUICards2;&#13;&#10;&#9;private Rectangle passButton1;&#13;&#10;&#9;private Rectangle passButton2;&#13;&#10;&#13;&#10;&#9;/**&#13;&#10;&#9; * Constructor for a MTGComponent&#13;&#10;&#9; * @param x width of the usable space in the JFrame that the component is placed in&#13;&#10;&#9; * @param y height of the usable space in the JFrame that the component is placed in&#13;&#10;&#9; */&#13;&#10;&#9;public MTGComponent(int x, int y, Backend bkd){&#13;&#10;&#9;&#9;if(x &lt; 0) {&#13;&#10;&#9;&#9;&#9;throw new IllegalArgumentException(&quot;MTGComponent: &quot; + x + &quot; is not a valid window width&quot;);&#13;&#10;&#9;&#9;}&#13;&#10;&#9;&#9;this.windowX = x;&#13;&#10;&#13;&#10;&#9;&#9;if(y &lt; 0) {&#13;&#10;&#9;&#9;&#9;throw new IllegalArgumentException(&quot;MTGComponent: &quot; + y + &quot; is not a valid window height&quot;);&#13;&#10;&#9;&#9;}&#13;&#10;&#9;&#9;this.windowY = y;&#13;&#10;&#13;&#10;&#9;&#9;this.bkd= bkd;&#13;&#10;&#9;&#9;this.handGUICards1 = new ArrayList&lt;GUICard&gt;();&#13;&#10;&#9;&#9;this.dispGUICard1 = null;&#13;&#10;&#9;&#9;this.handGUICards2 = new ArrayList&lt;GUICard&gt;();&#13;&#10;&#9;&#9;this.dispGUICard2 = null;&#13;&#10;&#9;&#9;this.battleGUICards1 = new ArrayList&lt;GUICard&gt;();&#13;&#10;&#9;&#9;this.battleGUICards2 = new ArrayList&lt;GUICard&gt;();&#13;&#10;&#13;&#10;&#9;&#9;this.passButton1= new Rectangle((int) (this.windowX*PASS_BUTTON_X_POSITION), (int)(this.windowY*PASS_BUTTON_Y_POSITION), (int)(this.windowX*PASS_BUTTONS_WIDTH), (int)(this.windowY*PASS_BUTTONS_HEIGHT));&#13;&#10;&#9;&#9;this.passButton2= new Rectangle((int) (this.windowX*PASS_BUTTON1_X_POSITION), (int)(this.windowY*PASS_BUTTON1_Y_POSITION), (int)(this.windowX*PASS_BUTTONS_WIDTH), (int)(this.windowY*PASS_BUTTONS_HEIGHT));&#13;&#10;&#13;&#10;&#9;}&#13;&#10;&#13;&#10;&#13;&#10;&#9;/**&#13;&#10;&#9; * Get the Backend object that stores the game state&#13;&#10;&#9; * @return Backend the game state&#13;&#10;&#9; */&#13;&#10;&#9;public Backend getBackend() {&#13;&#10;&#9;&#9;return this.bkd;&#13;&#10;&#9;}&#13;&#10;&#13;&#10;&#9;/**&#13;&#10;&#9; * Get GUI Cards in first player's hand&#13;&#10;&#9; * @return GUI cards&#13;&#10;&#9; */&#13;&#10;&#9;public ArrayList&lt;GUICard&gt; getHandGUICards1() {&#13;&#10;&#9;&#9;return this.handGUICards1;&#13;&#10;&#9;}&#13;&#10;&#13;&#10;&#9;/**&#13;&#10;&#9; * Get GUI Cards in second player's hand&#13;&#10;&#9; * @return GUI cards&#13;&#10;&#9; */&#13;&#10;&#9;public ArrayList&lt;GUICard&gt; getHandGUICards2() {&#13;&#10;&#9;&#9;return this.handGUICards2;&#13;&#10;&#9;}&#13;&#10;&#13;&#10;&#9;/**&#13;&#10;&#9; * Get GUI Cards on first player's battlefield&#13;&#10;&#9; * @return GUI cards&#13;&#10;&#9; */&#13;&#10;&#9;public ArrayList&lt;GUICard&gt; getBattleGUICards1() {&#13;&#10;&#9;&#9;return this.battleGUICards1;&#13;&#10;&#9;}&#13;&#10;&#13;&#10;&#9;/**&#13;&#10;&#9; * Get GUI Cards on second player's battlefield&#13;&#10;&#9; * @return GUI cards&#13;&#10;&#9; */&#13;&#10;&#9;public ArrayList&lt;GUICard&gt; getBattleGUICards2() {&#13;&#10;&#9;&#9;return this.battleGUICards2;&#13;&#10;&#9;}&#13;&#10;&#13;&#10;&#9;/**&#13;&#10;&#9; * Set the current width of the window the component is in&#13;&#10;&#9; * @param x width of the window&#13;&#10;&#9; */&#13;&#10;&#9;public void setWindowX(int x){&#13;&#10;&#9;&#9;if(x &lt; 0) {&#13;&#10;&#9;&#9;&#9;throw new IllegalArgumentException(&quot;MTGComponent: &quot; + x + &quot; is not a valid window width&quot;);&#13;&#10;&#9;&#9;}&#13;&#10;&#9;&#9;this.windowX = x;&#13;&#10;&#9;}&#13;&#10;&#13;&#10;&#9;/**&#13;&#10;&#9; * Set the current height of the window the component is in&#13;&#10;&#9; * @param y height of the window&#13;&#10;&#9; */&#13;&#10;&#9;public void setWindowY(int y){&#13;&#10;&#9;&#9;if(y &lt; 0) {&#13;&#10;&#9;&#9;&#9;throw new IllegalArgumentException(&quot;MTGComponent: &quot; + y + &quot; is not a valid window height&quot;);&#13;&#10;&#9;&#9;}&#13;&#10;&#9;&#9;this.windowY = y;&#13;&#10;&#9;}&#13;&#10;&#13;&#10;&#9;@Override&#13;&#10;&#9;protected void paintComponent(Graphics graphics) {&#13;&#10;&#9;&#9;super.paintComponent(graphics);&#13;&#10;&#9;&#9;Graphics2D graphics2 = (Graphics2D) graphics;&#13;&#10;&#9;&#9;this.drawFormat(graphics2);&#13;&#10;&#9;&#9;this.drawCountedZones1(graphics2);&#13;&#10;&#9;&#9;this.drawCountedZones2(graphics2);&#13;&#10;&#9;&#9;this.drawManaPools(graphics2);&#13;&#10;&#9;&#9;this.drawPhases(graphics2);&#13;&#10;&#9;&#9;this.drawPassButtons(graphics2);&#13;&#10;&#9;&#9;this.generateGUICards(this.handGUICards1, Zone.HAND, BASE_HAND_CARDS_POSITION);&#13;&#10;&#9;&#9;this.generateGUICards(this.handGUICards2, Zone.HAND1, BASE_HAND1_CARDS_POSITION);&#13;&#10;&#9;&#9;this.generateGUICards(this.battleGUICards1, Zone.BATTLE_FIELD, BASE_BATTLEFIELD_CARDS_POSITION);&#13;&#10;&#9;&#9;this.generateGUICards(this.battleGUICards2, Zone.BATTLE_FIELD1, BASE_BATTLEFIELD1_CARDS_POSITION);&#13;&#10;&#9;&#9;if(this.dispGUICard1 != null){&#13;&#10;&#9;&#9;&#9;this.generateDispGUICard1(this.dispGUICard1.getCard(), this.dispGUICard1.getIndex(), this.dispGUICard1.getZone());&#13;&#10;&#9;&#9;}&#13;&#10;&#9;&#9;if(this.dispGUICard2 != null){&#13;&#10;&#9;&#9;&#9;this.generateDispGUICard2(this.dispGUICard2.getCard(), this.dispGUICard2.getIndex(), this.dispGUICard2.getZone());&#13;&#10;&#9;&#9;}&#13;&#10;&#9;&#9;this.drawGUICards(graphics2);&#13;&#10;&#9;}&#13;&#10;&#13;&#10;&#9;/**&#13;&#10;&#9; * Draws the basic format for the board&#13;&#10;&#9; * @param graphics2&#13;&#10;&#9; */&#13;&#10;&#9;private void drawFormat(Graphics2D graphics2) {&#13;&#10;&#9;&#9;graphics2.setColor(Color.BLACK);&#13;&#10;&#9;&#9;graphics2.drawLine((int)(this.windowX*CENTER_LINE_X_POSITION), CENTER_LINE_Y_POSITION, (int)(this.windowX*CENTER_LINE_X_POSITION), this.windowY);&#13;&#10;&#13;&#10;&#9;&#9;for(int i =0; i &lt; 12; i++) {&#13;&#10;&#9;&#9;&#9;graphics2.draw(new Rectangle((int) ((this.windowX*MANA_POOLS_X_POSITION) + (i*this.windowX*MANA_POOL_COLOR_WIDTH)), (int)(this.windowY*MANA_POOLS_Y_POSITION), (int)(this.windowX*MANA_POOL_COLOR_WIDTH), (int)(this.windowY*MANA_POOL_HEIGHT)));&#13;&#10;&#9;&#9;}&#13;&#10;&#13;&#10;&#9;&#9;for(int i =0; i &lt; 12; i++) {&#13;&#10;&#9;&#9;&#9;graphics2.draw(new Rectangle((int) ((this.windowX*PHASES_X_POSITION) + (i*this.windowX*PHASE_WIDTH)), (int)(this.windowY*PHASES_Y_POSITION), (int)(this.windowX*PHASE_WIDTH), (int)(this.windowY*PHASES_HEIGHT)));&#13;&#10;&#9;&#9;}&#13;&#10;&#13;&#10;&#9;&#9;graphics2.draw(new Rectangle((int)SIDEBAR1_X_POSITION,HAND_Y_POSITION,(int)(this.windowX*SIDEBAR_WIDTH), (int)(this.windowY*HAND_HEIGHT)));&#13;&#10;&#9;&#9;graphics2.draw(new Rectangle((int)SIDEBAR1_X_POSITION,(int)(this.windowY*HAND_HEIGHT),(int)(this.windowX*(SIDEBAR_WIDTH/2)),(int)((this.windowY*EXILE_HEIGHT)  + SIDEBAR_ADJUSTMENT)));&#13;&#10;&#9;&#9;graphics2.draw(new Rectangle((int)(SIDEBAR1_X_POSITION + (this.windowX*(SIDEBAR_WIDTH/2))),(int)(this.windowY*HAND_HEIGHT),(int)((this.windowX*(SIDEBAR_WIDTH/2)) + SIDEBAR_ADJUSTMENT),(int)((this.windowY*EXILE_HEIGHT)  + SIDEBAR_ADJUSTMENT)));&#13;&#10;&#9;&#9;graphics2.draw(new Rectangle((int)SIDEBAR1_X_POSITION,(int)(this.windowY*(HAND_HEIGHT + EXILE_HEIGHT)),(int)(this.windowX*SIDEBAR_WIDTH),(int)(this.windowY*LIBRARY_HEIGHT)));&#13;&#10;&#13;&#10;&#9;&#9;graphics2.draw(new Rectangle((int)(SIDEBAR2_X_POSITION*this.windowX),HAND_Y_POSITION,(int)(this.windowX*SIDEBAR_WIDTH), (int)(this.windowY*HAND_HEIGHT)));&#13;&#10;&#9;&#9;graphics2.draw(new Rectangle((int)(SIDEBAR2_X_POSITION*this.windowX),(int)(this.windowY*HAND_HEIGHT),(int)((this.windowX*(SIDEBAR_WIDTH/2)) + SIDEBAR_ADJUSTMENT),(int)((this.windowY*EXILE_HEIGHT)  + SIDEBAR_ADJUSTMENT)));&#13;&#10;&#9;&#9;graphics2.draw(new Rectangle((int)((SIDEBAR2_X_POSITION*this.windowX) + (this.windowX*(SIDEBAR_WIDTH/2))),(int)(this.windowY*HAND_HEIGHT),(int)(this.windowX*(SIDEBAR_WIDTH/2)),(int)((this.windowY*EXILE_HEIGHT)  + SIDEBAR_ADJUSTMENT)));&#13;&#10;&#9;&#9;graphics2.draw(new Rectangle((int)(SIDEBAR2_X_POSITION*this.windowX),(int)(this.windowY*(HAND_HEIGHT + EXILE_HEIGHT)),(int)(this.windowX*SIDEBAR_WIDTH),(int)(this.windowY*LIBRARY_HEIGHT)));&#13;&#10;&#13;&#10;&#13;&#10;&#9;&#9;this.passButton1= new Rectangle((int) (this.windowX*PASS_BUTTON_X_POSITION), (int)(this.windowY*PASS_BUTTON_Y_POSITION), (int)(this.windowX*PASS_BUTTONS_WIDTH), (int)(this.windowY*PASS_BUTTONS_HEIGHT));&#13;&#10;&#9;&#9;this.passButton2= new Rectangle((int) (this.windowX*PASS_BUTTON1_X_POSITION), (int)(this.windowY*PASS_BUTTON1_Y_POSITION), (int)(this.windowX*PASS_BUTTONS_WIDTH), (int)(this.windowY*PASS_BUTTONS_HEIGHT));&#13;&#10;&#9;&#9;graphics2.draw(this.passButton1);&#13;&#10;&#9;&#9;graphics2.draw(this.passButton2);&#13;&#10;&#13;&#10;&#9;}&#13;&#10;&#13;&#10;&#13;&#10;&#9;/**&#13;&#10;&#9; * Draws the mana pools of various colors for players 1 and 2&#13;&#10;&#9; * @param graphics2&#13;&#10;&#9; */&#13;&#10;&#9;private void drawManaPools(Graphics2D graphics2) {&#13;&#10;&#9;&#9;graphics2.setFont(new Font(&quot;TimesRoman&quot;, Font.PLAIN, Math.min((int)(this.windowY*MANA_POOLS_MAX_FONT_HEIGHT), (int)(this.windowX*MANA_POOLS_MAX_FONT_WIDTH))));&#13;&#10;&#13;&#10;&#9;&#9;String[] labels = {&quot;W&quot;, &quot;U&quot;, &quot;B&quot;,&quot;R&quot;,&quot;G&quot;,&quot;C&quot;, &quot;W&quot;,&quot;U&quot;,&quot;B&quot;,&quot;R&quot;,&quot;G&quot;,&quot;C&quot;};&#13;&#10;&#9;&#9;ManaPool[] pools = ManaPool.values();&#13;&#10;&#9;&#9;for(int p = 0; p &lt; pools.length; p++) {&#13;&#10;&#9;&#9;&#9;graphics2.drawString(labels[p] + &quot;:&quot; + String.valueOf(pools[p].getAmount()),&#13;&#10;&#9;&#9;&#9;&#9;&#9;(int)((this.windowX*MANA_POOLS_X_POSITION) + (p*this.windowX*MANA_POOL_COLOR_WIDTH)), (int)((this.windowY*MANA_POOLS_Y_POSITION) + (this.windowY*MANA_POOLS_ADJUSTMENT*MANA_POOL_HEIGHT)));&#13;&#10;&#9;&#9;}&#13;&#10;&#13;&#10;&#9;}&#13;&#10;&#13;&#10;&#9;/**&#13;&#10;&#9; * Draws the phase labels and colors one to indicate which phase the game is in and on which player's turn&#13;&#10;&#9; * @param graphics2&#13;&#10;&#9; */&#13;&#10;&#9;private void drawPhases(Graphics2D graphics2) {&#13;&#10;&#9;&#9;graphics2.setFont(new Font(&quot;TimesRoman&quot;, Font.PLAIN, Math.min((int)(this.windowY*PHASES_MAX_FONT_HEIGHT), (int)(this.windowX*PHASES_MAX_FONT_WIDTH))));&#13;&#10;&#13;&#10;&#9;&#9;Phase[] phases = Phase.values();&#13;&#10;&#9;&#9;for(int p=0; p&lt; 12; p++) {&#13;&#10;&#9;&#9;&#9;if((this.bkd.getPhase() == phases[p]) || (this.bkd.getPhase() == phases[p+12])) {&#13;&#10;&#9;&#9;&#9;&#9;if(this.bkd.getTurn()) {&#13;&#10;&#9;&#9;&#9;&#9;&#9;graphics2.setColor(Color.GREEN);&#13;&#10;&#9;&#9;&#9;&#9;} else {&#13;&#10;&#9;&#9;&#9;&#9;&#9;graphics2.setColor(Color.ORANGE);&#13;&#10;&#9;&#9;&#9;&#9;}&#13;&#10;&#9;&#9;&#9;}&#13;&#10;&#13;&#10;&#9;&#9;&#9;graphics2.drawString(phases[p].toString(), (int)((this.windowX*PHASES_X_POSITION) + (p*this.windowX*PHASE_WIDTH)), (int)((this.windowY*PHASES_Y_POSITION) + (this.windowY*PHASES_ADJUSTMENT*PHASES_HEIGHT)));&#13;&#10;&#13;&#10;&#9;&#9;&#9;graphics2.setColor(Color.BLACK);&#13;&#10;&#9;&#9;}&#13;&#10;&#13;&#10;&#13;&#10;&#9;}&#13;&#10;&#13;&#10;&#9;/**&#13;&#10;&#9; * Draws the pass buttons for players 1 and 2&#13;&#10;&#9; * @param graphics2&#13;&#10;&#9; */&#13;&#10;&#9;private void drawPassButtons(Graphics2D graphics2) {&#13;&#10;&#9;&#9;graphics2.setFont(new Font(&quot;TimesRoman&quot;, Font.PLAIN, Math.min((int)(this.windowY*PASS_BUTTONS_MAX_FONT_HEIGHT), (int)(this.windowX*PASS_BUTTONS_MAX_FONT_WIDTH))));&#13;&#10;&#9;&#9;graphics2.setColor(Color.RED);&#13;&#10;&#13;&#10;&#9;&#9;graphics2.drawString(&quot;PASS&quot;, (int)(this.windowX*PASS_BUTTON_X_POSITION), (int)((this.windowY*PASS_BUTTON_Y_POSITION) + (this.windowY*PASS_BUTTONS_ADJUSTMENT*PASS_BUTTONS_HEIGHT)));&#13;&#10;&#9;&#9;graphics2.drawString(&quot;PASS&quot;, (int)(this.windowX*PASS_BUTTON1_X_POSITION), (int)((this.windowY*PASS_BUTTON1_Y_POSITION) + (this.windowY*PASS_BUTTONS_ADJUSTMENT*PASS_BUTTONS_HEIGHT)));&#13;&#10;&#13;&#10;&#9;&#9;graphics2.setColor(Color.BLUE);&#13;&#10;&#9;&#9;if(this.bkd.getPriority()) {&#13;&#10;&#9;&#9;&#9;graphics2.drawString(&quot;***&quot;, (int)(this.windowX*PASS_BUTTON_X_POSITION), (int)((this.windowY*PASS_BUTTON_Y_POSITION) + (this.windowY*PRIORITY_ADJUSTMENT*PASS_BUTTONS_HEIGHT)));&#13;&#10;&#9;&#9;} else {&#13;&#10;&#9;&#9;&#9;graphics2.drawString(&quot;***&quot;, (int)(this.windowX*PASS_BUTTON1_X_POSITION), (int)((this.windowY*PASS_BUTTON1_Y_POSITION) + (this.windowY*PRIORITY_ADJUSTMENT*PASS_BUTTONS_HEIGHT)));&#13;&#10;&#9;&#9;}&#13;&#10;&#13;&#10;&#9;&#9;graphics2.setColor(Color.BLACK);&#13;&#10;&#9;}&#13;&#10;&#13;&#10;&#9;/**&#13;&#10;&#9; * Draws counted library, graveyard, and exile for player 1&#13;&#10;&#9; * @param graphics2&#13;&#10;&#9; */&#13;&#10;&#9;private void drawCountedZones1(Graphics2D graphics2){&#13;&#10;&#9;&#9;graphics2.setFont(new Font(&quot;TimesRoman&quot;, Font.PLAIN, Math.min((int)(this.windowY*ZONES_MAX_FONT_HEIGHT), (int)(this.windowX*ZONES_MAX_FONT_WIDTH))));&#13;&#10;&#9;&#9;graphics2.drawString(String.valueOf(Zone.LIBRARY.getSize()),(int)(this.windowX*LIBRARY_COUNT_X_POSITION),(int)(this.windowY*LIBRARY_COUNT_Y_POSITION));&#13;&#10;&#9;&#9;graphics2.drawString(String.valueOf(Zone.GRAVEYARD.getSize()),(int)(this.windowX*GRAVEYARD_COUNT_X_POSITION),(int)(this.windowY*GRAVEYARD_COUNT_Y_POSITION));&#13;&#10;&#9;&#9;graphics2.drawString(String.valueOf(Zone.EXILE.getSize()),(int)(this.windowX*EXILE_COUNT_X_POSITION),(int)(this.windowY*GRAVEYARD_COUNT_Y_POSITION));&#13;&#10;&#9;}&#13;&#10;&#13;&#10;&#9;/**&#13;&#10;&#9; * Draws counted library, graveyard, and exile for player 2&#13;&#10;&#9; * @param graphics2&#13;&#10;&#9; */&#13;&#10;&#9;private void drawCountedZones2(Graphics2D graphics2){&#13;&#10;&#9;&#9;graphics2.setFont(new Font(&quot;TimesRoman&quot;, Font.PLAIN, Math.min((int)(this.windowY*ZONES_MAX_FONT_HEIGHT), (int)(this.windowX*ZONES_MAX_FONT_WIDTH))));&#13;&#10;&#9;&#9;graphics2.drawString(String.valueOf(Zone.LIBRARY1.getSize()),(int)(this.windowX*LIBRARY1_COUNT_X_POSITION),(int)(this.windowY*LIBRARY_COUNT_Y_POSITION));&#13;&#10;&#9;&#9;graphics2.drawString(String.valueOf(Zone.GRAVEYARD1.getSize()),(int)(this.windowX*GRAVEYARD1_COUNT_X_POSITION),(int)(this.windowY*GRAVEYARD_COUNT_Y_POSITION));&#13;&#10;&#9;&#9;graphics2.drawString(String.valueOf(Zone.EXILE1.getSize()),(int)(this.windowX*EXILE1_COUNT_X_POSITION),(int)(this.windowY*GRAVEYARD_COUNT_Y_POSITION));&#13;&#10;&#9;}&#13;&#10;&#13;&#10;&#9;/**&#13;&#10;&#9; * Generates a GUICard object for each card in a given zone and puts them into a given arraylist&#13;&#10;&#9; * @param cardsAL an array list to place the created GUICard objects&#13;&#10;&#9; * @param zone the zone where the MTGCards are be created from&#13;&#10;&#9; * @param baseXLocation the base x percentage of the width of the screen where the cards rectangle should be placed&#13;&#10;&#9; */&#13;&#10;&#9;private void generateGUICards(ArrayList&lt;GUICard&gt; cardsAL, Zone zone, double baseXLocation){//!#stress-test this&#13;&#10;&#9;&#9;cardsAL.clear();&#13;&#10;&#9;&#9;int height = this.getCardHeight(zone);&#13;&#10;&#9;&#9;int width = (int)Math.round(height * CARD_WIDTH_TO_HEIGHT_RATIO);&#13;&#10;&#9;&#9;int currentSpace = (int)Math.round(HAND_BUFFER_FROM_TOP*this.windowY);&#13;&#10;&#9;&#9;Card[] cards = zone.getCards();&#13;&#10;&#9;&#9;for(int i = 0; i &lt; zone.getSize(); i++){&#13;&#10;&#9;&#9;&#9;cardsAL.add(new GUICard(new Rectangle((int)(((HAND_BUFFER_FROM_LEFT + baseXLocation)*this.windowX) - (width/2)), currentSpace, width, height), cards[i]));&#13;&#10;&#9;&#9;&#9;currentSpace = currentSpace + (int)(BUFFER_FROM_TOP_OF_PREV_CARD*height);&#13;&#10;&#9;&#9;}&#13;&#10;&#9;}&#13;&#10;&#13;&#10;&#9;/**&#13;&#10;&#9; * Draw all the GUICards onto the graphics object&#13;&#10;&#9; * @param graphics2 the graphics object to draw onto&#13;&#10;&#9; */&#13;&#10;&#9;private void drawGUICards(Graphics2D graphics2){&#13;&#10;&#9;&#9;this.drawGUICardArrayList(this.handGUICards1, graphics2, 90);&#13;&#10;&#9;&#9;this.drawGUICardArrayList(this.handGUICards2, graphics2, -90);&#13;&#10;&#9;&#9;this.drawGUICardArrayList(this.battleGUICards1, graphics2, 90);&#13;&#10;&#9;&#9;this.drawGUICardArrayList(this.battleGUICards2, graphics2, -90);&#13;&#10;&#9;&#9;this.drawDispGUICard(this.dispGUICard1, graphics2);&#13;&#10;&#9;&#9;this.drawDispGUICard(this.dispGUICard2, graphics2);&#13;&#10;&#9;}&#13;&#10;&#13;&#10;&#9;/**&#13;&#10;&#9; * Draw all the GUICards in a given arraylist&#13;&#10;&#9; * @param cardsAL the arraylist where the cards to draw are located&#13;&#10;&#9; * @param graphics2 the graphics object to draw onto&#13;&#10;&#9; * @param rotate the degrees which the image for the cards should be rotated&#13;&#10;&#9; */&#13;&#10;&#9;private void drawGUICardArrayList(ArrayList&lt;GUICard&gt; cardsAL, Graphics2D graphics2, double rotate){&#13;&#10;&#9;&#9;for(int i = 0; i &lt; cardsAL.size(); i++){&#13;&#10;&#9;&#9;&#9;if(cardsAL.get(i).getImage() == null){&#13;&#10;&#9;&#9;&#9;&#9;graphics2.draw(cardsAL.get(i).getRec());&#13;&#10;&#9;&#9;&#9;&#9;graphics2.setFont(new Font(&quot;TimesRoman&quot;, Font.PLAIN, 15));&#13;&#10;&#9;&#9;&#9;&#9;graphics2.drawString(cardsAL.get(i).getCard().getName(), (int)cardsAL.get(i).getRec().getCenterX(), (int)cardsAL.get(i).getRec().getCenterY());&#13;&#10;&#9;&#9;&#9;} else {&#13;&#10;&#9;&#9;&#9;&#9;Rectangle rec = cardsAL.get(i).getRec();&#13;&#10;&#9;&#9;&#9;&#9;BufferedImage img = cardsAL.get(i).getImage();&#13;&#10;&#9;&#9;&#9;&#9;if(!cardsAL.get(i).card.getTapped())&#13;&#10;&#9;&#9;&#9;&#9;{&#13;&#10;&#9;&#9;&#9;&#9;&#9;AffineTransform transform = new AffineTransform();&#13;&#10;&#9;&#9;&#9;&#9;&#9;transform.translate(0.5*img.getHeight(), 0.5*img.getWidth());&#13;&#10;&#9;&#9;&#9;&#9;&#9;transform.rotate(Math.toRadians(rotate));&#13;&#10;&#9;&#9;&#9;&#9;&#9;transform.translate(-0.5*img.getWidth(), -0.5*img.getHeight());&#13;&#10;&#13;&#10;&#9;&#9;&#9;&#9;&#9;AffineTransformOp transformOP = new AffineTransformOp(transform, AffineTransformOp.TYPE_BILINEAR);&#13;&#10;&#9;&#9;&#9;&#9;&#9;img = transformOP.filter(img, null);&#13;&#10;&#9;&#9;&#9;&#9;} else {&#13;&#10;&#9;&#9;&#9;&#9;&#9;int tmp = rec.height;&#13;&#10;&#9;&#9;&#9;&#9;&#9;rec.height = rec.width;&#13;&#10;&#9;&#9;&#9;&#9;&#9;rec.width = tmp;&#13;&#10;&#9;&#9;&#9;&#9;}&#13;&#10;&#9;&#9;&#9;&#9;graphics2.drawImage(img, (int)rec.getX(), (int)rec.getY(), (int)rec.getWidth(), (int)rec.getHeight(), this);&#13;&#10;&#9;&#9;&#9;}&#13;&#10;&#9;&#9;}&#13;&#10;&#9;}&#13;&#10;&#13;&#10;&#9;/**&#13;&#10;&#9; * Determine the height a card in a given zone should be based on the window height&#13;&#10;&#9; * @param zone the zone the card is located in&#13;&#10;&#9; * @return the height of the card&#13;&#10;&#9; */&#13;&#10;&#9;private int getCardHeight(Zone zone){&#13;&#10;&#9;&#9;int HeightRec = (3*this.windowY)/((5*zone.getSize())-1);&#13;&#10;&#9;&#9;int heightWidthRec = (int)(HeightRec * CARD_WIDTH_TO_HEIGHT_RATIO);&#13;&#10;&#9;&#9;int windowWidthRec = (int)(this.windowX*MINIMUM_HAND_CARD_WIDTH);&#13;&#10;&#9;&#9;if(heightWidthRec &lt; windowWidthRec){&#13;&#10;&#9;&#9;&#9;return HeightRec;&#13;&#10;&#9;&#9;} else {&#13;&#10;&#9;&#9;&#9;return (int)Math.round(windowWidthRec * CARD_HEIGHT_TO_WIDTH_RATIO);&#13;&#10;&#9;&#9;}&#13;&#10;&#9;}&#13;&#10;&#13;&#10;&#9;/**&#13;&#10;&#9; * Draws the displayed GUI card&#13;&#10;&#9; * @param dispCard display card object to be drawn&#13;&#10;&#9; * @param graphics2 graphics to draw the card on&#13;&#10;&#9; */&#13;&#10;&#9;private void drawDispGUICard(DispGUICard dispCard, Graphics2D graphics2) {&#13;&#10;&#9;&#9;if(dispCard != null){&#13;&#10;&#9;&#9;&#9;if(dispCard.getCard().getImage() == null){&#13;&#10;&#9;&#9;&#9;&#9;graphics2.draw(dispCard.getRec());&#13;&#10;&#9;&#9;&#9;&#9;graphics2.setFont(new Font(&quot;Futura&quot;, Font.PLAIN, ABILITY_FONT_SIZE));&#13;&#10;&#9;&#9;&#9;&#9;graphics2.drawString(dispCard.getCard().getName(), (int)dispCard.getRec().getCenterX(), (int)dispCard.getRec().getCenterY());&#13;&#10;&#9;&#9;&#9;} else {&#13;&#10;&#9;&#9;&#9;&#9;Rectangle rec = dispCard.getRec();&#13;&#10;&#9;&#9;&#9;&#9;graphics2.drawImage(dispCard.getImage(), (int)rec.getX(), (int)rec.getY(), (int)rec.getWidth(), (int)rec.getHeight(), this);&#13;&#10;&#9;&#9;&#9;}&#13;&#10;&#9;&#9;&#9;for(int i = 0; i &lt; dispCard.getAbilityBoxes().length; i++){&#13;&#10;&#9;&#9;&#9;&#9;graphics2.draw(dispCard.getAbilityBoxes()[i]);&#13;&#10;&#9;&#9;&#9;&#9;graphics2.drawString(dispCard.getAbilityStrings()[i], (int)(dispCard.getAbilityBoxes()[i].getX() + (ABILITY_STRING_LEFT_BUFFER * dispCard.getAbilityBoxes()[i].getWidth())), (int)(dispCard.getAbilityBoxes()[i].getCenterY() + (ABILITY_STRING_Y_CENTER_SHIFT * dispCard.getAbilityBoxes()[i].getHeight())));&#13;&#10;&#9;&#9;&#9;}&#13;&#10;&#9;&#9;}&#13;&#10;&#9;}&#13;&#10;&#13;&#10;&#9;private static final double DISPLAY_CARD1_X_POSITION = 0.15;&#13;&#10;&#9;private static final double DISPLAY_CARD1_Y_POSITION = 0.2;&#13;&#10;&#9;/**&#13;&#10;&#9; * Create a Displayed GUI card object for the first player&#13;&#10;&#9; * @param card card being displayed&#13;&#10;&#9; * @param index index of card being displayed&#13;&#10;&#9; */&#13;&#10;&#9;public void generateDispGUICard1(Card card, int index, Zone zone){&#13;&#10;&#9;&#9;this.dispGUICard1 = new DispGUICard(new Rectangle((int)(DISPLAY_CARD1_X_POSITION*this.windowX), (int)(DISPLAY_CARD1_Y_POSITION*this.windowY), (int)(0.2*this.windowX), (int)(0.2*this.windowX*(3.5/2.5))),card, index, zone);&#13;&#10;&#9;}&#13;&#10;&#13;&#10;&#9;/**&#13;&#10;&#9; * Create a Displayed GUI card object for the second player&#13;&#10;&#9; * @param card card being displayed&#13;&#10;&#9; * @param index index of card being displayed&#13;&#10;&#9; */&#13;&#10;&#9;public void generateDispGUICard2(Card card, int index, Zone zone){&#13;&#10;&#9;&#9;this.dispGUICard2 = new DispGUICard(new Rectangle((int)(0.55*this.windowX), (int)(0.2*this.windowY), (int)(0.2*this.windowX), (int)(0.2*this.windowX*(3.5/2.5))),card, index, zone);&#13;&#10;&#9;}&#13;&#10;&#13;&#10;&#9;/**&#13;&#10;&#9; * Get the current Displayed GUI card for the first player&#13;&#10;&#9; * @return current displayed card&#13;&#10;&#9; */&#13;&#10;&#9;public DispGUICard getDispGUICard1() {&#13;&#10;&#9;&#9;return this.dispGUICard1;&#13;&#10;&#9;}&#13;&#10;&#13;&#10;&#9;/**&#13;&#10;&#9; * Get the current Displayed GUI card for the second player&#13;&#10;&#9; * @return current displayed card&#13;&#10;&#9; */&#13;&#10;&#9;public DispGUICard getDispGUICard2() {&#13;&#10;&#9;&#9;return this.dispGUICard2;&#13;&#10;&#9;}&#13;&#10;&#13;&#10;&#9;/**&#13;&#10;&#9; * Gets the Rectangle for the pass button for the first player&#13;&#10;&#9; * @return the rectangle enclosing the first player's pass button&#13;&#10;&#9; */&#13;&#10;&#9;public Rectangle getPassButton1() {&#13;&#10;&#9;&#9;return this.passButton1;&#13;&#10;&#9;}&#13;&#10;&#13;&#10;&#9;/**&#13;&#10;&#9; * Gets the Rectangle for the pass button for the second player&#13;&#10;&#9; * @return the rectangle enclosing the second player's pass button&#13;&#10;&#9; */&#13;&#10;&#9;public Rectangle getPassButton2() {&#13;&#10;&#9;&#9;return this.passButton2;&#13;&#10;&#9;}&#13;&#10;&#13;&#10;&#13;&#10;&#9;/**&#13;&#10;&#9; * Set the current Displayed GUI card for the first player&#13;&#10;&#9; * @param dispGUICard1&#13;&#10;&#9; */&#13;&#10;&#9;public void setDispGUICard1(DispGUICard dispGUICard1) {&#13;&#10;&#9;&#9;this.dispGUICard1 = dispGUICard1;&#13;&#10;&#9;}&#13;&#10;&#13;&#10;&#9;/**&#13;&#10;&#9; * Set the current Displayed GUI card for the second player&#13;&#10;&#9; * @param dispGUICard2&#13;&#10;&#9; */&#13;&#10;&#9;public void setDispGUICard2(DispGUICard dispGUICard2) {&#13;&#10;&#9;&#9;this.dispGUICard2 = this.dispGUICard1;&#13;&#10;&#9;}&#13;&#10;}&#13;&#10;" Filename="MTGComponent.java" Intrnl_Id="7"/>
<SrcFile Content="package devops.hw1.core;&#13;&#10;&#13;&#10;import java.awt.event.KeyEvent;&#13;&#10;import java.awt.event.KeyListener;&#13;&#10;/**&#13;&#10; * Handles Keyboard events for the MTG Duel Decks&#13;&#10; *&#13;&#10; */&#13;&#10;public class KeyBoardHandler implements KeyListener {&#13;&#10;&#13;&#10;&#9;private MTGComponent MTGComp;&#13;&#10;&#9;private boolean priority = true;&#13;&#10;&#13;&#10;&#9;public KeyBoardHandler(MTGComponent comp) {&#13;&#10;&#9;&#9;this.MTGComp = comp;&#13;&#10;&#9;}&#13;&#10;&#9;@Override&#13;&#10;&#9;public void keyPressed(KeyEvent e) {&#13;&#10;&#9;&#9;if (e.getKeyChar() == ' '){&#13;&#10;&#9;&#9;&#9;this.MTGComp.getBackend().passPriority(this.priority);&#13;&#10;&#9;&#9;&#9;this.priority = !this.priority;&#13;&#10;&#9;&#9;&#9;this.MTGComp.repaint();&#13;&#10;&#9;&#9;}&#13;&#10;&#9;}&#13;&#10;&#13;&#10;&#9;@Override&#13;&#10;&#9;public void keyReleased(KeyEvent e) {&#13;&#10;&#9;&#9;// TODO Auto-generated method stub&#13;&#10;&#13;&#10;&#9;}&#13;&#10;&#13;&#10;&#9;@Override&#13;&#10;&#9;public void keyTyped(KeyEvent e) {&#13;&#10;&#9;&#9;// TODO Auto-generated method stub&#13;&#10;&#13;&#10;&#9;}&#13;&#10;&#13;&#10;}&#13;&#10;" Filename="KeyBoardHandler.java" Intrnl_Id="8"/>
<SrcFile Content="package devops.hw1.core;&#13;&#10;&#13;&#10;/**&#13;&#10; * Represents an object on the stack&#13;&#10; *&#13;&#10; */&#13;&#10;public class ItemOnStack {&#13;&#10;&#9;private Card c;&#13;&#10;&#9;private Card target;&#13;&#10;&#9;private Boolean player;&#13;&#10;&#9;private Zone targetZone;&#13;&#10;&#9;&#13;&#10;&#9;/**&#13;&#10;&#9; * Constructs an item on the stack object&#13;&#10;&#9; * @param c card on the stack&#13;&#10;&#9; * @param player player that owns the card (true if first player)&#13;&#10;&#9; */&#13;&#10;&#9;ItemOnStack(Card c, Boolean player, Card target, Zone targetZone){&#13;&#10;&#9;&#9;this.c = c;&#13;&#10;&#9;&#9;this.player = player;&#13;&#10;&#9;&#9;this.target = target;&#13;&#10;&#9;&#9;this.targetZone = targetZone;&#13;&#10;&#9;}&#13;&#10;&#9;&#13;&#10;&#9;/**&#13;&#10;&#9; * Gets the card from the item on stack&#13;&#10;&#9; * @return the card on the stack&#13;&#10;&#9; */&#13;&#10;&#9;public Card getCard() {&#13;&#10;&#9;&#9;return c;&#13;&#10;&#9;}&#13;&#10;&#9;&#13;&#10;&#9;/**&#13;&#10;&#9; * Gets the player that owns the item on stack&#13;&#10;&#9; * @return true if the first player owns it, false otherwise&#13;&#10;&#9; */&#13;&#10;&#9;public Boolean getPlayer() {&#13;&#10;&#9;&#9;return player;&#13;&#10;&#9;}&#13;&#10;&#9;&#13;&#10;&#9;/**&#13;&#10;&#9; * Gets the card that this item on the stack is targeting&#13;&#10;&#9; * @return the card being targeted by this stack item&#13;&#10;&#9; */&#13;&#10;&#9;public Card getTarget() {&#13;&#10;&#9;&#9;return target;&#13;&#10;&#9;}&#13;&#10;&#9;&#13;&#10;&#9;/**&#13;&#10;&#9; * Gets the zone that the targeted card is in&#13;&#10;&#9; * @return the zone occupied by the card that this stack item is targeting&#13;&#10;&#9; */&#13;&#10;&#9;public Zone getTargetZone() {&#13;&#10;&#9;&#9;return targetZone;&#13;&#10;&#9;}&#13;&#10;}&#13;&#10;" Filename="ItemOnStack.java" Intrnl_Id="9"/>
<SrcFile Content="package devops.hw1.core;&#13;&#10;&#13;&#10;public interface IData&lt;T&gt; extends Comparable&lt;IData&lt;T&gt;&gt; {&#13;&#10;&#9;public long getId();&#13;&#10;&#9;public T getValue();&#13;&#10;}&#13;&#10;" Filename="IData.java" Intrnl_Id="10"/>
<SrcFile Content="package devops.hw1.core;&#13;&#10;&#13;&#10;import java.awt.Rectangle;&#13;&#10;import java.awt.image.BufferedImage;&#13;&#10;import java.io.File;&#13;&#10;import java.io.IOException;&#13;&#10;&#13;&#10;import javax.imageio.ImageIO;&#13;&#10;/**&#13;&#10; * This class represents a card that is displayed in the GUI&#13;&#10; * @author malinocr&#13;&#10; *&#13;&#10; */&#13;&#10;public class GUICard {&#13;&#10;&#9;protected Rectangle rec;&#13;&#10;&#9;protected Card card;&#13;&#10;&#9;&#13;&#10;&#9;/**&#13;&#10;&#9; * Constructs a GUI card object&#13;&#10;&#9; * @param rec the rectangle that is displayed for the card&#13;&#10;&#9; * @param card the card the GUI object represents&#13;&#10;&#9; */&#13;&#10;&#9;public GUICard(Rectangle rec, Card card){&#13;&#10;&#9;&#9;this.rec = rec;&#13;&#10;&#9;&#9;this.card = card;&#13;&#10;&#9;}&#13;&#10;&#13;&#10;&#9;/**&#13;&#10;&#9; * Get the GUI card's rectangle&#13;&#10;&#9; * @return the GUI card's rectangle&#13;&#10;&#9; */&#13;&#10;&#9;public Rectangle getRec() {&#13;&#10;&#9;&#9;return rec;&#13;&#10;&#9;}&#13;&#10;&#13;&#10;&#9;/**&#13;&#10;&#9; * Set the GUI card's rectangle&#13;&#10;&#9; * @return the GUI card's rectangle&#13;&#10;&#9; */&#13;&#10;&#9;public void setRec(Rectangle rec) {&#13;&#10;&#9;&#9;this.rec = rec;&#13;&#10;&#9;}&#13;&#10;&#13;&#10;&#9;/**&#13;&#10;&#9; * Get the GUI card's card&#13;&#10;&#9; * @return the GUI card's card&#13;&#10;&#9; */&#13;&#10;&#9;public Card getCard() {&#13;&#10;&#9;&#9;return card;&#13;&#10;&#9;}&#13;&#10;&#13;&#10;&#9;/**&#13;&#10;&#9; * Set the GUI card's card&#13;&#10;&#9; * @return the GUI card's card&#13;&#10;&#9; */&#13;&#10;&#9;public void setCard(Card card) {&#13;&#10;&#9;&#9;this.card = card;&#13;&#10;&#9;}&#13;&#10;&#9;&#13;&#10;&#9;/**&#13;&#10;&#9; * Get the image of GUI card&#13;&#10;&#9; * @return the image of the GUI card&#13;&#10;&#9; */&#13;&#10;&#9;public BufferedImage getImage(){&#13;&#10;&#9;&#9;if(card.getImage() == null){&#13;&#10;&#9;&#9;&#9;return null;&#13;&#10;&#9;&#9;} else {&#13;&#10;&#9;&#9;&#9;BufferedImage img = null;&#13;&#10;&#9;&#13;&#10;&#9;&#9;&#9;try &#13;&#10;&#9;&#9;&#9;{&#13;&#10;&#9;&#9;&#9;&#9;img = ImageIO.read(new File(card.getImage()));&#13;&#10;&#9;&#9;&#9;} &#13;&#10;&#9;&#9;&#9;catch (IOException e) &#13;&#10;&#9;&#9;&#9;{&#13;&#10;&#9;&#9;&#9;&#9;e.printStackTrace();&#13;&#10;&#9;&#9;&#9;}&#13;&#10;&#9;&#9;&#9;return img;&#13;&#10;&#9;&#9;}&#13;&#10;&#9;}&#13;&#10;}&#13;&#10;" Filename="GUICard.java" Intrnl_Id="11"/>
<SrcFile Content="package devops.hw1.core;&#13;&#10;&#13;&#10;import java.awt.Rectangle;&#13;&#10;/**&#13;&#10; * This class represents the currently displayed card for a player&#13;&#10; * @author malinocr&#13;&#10; *&#13;&#10; */&#13;&#10;public class DispGUICard extends GUICard{&#13;&#10;&#9;&#9;String[] abilityStrings;&#13;&#10;&#9;&#9;Rectangle[] abilityBoxes;&#13;&#10;&#9;&#9;int index;&#13;&#10;&#9;&#9;Zone zone;&#13;&#10;&#13;&#10;&#9;/**&#13;&#10;&#9; * Constructs a displayed GUI card&#13;&#10;&#9; * @param rec the rectangle that is drawn for the GUI card&#13;&#10;&#9; * @param card the card the GUI card represents&#13;&#10;&#9; * @param str array of the ability strings of the card&#13;&#10;&#9; * @param index index of the card in its original zone&#13;&#10;&#9; * @param zone zone of the card&#13;&#10;&#9; */&#13;&#10;&#9;public DispGUICard(Rectangle rec, Card card, int index, Zone zone) {&#13;&#10;&#9;&#9;super(rec, card);&#13;&#10;&#9;&#9;this.abilityStrings = card.getAbilities();&#13;&#10;&#9;&#9;&#13;&#10;&#9;&#9;if(index &gt; zone.getSize()) {&#13;&#10;&#9;&#9;&#9;throw new IllegalArgumentException(&quot;DispGUICard &quot; + card.getName() +&#13;&#10;&#9;&#9;&#9;&#9;&#9;&quot;: &quot; + index + &quot; is not a valid index for zone &quot; + zone);&#13;&#10;&#9;&#9;}&#13;&#10;&#9;&#9;this.index = index;&#13;&#10;&#9;&#9;this.zone = zone;&#13;&#10;&#9;&#9;generateAbilityBoxes();&#13;&#10;&#9;}&#13;&#10;&#13;&#10;&#9;/**&#13;&#10;&#9; * Generates ability boxes for the DispGUICards based on the ability strings and the cards size&#13;&#10;&#9; */&#13;&#10;&#9;private void generateAbilityBoxes() {&#13;&#10;&#9;&#9;abilityBoxes = new Rectangle[this.abilityStrings.length];&#13;&#10;&#9;&#9;int height = Math.min((int)(this.rec.getHeight()/4), (int)(this.rec.getHeight()/this.abilityStrings.length));&#13;&#10;&#9;&#9;int width = (int)(this.rec.getWidth()/2);&#13;&#10;&#9;&#9;for(int i = 0; i &lt; this.abilityStrings.length; i++){&#13;&#10;&#9;&#9;&#9;abilityBoxes[i] = new Rectangle((int)(this.rec.getX() + this.rec.getWidth()), (int)(this.rec.getY() + (height * i)), width, height);&#13;&#10;&#9;&#9;}&#13;&#10;&#9;}&#13;&#10;&#13;&#10;&#9;/**&#13;&#10;&#9; * Gets the ability strings for the display GUI card&#13;&#10;&#9; * @return the abilityStrings&#13;&#10;&#9; */&#13;&#10;&#9;public String[] getAbilityStrings() {&#13;&#10;&#9;&#9;return abilityStrings;&#13;&#10;&#9;}&#13;&#10;&#13;&#10;&#9;/**&#13;&#10;&#9; * Sets the ability strings for the display GUI card&#13;&#10;&#9; * @param abilityStrings the abilityStrings to set&#13;&#10;&#9; */&#13;&#10;&#9;public void setAbilityStrings(String[] abilityStrings) {&#13;&#10;&#9;&#9;this.abilityStrings = abilityStrings;&#13;&#10;&#9;}&#13;&#10;&#13;&#10;&#9;/**&#13;&#10;&#9; * Gets the ability boxes for the display GUI card&#13;&#10;&#9; * @return the abilityBoxes&#13;&#10;&#9; */&#13;&#10;&#9;public Rectangle[] getAbilityBoxes() {&#13;&#10;&#9;&#9;return abilityBoxes;&#13;&#10;&#9;}&#13;&#10;&#9;&#13;&#10;&#9;/**&#13;&#10;&#9; * Gets the index of the card represented by the GUI card&#13;&#10;&#9; * @return index of the card&#13;&#10;&#9; */&#13;&#10;&#9;public int getIndex() {&#13;&#10;&#9;&#9;return index;&#13;&#10;&#9;}&#13;&#10;&#9;&#13;&#10;&#9;/**&#13;&#10;&#9; * Gets the zone of the card represented by the GUI card&#13;&#10;&#9; * @return index of the card&#13;&#10;&#9; */&#13;&#10;&#9;public Zone getZone() {&#13;&#10;&#9;&#9;return zone;&#13;&#10;&#9;}&#13;&#10;}&#13;&#10;" Filename="DispGUICard.java" Intrnl_Id="12"/>
<SrcFile Content="package devops.hw1.core;&#13;&#10;&#13;&#10;import java.io.File;&#13;&#10;import java.util.ArrayList;&#13;&#10;import java.util.regex.PatternSyntaxException;&#13;&#10;&#13;&#10;public class Card {&#13;&#10;&#9;private String name;&#13;&#10;&#9;private String manaCost;&#13;&#10;&#9;private String color;&#13;&#10;&#9;private String type;&#13;&#10;&#9;private String manaAbility;&#13;&#10;&#9;private ArrayList&lt;String&gt; abilities = new ArrayList&lt;String&gt;();&#13;&#10;&#9;private int power, toughness;&#13;&#10;&#9;private String image;&#13;&#10;&#9;private Boolean tapped;&#13;&#10;&#9;private Boolean flash;&#13;&#10;&#13;&#10;&#9;/**&#13;&#10;&#9; * Constructs a card object with the given name&#13;&#10;&#9; * @param s name of the card&#13;&#10;&#9; */&#13;&#10;&#9;@Deprecated&#13;&#10;&#9;public Card(String s){&#13;&#10;&#9;&#9;this.name = s;&#13;&#10;&#9;&#9;this.tapped = false;&#13;&#10;&#9;&#9;this.manaAbility = null;&#13;&#10;&#9;&#9;this.flash = false;&#13;&#10;&#9;}&#13;&#10;&#9;&#13;&#10;&#9;public Card(String name, String manaCost, String color, String type,&#13;&#10;&#9;&#9;&#9;String manaAbility, ArrayList&lt;String&gt; abilities, int power,&#13;&#10;&#9;&#9;&#9;int toughness, String image, Boolean flash){&#13;&#10;&#9;&#9;this.name = name;&#13;&#10;&#9;&#9;if(abilities == null){&#13;&#10;&#9;&#9;&#9;throw new IllegalArgumentException(&quot;Error creating card &quot; + name + &quot;: null is not a valid ability list&quot;);&#13;&#10;&#9;&#9;}&#13;&#10;&#9;&#9;this.abilities = abilities;&#13;&#10;&#9;&#9;try{&#13;&#10;&#9;&#9;&#9;this.setCost(manaCost);&#13;&#10;&#9;&#9;&#9;this.setColor(color);&#13;&#10;&#9;&#9;&#9;this.setType(type);&#13;&#10;&#9;&#9;&#9;this.addManaAbility(manaAbility);&#13;&#10;&#9;&#9;&#9;this.setPT(power, toughness);&#13;&#10;&#9;&#9;&#9;this.setImage(image);&#13;&#10;&#9;&#9;} catch (Exception e){&#13;&#10;&#9;&#9;&#9;throw new IllegalArgumentException(&quot;Error creating card &quot; + name + &quot;: &quot; + e.getMessage());&#13;&#10;&#9;&#9;}&#13;&#10;&#9;&#9;this.tapped = false;&#13;&#10;&#9;&#9;this.flash = flash;&#13;&#10;&#9;}&#13;&#10;&#13;&#10;&#9;//!# add more constructors&#13;&#10;&#13;&#10;&#9;/**&#13;&#10;&#9; * Adds ability to card&#13;&#10;&#9; * TODO: come up with a good way to represent abilities (Mckee)&#13;&#10;&#9; * @param string ability to add following TODO: format&#13;&#10;&#9; */&#13;&#10;&#9;public void addAbility(String string) {&#13;&#10;&#9;&#9;this.abilities.add(string);&#13;&#10;&#13;&#10;&#9;}&#13;&#10;&#13;&#10;&#9;/**&#13;&#10;&#9; *&#13;&#10;&#9; * @return a string of all abilities that card has&#13;&#10;&#9; */&#13;&#10;&#9;public String[] getAbilities() {&#13;&#10;&#9;&#9;return (this.abilities.toArray(new String[0]));&#13;&#10;&#9;}&#13;&#10;&#13;&#10;&#9;/**&#13;&#10;&#9; * @return color of card represented by W?U?B?R?G?&#13;&#10;&#9; */&#13;&#10;&#9;public String getColor() {&#13;&#10;&#9;&#9;return this.color;&#13;&#10;&#9;}&#13;&#10;&#13;&#10;&#9;/**&#13;&#10;&#9; * Gets the cost of the card expressed as oracle text&#13;&#10;&#9; * without curly braces.&#13;&#10;&#9; * Conforms to regex [0-9]*W*U*B*R*G*&#13;&#10;&#9; */&#13;&#10;&#9;public String getCost(){&#13;&#10;&#9;&#9;return this.manaCost;&#13;&#10;&#9;}&#13;&#10;&#13;&#10;&#9;/**&#13;&#10;&#9; * @return path of image to card&#13;&#10;&#9; */&#13;&#10;&#9;public String getImage() {&#13;&#10;&#9;&#9;return this.image;&#13;&#10;&#9;}&#13;&#10;&#13;&#10;&#9;/**&#13;&#10;&#9; *&#13;&#10;&#9; * @return the name of the card&#13;&#10;&#9; */&#13;&#10;&#9;public String getName(){&#13;&#10;&#9;&#9;return this.name;&#13;&#10;&#9;}&#13;&#10;&#13;&#10;&#9;/**&#13;&#10;&#9; * @return power of card&#13;&#10;&#9; */&#13;&#10;&#9;public int getPower() {&#13;&#10;&#9;&#9;return this.power;&#13;&#10;&#9;}&#13;&#10;&#13;&#10;&#9;/**&#13;&#10;&#9; * @return toughness of card&#13;&#10;&#9; */&#13;&#10;&#9;public int getToughness() {&#13;&#10;&#9;&#9;return this.toughness;&#13;&#10;&#13;&#10;&#9;}&#13;&#10;&#13;&#10;&#9;/**&#13;&#10;&#9; * Type and subtype of card&#13;&#10;&#9; * &lt;Type&gt;- &lt;subtype&gt;*&#13;&#10;&#9; * types are seperated by spaces&#13;&#10;&#9; * (example Storm Crow -&gt; &quot;Creature- bird&quot;)&#13;&#10;&#9; * @return types of card&#13;&#10;&#9; */&#13;&#10;&#9;public String getType() {&#13;&#10;&#9;&#9;return this.type;&#13;&#10;&#13;&#10;&#9;}&#13;&#10;&#13;&#10;&#9;/**&#13;&#10;&#9; * Sets the color of the card to given card&#13;&#10;&#9; * @param string color of card represented by W?U?B?R?G?&#13;&#10;&#9; */&#13;&#10;&#9;public void setColor(String string) {&#13;&#10;&#9;&#9;String regex = &quot;W?U?B?R?G?&quot;;&#13;&#10;&#9;&#9;if(!string.matches(regex)) {&#13;&#10;&#9;&#9;&#9;throw new PatternSyntaxException(&quot;Card &quot; + this.name + &quot;: &quot; + string + &quot; is not a valid color&quot;, regex, -1);&#13;&#10;&#9;&#9;}&#13;&#10;&#9;&#9;this.color = string;&#13;&#10;&#13;&#10;&#9;}&#13;&#10;&#13;&#10;&#9;/**&#13;&#10;&#9; * Sets the cost of the card expressed as oracle text&#13;&#10;&#9; * without curly braces.&#13;&#10;&#9; * Conforms to regex [0-9]*[WUBRG]*&#13;&#10;&#9; *&#13;&#10;&#9; * Ex: (Storm Crow -&gt; '1U', Emrakul -&gt; '15')&#13;&#10;&#9; * @param s mana cost of card&#13;&#10;&#9; */&#13;&#10;&#9;public void setCost(String s){&#13;&#10;&#9;&#9;String regex = &quot;[0-9]*W*U*B*R*G*&quot;;&#13;&#10;&#9;&#9;if(!s.matches(regex)) {&#13;&#10;&#9;&#9;&#9;throw new PatternSyntaxException(&quot;Card &quot; + this.name + &quot;: &quot; + s + &quot; is not a valid mana cost&quot;, regex, -1);&#13;&#10;&#9;&#9;}&#13;&#10;&#9;&#9;this.manaCost = s;&#13;&#10;&#9;}&#13;&#10;&#13;&#10;&#9;/**&#13;&#10;&#9; * sets image path for displaying the card&#13;&#10;&#9; * @param string filepath to image&#13;&#10;&#9; */&#13;&#10;&#9;public void setImage(String string) {&#13;&#10;&#9;&#9;File test = new File(string);&#13;&#10;&#9;&#9;if(!test.exists()) {&#13;&#10;&#9;&#9;&#9;throw new IllegalArgumentException(&quot;Card &quot; + this.name + &quot;: &quot; + string + &quot; is not a valid file name&quot;);&#13;&#10;&#9;&#9;}&#13;&#10;&#9;&#9;this.image = string;&#13;&#10;&#13;&#10;&#9;}&#13;&#10;&#13;&#10;&#9;/**&#13;&#10;&#9; * sets the power of card (if creature)&#13;&#10;&#9; * @param i power of creature&#13;&#10;&#9; */&#13;&#10;&#9;public void setPower(int i) {//!# CHECK IF IS CREATURE&#13;&#10;&#9;&#9;this.power = i;&#13;&#10;&#13;&#10;&#9;}&#13;&#10;&#13;&#10;&#9;/**&#13;&#10;&#9; * Sets both the power and toughness of card&#13;&#10;&#9; * @param p power of card&#13;&#10;&#9; * @param t toughness of card&#13;&#10;&#9; */&#13;&#10;&#9;public void setPT(int p, int t){//!# CHECK IF IS CREATURE&#13;&#10;&#9;&#9;this.toughness = t;&#13;&#10;&#9;&#9;this.power = p;&#13;&#10;&#9;}&#13;&#10;&#13;&#10;&#9;/**&#13;&#10;&#9; * sets toughness of card&#13;&#10;&#9; * @param i toughness&#13;&#10;&#9; */&#13;&#10;&#9;public void setToughness(int i) {//!# CHECK IF IS CREATURE&#13;&#10;&#9;&#9;this.toughness = i;&#13;&#10;&#13;&#10;&#9;}&#13;&#10;&#13;&#10;&#9;/**&#13;&#10;&#9; * Sets the type of given card defined as&#13;&#10;&#9; * &lt;Type&gt;- &lt;subtype&gt;*&#13;&#10;&#9; * (example Storm Crow -&gt; &quot;Creature- bird&quot;)&#13;&#10;&#9; * @param s type of card&#13;&#10;&#9; */&#13;&#10;&#9;public void setType(String s) {&#13;&#10;&#9;&#9;if(s == null){&#13;&#10;&#9;&#9;&#9;throw new IllegalArgumentException(&quot;Card &quot; + this.name + &quot;: null is not a valid card type&quot;);&#13;&#10;&#9;&#9;}&#13;&#10;&#9;&#9;String regex = &quot;(Basic )?[A-Z][a-z]*(\\- [A-Z][a-z]*( [A-Z][a-z]*)*)?&quot;;&#13;&#10;&#9;&#9;if(!s.matches(regex)) {&#13;&#10;&#9;&#9;&#9;throw new PatternSyntaxException(&quot;Card &quot; + this.name + &quot;: &quot; + s + &quot; is not a valid card typeline&quot;, regex, -1);&#13;&#10;&#9;&#9;} &#13;&#10;&#9;&#9;this.type = s;&#13;&#10;&#9;}&#13;&#10;&#9;&#13;&#10;&#9;/**&#13;&#10;&#9; * Sets whether this card can be cast at instant speed independent of its card typeline&#13;&#10;&#9; * @param flash whether this card can be cast at instant speed&#13;&#10;&#9; */&#13;&#10;&#9;public void setFlash(boolean flash) {&#13;&#10;&#9;&#9;this.flash = flash;&#13;&#10;&#9;}&#13;&#10;&#13;&#10;&#9;@Override&#13;&#10;&#9;public String toString() {&#13;&#10;&#9;&#9;return this.name;&#13;&#10;&#9;}&#13;&#10;&#13;&#10;&#9;/**&#13;&#10;&#9; * Adds a mana ability to the card&#13;&#10;&#9; * @param manaAbility added mana ability&#13;&#10;&#9; */&#13;&#10;&#9;public void addManaAbility(String manaAbility) {&#13;&#10;&#9;&#9;this.manaAbility = manaAbility;&#13;&#10;&#9;}&#13;&#10;&#13;&#10;&#9;/**&#13;&#10;&#9; * Gets the mana ability of the card&#13;&#10;&#9; * @return mana ability&#13;&#10;&#9; */&#13;&#10;&#9;public String getManaAbility() {&#13;&#10;&#9;&#9;return this.manaAbility;&#13;&#10;&#9;}&#13;&#10;&#13;&#10;&#9;/**&#13;&#10;&#9; * Determines if a card is tapped&#13;&#10;&#9; * @return true if tapped, false if not&#13;&#10;&#9; */&#13;&#10;&#9;public Boolean getTapped() {&#13;&#10;&#9;&#9;return this.tapped;&#13;&#10;&#9;}&#13;&#10;&#9;&#13;&#10;&#9;/**&#13;&#10;&#9; * Determines whether this card can be cast at instant speed&#13;&#10;&#9; * @return whether this card can be cast at instant speed&#13;&#10;&#9; */&#13;&#10;&#9;public Boolean isFlash() {&#13;&#10;&#9;&#9;return this.flash || this.type.contains(&quot;Instant&quot;);&#13;&#10;&#9;}&#13;&#10;&#13;&#10;&#9;/**&#13;&#10;&#9; * Taps a card&#13;&#10;&#9; * @return true if the card was previously untapped, false otherwise&#13;&#10;&#9; */&#13;&#10;&#9;public boolean tap() {&#13;&#10;&#9;&#9;if (this.tapped)&#13;&#10;&#9;&#9;&#9;return false;&#13;&#10;&#13;&#10;&#9;&#9;this.tapped = true;&#13;&#10;&#9;&#9;return true;&#13;&#10;&#9;}&#13;&#10;&#13;&#10;&#9;/**&#13;&#10;&#9; * Untaps a card&#13;&#10;&#9; */&#13;&#10;&#9;public void untap() {&#13;&#10;&#9;&#9;this.tapped = false;&#13;&#10;&#9;}&#13;&#10;}&#13;&#10;" Filename="Card.java" Intrnl_Id="13"/>
<SrcFile Content="package devops.hw1.core;&#13;&#10;&#13;&#10;import java.util.Stack;&#13;&#10;import java.util.concurrent.RejectedExecutionException;&#13;&#10;import java.util.StringTokenizer;&#13;&#10;&#13;&#10;/**&#13;&#10; * Backend object that handles a lot of game logic and information&#13;&#10; *&#13;&#10; */&#13;&#10;public class Backend {&#13;&#10;&#9;private Phase phase;&#13;&#10;&#9;private Boolean turn;&#13;&#10;&#9;private Boolean priority;&#13;&#10;&#9;private Boolean passed;&#13;&#10;&#9;private Stack&lt;ItemOnStack&gt; stack;&#13;&#10;&#9;public static Backend bk;&#13;&#10;&#13;&#10;&#9;public static Backend getInstance(){&#13;&#10;&#9;&#9;if(bk == null)&#13;&#10;&#9;&#9;&#9;bk = new Backend();&#13;&#10;&#13;&#10;&#9;&#9;return bk;&#13;&#10;&#9;}&#13;&#10;&#13;&#10;&#9;/**&#13;&#10;&#9; * Constructs a backend object&#13;&#10;&#9; */&#13;&#10;&#9;public Backend(){&#13;&#10;&#9;&#9;this.phase = Phase.FIRST_MAIN1;&#13;&#10;&#9;&#9;this.turn = true;&#13;&#10;&#9;&#9;this.priority = true;&#13;&#10;&#9;&#9;this.passed = false;&#13;&#10;&#9;&#9;this.stack = new Stack&lt;ItemOnStack&gt;();&#13;&#10;&#9;}&#13;&#10;&#13;&#10;&#9;/**&#13;&#10;&#9; * Handles logic for moving a card when it's clicked (prototype code)&#13;&#10;&#9; * @param z the zone the card's being moved from&#13;&#10;&#9; * @param currIndex the index that that card currently occupies in that zone&#13;&#10;&#9; * @param c the card that's being moved from its current zone&#13;&#10;&#9; */&#13;&#10;&#9;public static void handleCardClicked(Zone z, int currIndex, Card c) {&#13;&#10;&#9;&#9;if(currIndex &lt; 0){&#13;&#10;&#9;&#9;&#9;throw new IllegalArgumentException(currIndex + &quot; is not a valid index for card click events.&quot;);&#13;&#10;&#9;&#9;}&#13;&#10;&#9;&#9;if(c == null){&#13;&#10;&#9;&#9;&#9;throw new IllegalArgumentException(&quot;Null is not a valid card for card click events.&quot;);&#13;&#10;&#9;&#9;}&#13;&#10;&#9;&#9;switch(z) {&#13;&#10;&#9;&#9;case HAND:&#13;&#10;&#9;&#9;&#9;Zone.BATTLE_FIELD.addCard(c, 0);&#13;&#10;&#9;&#9;&#9;break;&#13;&#10;&#9;&#9;case HAND1:&#13;&#10;&#9;&#9;&#9;Zone.BATTLE_FIELD1.addCard(c, 0);&#13;&#10;&#9;&#9;&#9;break;&#13;&#10;&#9;&#9;case BATTLE_FIELD:&#13;&#10;&#9;&#9;&#9;Zone.GRAVEYARD.addCard(c, 0);&#13;&#10;&#9;&#9;&#9;break;&#13;&#10;&#9;&#9;case BATTLE_FIELD1:&#13;&#10;&#9;&#9;&#9;Zone.GRAVEYARD1.addCard(c, 0);&#13;&#10;&#9;&#9;&#9;break;&#13;&#10;&#9;&#9;default:&#13;&#10;&#9;&#9;&#9;throw new IllegalArgumentException(z + &quot; zone is not a valid zone for card click events.&quot;);&#13;&#10;&#9;&#9;}&#13;&#10;&#9;&#9;try{&#13;&#10;&#9;&#9;&#9;z.remove(currIndex);&#13;&#10;&#9;&#9;} catch (IndexOutOfBoundsException e){&#13;&#10;&#9;&#9;&#9;throw new IndexOutOfBoundsException(&quot;Card clicked could not remove card: &quot; + e.getMessage());&#13;&#10;&#9;&#9;}&#13;&#10;&#9;}&#13;&#10;&#13;&#10;&#9;//TODO Implement this (no need for input validation yet)&#13;&#10;&#9;/**&#13;&#10;&#9; * Prototype function. Moves a card from its current zone to a new one when its ability is activated&#13;&#10;&#9; * @param c the card whose ability is being activated&#13;&#10;&#9; * @param z the zone the card is leaving&#13;&#10;&#9; * @param i the index the card currently occupies in that zone&#13;&#10;&#9; */&#13;&#10;&#9;public static void activateAbility(Card c, Zone z, int i) {&#13;&#10;&#9;&#9;z.remove(i);&#13;&#10;&#13;&#10;&#9;&#9;if(z == Zone.HAND)&#13;&#10;&#9;&#9;&#9;addCard(Zone.BATTLE_FIELD, c);&#13;&#10;&#13;&#10;&#9;&#9;if(z == Zone.HAND1)&#13;&#10;&#9;&#9;&#9;addCard(Zone.BATTLE_FIELD1, c);&#13;&#10;&#13;&#10;&#9;}&#13;&#10;&#13;&#10;&#9;/**&#13;&#10;&#9; * temporary fix to different ways to call activate ability&#13;&#10;&#9; * @param c the card whose ability is being activated&#13;&#10;&#9; * @param z the zone the card is leaving&#13;&#10;&#9; * @param i the index the card currently occupies in that zone&#13;&#10;&#9; * @param abInd index of the card's ability&#13;&#10;&#9; * TODO: this is weird&#13;&#10;&#9; */&#13;&#10;&#9;public static void activateAbility(Card c, Zone z, int i, int abInd) {&#13;&#10;&#9;&#9;activateAbility(c, z, i);&#13;&#10;&#9;}&#13;&#10;&#13;&#10;&#9;/**&#13;&#10;&#9; * Simply adds the card to the given zone at the end of that zone's list&#13;&#10;&#9; * @param z the zone being added to&#13;&#10;&#9; * @param c the card being added&#13;&#10;&#9; */&#13;&#10;&#9;public static void addCard(Zone z, Card c) {&#13;&#10;&#9;&#9;z.addCard(c, z.getSize());&#13;&#10;&#9;}&#13;&#10;&#13;&#10;&#9;/**&#13;&#10;&#9; * Adds the given card to the given zone&#13;&#10;&#9; * @param z Zone to add card to&#13;&#10;&#9; * @param c Card to add&#13;&#10;&#9; * @param i&#9;position of the zone to add card&#13;&#10;&#9; */&#13;&#10;&#9;void addCard(Zone z, Card c, int i){&#13;&#10;&#9;&#9;try {&#13;&#10;&#9;&#9;&#9;z.addCard(c, i);&#13;&#10;&#9;&#9;} catch (IndexOutOfBoundsException e) {&#13;&#10;&#9;&#9;&#9;throw new IndexOutOfBoundsException(&quot;Backend: &quot; + e.getMessage());&#13;&#10;&#9;&#9;}&#13;&#10;&#9;}&#13;&#10;&#13;&#10;&#9;/**&#13;&#10;&#9; * This method will get the contents (in order) of all cards of a given zone&#13;&#10;&#9; * @param zone Zone enum that you want cards from&#13;&#10;&#9; * @return Array of Card's in the given zone&#13;&#10;&#9; */&#13;&#10;&#9;Card[] getZoneContents(Zone zone){&#13;&#10;&#9;&#9;return zone.getCards();&#13;&#10;&#9;}&#13;&#10;&#13;&#10;&#13;&#10;&#9;/**&#13;&#10;&#9; * Removes the card at the given index from the zone&#13;&#10;&#9; * @param z zone to remove card from&#13;&#10;&#9; * @param i index to remove the card&#13;&#10;&#9; */&#13;&#10;&#9;void removeCard(Zone z, int i){&#13;&#10;&#9;&#9;try {&#13;&#10;&#9;&#9;&#9;z.remove(i);&#13;&#10;&#9;&#9;} catch (IndexOutOfBoundsException e) {&#13;&#10;&#9;&#9;&#9;throw new IndexOutOfBoundsException(&quot;Backend: &quot; + e.getMessage());&#13;&#10;&#9;&#9;}&#13;&#10;&#13;&#10;&#9;}&#13;&#10;&#13;&#10;&#13;&#10;&#9;/**&#13;&#10;&#9; * Gets the current phase&#13;&#10;&#9; * @return the current phase&#13;&#10;&#9; */&#13;&#10;&#9;public Phase getPhase() {&#13;&#10;&#9;&#9;return this.phase;&#13;&#10;&#9;}&#13;&#10;&#13;&#10;&#9;/**&#13;&#10;&#9; * Changes the current phase to the next phase&#13;&#10;&#9; */&#13;&#10;&#9;public void changePhase() {&#13;&#10;&#9;&#9;ManaPool.emptyMana();&#13;&#10;&#13;&#10;&#9;&#9;if((this.phase == Phase.CLEANUP1) || (this.phase == Phase.CLEANUP2))&#13;&#10;&#9;&#9;&#9;this.turn = !this.turn;&#13;&#10;&#13;&#10;&#9;&#9;this.phase = Phase.values()[(((this.phase.ordinal() + 1) % (Phase.CLEANUP2.ordinal() + 1)))];&#13;&#10;&#13;&#10;&#9;&#9;//handle untap-step case&#13;&#10;&#9;&#9;if((this.phase == Phase.UNTAP1) || (this.phase == Phase.UNTAP2)) {&#13;&#10;&#9;&#9;&#9;for(Card c : Zone.BATTLE_FIELD.getCards()) {&#13;&#10;&#9;&#9;&#9;&#9;if(c.getTapped()) {&#13;&#10;&#9;&#9;&#9;&#9;&#9;c.untap();&#13;&#10;&#9;&#9;&#9;&#9;}&#13;&#10;&#9;&#9;&#9;}&#13;&#10;&#9;&#9;&#9;for(Card c : Zone.BATTLE_FIELD1.getCards()) {&#13;&#10;&#9;&#9;&#9;&#9;if(c.getTapped()) {&#13;&#10;&#9;&#9;&#9;&#9;&#9;c.untap();&#13;&#10;&#9;&#9;&#9;&#9;}&#13;&#10;&#9;&#9;&#9;}&#13;&#10;&#9;&#9;&#9;this.phase = Phase.values()[(((this.phase.ordinal() + 1) % (Phase.CLEANUP2.ordinal() + 1)))];&#13;&#10;&#9;&#9;}&#13;&#10;&#13;&#10;&#13;&#10;&#9;}&#13;&#10;&#13;&#10;&#9;/**&#13;&#10;&#9; * Returns the current player whose turn it is&#13;&#10;&#9; * @return true if it is the first player's turn, false if it is the second player's&#13;&#10;&#9; */&#13;&#10;&#9;public Boolean getTurn() {&#13;&#10;&#9;&#9;return this.turn;&#13;&#10;&#9;}&#13;&#10;&#13;&#10;&#9;/**&#13;&#10;&#9; * Returns the current player who had priority&#13;&#10;&#9; * @return true if it is the first player's priority, false if it is the second player's&#13;&#10;&#9; */&#13;&#10;&#9;public boolean getPriority() {&#13;&#10;&#9;&#9;return this.priority;&#13;&#10;&#9;}&#13;&#10;&#13;&#10;&#9;/**&#13;&#10;&#9; * Passes priority for players&#13;&#10;&#9; * @param player which player is trying to pass priority&#13;&#10;&#9; */&#13;&#10;&#9;public void passPriority(boolean player) {&#13;&#10;&#9;&#9;if(this.priority == player) {&#13;&#10;&#13;&#10;&#9;&#9;&#9;if (this.passed &amp;&amp; !this.stack.empty()) {&#13;&#10;&#9;&#9;&#9;&#9;ItemOnStack item = this.stack.pop();&#13;&#10;&#9;&#9;&#9;&#9;if(item.getTarget() != null) {&#13;&#10;&#9;&#9;&#9;&#9;&#9;Card[] tZone = item.getTargetZone().getCards();&#13;&#10;&#9;&#9;&#9;&#9;&#9;for(int i = 0; i &lt; tZone.length; i++) {&#13;&#10;&#9;&#9;&#9;&#9;&#9;&#9;if(tZone[i].equals(item.getTarget())) {&#13;&#10;&#9;&#9;&#9;&#9;&#9;&#9;&#9;item.getTargetZone().remove(i);&#13;&#10;&#9;&#9;&#9;&#9;&#9;&#9;}&#13;&#10;&#9;&#9;&#9;&#9;&#9;}&#13;&#10;&#9;&#9;&#9;&#9;} else {&#13;&#10;&#9;&#9;&#9;&#9;&#9;if(item.getPlayer()){&#13;&#10;&#9;&#9;&#9;&#9;&#9;&#9;Zone.BATTLE_FIELD.addCard(item.getCard(), 0);&#13;&#10;&#9;&#9;&#9;&#9;&#9;} else {&#13;&#10;&#9;&#9;&#9;&#9;&#9;&#9;Zone.BATTLE_FIELD1.addCard(item.getCard(), 0);&#13;&#10;&#9;&#9;&#9;&#9;&#9;}&#13;&#10;&#9;&#9;&#9;&#9;}&#13;&#10;&#9;&#9;&#9;&#9;this.passed = false;&#13;&#10;&#9;&#9;&#9;&#9;this.priority = this.turn;&#13;&#10;&#9;&#9;&#9;} else if(this.passed){&#13;&#10;&#9;&#9;&#9;&#9;this.changePhase();&#13;&#10;&#9;&#9;&#9;&#9;this.passed = false;&#13;&#10;&#9;&#9;&#9;&#9;this.priority= this.turn;&#13;&#10;&#9;&#9;&#9;} else {&#13;&#10;&#9;&#9;&#9;&#9;this.passed = true;&#13;&#10;&#9;&#9;&#9;&#9;this.priority = !this.priority;&#13;&#10;&#9;&#9;&#9;}&#13;&#10;&#9;&#9;}&#13;&#10;&#9;}&#13;&#10;&#13;&#10;&#9;/**&#13;&#10;&#9; * Activates the mana ability of a card&#13;&#10;&#9; * @param c card with the mana ability&#13;&#10;&#9; * @param player player who activated the mana ability&#13;&#10;&#9; */&#13;&#10;&#9;public void activateManaAbility(Card c, Boolean player) {&#13;&#10;&#9;&#9;StringTokenizer strToken = new StringTokenizer(c.getManaAbility(),&quot;:&quot;);&#13;&#10;&#9;&#9;if(strToken.nextToken().equals(&quot;T&quot;)){&#13;&#10;&#9;&#9;&#9;if(c.getTapped()){&#13;&#10;&#9;&#9;&#9;&#9;throw new RejectedExecutionException(&quot;Mana ability of &quot; + c.getName() + &quot; cannot be activated: cannot pay cost&quot;);&#13;&#10;&#9;&#9;&#9;}&#13;&#10;&#9;&#9;&#9;c.tap();&#13;&#10;&#9;&#9;}&#13;&#10;&#9;&#9;if(player){&#13;&#10;&#9;&#9;&#9;switch (strToken.nextToken()) {&#13;&#10;&#9;&#9;&#9;case &quot;W&quot;:&#13;&#10;&#9;&#9;&#9;&#9;ManaPool.WHITE1.add(1);&#13;&#10;&#9;&#9;&#9;&#9;break;&#13;&#10;&#9;&#9;&#9;case &quot;U&quot;:&#13;&#10;&#9;&#9;&#9;&#9;ManaPool.BLUE1.add(1);&#13;&#10;&#9;&#9;&#9;&#9;break;&#13;&#10;&#9;&#9;&#9;case &quot;B&quot;:&#13;&#10;&#9;&#9;&#9;&#9;ManaPool.BLACK1.add(1);&#13;&#10;&#9;&#9;&#9;&#9;break;&#13;&#10;&#9;&#9;&#9;case &quot;R&quot;:&#13;&#10;&#9;&#9;&#9;&#9;ManaPool.RED1.add(1);&#13;&#10;&#9;&#9;&#9;&#9;break;&#13;&#10;&#9;&#9;&#9;case &quot;G&quot;:&#13;&#10;&#9;&#9;&#9;&#9;ManaPool.GREEN1.add(1);&#13;&#10;&#9;&#9;&#9;&#9;break;&#13;&#10;&#9;&#9;&#9;case &quot;1&quot;:&#13;&#10;&#9;&#9;&#9;&#9;ManaPool.COLORLESS1.add(1);&#13;&#10;&#9;&#9;&#9;&#9;break;&#13;&#10;&#9;&#9;&#9;}&#13;&#10;&#9;&#9;} else {&#13;&#10;&#9;&#9;&#9;switch (strToken.nextToken()) {&#13;&#10;&#9;&#9;&#9;case &quot;W&quot;:&#13;&#10;&#9;&#9;&#9;&#9;ManaPool.WHITE2.add(1);&#13;&#10;&#9;&#9;&#9;&#9;break;&#13;&#10;&#9;&#9;&#9;case &quot;U&quot;:&#13;&#10;&#9;&#9;&#9;&#9;ManaPool.BLUE2.add(1);&#13;&#10;&#9;&#9;&#9;&#9;break;&#13;&#10;&#9;&#9;&#9;case &quot;B&quot;:&#13;&#10;&#9;&#9;&#9;&#9;ManaPool.BLACK2.add(1);&#13;&#10;&#9;&#9;&#9;&#9;break;&#13;&#10;&#9;&#9;&#9;case &quot;R&quot;:&#13;&#10;&#9;&#9;&#9;&#9;ManaPool.RED2.add(1);&#13;&#10;&#9;&#9;&#9;&#9;break;&#13;&#10;&#9;&#9;&#9;case &quot;G&quot;:&#13;&#10;&#9;&#9;&#9;&#9;ManaPool.GREEN2.add(1);&#13;&#10;&#9;&#9;&#9;&#9;break;&#13;&#10;&#9;&#9;&#9;case &quot;1&quot;:&#13;&#10;&#9;&#9;&#9;&#9;ManaPool.COLORLESS2.add(1);&#13;&#10;&#9;&#9;&#9;&#9;break;&#13;&#10;&#9;&#9;&#9;}&#13;&#10;&#9;&#9;}&#13;&#10;&#9;}&#13;&#10;&#13;&#10;&#9;/**&#13;&#10;&#9; * Parses a cost string and returns an array of costs&#13;&#10;&#9; * @param s String of cost&#13;&#10;&#9; * @return array of cost amounts in WUBRGC&#13;&#10;&#9; */&#13;&#10;&#9;public int[] parseCost(String s){&#13;&#10;&#9;&#9;int cost[] = new int[6];&#13;&#10;&#13;&#10;&#9;&#9;int i = 0;&#13;&#10;&#13;&#10;&#9;&#9;while(isInteger(s.substring(i, i+1))){&#13;&#10;&#9;&#9;&#9;i++;&#13;&#10;&#9;&#9;}&#13;&#10;&#13;&#10;&#9;&#9;if(i != 0){&#13;&#10;&#9;&#9;&#9;cost[5] = Integer.parseInt(s.substring(0,i));&#13;&#10;&#9;&#9;}&#13;&#10;&#13;&#10;&#9;&#9;for(int g = i;g &lt; s.length(); g++){&#13;&#10;&#9;&#9;&#9;switch (s.substring(g, g+1)){&#13;&#10;&#9;&#9;&#9;case &quot;W&quot;:&#13;&#10;&#9;&#9;&#9;&#9;cost[0]++;&#13;&#10;&#9;&#9;&#9;&#9;break;&#13;&#10;&#9;&#9;&#9;case &quot;U&quot;:&#13;&#10;&#9;&#9;&#9;&#9;cost[1]++;&#13;&#10;&#9;&#9;&#9;&#9;break;&#13;&#10;&#9;&#9;&#9;case &quot;B&quot;:&#13;&#10;&#9;&#9;&#9;&#9;cost[2]++;&#13;&#10;&#9;&#9;&#9;&#9;break;&#13;&#10;&#9;&#9;&#9;case &quot;R&quot;:&#13;&#10;&#9;&#9;&#9;&#9;cost[3]++;&#13;&#10;&#9;&#9;&#9;&#9;break;&#13;&#10;&#9;&#9;&#9;case &quot;G&quot;:&#13;&#10;&#9;&#9;&#9;&#9;cost[4]++;&#13;&#10;&#9;&#9;&#9;&#9;break;&#13;&#10;&#9;&#9;&#9;}&#13;&#10;&#9;&#9;}&#13;&#10;&#9;&#9;return cost;&#13;&#10;&#9;}&#13;&#10;&#9;/**&#13;&#10;&#9; * Casts a spell, removing mana from the players mana pool accordingly&#13;&#10;&#9; * @param zone the zone the spell is being cast from&#13;&#10;&#9; * @param c the spell being cast&#13;&#10;&#9; * @param index the index the spell is in&#13;&#10;&#9; * @param player the player that owns the spell&#13;&#10;&#9; * @param target the card being targeted&#13;&#10;&#9; * @param targetZone the zone the targeted card is in&#13;&#10;&#9; * @return true if the spell is cast, false if not&#13;&#10;&#9; */&#13;&#10;&#9;public boolean castSpell(Zone zone, Card c, int index, Boolean player, Card target, Zone targetZone) {&#13;&#10;&#13;&#10;&#9;&#9;if(!c.isFlash() &amp;&amp;&#13;&#10;&#9;&#9;&#9;&#9;((this.turn != player) || (!this.stack.isEmpty()) ||&#13;&#10;&#9;&#9;&#9;&#9;(this.phase != Phase.FIRST_MAIN1 &amp;&amp; this.phase != Phase.SECOND_MAIN1 &amp;&amp; &#13;&#10;&#9;&#9;&#9;&#9;this.phase != Phase.FIRST_MAIN2 &amp;&amp; this.phase != Phase.SECOND_MAIN2))){&#13;&#10;&#9;&#9;&#9;return false;&#13;&#10;&#9;&#9;}&#13;&#10;&#9;&#9;if((target != null) &amp;&amp; !canTarget(c, zone, target, targetZone)) {&#13;&#10;&#9;&#9;&#9;return false;&#13;&#10;&#9;&#9;}&#13;&#10;&#9;&#9;&#13;&#10;&#9;&#9;if(c.getCost() == null){&#13;&#10;&#9;&#9;&#9;throw new IllegalArgumentException(&quot;Illegal card &quot; + c.getName() + &quot;: card cost is null&quot;);&#13;&#10;&#9;&#9;}&#13;&#10;&#9;&#9;int[] costs = this.parseCost(c.getCost());&#13;&#10;&#13;&#10;&#13;&#10;&#9;&#9;if((costs[0] &lt;= ManaPool.getPool('w', player).getAmount()) &amp;&amp;&#13;&#10;&#9;&#9;&#9;&#9;(costs[1] &lt;= ManaPool.getPool('u', player).getAmount()) &amp;&amp;&#13;&#10;&#9;&#9;&#9;&#9;(costs[2] &lt;= ManaPool.getPool('b', player).getAmount()) &amp;&amp;&#13;&#10;&#9;&#9;&#9;&#9;(costs[3] &lt;= ManaPool.getPool('r', player).getAmount()) &amp;&amp;&#13;&#10;&#9;&#9;&#9;&#9;(costs[4] &lt;= ManaPool.getPool('g', player).getAmount()) &amp;&amp;&#13;&#10;&#9;&#9;&#9;&#9;((costs[0] + costs[1] + costs[2] + costs[3] + costs[4] + costs[5])&lt;=&#13;&#10;&#9;&#9;&#9;&#9;(ManaPool.getPool('w', player).getAmount() + ManaPool.getPool('u', player).getAmount()&#13;&#10;&#9;&#9;&#9;&#9;&#9;&#9;+ ManaPool.getPool('b', player).getAmount() + ManaPool.getPool('r', player).getAmount()&#13;&#10;&#9;&#9;&#9;&#9;&#9;&#9;+ ManaPool.getPool('g', player).getAmount() + ManaPool.getPool('c', player).getAmount()))){&#13;&#10;&#13;&#10;&#9;&#9;&#9;ManaPool.getPool('w', player).remove(costs[0]);&#13;&#10;&#9;&#9;&#9;ManaPool.getPool('u', player).remove(costs[1]);&#13;&#10;&#9;&#9;&#9;ManaPool.getPool('b', player).remove(costs[2]);&#13;&#10;&#9;&#9;&#9;ManaPool.getPool('r', player).remove(costs[3]);&#13;&#10;&#9;&#9;&#9;ManaPool.getPool('g', player).remove(costs[4]);&#13;&#10;&#13;&#10;&#9;&#9;&#9;costs[5] = this.handleGeneric(ManaPool.getPool('c', player), costs[5]);&#13;&#10;&#9;&#9;&#9;costs[5] = this.handleGeneric(ManaPool.getPool('u', player), costs[5]);&#13;&#10;&#9;&#9;&#9;costs[5] = this.handleGeneric(ManaPool.getPool('b', player), costs[5]);&#13;&#10;&#9;&#9;&#9;costs[5] = this.handleGeneric(ManaPool.getPool('w', player), costs[5]);&#13;&#10;&#9;&#9;&#9;costs[5] = this.handleGeneric(ManaPool.getPool('r', player), costs[5]);&#13;&#10;&#9;&#9;&#9;costs[5] = this.handleGeneric(ManaPool.getPool('g', player), costs[5]);&#13;&#10;&#13;&#10;&#9;&#9;&#9;this.stack.push(new ItemOnStack(c, player, target, targetZone));&#13;&#10;&#13;&#10;&#9;&#9;&#9;zone.remove(index);&#13;&#10;&#9;&#9;&#9;this.passed = false;&#13;&#10;&#9;&#9;&#9;return true;&#13;&#10;&#9;&#9;} else {&#13;&#10;&#9;&#9;&#9;return false;&#13;&#10;&#9;&#9;}&#13;&#10;&#13;&#10;&#9;}&#13;&#10;&#13;&#10;&#13;&#10;&#9;/**&#13;&#10;&#9; * Handles paying generic costs with mana from a specific mana pool&#13;&#10;&#9; * @param manaPool mana pool to play mana with&#13;&#10;&#9; * @param genericCost amount of generic mana to pay&#13;&#10;&#9; * @return amount of mana left to pay&#13;&#10;&#9; */&#13;&#10;&#9;public int handleGeneric(ManaPool manaPool, int genericCost){&#13;&#10;&#9;&#9;if(genericCost &gt; 0){&#13;&#10;&#9;&#9;&#9;if(manaPool.getAmount() &gt;= genericCost){&#13;&#10;&#9;&#9;&#9;&#9;manaPool.remove(genericCost);&#13;&#10;&#9;&#9;&#9;&#9;return 0;&#13;&#10;&#9;&#9;&#9;} else {&#13;&#10;&#9;&#9;&#9;&#9;int temp = genericCost - manaPool.getAmount();&#13;&#10;&#9;&#9;&#9;&#9;manaPool.empty();&#13;&#10;&#9;&#9;&#9;&#9;return temp;&#13;&#10;&#9;&#9;&#9;}&#13;&#10;&#9;&#9;} else if (genericCost == 0){&#13;&#10;&#9;&#9;&#9;return 0;&#13;&#10;&#9;&#9;} else {&#13;&#10;&#9;&#9;&#9;throw new IllegalArgumentException(genericCost + &quot; is not a valid amount of generic mana cost.&quot;);&#13;&#10;&#9;&#9;}&#13;&#10;&#9;}&#13;&#10;&#13;&#10;&#9;/**&#13;&#10;&#9; * Determines if a string is an integer&#13;&#10;&#9; * @param s string to check&#13;&#10;&#9; * @return true if the string is an integer&#13;&#10;&#9; */&#13;&#10;&#9;public static boolean isInteger(String s) {&#13;&#10;&#9;&#9;return s.matches(&quot;\\d+&quot;);&#13;&#10;&#9;}&#13;&#10;&#13;&#10;&#9;/**&#13;&#10;&#9; * Determines if a card can target another card&#13;&#10;&#9; * @param sourceC the card that is doing the targeting&#13;&#10;&#9; * @param sourceZ the zone that the targeting card is from&#13;&#10;&#9; * @param targetC the card that is being targeting&#13;&#10;&#9; * @param targetZ the zone that the targeted card is in&#13;&#10;&#9; * @return whether the source card in the source zone can target the target card in the target zone&#13;&#10;&#9; */&#13;&#10;&#9;public static boolean canTarget(Card sourceC, Zone sourceZ, Card targetC, Zone targetZ) {&#13;&#10;&#9;&#9;boolean h1ToB2 = (sourceZ == Zone.HAND)  &amp;&amp; (targetZ == Zone.BATTLE_FIELD1);&#13;&#10;&#9;&#9;boolean h1ToB1 = (sourceZ == Zone.HAND)  &amp;&amp; (targetZ == Zone.BATTLE_FIELD);&#13;&#10;&#9;&#9;boolean h2ToB1 = (sourceZ == Zone.HAND1)  &amp;&amp; (targetZ == Zone.BATTLE_FIELD);&#13;&#10;&#9;&#9;boolean h2ToB2 = (sourceZ == Zone.HAND1)  &amp;&amp; (targetZ == Zone.BATTLE_FIELD1);&#13;&#10;&#13;&#10;&#13;&#10;&#9;&#9;return h1ToB2 || h1ToB1 || h2ToB1 || h2ToB2;&#13;&#10;&#9;}&#13;&#10;}&#13;&#10;" Filename="Backend.java" Intrnl_Id="14"/>
<SrcFile Content="package devops.hw1.core;&#13;&#10;&#13;&#10;public abstract class AbstractData&lt;T&gt; implements IData&lt;T&gt; {&#13;&#10;&#9;private long id;&#13;&#10;&#9;private T value;&#13;&#10;&#9;&#13;&#10;&#9;/**&#13;&#10;&#9; * Constructor for an AbstractData&lt;T&gt; object&#13;&#10;&#9; * @param id the ID number of the object&#13;&#10;&#9; * @param value the object that stores this object's value&#13;&#10;&#9; */&#13;&#10;&#9;public AbstractData(long id, T value) {&#13;&#10;&#9;&#9;this.id = id;&#13;&#10;&#9;&#9;this.value = value;&#13;&#10;&#9;}&#13;&#10;&#13;&#10;&#9;&#13;&#10;&#9;public long getId() {&#13;&#10;&#9;&#9;return this.id;&#13;&#10;&#9;}&#13;&#10;&#13;&#10;&#9;public T getValue() {&#13;&#10;&#9;&#9;return this.value;&#13;&#10;&#9;}&#13;&#10;&#13;&#10;&#9;/**&#13;&#10;&#9; * This method produces a hash code for the object from the value that it stores&#13;&#10;&#9; * @return the object's hash code&#13;&#10;&#9; */&#13;&#10;&#9;@Override&#13;&#10;&#9;public int hashCode() {&#13;&#10;&#9;&#9;final int prime = 31;&#13;&#10;&#9;&#9;int result = 1;&#13;&#10;&#9;&#9;result = prime * result + (int) (id ^ (id &gt;&gt;&gt; 32));&#13;&#10;&#9;&#9;result = prime * result + ((value == null) ? 0 : value.hashCode());&#13;&#10;&#9;&#9;return result;&#13;&#10;&#9;}&#13;&#10;&#13;&#10;&#9;/**&#13;&#10;&#9; * This method determines whether this object and another are equivalent&#13;&#10;&#9; * @param obj the other object that this is compared to&#13;&#10;&#9; * @return whether the two objects are equivalent&#13;&#10;&#9; */&#13;&#10;&#9;@Override&#13;&#10;&#9;public boolean equals(Object obj) {&#13;&#10;&#9;&#9;if (this == obj)&#13;&#10;&#9;&#9;&#9;return true;&#13;&#10;&#9;&#9;if (obj == null)&#13;&#10;&#9;&#9;&#9;return false;&#13;&#10;&#9;&#9;if (getClass() != obj.getClass())&#13;&#10;&#9;&#9;&#9;return false;&#13;&#10;&#13;&#10;&#9;&#9;@SuppressWarnings(&quot;unchecked&quot;)&#13;&#10;&#9;&#9;AbstractData&lt;T&gt; other = (AbstractData&lt;T&gt;) obj;&#13;&#10;&#9;&#9;if (id != other.id)&#13;&#10;&#9;&#9;&#9;return false;&#13;&#10;&#9;&#9;if (value == null) {&#13;&#10;&#9;&#9;&#9;if (other.value != null)&#13;&#10;&#9;&#9;&#9;&#9;return false;&#13;&#10;&#9;&#9;} else if (!value.equals(other.value))&#13;&#10;&#9;&#9;&#9;return false;&#13;&#10;&#9;&#9;return true;&#13;&#10;&#9;}&#9;&#13;&#10;&#9;&#13;&#10;&#9;public abstract int compareTo(IData&lt;T&gt; o);&#13;&#10;}&#13;&#10;" Filename="AbstractData.java" Intrnl_Id="15"/>
</SrcFileList>
<CritList>
<CritListEntry Name="org.codecover.model.utils.criteria.LoopCoverage" PluginName="org.codecover"/>
<CritListEntry Name="org.codecover.model.utils.criteria.QMOCoverage" PluginName="org.codecover"/>
<CritListEntry Name="org.codecover.model.utils.criteria.ConditionCoverage" PluginName="org.codecover"/>
<CritListEntry Name="org.codecover.model.utils.criteria.BranchCoverage" PluginName="org.codecover"/>
<CritListEntry Name="org.codecover.model.utils.criteria.SynchronizedStatementCoverage" PluginName="org.codecover"/>
<CritListEntry Name="org.codecover.model.utils.criteria.StatementCoverage" PluginName="org.codecover"/>
</CritList>
<BoolOpList>
<BoolOp Arity="2" Intrnl_Id="16" Name="conditional and (&amp;&amp;)">
<BoolAssgnmntBoolMapList>
<MapEntry BoolAssgnmnt="02" Value="false"/>
<MapEntry BoolAssgnmnt="10" Value="false"/>
<MapEntry BoolAssgnmnt="11" Value="true"/>
</BoolAssgnmntBoolMapList>
</BoolOp>
<BoolOp Arity="2" Intrnl_Id="17" Name="conditional or (||)">
<BoolAssgnmntBoolMapList>
<MapEntry BoolAssgnmnt="00" Value="false"/>
<MapEntry BoolAssgnmnt="01" Value="true"/>
<MapEntry BoolAssgnmnt="12" Value="true"/>
</BoolAssgnmntBoolMapList>
</BoolOp>
<BoolOp Arity="1" Intrnl_Id="18" Name="not (!)">
<BoolAssgnmntBoolMapList>
<MapEntry BoolAssgnmnt="1" Value="false"/>
<MapEntry BoolAssgnmnt="0" Value="true"/>
</BoolAssgnmntBoolMapList>
</BoolOp>
</BoolOpList>
<HierarchyLvlTypeList>
<HierarchyLvlType EnglishName="enumeration" IntrnlName="enum" Intrnl_Id="19"/>
<HierarchyLvlType EnglishName="package" IntrnlName="package" Intrnl_Id="20"/>
<HierarchyLvlType EnglishName="anonymous class" IntrnlName="class" Intrnl_Id="21"/>
<HierarchyLvlType EnglishName="interface" IntrnlName="interface" Intrnl_Id="22"/>
<HierarchyLvlType EnglishName="method" IntrnlName="method" Intrnl_Id="23"/>
<HierarchyLvlType EnglishName="class" IntrnlName="class" Intrnl_Id="24"/>
<HierarchyLvlType EnglishName="enumeration constant" IntrnlName="enum constant" Intrnl_Id="25"/>
<HierarchyLvlType EnglishName="default package" IntrnlName="default package" Intrnl_Id="26"/>
</HierarchyLvlTypeList>
<MASTRoot>
<HierarchyLvl HierarchyLvlId="448" HierarchyLvlTypeId="26" Intrnl_Id="27" Name="default package">
<Header/>
<LocList/>
<HierarchyLvl HierarchyLvlId="447" HierarchyLvlTypeId="20" Intrnl_Id="28" Name="devops">
<Header/>
<LocList/>
<HierarchyLvl HierarchyLvlId="446" HierarchyLvlTypeId="20" Intrnl_Id="29" Name="hw1">
<Header/>
<LocList/>
<HierarchyLvl HierarchyLvlId="445" HierarchyLvlTypeId="20" Intrnl_Id="30" Name="core">
<Header/>
<LocList/>
<HierarchyLvl HierarchyLvlId="262" HierarchyLvlTypeId="19" Intrnl_Id="31" Name="Zone">
<Header>
<Loc EndOffset="119" SrcFileId="1" StartOffset="103"/>
</Header>
<LocList>
<Loc EndOffset="2009" SrcFileId="1" StartOffset="103"/>
</LocList>
<StmntSeq Intrnl_Id="32">
<LocList>
<Loc EndOffset="302" SrcFileId="1" StartOffset="248"/>
</LocList>
<BasicStmnt CovItemId="S1" CovItemPrefix="devops.hw1.core.Zone.java" Intrnl_Id="33">
<LocList>
<Loc EndOffset="302" SrcFileId="1" StartOffset="248"/>
</LocList>
</BasicStmnt>
</StmntSeq>
<HierarchyLvl HierarchyLvlId="255" HierarchyLvlTypeId="23" Intrnl_Id="34" Name="addCard">
<Header>
<Loc EndOffset="461" SrcFileId="1" StartOffset="427"/>
</Header>
<LocList>
<Loc EndOffset="632" SrcFileId="1" StartOffset="427"/>
</LocList>
<StmntSeq Intrnl_Id="35">
<LocList>
<Loc EndOffset="603" SrcFileId="1" StartOffset="466"/>
<Loc EndOffset="628" SrcFileId="1" StartOffset="607"/>
</LocList>
<CondStmnt CovItemId="S2" CovItemPrefix="devops.hw1.core.Zone.java" Intrnl_Id="36">
<Branch CovItemId="B1" CovItemPrefix="devops.hw1.core.Zone.java" Implct="false" Intrnl_Id="37">
<Cond/>
<LocList>
<Loc EndOffset="603" SrcFileId="1" StartOffset="498"/>
</LocList>
<StmntSeq Intrnl_Id="38">
<LocList>
<Loc EndOffset="598" SrcFileId="1" StartOffset="504"/>
</LocList>
<BasicStmnt CovItemId="S3" CovItemPrefix="devops.hw1.core.Zone.java" Intrnl_Id="39">
<LocList>
<Loc EndOffset="598" SrcFileId="1" StartOffset="504"/>
</LocList>
</BasicStmnt>
</StmntSeq>
</Branch>
<Branch CovItemId="B2" CovItemPrefix="devops.hw1.core.Zone.java" Implct="true" Intrnl_Id="40">
<Cond/>
<LocList/>
<StmntSeq Intrnl_Id="41">
<LocList/>
</StmntSeq>
</Branch>
<Keyword EndOffset="468" SrcFileId="1" StartOffset="466"/>
<LocList>
<Loc EndOffset="603" SrcFileId="1" StartOffset="466"/>
</LocList>
<RootTerm CovItemId="C1" CovItemPrefix="devops.hw1.core.Zone.java" Intrnl_Id="42">
<OpTerm BooleanOpId="17" Intrnl_Id="43">
<BasicBoolTerm Intrnl_Id="44">
<LocList>
<Loc EndOffset="487" SrcFileId="1" StartOffset="469"/>
</LocList>
</BasicBoolTerm>
<BasicBoolTerm Intrnl_Id="45">
<LocList>
<Loc EndOffset="496" SrcFileId="1" StartOffset="491"/>
</LocList>
</BasicBoolTerm>
<LocList>
<Loc EndOffset="490" SrcFileId="1" StartOffset="488"/>
</LocList>
</OpTerm>
</RootTerm>
</CondStmnt>
<BasicStmnt CovItemId="S4" CovItemPrefix="devops.hw1.core.Zone.java" Intrnl_Id="46">
<LocList>
<Loc EndOffset="628" SrcFileId="1" StartOffset="607"/>
</LocList>
</BasicStmnt>
</StmntSeq>
</HierarchyLvl>
<HierarchyLvl HierarchyLvlId="256" HierarchyLvlTypeId="23" Intrnl_Id="47" Name="contains">
<Header>
<Loc EndOffset="863" SrcFileId="1" StartOffset="827"/>
</Header>
<LocList>
<Loc EndOffset="972" SrcFileId="1" StartOffset="827"/>
</LocList>
<StmntSeq Intrnl_Id="48">
<LocList>
<Loc EndOffset="951" SrcFileId="1" StartOffset="869"/>
<Loc EndOffset="968" SrcFileId="1" StartOffset="955"/>
</LocList>
<LoopStmnt CovItemId="S5" CovItemPrefix="devops.hw1.core.Zone.java" Intrnl_Id="49" MltplExecId="L1-2" MltplExecPrefix="devops.hw1.core.Zone.java" NvrExecId="L1-0" NvrExecPrefix="devops.hw1.core.Zone.java" OnceExecutedId="L1-1" OnceExecutedPrefix="devops.hw1.core.Zone.java" OptBodyExec="true">
<StmntSeq Intrnl_Id="50">
<LocList>
<Loc EndOffset="946" SrcFileId="1" StartOffset="900"/>
</LocList>
<CondStmnt CovItemId="S6" CovItemPrefix="devops.hw1.core.Zone.java" Intrnl_Id="51">
<Branch CovItemId="B3" CovItemPrefix="devops.hw1.core.Zone.java" Implct="false" Intrnl_Id="52">
<Cond/>
<LocList>
<Loc EndOffset="946" SrcFileId="1" StartOffset="934"/>
</LocList>
<StmntSeq Intrnl_Id="53">
<LocList>
<Loc EndOffset="946" SrcFileId="1" StartOffset="934"/>
</LocList>
<BasicStmnt CovItemId="S7" CovItemPrefix="devops.hw1.core.Zone.java" Intrnl_Id="54">
<LocList>
<Loc EndOffset="946" SrcFileId="1" StartOffset="934"/>
</LocList>
</BasicStmnt>
</StmntSeq>
</Branch>
<Branch CovItemId="B4" CovItemPrefix="devops.hw1.core.Zone.java" Implct="true" Intrnl_Id="55">
<Cond/>
<LocList/>
<StmntSeq Intrnl_Id="56">
<LocList/>
</StmntSeq>
</Branch>
<Keyword EndOffset="902" SrcFileId="1" StartOffset="900"/>
<LocList>
<Loc EndOffset="946" SrcFileId="1" StartOffset="900"/>
</LocList>
<RootTerm CovItemId="C2" CovItemPrefix="devops.hw1.core.Zone.java" Intrnl_Id="57">
<BasicBoolTerm Intrnl_Id="58">
<LocList>
<Loc EndOffset="927" SrcFileId="1" StartOffset="903"/>
</LocList>
</BasicBoolTerm>
</RootTerm>
</CondStmnt>
</StmntSeq>
<Keyword EndOffset="872" SrcFileId="1" StartOffset="869"/>
<LocList>
<Loc EndOffset="951" SrcFileId="1" StartOffset="869"/>
</LocList>
</LoopStmnt>
<BasicStmnt CovItemId="S8" CovItemPrefix="devops.hw1.core.Zone.java" Intrnl_Id="59">
<LocList>
<Loc EndOffset="968" SrcFileId="1" StartOffset="955"/>
</LocList>
</BasicStmnt>
</StmntSeq>
</HierarchyLvl>
<HierarchyLvl HierarchyLvlId="257" HierarchyLvlTypeId="23" Intrnl_Id="60" Name="empty">
<Header>
<Loc EndOffset="1048" SrcFileId="1" StartOffset="1029"/>
</Header>
<LocList>
<Loc EndOffset="1079" SrcFileId="1" StartOffset="1029"/>
</LocList>
<StmntSeq Intrnl_Id="61">
<LocList>
<Loc EndOffset="1073" SrcFileId="1" StartOffset="1054"/>
</LocList>
<BasicStmnt CovItemId="S9" CovItemPrefix="devops.hw1.core.Zone.java" Intrnl_Id="62">
<LocList>
<Loc EndOffset="1073" SrcFileId="1" StartOffset="1054"/>
</LocList>
</BasicStmnt>
</StmntSeq>
</HierarchyLvl>
<HierarchyLvl HierarchyLvlId="258" HierarchyLvlTypeId="23" Intrnl_Id="63" Name="getCards">
<Header>
<Loc EndOffset="1181" SrcFileId="1" StartOffset="1157"/>
</Header>
<LocList>
<Loc EndOffset="1231" SrcFileId="1" StartOffset="1157"/>
</LocList>
<StmntSeq Intrnl_Id="64">
<LocList>
<Loc EndOffset="1227" SrcFileId="1" StartOffset="1188"/>
</LocList>
<BasicStmnt CovItemId="S10" CovItemPrefix="devops.hw1.core.Zone.java" Intrnl_Id="65">
<LocList>
<Loc EndOffset="1227" SrcFileId="1" StartOffset="1188"/>
</LocList>
</BasicStmnt>
</StmntSeq>
</HierarchyLvl>
<HierarchyLvl HierarchyLvlId="259" HierarchyLvlTypeId="23" Intrnl_Id="66" Name="getIndex">
<Header>
<Loc EndOffset="1415" SrcFileId="1" StartOffset="1383"/>
</Header>
<LocList>
<Loc EndOffset="1541" SrcFileId="1" StartOffset="1383"/>
</LocList>
<StmntSeq Intrnl_Id="67">
<LocList>
<Loc EndOffset="1431" SrcFileId="1" StartOffset="1421"/>
<Loc EndOffset="1523" SrcFileId="1" StartOffset="1435"/>
<Loc EndOffset="1537" SrcFileId="1" StartOffset="1527"/>
</LocList>
<BasicStmnt CovItemId="S11" CovItemPrefix="devops.hw1.core.Zone.java" Intrnl_Id="68">
<LocList>
<Loc EndOffset="1431" SrcFileId="1" StartOffset="1421"/>
</LocList>
</BasicStmnt>
<LoopStmnt CovItemId="S12" CovItemPrefix="devops.hw1.core.Zone.java" Intrnl_Id="69" MltplExecId="L2-2" MltplExecPrefix="devops.hw1.core.Zone.java" NvrExecId="L2-0" NvrExecPrefix="devops.hw1.core.Zone.java" OnceExecutedId="L2-1" OnceExecutedPrefix="devops.hw1.core.Zone.java" OptBodyExec="true">
<StmntSeq Intrnl_Id="70">
<LocList>
<Loc EndOffset="1509" SrcFileId="1" StartOffset="1466"/>
<Loc EndOffset="1518" SrcFileId="1" StartOffset="1514"/>
</LocList>
<CondStmnt CovItemId="S13" CovItemPrefix="devops.hw1.core.Zone.java" Intrnl_Id="71">
<Branch CovItemId="B5" CovItemPrefix="devops.hw1.core.Zone.java" Implct="false" Intrnl_Id="72">
<Cond/>
<LocList>
<Loc EndOffset="1509" SrcFileId="1" StartOffset="1500"/>
</LocList>
<StmntSeq Intrnl_Id="73">
<LocList>
<Loc EndOffset="1509" SrcFileId="1" StartOffset="1500"/>
</LocList>
<BasicStmnt CovItemId="S14" CovItemPrefix="devops.hw1.core.Zone.java" Intrnl_Id="74">
<LocList>
<Loc EndOffset="1509" SrcFileId="1" StartOffset="1500"/>
</LocList>
</BasicStmnt>
</StmntSeq>
</Branch>
<Branch CovItemId="B6" CovItemPrefix="devops.hw1.core.Zone.java" Implct="true" Intrnl_Id="75">
<Cond/>
<LocList/>
<StmntSeq Intrnl_Id="76">
<LocList/>
</StmntSeq>
</Branch>
<Keyword EndOffset="1468" SrcFileId="1" StartOffset="1466"/>
<LocList>
<Loc EndOffset="1509" SrcFileId="1" StartOffset="1466"/>
</LocList>
<RootTerm CovItemId="C3" CovItemPrefix="devops.hw1.core.Zone.java" Intrnl_Id="77">
<BasicBoolTerm Intrnl_Id="78">
<LocList>
<Loc EndOffset="1493" SrcFileId="1" StartOffset="1469"/>
</LocList>
</BasicBoolTerm>
</RootTerm>
</CondStmnt>
<BasicStmnt CovItemId="S15" CovItemPrefix="devops.hw1.core.Zone.java" Intrnl_Id="79">
<LocList>
<Loc EndOffset="1518" SrcFileId="1" StartOffset="1514"/>
</LocList>
</BasicStmnt>
</StmntSeq>
<Keyword EndOffset="1438" SrcFileId="1" StartOffset="1435"/>
<LocList>
<Loc EndOffset="1523" SrcFileId="1" StartOffset="1435"/>
</LocList>
</LoopStmnt>
<BasicStmnt CovItemId="S16" CovItemPrefix="devops.hw1.core.Zone.java" Intrnl_Id="80">
<LocList>
<Loc EndOffset="1537" SrcFileId="1" StartOffset="1527"/>
</LocList>
</BasicStmnt>
</StmntSeq>
</HierarchyLvl>
<HierarchyLvl HierarchyLvlId="260" HierarchyLvlTypeId="23" Intrnl_Id="81" Name="getSize">
<Header>
<Loc EndOffset="1630" SrcFileId="1" StartOffset="1610"/>
</Header>
<LocList>
<Loc EndOffset="1665" SrcFileId="1" StartOffset="1610"/>
</LocList>
<StmntSeq Intrnl_Id="82">
<LocList>
<Loc EndOffset="1661" SrcFileId="1" StartOffset="1636"/>
</LocList>
<BasicStmnt CovItemId="S17" CovItemPrefix="devops.hw1.core.Zone.java" Intrnl_Id="83">
<LocList>
<Loc EndOffset="1661" SrcFileId="1" StartOffset="1636"/>
</LocList>
</BasicStmnt>
</StmntSeq>
</HierarchyLvl>
<HierarchyLvl HierarchyLvlId="261" HierarchyLvlTypeId="23" Intrnl_Id="84" Name="remove">
<Header>
<Loc EndOffset="1836" SrcFileId="1" StartOffset="1777"/>
</Header>
<LocList>
<Loc EndOffset="2002" SrcFileId="1" StartOffset="1777"/>
</LocList>
<StmntSeq Intrnl_Id="85">
<LocList>
<Loc EndOffset="1971" SrcFileId="1" StartOffset="1842"/>
<Loc EndOffset="1996" SrcFileId="1" StartOffset="1975"/>
</LocList>
<CondStmnt CovItemId="S18" CovItemPrefix="devops.hw1.core.Zone.java" Intrnl_Id="86">
<Branch CovItemId="B7" CovItemPrefix="devops.hw1.core.Zone.java" Implct="false" Intrnl_Id="87">
<Cond/>
<LocList>
<Loc EndOffset="1971" SrcFileId="1" StartOffset="1865"/>
</LocList>
<StmntSeq Intrnl_Id="88">
<LocList>
<Loc EndOffset="1966" SrcFileId="1" StartOffset="1871"/>
</LocList>
<BasicStmnt CovItemId="S19" CovItemPrefix="devops.hw1.core.Zone.java" Intrnl_Id="89">
<LocList>
<Loc EndOffset="1966" SrcFileId="1" StartOffset="1871"/>
</LocList>
</BasicStmnt>
</StmntSeq>
</Branch>
<Branch CovItemId="B8" CovItemPrefix="devops.hw1.core.Zone.java" Implct="true" Intrnl_Id="90">
<Cond/>
<LocList/>
<StmntSeq Intrnl_Id="91">
<LocList/>
</StmntSeq>
</Branch>
<Keyword EndOffset="1844" SrcFileId="1" StartOffset="1842"/>
<LocList>
<Loc EndOffset="1971" SrcFileId="1" StartOffset="1842"/>
</LocList>
<RootTerm CovItemId="C4" CovItemPrefix="devops.hw1.core.Zone.java" Intrnl_Id="92">
<BasicBoolTerm Intrnl_Id="93">
<LocList>
<Loc EndOffset="1863" SrcFileId="1" StartOffset="1845"/>
</LocList>
</BasicBoolTerm>
</RootTerm>
</CondStmnt>
<BasicStmnt CovItemId="S20" CovItemPrefix="devops.hw1.core.Zone.java" Intrnl_Id="94">
<LocList>
<Loc EndOffset="1996" SrcFileId="1" StartOffset="1975"/>
</LocList>
</BasicStmnt>
</StmntSeq>
</HierarchyLvl>
</HierarchyLvl>
<HierarchyLvl HierarchyLvlId="265" HierarchyLvlTypeId="24" Intrnl_Id="95" Name="SMELParser">
<Header>
<Loc EndOffset="51" SrcFileId="2" StartOffset="28"/>
</Header>
<LocList>
<Loc EndOffset="432" SrcFileId="2" StartOffset="28"/>
</LocList>
<HierarchyLvl HierarchyLvlId="263" HierarchyLvlTypeId="23" Intrnl_Id="96" Name="SMELParser">
<Header>
<Loc EndOffset="106" SrcFileId="2" StartOffset="76"/>
</Header>
<LocList>
<Loc EndOffset="293" SrcFileId="2" StartOffset="76"/>
</LocList>
<StmntSeq Intrnl_Id="97">
<LocList>
<Loc EndOffset="155" SrcFileId="2" StartOffset="112"/>
<Loc EndOffset="197" SrcFileId="2" StartOffset="163"/>
<Loc EndOffset="229" SrcFileId="2" StartOffset="201"/>
<Loc EndOffset="283" SrcFileId="2" StartOffset="233"/>
</LocList>
<CondStmnt CovItemId="S1" CovItemPrefix="devops.hw1.core.SMELParser.java" Intrnl_Id="98">
<Branch CovItemId="B1" CovItemPrefix="devops.hw1.core.SMELParser.java" Implct="false" Intrnl_Id="99">
<Cond/>
<LocList>
<Loc EndOffset="155" SrcFileId="2" StartOffset="148"/>
</LocList>
<StmntSeq Intrnl_Id="100">
<LocList>
<Loc EndOffset="155" SrcFileId="2" StartOffset="148"/>
</LocList>
<BasicStmnt CovItemId="S2" CovItemPrefix="devops.hw1.core.SMELParser.java" Intrnl_Id="101">
<LocList>
<Loc EndOffset="155" SrcFileId="2" StartOffset="148"/>
</LocList>
</BasicStmnt>
</StmntSeq>
</Branch>
<Branch CovItemId="B2" CovItemPrefix="devops.hw1.core.SMELParser.java" Implct="true" Intrnl_Id="102">
<Cond/>
<LocList/>
<StmntSeq Intrnl_Id="103">
<LocList/>
</StmntSeq>
</Branch>
<Keyword EndOffset="114" SrcFileId="2" StartOffset="112"/>
<LocList>
<Loc EndOffset="155" SrcFileId="2" StartOffset="112"/>
</LocList>
<RootTerm CovItemId="C1" CovItemPrefix="devops.hw1.core.SMELParser.java" Intrnl_Id="104">
<OpTerm BooleanOpId="17" Intrnl_Id="105">
<BasicBoolTerm Intrnl_Id="106">
<LocList>
<Loc EndOffset="126" SrcFileId="2" StartOffset="116"/>
</LocList>
</BasicBoolTerm>
<BasicBoolTerm Intrnl_Id="107">
<LocList>
<Loc EndOffset="142" SrcFileId="2" StartOffset="130"/>
</LocList>
</BasicBoolTerm>
<LocList>
<Loc EndOffset="129" SrcFileId="2" StartOffset="127"/>
</LocList>
</OpTerm>
</RootTerm>
</CondStmnt>
<BasicStmnt CovItemId="S3" CovItemPrefix="devops.hw1.core.SMELParser.java" Intrnl_Id="108">
<LocList>
<Loc EndOffset="197" SrcFileId="2" StartOffset="163"/>
</LocList>
</BasicStmnt>
<BasicStmnt CovItemId="S4" CovItemPrefix="devops.hw1.core.SMELParser.java" Intrnl_Id="109">
<LocList>
<Loc EndOffset="229" SrcFileId="2" StartOffset="201"/>
</LocList>
</BasicStmnt>
<BasicStmnt CovItemId="S5" CovItemPrefix="devops.hw1.core.SMELParser.java" Intrnl_Id="110">
<LocList>
<Loc EndOffset="283" SrcFileId="2" StartOffset="233"/>
</LocList>
</BasicStmnt>
</StmntSeq>
</HierarchyLvl>
<HierarchyLvl HierarchyLvlId="264" HierarchyLvlTypeId="23" Intrnl_Id="111" Name="getCost">
<Header>
<Loc EndOffset="321" SrcFileId="2" StartOffset="298"/>
</Header>
<LocList>
<Loc EndOffset="427" SrcFileId="2" StartOffset="298"/>
</LocList>
<StmntSeq Intrnl_Id="112">
<LocList>
<Loc EndOffset="398" SrcFileId="2" StartOffset="327"/>
<Loc EndOffset="423" SrcFileId="2" StartOffset="406"/>
</LocList>
<CondStmnt CovItemId="S6" CovItemPrefix="devops.hw1.core.SMELParser.java" Intrnl_Id="113">
<Branch CovItemId="B3" CovItemPrefix="devops.hw1.core.SMELParser.java" Implct="false" Intrnl_Id="114">
<Cond/>
<LocList>
<Loc EndOffset="398" SrcFileId="2" StartOffset="354"/>
</LocList>
<StmntSeq Intrnl_Id="115">
<LocList>
<Loc EndOffset="398" SrcFileId="2" StartOffset="354"/>
</LocList>
<BasicStmnt CovItemId="S7" CovItemPrefix="devops.hw1.core.SMELParser.java" Intrnl_Id="116">
<LocList>
<Loc EndOffset="398" SrcFileId="2" StartOffset="354"/>
</LocList>
</BasicStmnt>
</StmntSeq>
</Branch>
<Branch CovItemId="B4" CovItemPrefix="devops.hw1.core.SMELParser.java" Implct="true" Intrnl_Id="117">
<Cond/>
<LocList/>
<StmntSeq Intrnl_Id="118">
<LocList/>
</StmntSeq>
</Branch>
<Keyword EndOffset="329" SrcFileId="2" StartOffset="327"/>
<LocList>
<Loc EndOffset="398" SrcFileId="2" StartOffset="327"/>
</LocList>
<RootTerm CovItemId="C2" CovItemPrefix="devops.hw1.core.SMELParser.java" Intrnl_Id="119">
<BasicBoolTerm Intrnl_Id="120">
<LocList>
<Loc EndOffset="348" SrcFileId="2" StartOffset="331"/>
</LocList>
</BasicBoolTerm>
</RootTerm>
</CondStmnt>
<BasicStmnt CovItemId="S8" CovItemPrefix="devops.hw1.core.SMELParser.java" Intrnl_Id="121">
<LocList>
<Loc EndOffset="423" SrcFileId="2" StartOffset="406"/>
</LocList>
</BasicStmnt>
</StmntSeq>
</HierarchyLvl>
</HierarchyLvl>
<HierarchyLvl HierarchyLvlId="314" HierarchyLvlTypeId="19" Intrnl_Id="122" Name="Phase">
<Header>
<Loc EndOffset="98" SrcFileId="3" StartOffset="81"/>
</Header>
<LocList>
<Loc EndOffset="3045" SrcFileId="3" StartOffset="81"/>
</LocList>
<HierarchyLvl HierarchyLvlId="267" HierarchyLvlTypeId="25" Intrnl_Id="123" Name="UNTAP1">
<Header>
<Loc EndOffset="109" SrcFileId="3" StartOffset="103"/>
</Header>
<LocList>
<Loc EndOffset="213" SrcFileId="3" StartOffset="103"/>
</LocList>
<HierarchyLvl HierarchyLvlId="266" HierarchyLvlTypeId="23" Intrnl_Id="124" Name="toString">
<Header>
<Loc EndOffset="164" SrcFileId="3" StartOffset="121"/>
</Header>
<LocList>
<Loc EndOffset="206" SrcFileId="3" StartOffset="121"/>
</LocList>
<StmntSeq Intrnl_Id="125">
<LocList>
<Loc EndOffset="195" SrcFileId="3" StartOffset="180"/>
</LocList>
<BasicStmnt CovItemId="S1" CovItemPrefix="devops.hw1.core.Phase.java" Intrnl_Id="126">
<LocList>
<Loc EndOffset="195" SrcFileId="3" StartOffset="180"/>
</LocList>
</BasicStmnt>
</StmntSeq>
</HierarchyLvl>
</HierarchyLvl>
<HierarchyLvl HierarchyLvlId="269" HierarchyLvlTypeId="25" Intrnl_Id="127" Name="UPKEEP1">
<Header>
<Loc EndOffset="224" SrcFileId="3" StartOffset="217"/>
</Header>
<LocList>
<Loc EndOffset="329" SrcFileId="3" StartOffset="217"/>
</LocList>
<HierarchyLvl HierarchyLvlId="268" HierarchyLvlTypeId="23" Intrnl_Id="128" Name="toString">
<Header>
<Loc EndOffset="279" SrcFileId="3" StartOffset="236"/>
</Header>
<LocList>
<Loc EndOffset="322" SrcFileId="3" StartOffset="236"/>
</LocList>
<StmntSeq Intrnl_Id="129">
<LocList>
<Loc EndOffset="311" SrcFileId="3" StartOffset="295"/>
</LocList>
<BasicStmnt CovItemId="S2" CovItemPrefix="devops.hw1.core.Phase.java" Intrnl_Id="130">
<LocList>
<Loc EndOffset="311" SrcFileId="3" StartOffset="295"/>
</LocList>
</BasicStmnt>
</StmntSeq>
</HierarchyLvl>
</HierarchyLvl>
<HierarchyLvl HierarchyLvlId="271" HierarchyLvlTypeId="25" Intrnl_Id="131" Name="DRAW1">
<Header>
<Loc EndOffset="338" SrcFileId="3" StartOffset="333"/>
</Header>
<LocList>
<Loc EndOffset="441" SrcFileId="3" StartOffset="333"/>
</LocList>
<HierarchyLvl HierarchyLvlId="270" HierarchyLvlTypeId="23" Intrnl_Id="132" Name="toString">
<Header>
<Loc EndOffset="393" SrcFileId="3" StartOffset="350"/>
</Header>
<LocList>
<Loc EndOffset="434" SrcFileId="3" StartOffset="350"/>
</LocList>
<StmntSeq Intrnl_Id="133">
<LocList>
<Loc EndOffset="423" SrcFileId="3" StartOffset="409"/>
</LocList>
<BasicStmnt CovItemId="S3" CovItemPrefix="devops.hw1.core.Phase.java" Intrnl_Id="134">
<LocList>
<Loc EndOffset="423" SrcFileId="3" StartOffset="409"/>
</LocList>
</BasicStmnt>
</StmntSeq>
</HierarchyLvl>
</HierarchyLvl>
<HierarchyLvl HierarchyLvlId="273" HierarchyLvlTypeId="25" Intrnl_Id="135" Name="FIRST_MAIN1">
<Header>
<Loc EndOffset="456" SrcFileId="3" StartOffset="445"/>
</Header>
<LocList>
<Loc EndOffset="561" SrcFileId="3" StartOffset="445"/>
</LocList>
<HierarchyLvl HierarchyLvlId="272" HierarchyLvlTypeId="23" Intrnl_Id="136" Name="toString">
<Header>
<Loc EndOffset="511" SrcFileId="3" StartOffset="468"/>
</Header>
<LocList>
<Loc EndOffset="554" SrcFileId="3" StartOffset="468"/>
</LocList>
<StmntSeq Intrnl_Id="137">
<LocList>
<Loc EndOffset="543" SrcFileId="3" StartOffset="527"/>
</LocList>
<BasicStmnt CovItemId="S4" CovItemPrefix="devops.hw1.core.Phase.java" Intrnl_Id="138">
<LocList>
<Loc EndOffset="543" SrcFileId="3" StartOffset="527"/>
</LocList>
</BasicStmnt>
</StmntSeq>
</HierarchyLvl>
</HierarchyLvl>
<HierarchyLvl HierarchyLvlId="275" HierarchyLvlTypeId="25" Intrnl_Id="139" Name="START_COMBAT1">
<Header>
<Loc EndOffset="578" SrcFileId="3" StartOffset="565"/>
</Header>
<LocList>
<Loc EndOffset="689" SrcFileId="3" StartOffset="565"/>
</LocList>
<HierarchyLvl HierarchyLvlId="274" HierarchyLvlTypeId="23" Intrnl_Id="140" Name="toString">
<Header>
<Loc EndOffset="633" SrcFileId="3" StartOffset="590"/>
</Header>
<LocList>
<Loc EndOffset="682" SrcFileId="3" StartOffset="590"/>
</LocList>
<StmntSeq Intrnl_Id="141">
<LocList>
<Loc EndOffset="671" SrcFileId="3" StartOffset="649"/>
</LocList>
<BasicStmnt CovItemId="S5" CovItemPrefix="devops.hw1.core.Phase.java" Intrnl_Id="142">
<LocList>
<Loc EndOffset="671" SrcFileId="3" StartOffset="649"/>
</LocList>
</BasicStmnt>
</StmntSeq>
</HierarchyLvl>
</HierarchyLvl>
<HierarchyLvl HierarchyLvlId="277" HierarchyLvlTypeId="25" Intrnl_Id="143" Name="DECLARE_ATTACKERS1">
<Header>
<Loc EndOffset="711" SrcFileId="3" StartOffset="693"/>
</Header>
<LocList>
<Loc EndOffset="825" SrcFileId="3" StartOffset="693"/>
</LocList>
<HierarchyLvl HierarchyLvlId="276" HierarchyLvlTypeId="23" Intrnl_Id="144" Name="toString">
<Header>
<Loc EndOffset="766" SrcFileId="3" StartOffset="723"/>
</Header>
<LocList>
<Loc EndOffset="818" SrcFileId="3" StartOffset="723"/>
</LocList>
<StmntSeq Intrnl_Id="145">
<LocList>
<Loc EndOffset="807" SrcFileId="3" StartOffset="782"/>
</LocList>
<BasicStmnt CovItemId="S6" CovItemPrefix="devops.hw1.core.Phase.java" Intrnl_Id="146">
<LocList>
<Loc EndOffset="807" SrcFileId="3" StartOffset="782"/>
</LocList>
</BasicStmnt>
</StmntSeq>
</HierarchyLvl>
</HierarchyLvl>
<HierarchyLvl HierarchyLvlId="279" HierarchyLvlTypeId="25" Intrnl_Id="147" Name="DECLARE_BLOCKERS1">
<Header>
<Loc EndOffset="846" SrcFileId="3" StartOffset="829"/>
</Header>
<LocList>
<Loc EndOffset="959" SrcFileId="3" StartOffset="829"/>
</LocList>
<HierarchyLvl HierarchyLvlId="278" HierarchyLvlTypeId="23" Intrnl_Id="148" Name="toString">
<Header>
<Loc EndOffset="901" SrcFileId="3" StartOffset="858"/>
</Header>
<LocList>
<Loc EndOffset="952" SrcFileId="3" StartOffset="858"/>
</LocList>
<StmntSeq Intrnl_Id="149">
<LocList>
<Loc EndOffset="941" SrcFileId="3" StartOffset="917"/>
</LocList>
<BasicStmnt CovItemId="S7" CovItemPrefix="devops.hw1.core.Phase.java" Intrnl_Id="150">
<LocList>
<Loc EndOffset="941" SrcFileId="3" StartOffset="917"/>
</LocList>
</BasicStmnt>
</StmntSeq>
</HierarchyLvl>
</HierarchyLvl>
<HierarchyLvl HierarchyLvlId="281" HierarchyLvlTypeId="25" Intrnl_Id="151" Name="COMBAT_DAMAGE1">
<Header>
<Loc EndOffset="977" SrcFileId="3" StartOffset="963"/>
</Header>
<LocList>
<Loc EndOffset="1089" SrcFileId="3" StartOffset="963"/>
</LocList>
<HierarchyLvl HierarchyLvlId="280" HierarchyLvlTypeId="23" Intrnl_Id="152" Name="toString">
<Header>
<Loc EndOffset="1032" SrcFileId="3" StartOffset="989"/>
</Header>
<LocList>
<Loc EndOffset="1082" SrcFileId="3" StartOffset="989"/>
</LocList>
<StmntSeq Intrnl_Id="153">
<LocList>
<Loc EndOffset="1071" SrcFileId="3" StartOffset="1048"/>
</LocList>
<BasicStmnt CovItemId="S8" CovItemPrefix="devops.hw1.core.Phase.java" Intrnl_Id="154">
<LocList>
<Loc EndOffset="1071" SrcFileId="3" StartOffset="1048"/>
</LocList>
</BasicStmnt>
</StmntSeq>
</HierarchyLvl>
</HierarchyLvl>
<HierarchyLvl HierarchyLvlId="283" HierarchyLvlTypeId="25" Intrnl_Id="155" Name="END_OF_COMBAT1">
<Header>
<Loc EndOffset="1107" SrcFileId="3" StartOffset="1093"/>
</Header>
<LocList>
<Loc EndOffset="1216" SrcFileId="3" StartOffset="1093"/>
</LocList>
<HierarchyLvl HierarchyLvlId="282" HierarchyLvlTypeId="23" Intrnl_Id="156" Name="toString">
<Header>
<Loc EndOffset="1162" SrcFileId="3" StartOffset="1119"/>
</Header>
<LocList>
<Loc EndOffset="1209" SrcFileId="3" StartOffset="1119"/>
</LocList>
<StmntSeq Intrnl_Id="157">
<LocList>
<Loc EndOffset="1198" SrcFileId="3" StartOffset="1178"/>
</LocList>
<BasicStmnt CovItemId="S9" CovItemPrefix="devops.hw1.core.Phase.java" Intrnl_Id="158">
<LocList>
<Loc EndOffset="1198" SrcFileId="3" StartOffset="1178"/>
</LocList>
</BasicStmnt>
</StmntSeq>
</HierarchyLvl>
</HierarchyLvl>
<HierarchyLvl HierarchyLvlId="285" HierarchyLvlTypeId="25" Intrnl_Id="159" Name="SECOND_MAIN1">
<Header>
<Loc EndOffset="1232" SrcFileId="3" StartOffset="1220"/>
</Header>
<LocList>
<Loc EndOffset="1337" SrcFileId="3" StartOffset="1220"/>
</LocList>
<HierarchyLvl HierarchyLvlId="284" HierarchyLvlTypeId="23" Intrnl_Id="160" Name="toString">
<Header>
<Loc EndOffset="1287" SrcFileId="3" StartOffset="1244"/>
</Header>
<LocList>
<Loc EndOffset="1330" SrcFileId="3" StartOffset="1244"/>
</LocList>
<StmntSeq Intrnl_Id="161">
<LocList>
<Loc EndOffset="1319" SrcFileId="3" StartOffset="1303"/>
</LocList>
<BasicStmnt CovItemId="S10" CovItemPrefix="devops.hw1.core.Phase.java" Intrnl_Id="162">
<LocList>
<Loc EndOffset="1319" SrcFileId="3" StartOffset="1303"/>
</LocList>
</BasicStmnt>
</StmntSeq>
</HierarchyLvl>
</HierarchyLvl>
<HierarchyLvl HierarchyLvlId="287" HierarchyLvlTypeId="25" Intrnl_Id="163" Name="END1">
<Header>
<Loc EndOffset="1345" SrcFileId="3" StartOffset="1341"/>
</Header>
<LocList>
<Loc EndOffset="1452" SrcFileId="3" StartOffset="1341"/>
</LocList>
<HierarchyLvl HierarchyLvlId="286" HierarchyLvlTypeId="23" Intrnl_Id="164" Name="toString">
<Header>
<Loc EndOffset="1400" SrcFileId="3" StartOffset="1357"/>
</Header>
<LocList>
<Loc EndOffset="1445" SrcFileId="3" StartOffset="1357"/>
</LocList>
<StmntSeq Intrnl_Id="165">
<LocList>
<Loc EndOffset="1434" SrcFileId="3" StartOffset="1416"/>
</LocList>
<BasicStmnt CovItemId="S11" CovItemPrefix="devops.hw1.core.Phase.java" Intrnl_Id="166">
<LocList>
<Loc EndOffset="1434" SrcFileId="3" StartOffset="1416"/>
</LocList>
</BasicStmnt>
</StmntSeq>
</HierarchyLvl>
</HierarchyLvl>
<HierarchyLvl HierarchyLvlId="289" HierarchyLvlTypeId="25" Intrnl_Id="167" Name="CLEANUP1">
<Header>
<Loc EndOffset="1464" SrcFileId="3" StartOffset="1456"/>
</Header>
<LocList>
<Loc EndOffset="1570" SrcFileId="3" StartOffset="1456"/>
</LocList>
<HierarchyLvl HierarchyLvlId="288" HierarchyLvlTypeId="23" Intrnl_Id="168" Name="toString">
<Header>
<Loc EndOffset="1519" SrcFileId="3" StartOffset="1476"/>
</Header>
<LocList>
<Loc EndOffset="1563" SrcFileId="3" StartOffset="1476"/>
</LocList>
<StmntSeq Intrnl_Id="169">
<LocList>
<Loc EndOffset="1552" SrcFileId="3" StartOffset="1535"/>
</LocList>
<BasicStmnt CovItemId="S12" CovItemPrefix="devops.hw1.core.Phase.java" Intrnl_Id="170">
<LocList>
<Loc EndOffset="1552" SrcFileId="3" StartOffset="1535"/>
</LocList>
</BasicStmnt>
</StmntSeq>
</HierarchyLvl>
</HierarchyLvl>
<HierarchyLvl HierarchyLvlId="291" HierarchyLvlTypeId="25" Intrnl_Id="171" Name="UNTAP2">
<Header>
<Loc EndOffset="1580" SrcFileId="3" StartOffset="1574"/>
</Header>
<LocList>
<Loc EndOffset="1684" SrcFileId="3" StartOffset="1574"/>
</LocList>
<HierarchyLvl HierarchyLvlId="290" HierarchyLvlTypeId="23" Intrnl_Id="172" Name="toString">
<Header>
<Loc EndOffset="1635" SrcFileId="3" StartOffset="1592"/>
</Header>
<LocList>
<Loc EndOffset="1677" SrcFileId="3" StartOffset="1592"/>
</LocList>
<StmntSeq Intrnl_Id="173">
<LocList>
<Loc EndOffset="1666" SrcFileId="3" StartOffset="1651"/>
</LocList>
<BasicStmnt CovItemId="S13" CovItemPrefix="devops.hw1.core.Phase.java" Intrnl_Id="174">
<LocList>
<Loc EndOffset="1666" SrcFileId="3" StartOffset="1651"/>
</LocList>
</BasicStmnt>
</StmntSeq>
</HierarchyLvl>
</HierarchyLvl>
<HierarchyLvl HierarchyLvlId="293" HierarchyLvlTypeId="25" Intrnl_Id="175" Name="UPKEEP2">
<Header>
<Loc EndOffset="1695" SrcFileId="3" StartOffset="1688"/>
</Header>
<LocList>
<Loc EndOffset="1800" SrcFileId="3" StartOffset="1688"/>
</LocList>
<HierarchyLvl HierarchyLvlId="292" HierarchyLvlTypeId="23" Intrnl_Id="176" Name="toString">
<Header>
<Loc EndOffset="1750" SrcFileId="3" StartOffset="1707"/>
</Header>
<LocList>
<Loc EndOffset="1793" SrcFileId="3" StartOffset="1707"/>
</LocList>
<StmntSeq Intrnl_Id="177">
<LocList>
<Loc EndOffset="1782" SrcFileId="3" StartOffset="1766"/>
</LocList>
<BasicStmnt CovItemId="S14" CovItemPrefix="devops.hw1.core.Phase.java" Intrnl_Id="178">
<LocList>
<Loc EndOffset="1782" SrcFileId="3" StartOffset="1766"/>
</LocList>
</BasicStmnt>
</StmntSeq>
</HierarchyLvl>
</HierarchyLvl>
<HierarchyLvl HierarchyLvlId="295" HierarchyLvlTypeId="25" Intrnl_Id="179" Name="DRAW2">
<Header>
<Loc EndOffset="1809" SrcFileId="3" StartOffset="1804"/>
</Header>
<LocList>
<Loc EndOffset="1912" SrcFileId="3" StartOffset="1804"/>
</LocList>
<HierarchyLvl HierarchyLvlId="294" HierarchyLvlTypeId="23" Intrnl_Id="180" Name="toString">
<Header>
<Loc EndOffset="1864" SrcFileId="3" StartOffset="1821"/>
</Header>
<LocList>
<Loc EndOffset="1905" SrcFileId="3" StartOffset="1821"/>
</LocList>
<StmntSeq Intrnl_Id="181">
<LocList>
<Loc EndOffset="1894" SrcFileId="3" StartOffset="1880"/>
</LocList>
<BasicStmnt CovItemId="S15" CovItemPrefix="devops.hw1.core.Phase.java" Intrnl_Id="182">
<LocList>
<Loc EndOffset="1894" SrcFileId="3" StartOffset="1880"/>
</LocList>
</BasicStmnt>
</StmntSeq>
</HierarchyLvl>
</HierarchyLvl>
<HierarchyLvl HierarchyLvlId="297" HierarchyLvlTypeId="25" Intrnl_Id="183" Name="FIRST_MAIN2">
<Header>
<Loc EndOffset="1927" SrcFileId="3" StartOffset="1916"/>
</Header>
<LocList>
<Loc EndOffset="2032" SrcFileId="3" StartOffset="1916"/>
</LocList>
<HierarchyLvl HierarchyLvlId="296" HierarchyLvlTypeId="23" Intrnl_Id="184" Name="toString">
<Header>
<Loc EndOffset="1982" SrcFileId="3" StartOffset="1939"/>
</Header>
<LocList>
<Loc EndOffset="2025" SrcFileId="3" StartOffset="1939"/>
</LocList>
<StmntSeq Intrnl_Id="185">
<LocList>
<Loc EndOffset="2014" SrcFileId="3" StartOffset="1998"/>
</LocList>
<BasicStmnt CovItemId="S16" CovItemPrefix="devops.hw1.core.Phase.java" Intrnl_Id="186">
<LocList>
<Loc EndOffset="2014" SrcFileId="3" StartOffset="1998"/>
</LocList>
</BasicStmnt>
</StmntSeq>
</HierarchyLvl>
</HierarchyLvl>
<HierarchyLvl HierarchyLvlId="299" HierarchyLvlTypeId="25" Intrnl_Id="187" Name="START_COMBAT2">
<Header>
<Loc EndOffset="2049" SrcFileId="3" StartOffset="2036"/>
</Header>
<LocList>
<Loc EndOffset="2160" SrcFileId="3" StartOffset="2036"/>
</LocList>
<HierarchyLvl HierarchyLvlId="298" HierarchyLvlTypeId="23" Intrnl_Id="188" Name="toString">
<Header>
<Loc EndOffset="2104" SrcFileId="3" StartOffset="2061"/>
</Header>
<LocList>
<Loc EndOffset="2153" SrcFileId="3" StartOffset="2061"/>
</LocList>
<StmntSeq Intrnl_Id="189">
<LocList>
<Loc EndOffset="2142" SrcFileId="3" StartOffset="2120"/>
</LocList>
<BasicStmnt CovItemId="S17" CovItemPrefix="devops.hw1.core.Phase.java" Intrnl_Id="190">
<LocList>
<Loc EndOffset="2142" SrcFileId="3" StartOffset="2120"/>
</LocList>
</BasicStmnt>
</StmntSeq>
</HierarchyLvl>
</HierarchyLvl>
<HierarchyLvl HierarchyLvlId="301" HierarchyLvlTypeId="25" Intrnl_Id="191" Name="DECLARE_ATTACKERS2">
<Header>
<Loc EndOffset="2182" SrcFileId="3" StartOffset="2164"/>
</Header>
<LocList>
<Loc EndOffset="2296" SrcFileId="3" StartOffset="2164"/>
</LocList>
<HierarchyLvl HierarchyLvlId="300" HierarchyLvlTypeId="23" Intrnl_Id="192" Name="toString">
<Header>
<Loc EndOffset="2237" SrcFileId="3" StartOffset="2194"/>
</Header>
<LocList>
<Loc EndOffset="2289" SrcFileId="3" StartOffset="2194"/>
</LocList>
<StmntSeq Intrnl_Id="193">
<LocList>
<Loc EndOffset="2278" SrcFileId="3" StartOffset="2253"/>
</LocList>
<BasicStmnt CovItemId="S18" CovItemPrefix="devops.hw1.core.Phase.java" Intrnl_Id="194">
<LocList>
<Loc EndOffset="2278" SrcFileId="3" StartOffset="2253"/>
</LocList>
</BasicStmnt>
</StmntSeq>
</HierarchyLvl>
</HierarchyLvl>
<HierarchyLvl HierarchyLvlId="303" HierarchyLvlTypeId="25" Intrnl_Id="195" Name="DECLARE_BLOCKERS2">
<Header>
<Loc EndOffset="2317" SrcFileId="3" StartOffset="2300"/>
</Header>
<LocList>
<Loc EndOffset="2430" SrcFileId="3" StartOffset="2300"/>
</LocList>
<HierarchyLvl HierarchyLvlId="302" HierarchyLvlTypeId="23" Intrnl_Id="196" Name="toString">
<Header>
<Loc EndOffset="2372" SrcFileId="3" StartOffset="2329"/>
</Header>
<LocList>
<Loc EndOffset="2423" SrcFileId="3" StartOffset="2329"/>
</LocList>
<StmntSeq Intrnl_Id="197">
<LocList>
<Loc EndOffset="2412" SrcFileId="3" StartOffset="2388"/>
</LocList>
<BasicStmnt CovItemId="S19" CovItemPrefix="devops.hw1.core.Phase.java" Intrnl_Id="198">
<LocList>
<Loc EndOffset="2412" SrcFileId="3" StartOffset="2388"/>
</LocList>
</BasicStmnt>
</StmntSeq>
</HierarchyLvl>
</HierarchyLvl>
<HierarchyLvl HierarchyLvlId="305" HierarchyLvlTypeId="25" Intrnl_Id="199" Name="COMBAT_DAMAGE2">
<Header>
<Loc EndOffset="2448" SrcFileId="3" StartOffset="2434"/>
</Header>
<LocList>
<Loc EndOffset="2560" SrcFileId="3" StartOffset="2434"/>
</LocList>
<HierarchyLvl HierarchyLvlId="304" HierarchyLvlTypeId="23" Intrnl_Id="200" Name="toString">
<Header>
<Loc EndOffset="2503" SrcFileId="3" StartOffset="2460"/>
</Header>
<LocList>
<Loc EndOffset="2553" SrcFileId="3" StartOffset="2460"/>
</LocList>
<StmntSeq Intrnl_Id="201">
<LocList>
<Loc EndOffset="2542" SrcFileId="3" StartOffset="2519"/>
</LocList>
<BasicStmnt CovItemId="S20" CovItemPrefix="devops.hw1.core.Phase.java" Intrnl_Id="202">
<LocList>
<Loc EndOffset="2542" SrcFileId="3" StartOffset="2519"/>
</LocList>
</BasicStmnt>
</StmntSeq>
</HierarchyLvl>
</HierarchyLvl>
<HierarchyLvl HierarchyLvlId="307" HierarchyLvlTypeId="25" Intrnl_Id="203" Name="END_OF_COMBAT2">
<Header>
<Loc EndOffset="2578" SrcFileId="3" StartOffset="2564"/>
</Header>
<LocList>
<Loc EndOffset="2687" SrcFileId="3" StartOffset="2564"/>
</LocList>
<HierarchyLvl HierarchyLvlId="306" HierarchyLvlTypeId="23" Intrnl_Id="204" Name="toString">
<Header>
<Loc EndOffset="2633" SrcFileId="3" StartOffset="2590"/>
</Header>
<LocList>
<Loc EndOffset="2680" SrcFileId="3" StartOffset="2590"/>
</LocList>
<StmntSeq Intrnl_Id="205">
<LocList>
<Loc EndOffset="2669" SrcFileId="3" StartOffset="2649"/>
</LocList>
<BasicStmnt CovItemId="S21" CovItemPrefix="devops.hw1.core.Phase.java" Intrnl_Id="206">
<LocList>
<Loc EndOffset="2669" SrcFileId="3" StartOffset="2649"/>
</LocList>
</BasicStmnt>
</StmntSeq>
</HierarchyLvl>
</HierarchyLvl>
<HierarchyLvl HierarchyLvlId="309" HierarchyLvlTypeId="25" Intrnl_Id="207" Name="SECOND_MAIN2">
<Header>
<Loc EndOffset="2703" SrcFileId="3" StartOffset="2691"/>
</Header>
<LocList>
<Loc EndOffset="2808" SrcFileId="3" StartOffset="2691"/>
</LocList>
<HierarchyLvl HierarchyLvlId="308" HierarchyLvlTypeId="23" Intrnl_Id="208" Name="toString">
<Header>
<Loc EndOffset="2758" SrcFileId="3" StartOffset="2715"/>
</Header>
<LocList>
<Loc EndOffset="2801" SrcFileId="3" StartOffset="2715"/>
</LocList>
<StmntSeq Intrnl_Id="209">
<LocList>
<Loc EndOffset="2790" SrcFileId="3" StartOffset="2774"/>
</LocList>
<BasicStmnt CovItemId="S22" CovItemPrefix="devops.hw1.core.Phase.java" Intrnl_Id="210">
<LocList>
<Loc EndOffset="2790" SrcFileId="3" StartOffset="2774"/>
</LocList>
</BasicStmnt>
</StmntSeq>
</HierarchyLvl>
</HierarchyLvl>
<HierarchyLvl HierarchyLvlId="311" HierarchyLvlTypeId="25" Intrnl_Id="211" Name="END2">
<Header>
<Loc EndOffset="2816" SrcFileId="3" StartOffset="2812"/>
</Header>
<LocList>
<Loc EndOffset="2923" SrcFileId="3" StartOffset="2812"/>
</LocList>
<HierarchyLvl HierarchyLvlId="310" HierarchyLvlTypeId="23" Intrnl_Id="212" Name="toString">
<Header>
<Loc EndOffset="2871" SrcFileId="3" StartOffset="2828"/>
</Header>
<LocList>
<Loc EndOffset="2916" SrcFileId="3" StartOffset="2828"/>
</LocList>
<StmntSeq Intrnl_Id="213">
<LocList>
<Loc EndOffset="2905" SrcFileId="3" StartOffset="2887"/>
</LocList>
<BasicStmnt CovItemId="S23" CovItemPrefix="devops.hw1.core.Phase.java" Intrnl_Id="214">
<LocList>
<Loc EndOffset="2905" SrcFileId="3" StartOffset="2887"/>
</LocList>
</BasicStmnt>
</StmntSeq>
</HierarchyLvl>
</HierarchyLvl>
<HierarchyLvl HierarchyLvlId="313" HierarchyLvlTypeId="25" Intrnl_Id="215" Name="CLEANUP2">
<Header>
<Loc EndOffset="2935" SrcFileId="3" StartOffset="2927"/>
</Header>
<LocList>
<Loc EndOffset="3041" SrcFileId="3" StartOffset="2927"/>
</LocList>
<HierarchyLvl HierarchyLvlId="312" HierarchyLvlTypeId="23" Intrnl_Id="216" Name="toString">
<Header>
<Loc EndOffset="2990" SrcFileId="3" StartOffset="2947"/>
</Header>
<LocList>
<Loc EndOffset="3034" SrcFileId="3" StartOffset="2947"/>
</LocList>
<StmntSeq Intrnl_Id="217">
<LocList>
<Loc EndOffset="3023" SrcFileId="3" StartOffset="3006"/>
</LocList>
<BasicStmnt CovItemId="S24" CovItemPrefix="devops.hw1.core.Phase.java" Intrnl_Id="218">
<LocList>
<Loc EndOffset="3023" SrcFileId="3" StartOffset="3006"/>
</LocList>
</BasicStmnt>
</StmntSeq>
</HierarchyLvl>
</HierarchyLvl>
</HierarchyLvl>
<HierarchyLvl HierarchyLvlId="317" HierarchyLvlTypeId="24" Intrnl_Id="219" Name="NumericData">
<Header>
<Loc EndOffset="79" SrcFileId="4" StartOffset="28"/>
</Header>
<LocList>
<Loc EndOffset="753" SrcFileId="4" StartOffset="28"/>
</LocList>
<HierarchyLvl HierarchyLvlId="315" HierarchyLvlTypeId="23" Intrnl_Id="220" Name="NumericData">
<Header>
<Loc EndOffset="125" SrcFileId="4" StartOffset="86"/>
</Header>
<LocList>
<Loc EndOffset="152" SrcFileId="4" StartOffset="86"/>
</LocList>
<StmntSeq Intrnl_Id="221">
<LocList>
<Loc EndOffset="148" SrcFileId="4" StartOffset="131"/>
</LocList>
<BasicStmnt CovItemId="S1" CovItemPrefix="devops.hw1.core.NumericData.java" Intrnl_Id="222">
<LocList>
<Loc EndOffset="148" SrcFileId="4" StartOffset="131"/>
</LocList>
</BasicStmnt>
</StmntSeq>
</HierarchyLvl>
<HierarchyLvl HierarchyLvlId="316" HierarchyLvlTypeId="23" Intrnl_Id="223" Name="compareTo">
<Header>
<Loc EndOffset="562" SrcFileId="4" StartOffset="511"/>
</Header>
<LocList>
<Loc EndOffset="750" SrcFileId="4" StartOffset="511"/>
</LocList>
<StmntSeq Intrnl_Id="224">
<LocList>
<Loc EndOffset="604" SrcFileId="4" StartOffset="568"/>
<Loc EndOffset="643" SrcFileId="4" StartOffset="612"/>
<Loc EndOffset="682" SrcFileId="4" StartOffset="647"/>
<Loc EndOffset="728" SrcFileId="4" StartOffset="690"/>
<Loc EndOffset="746" SrcFileId="4" StartOffset="736"/>
</LocList>
<CondStmnt CovItemId="S2" CovItemPrefix="devops.hw1.core.NumericData.java" Intrnl_Id="225">
<Branch CovItemId="B1" CovItemPrefix="devops.hw1.core.NumericData.java" Implct="false" Intrnl_Id="226">
<Cond/>
<LocList>
<Loc EndOffset="604" SrcFileId="4" StartOffset="595"/>
</LocList>
<StmntSeq Intrnl_Id="227">
<LocList>
<Loc EndOffset="604" SrcFileId="4" StartOffset="595"/>
</LocList>
<BasicStmnt CovItemId="S3" CovItemPrefix="devops.hw1.core.NumericData.java" Intrnl_Id="228">
<LocList>
<Loc EndOffset="604" SrcFileId="4" StartOffset="595"/>
</LocList>
</BasicStmnt>
</StmntSeq>
</Branch>
<Branch CovItemId="B2" CovItemPrefix="devops.hw1.core.NumericData.java" Implct="true" Intrnl_Id="229">
<Cond/>
<LocList/>
<StmntSeq Intrnl_Id="230">
<LocList/>
</StmntSeq>
</Branch>
<Keyword EndOffset="570" SrcFileId="4" StartOffset="568"/>
<LocList>
<Loc EndOffset="604" SrcFileId="4" StartOffset="568"/>
</LocList>
<RootTerm CovItemId="C1" CovItemPrefix="devops.hw1.core.NumericData.java" Intrnl_Id="231">
<BasicBoolTerm Intrnl_Id="232">
<LocList>
<Loc EndOffset="589" SrcFileId="4" StartOffset="571"/>
</LocList>
</BasicBoolTerm>
</RootTerm>
</CondStmnt>
<BasicStmnt CovItemId="S4" CovItemPrefix="devops.hw1.core.NumericData.java" Intrnl_Id="233">
<LocList>
<Loc EndOffset="643" SrcFileId="4" StartOffset="612"/>
</LocList>
</BasicStmnt>
<BasicStmnt CovItemId="S5" CovItemPrefix="devops.hw1.core.NumericData.java" Intrnl_Id="234">
<LocList>
<Loc EndOffset="682" SrcFileId="4" StartOffset="647"/>
</LocList>
</BasicStmnt>
<CondStmnt CovItemId="S6" CovItemPrefix="devops.hw1.core.NumericData.java" Intrnl_Id="235">
<Branch CovItemId="B3" CovItemPrefix="devops.hw1.core.NumericData.java" Implct="false" Intrnl_Id="236">
<Cond/>
<LocList>
<Loc EndOffset="728" SrcFileId="4" StartOffset="719"/>
</LocList>
<StmntSeq Intrnl_Id="237">
<LocList>
<Loc EndOffset="728" SrcFileId="4" StartOffset="719"/>
</LocList>
<BasicStmnt CovItemId="S7" CovItemPrefix="devops.hw1.core.NumericData.java" Intrnl_Id="238">
<LocList>
<Loc EndOffset="728" SrcFileId="4" StartOffset="719"/>
</LocList>
</BasicStmnt>
</StmntSeq>
</Branch>
<Branch CovItemId="B4" CovItemPrefix="devops.hw1.core.NumericData.java" Implct="true" Intrnl_Id="239">
<Cond/>
<LocList/>
<StmntSeq Intrnl_Id="240">
<LocList/>
</StmntSeq>
</Branch>
<Keyword EndOffset="692" SrcFileId="4" StartOffset="690"/>
<LocList>
<Loc EndOffset="728" SrcFileId="4" StartOffset="690"/>
</LocList>
<RootTerm CovItemId="C2" CovItemPrefix="devops.hw1.core.NumericData.java" Intrnl_Id="241">
<BasicBoolTerm Intrnl_Id="242">
<LocList>
<Loc EndOffset="713" SrcFileId="4" StartOffset="693"/>
</LocList>
</BasicBoolTerm>
</RootTerm>
</CondStmnt>
<BasicStmnt CovItemId="S8" CovItemPrefix="devops.hw1.core.NumericData.java" Intrnl_Id="243">
<LocList>
<Loc EndOffset="746" SrcFileId="4" StartOffset="736"/>
</LocList>
</BasicStmnt>
</StmntSeq>
</HierarchyLvl>
</HierarchyLvl>
<HierarchyLvl HierarchyLvlId="324" HierarchyLvlTypeId="19" Intrnl_Id="244" Name="ManaPool">
<Header>
<Loc EndOffset="108" SrcFileId="5" StartOffset="88"/>
</Header>
<LocList>
<Loc EndOffset="2186" SrcFileId="5" StartOffset="88"/>
</LocList>
<HierarchyLvl HierarchyLvlId="318" HierarchyLvlTypeId="23" Intrnl_Id="245" Name="getAmount">
<Header>
<Loc EndOffset="375" SrcFileId="5" StartOffset="353"/>
</Header>
<LocList>
<Loc EndOffset="404" SrcFileId="5" StartOffset="353"/>
</LocList>
<StmntSeq Intrnl_Id="246">
<LocList>
<Loc EndOffset="400" SrcFileId="5" StartOffset="381"/>
</LocList>
<BasicStmnt CovItemId="S1" CovItemPrefix="devops.hw1.core.ManaPool.java" Intrnl_Id="247">
<LocList>
<Loc EndOffset="400" SrcFileId="5" StartOffset="381"/>
</LocList>
</BasicStmnt>
</StmntSeq>
</HierarchyLvl>
<HierarchyLvl HierarchyLvlId="319" HierarchyLvlTypeId="23" Intrnl_Id="248" Name="add">
<Header>
<Loc EndOffset="516" SrcFileId="5" StartOffset="494"/>
</Header>
<LocList>
<Loc EndOffset="556" SrcFileId="5" StartOffset="494"/>
</LocList>
<StmntSeq Intrnl_Id="249">
<LocList>
<Loc EndOffset="552" SrcFileId="5" StartOffset="522"/>
</LocList>
<BasicStmnt CovItemId="S2" CovItemPrefix="devops.hw1.core.ManaPool.java" Intrnl_Id="250">
<LocList>
<Loc EndOffset="552" SrcFileId="5" StartOffset="522"/>
</LocList>
</BasicStmnt>
</StmntSeq>
</HierarchyLvl>
<HierarchyLvl HierarchyLvlId="320" HierarchyLvlTypeId="23" Intrnl_Id="251" Name="remove">
<Header>
<Loc EndOffset="678" SrcFileId="5" StartOffset="653"/>
</Header>
<LocList>
<Loc EndOffset="718" SrcFileId="5" StartOffset="653"/>
</LocList>
<StmntSeq Intrnl_Id="252">
<LocList>
<Loc EndOffset="714" SrcFileId="5" StartOffset="684"/>
</LocList>
<BasicStmnt CovItemId="S3" CovItemPrefix="devops.hw1.core.ManaPool.java" Intrnl_Id="253">
<LocList>
<Loc EndOffset="714" SrcFileId="5" StartOffset="684"/>
</LocList>
</BasicStmnt>
</StmntSeq>
</HierarchyLvl>
<HierarchyLvl HierarchyLvlId="321" HierarchyLvlTypeId="23" Intrnl_Id="254" Name="empty">
<Header>
<Loc EndOffset="779" SrcFileId="5" StartOffset="760"/>
</Header>
<LocList>
<Loc EndOffset="805" SrcFileId="5" StartOffset="760"/>
</LocList>
<StmntSeq Intrnl_Id="255">
<LocList>
<Loc EndOffset="801" SrcFileId="5" StartOffset="785"/>
</LocList>
<BasicStmnt CovItemId="S4" CovItemPrefix="devops.hw1.core.ManaPool.java" Intrnl_Id="256">
<LocList>
<Loc EndOffset="801" SrcFileId="5" StartOffset="785"/>
</LocList>
</BasicStmnt>
</StmntSeq>
</HierarchyLvl>
<HierarchyLvl HierarchyLvlId="322" HierarchyLvlTypeId="23" Intrnl_Id="257" Name="emptyMana">
<Header>
<Loc EndOffset="894" SrcFileId="5" StartOffset="864"/>
</Header>
<LocList>
<Loc EndOffset="1237" SrcFileId="5" StartOffset="864"/>
</LocList>
<StmntSeq Intrnl_Id="258">
<LocList>
<Loc EndOffset="923" SrcFileId="5" StartOffset="899"/>
<Loc EndOffset="950" SrcFileId="5" StartOffset="927"/>
<Loc EndOffset="978" SrcFileId="5" StartOffset="954"/>
<Loc EndOffset="1004" SrcFileId="5" StartOffset="982"/>
<Loc EndOffset="1032" SrcFileId="5" StartOffset="1008"/>
<Loc EndOffset="1064" SrcFileId="5" StartOffset="1036"/>
<Loc EndOffset="1092" SrcFileId="5" StartOffset="1068"/>
<Loc EndOffset="1119" SrcFileId="5" StartOffset="1096"/>
<Loc EndOffset="1147" SrcFileId="5" StartOffset="1123"/>
<Loc EndOffset="1173" SrcFileId="5" StartOffset="1151"/>
<Loc EndOffset="1201" SrcFileId="5" StartOffset="1177"/>
<Loc EndOffset="1233" SrcFileId="5" StartOffset="1205"/>
</LocList>
<BasicStmnt CovItemId="S5" CovItemPrefix="devops.hw1.core.ManaPool.java" Intrnl_Id="259">
<LocList>
<Loc EndOffset="923" SrcFileId="5" StartOffset="899"/>
</LocList>
</BasicStmnt>
<BasicStmnt CovItemId="S6" CovItemPrefix="devops.hw1.core.ManaPool.java" Intrnl_Id="260">
<LocList>
<Loc EndOffset="950" SrcFileId="5" StartOffset="927"/>
</LocList>
</BasicStmnt>
<BasicStmnt CovItemId="S7" CovItemPrefix="devops.hw1.core.ManaPool.java" Intrnl_Id="261">
<LocList>
<Loc EndOffset="978" SrcFileId="5" StartOffset="954"/>
</LocList>
</BasicStmnt>
<BasicStmnt CovItemId="S8" CovItemPrefix="devops.hw1.core.ManaPool.java" Intrnl_Id="262">
<LocList>
<Loc EndOffset="1004" SrcFileId="5" StartOffset="982"/>
</LocList>
</BasicStmnt>
<BasicStmnt CovItemId="S9" CovItemPrefix="devops.hw1.core.ManaPool.java" Intrnl_Id="263">
<LocList>
<Loc EndOffset="1032" SrcFileId="5" StartOffset="1008"/>
</LocList>
</BasicStmnt>
<BasicStmnt CovItemId="S10" CovItemPrefix="devops.hw1.core.ManaPool.java" Intrnl_Id="264">
<LocList>
<Loc EndOffset="1064" SrcFileId="5" StartOffset="1036"/>
</LocList>
</BasicStmnt>
<BasicStmnt CovItemId="S11" CovItemPrefix="devops.hw1.core.ManaPool.java" Intrnl_Id="265">
<LocList>
<Loc EndOffset="1092" SrcFileId="5" StartOffset="1068"/>
</LocList>
</BasicStmnt>
<BasicStmnt CovItemId="S12" CovItemPrefix="devops.hw1.core.ManaPool.java" Intrnl_Id="266">
<LocList>
<Loc EndOffset="1119" SrcFileId="5" StartOffset="1096"/>
</LocList>
</BasicStmnt>
<BasicStmnt CovItemId="S13" CovItemPrefix="devops.hw1.core.ManaPool.java" Intrnl_Id="267">
<LocList>
<Loc EndOffset="1147" SrcFileId="5" StartOffset="1123"/>
</LocList>
</BasicStmnt>
<BasicStmnt CovItemId="S14" CovItemPrefix="devops.hw1.core.ManaPool.java" Intrnl_Id="268">
<LocList>
<Loc EndOffset="1173" SrcFileId="5" StartOffset="1151"/>
</LocList>
</BasicStmnt>
<BasicStmnt CovItemId="S15" CovItemPrefix="devops.hw1.core.ManaPool.java" Intrnl_Id="269">
<LocList>
<Loc EndOffset="1201" SrcFileId="5" StartOffset="1177"/>
</LocList>
</BasicStmnt>
<BasicStmnt CovItemId="S16" CovItemPrefix="devops.hw1.core.ManaPool.java" Intrnl_Id="270">
<LocList>
<Loc EndOffset="1233" SrcFileId="5" StartOffset="1205"/>
</LocList>
</BasicStmnt>
</StmntSeq>
</HierarchyLvl>
<HierarchyLvl HierarchyLvlId="323" HierarchyLvlTypeId="23" Intrnl_Id="271" Name="getPool">
<Header>
<Loc EndOffset="1505" SrcFileId="5" StartOffset="1447"/>
</Header>
<LocList>
<Loc EndOffset="2183" SrcFileId="5" StartOffset="1447"/>
</LocList>
<StmntSeq Intrnl_Id="272">
<LocList>
<Loc EndOffset="2179" SrcFileId="5" StartOffset="1510"/>
</LocList>
<CondStmnt CovItemId="S17" CovItemPrefix="devops.hw1.core.ManaPool.java" Intrnl_Id="273">
<Branch CovItemId="B1" CovItemPrefix="devops.hw1.core.ManaPool.java" Implct="false" Intrnl_Id="274">
<Cond>
<Loc EndOffset="1559" SrcFileId="5" StartOffset="1551"/>
</Cond>
<LocList>
<Loc EndOffset="1635" SrcFileId="5" StartOffset="1565"/>
</LocList>
<StmntSeq Intrnl_Id="275">
<LocList>
<Loc EndOffset="1605" SrcFileId="5" StartOffset="1565"/>
<Loc EndOffset="1635" SrcFileId="5" StartOffset="1612"/>
</LocList>
<CondStmnt CovItemId="S18" CovItemPrefix="devops.hw1.core.ManaPool.java" Intrnl_Id="276">
<Branch CovItemId="B2" CovItemPrefix="devops.hw1.core.ManaPool.java" Implct="false" Intrnl_Id="277">
<Cond/>
<LocList>
<Loc EndOffset="1605" SrcFileId="5" StartOffset="1582"/>
</LocList>
<StmntSeq Intrnl_Id="278">
<LocList>
<Loc EndOffset="1605" SrcFileId="5" StartOffset="1582"/>
</LocList>
<BasicStmnt CovItemId="S19" CovItemPrefix="devops.hw1.core.ManaPool.java" Intrnl_Id="279">
<LocList>
<Loc EndOffset="1605" SrcFileId="5" StartOffset="1582"/>
</LocList>
</BasicStmnt>
</StmntSeq>
</Branch>
<Branch CovItemId="B3" CovItemPrefix="devops.hw1.core.ManaPool.java" Implct="true" Intrnl_Id="280">
<Cond/>
<LocList/>
<StmntSeq Intrnl_Id="281">
<LocList/>
</StmntSeq>
</Branch>
<Keyword EndOffset="1567" SrcFileId="5" StartOffset="1565"/>
<LocList>
<Loc EndOffset="1605" SrcFileId="5" StartOffset="1565"/>
</LocList>
<RootTerm CovItemId="C1" CovItemPrefix="devops.hw1.core.ManaPool.java" Intrnl_Id="282">
<BasicBoolTerm Intrnl_Id="283">
<LocList>
<Loc EndOffset="1575" SrcFileId="5" StartOffset="1569"/>
</LocList>
</BasicBoolTerm>
</RootTerm>
</CondStmnt>
<BasicStmnt CovItemId="S20" CovItemPrefix="devops.hw1.core.ManaPool.java" Intrnl_Id="284">
<LocList>
<Loc EndOffset="1635" SrcFileId="5" StartOffset="1612"/>
</LocList>
</BasicStmnt>
</StmntSeq>
</Branch>
<Branch CovItemId="B4" CovItemPrefix="devops.hw1.core.ManaPool.java" Implct="false" Intrnl_Id="285">
<Cond>
<Loc EndOffset="1649" SrcFileId="5" StartOffset="1641"/>
</Cond>
<LocList>
<Loc EndOffset="1723" SrcFileId="5" StartOffset="1655"/>
</LocList>
<StmntSeq Intrnl_Id="286">
<LocList>
<Loc EndOffset="1694" SrcFileId="5" StartOffset="1655"/>
<Loc EndOffset="1723" SrcFileId="5" StartOffset="1701"/>
</LocList>
<CondStmnt CovItemId="S21" CovItemPrefix="devops.hw1.core.ManaPool.java" Intrnl_Id="287">
<Branch CovItemId="B5" CovItemPrefix="devops.hw1.core.ManaPool.java" Implct="false" Intrnl_Id="288">
<Cond/>
<LocList>
<Loc EndOffset="1694" SrcFileId="5" StartOffset="1672"/>
</LocList>
<StmntSeq Intrnl_Id="289">
<LocList>
<Loc EndOffset="1694" SrcFileId="5" StartOffset="1672"/>
</LocList>
<BasicStmnt CovItemId="S22" CovItemPrefix="devops.hw1.core.ManaPool.java" Intrnl_Id="290">
<LocList>
<Loc EndOffset="1694" SrcFileId="5" StartOffset="1672"/>
</LocList>
</BasicStmnt>
</StmntSeq>
</Branch>
<Branch CovItemId="B6" CovItemPrefix="devops.hw1.core.ManaPool.java" Implct="true" Intrnl_Id="291">
<Cond/>
<LocList/>
<StmntSeq Intrnl_Id="292">
<LocList/>
</StmntSeq>
</Branch>
<Keyword EndOffset="1657" SrcFileId="5" StartOffset="1655"/>
<LocList>
<Loc EndOffset="1694" SrcFileId="5" StartOffset="1655"/>
</LocList>
<RootTerm CovItemId="C2" CovItemPrefix="devops.hw1.core.ManaPool.java" Intrnl_Id="293">
<BasicBoolTerm Intrnl_Id="294">
<LocList>
<Loc EndOffset="1665" SrcFileId="5" StartOffset="1659"/>
</LocList>
</BasicBoolTerm>
</RootTerm>
</CondStmnt>
<BasicStmnt CovItemId="S23" CovItemPrefix="devops.hw1.core.ManaPool.java" Intrnl_Id="295">
<LocList>
<Loc EndOffset="1723" SrcFileId="5" StartOffset="1701"/>
</LocList>
</BasicStmnt>
</StmntSeq>
</Branch>
<Branch CovItemId="B7" CovItemPrefix="devops.hw1.core.ManaPool.java" Implct="false" Intrnl_Id="296">
<Cond>
<Loc EndOffset="1737" SrcFileId="5" StartOffset="1729"/>
</Cond>
<LocList>
<Loc EndOffset="1813" SrcFileId="5" StartOffset="1743"/>
</LocList>
<StmntSeq Intrnl_Id="297">
<LocList>
<Loc EndOffset="1783" SrcFileId="5" StartOffset="1743"/>
<Loc EndOffset="1813" SrcFileId="5" StartOffset="1790"/>
</LocList>
<CondStmnt CovItemId="S24" CovItemPrefix="devops.hw1.core.ManaPool.java" Intrnl_Id="298">
<Branch CovItemId="B8" CovItemPrefix="devops.hw1.core.ManaPool.java" Implct="false" Intrnl_Id="299">
<Cond/>
<LocList>
<Loc EndOffset="1783" SrcFileId="5" StartOffset="1760"/>
</LocList>
<StmntSeq Intrnl_Id="300">
<LocList>
<Loc EndOffset="1783" SrcFileId="5" StartOffset="1760"/>
</LocList>
<BasicStmnt CovItemId="S25" CovItemPrefix="devops.hw1.core.ManaPool.java" Intrnl_Id="301">
<LocList>
<Loc EndOffset="1783" SrcFileId="5" StartOffset="1760"/>
</LocList>
</BasicStmnt>
</StmntSeq>
</Branch>
<Branch CovItemId="B9" CovItemPrefix="devops.hw1.core.ManaPool.java" Implct="true" Intrnl_Id="302">
<Cond/>
<LocList/>
<StmntSeq Intrnl_Id="303">
<LocList/>
</StmntSeq>
</Branch>
<Keyword EndOffset="1745" SrcFileId="5" StartOffset="1743"/>
<LocList>
<Loc EndOffset="1783" SrcFileId="5" StartOffset="1743"/>
</LocList>
<RootTerm CovItemId="C3" CovItemPrefix="devops.hw1.core.ManaPool.java" Intrnl_Id="304">
<BasicBoolTerm Intrnl_Id="305">
<LocList>
<Loc EndOffset="1753" SrcFileId="5" StartOffset="1747"/>
</LocList>
</BasicBoolTerm>
</RootTerm>
</CondStmnt>
<BasicStmnt CovItemId="S26" CovItemPrefix="devops.hw1.core.ManaPool.java" Intrnl_Id="306">
<LocList>
<Loc EndOffset="1813" SrcFileId="5" StartOffset="1790"/>
</LocList>
</BasicStmnt>
</StmntSeq>
</Branch>
<Branch CovItemId="B10" CovItemPrefix="devops.hw1.core.ManaPool.java" Implct="false" Intrnl_Id="307">
<Cond>
<Loc EndOffset="1827" SrcFileId="5" StartOffset="1819"/>
</Cond>
<LocList>
<Loc EndOffset="1899" SrcFileId="5" StartOffset="1833"/>
</LocList>
<StmntSeq Intrnl_Id="308">
<LocList>
<Loc EndOffset="1871" SrcFileId="5" StartOffset="1833"/>
<Loc EndOffset="1899" SrcFileId="5" StartOffset="1878"/>
</LocList>
<CondStmnt CovItemId="S27" CovItemPrefix="devops.hw1.core.ManaPool.java" Intrnl_Id="309">
<Branch CovItemId="B11" CovItemPrefix="devops.hw1.core.ManaPool.java" Implct="false" Intrnl_Id="310">
<Cond/>
<LocList>
<Loc EndOffset="1871" SrcFileId="5" StartOffset="1850"/>
</LocList>
<StmntSeq Intrnl_Id="311">
<LocList>
<Loc EndOffset="1871" SrcFileId="5" StartOffset="1850"/>
</LocList>
<BasicStmnt CovItemId="S28" CovItemPrefix="devops.hw1.core.ManaPool.java" Intrnl_Id="312">
<LocList>
<Loc EndOffset="1871" SrcFileId="5" StartOffset="1850"/>
</LocList>
</BasicStmnt>
</StmntSeq>
</Branch>
<Branch CovItemId="B12" CovItemPrefix="devops.hw1.core.ManaPool.java" Implct="true" Intrnl_Id="313">
<Cond/>
<LocList/>
<StmntSeq Intrnl_Id="314">
<LocList/>
</StmntSeq>
</Branch>
<Keyword EndOffset="1835" SrcFileId="5" StartOffset="1833"/>
<LocList>
<Loc EndOffset="1871" SrcFileId="5" StartOffset="1833"/>
</LocList>
<RootTerm CovItemId="C4" CovItemPrefix="devops.hw1.core.ManaPool.java" Intrnl_Id="315">
<BasicBoolTerm Intrnl_Id="316">
<LocList>
<Loc EndOffset="1843" SrcFileId="5" StartOffset="1837"/>
</LocList>
</BasicBoolTerm>
</RootTerm>
</CondStmnt>
<BasicStmnt CovItemId="S29" CovItemPrefix="devops.hw1.core.ManaPool.java" Intrnl_Id="317">
<LocList>
<Loc EndOffset="1899" SrcFileId="5" StartOffset="1878"/>
</LocList>
</BasicStmnt>
</StmntSeq>
</Branch>
<Branch CovItemId="B13" CovItemPrefix="devops.hw1.core.ManaPool.java" Implct="false" Intrnl_Id="318">
<Cond>
<Loc EndOffset="1911" SrcFileId="5" StartOffset="1903"/>
</Cond>
<LocList>
<Loc EndOffset="1987" SrcFileId="5" StartOffset="1917"/>
</LocList>
<StmntSeq Intrnl_Id="319">
<LocList>
<Loc EndOffset="1957" SrcFileId="5" StartOffset="1917"/>
<Loc EndOffset="1987" SrcFileId="5" StartOffset="1964"/>
</LocList>
<CondStmnt CovItemId="S30" CovItemPrefix="devops.hw1.core.ManaPool.java" Intrnl_Id="320">
<Branch CovItemId="B14" CovItemPrefix="devops.hw1.core.ManaPool.java" Implct="false" Intrnl_Id="321">
<Cond/>
<LocList>
<Loc EndOffset="1957" SrcFileId="5" StartOffset="1934"/>
</LocList>
<StmntSeq Intrnl_Id="322">
<LocList>
<Loc EndOffset="1957" SrcFileId="5" StartOffset="1934"/>
</LocList>
<BasicStmnt CovItemId="S31" CovItemPrefix="devops.hw1.core.ManaPool.java" Intrnl_Id="323">
<LocList>
<Loc EndOffset="1957" SrcFileId="5" StartOffset="1934"/>
</LocList>
</BasicStmnt>
</StmntSeq>
</Branch>
<Branch CovItemId="B15" CovItemPrefix="devops.hw1.core.ManaPool.java" Implct="true" Intrnl_Id="324">
<Cond/>
<LocList/>
<StmntSeq Intrnl_Id="325">
<LocList/>
</StmntSeq>
</Branch>
<Keyword EndOffset="1919" SrcFileId="5" StartOffset="1917"/>
<LocList>
<Loc EndOffset="1957" SrcFileId="5" StartOffset="1917"/>
</LocList>
<RootTerm CovItemId="C5" CovItemPrefix="devops.hw1.core.ManaPool.java" Intrnl_Id="326">
<BasicBoolTerm Intrnl_Id="327">
<LocList>
<Loc EndOffset="1927" SrcFileId="5" StartOffset="1921"/>
</LocList>
</BasicBoolTerm>
</RootTerm>
</CondStmnt>
<BasicStmnt CovItemId="S32" CovItemPrefix="devops.hw1.core.ManaPool.java" Intrnl_Id="328">
<LocList>
<Loc EndOffset="1987" SrcFileId="5" StartOffset="1964"/>
</LocList>
</BasicStmnt>
</StmntSeq>
</Branch>
<Branch CovItemId="B16" CovItemPrefix="devops.hw1.core.ManaPool.java" Implct="false" Intrnl_Id="329">
<Cond>
<Loc EndOffset="2001" SrcFileId="5" StartOffset="1993"/>
</Cond>
<LocList>
<Loc EndOffset="2085" SrcFileId="5" StartOffset="2007"/>
</LocList>
<StmntSeq Intrnl_Id="330">
<LocList>
<Loc EndOffset="2051" SrcFileId="5" StartOffset="2007"/>
<Loc EndOffset="2085" SrcFileId="5" StartOffset="2058"/>
</LocList>
<CondStmnt CovItemId="S33" CovItemPrefix="devops.hw1.core.ManaPool.java" Intrnl_Id="331">
<Branch CovItemId="B17" CovItemPrefix="devops.hw1.core.ManaPool.java" Implct="false" Intrnl_Id="332">
<Cond/>
<LocList>
<Loc EndOffset="2051" SrcFileId="5" StartOffset="2024"/>
</LocList>
<StmntSeq Intrnl_Id="333">
<LocList>
<Loc EndOffset="2051" SrcFileId="5" StartOffset="2024"/>
</LocList>
<BasicStmnt CovItemId="S34" CovItemPrefix="devops.hw1.core.ManaPool.java" Intrnl_Id="334">
<LocList>
<Loc EndOffset="2051" SrcFileId="5" StartOffset="2024"/>
</LocList>
</BasicStmnt>
</StmntSeq>
</Branch>
<Branch CovItemId="B18" CovItemPrefix="devops.hw1.core.ManaPool.java" Implct="true" Intrnl_Id="335">
<Cond/>
<LocList/>
<StmntSeq Intrnl_Id="336">
<LocList/>
</StmntSeq>
</Branch>
<Keyword EndOffset="2009" SrcFileId="5" StartOffset="2007"/>
<LocList>
<Loc EndOffset="2051" SrcFileId="5" StartOffset="2007"/>
</LocList>
<RootTerm CovItemId="C6" CovItemPrefix="devops.hw1.core.ManaPool.java" Intrnl_Id="337">
<BasicBoolTerm Intrnl_Id="338">
<LocList>
<Loc EndOffset="2017" SrcFileId="5" StartOffset="2011"/>
</LocList>
</BasicBoolTerm>
</RootTerm>
</CondStmnt>
<BasicStmnt CovItemId="S35" CovItemPrefix="devops.hw1.core.ManaPool.java" Intrnl_Id="339">
<LocList>
<Loc EndOffset="2085" SrcFileId="5" StartOffset="2058"/>
</LocList>
</BasicStmnt>
</StmntSeq>
</Branch>
<Branch CovItemId="B19" CovItemPrefix="devops.hw1.core.ManaPool.java" Implct="false" Intrnl_Id="340">
<Cond>
<Loc EndOffset="2098" SrcFileId="5" StartOffset="2091"/>
</Cond>
<LocList>
<Loc EndOffset="2172" SrcFileId="5" StartOffset="2104"/>
</LocList>
<StmntSeq Intrnl_Id="341">
<LocList>
<Loc EndOffset="2172" SrcFileId="5" StartOffset="2104"/>
</LocList>
<BasicStmnt CovItemId="S36" CovItemPrefix="devops.hw1.core.ManaPool.java" Intrnl_Id="342">
<LocList>
<Loc EndOffset="2172" SrcFileId="5" StartOffset="2104"/>
</LocList>
</BasicStmnt>
</StmntSeq>
</Branch>
<Keyword EndOffset="1516" SrcFileId="5" StartOffset="1510"/>
<LocList>
<Loc EndOffset="2179" SrcFileId="5" StartOffset="1510"/>
</LocList>
</CondStmnt>
</StmntSeq>
</HierarchyLvl>
</HierarchyLvl>
<HierarchyLvl HierarchyLvlId="331" HierarchyLvlTypeId="24" Intrnl_Id="343" Name="MTGDuelDecks">
<Header>
<Loc EndOffset="265" SrcFileId="6" StartOffset="240"/>
</Header>
<LocList>
<Loc EndOffset="5360" SrcFileId="6" StartOffset="240"/>
</LocList>
<StmntSeq Intrnl_Id="344">
<LocList>
<Loc EndOffset="332" SrcFileId="6" StartOffset="270"/>
<Loc EndOffset="393" SrcFileId="6" StartOffset="335"/>
<Loc EndOffset="470" SrcFileId="6" StartOffset="396"/>
<Loc EndOffset="533" SrcFileId="6" StartOffset="473"/>
</LocList>
<BasicStmnt CovItemId="S1" CovItemPrefix="devops.hw1.core.MTGDuelDecks.java" Intrnl_Id="345">
<LocList>
<Loc EndOffset="332" SrcFileId="6" StartOffset="270"/>
</LocList>
</BasicStmnt>
<BasicStmnt CovItemId="S2" CovItemPrefix="devops.hw1.core.MTGDuelDecks.java" Intrnl_Id="346">
<LocList>
<Loc EndOffset="393" SrcFileId="6" StartOffset="335"/>
</LocList>
</BasicStmnt>
<BasicStmnt CovItemId="S3" CovItemPrefix="devops.hw1.core.MTGDuelDecks.java" Intrnl_Id="347">
<LocList>
<Loc EndOffset="470" SrcFileId="6" StartOffset="396"/>
</LocList>
</BasicStmnt>
<BasicStmnt CovItemId="S4" CovItemPrefix="devops.hw1.core.MTGDuelDecks.java" Intrnl_Id="348">
<LocList>
<Loc EndOffset="533" SrcFileId="6" StartOffset="473"/>
</LocList>
</BasicStmnt>
</StmntSeq>
<HierarchyLvl HierarchyLvlId="325" HierarchyLvlTypeId="23" Intrnl_Id="349" Name="main">
<Header>
<Loc EndOffset="668" SrcFileId="6" StartOffset="630"/>
</Header>
<LocList>
<Loc EndOffset="783" SrcFileId="6" StartOffset="630"/>
</LocList>
<StmntSeq Intrnl_Id="350">
<LocList>
<Loc EndOffset="709" SrcFileId="6" StartOffset="673"/>
<Loc EndOffset="730" SrcFileId="6" StartOffset="713"/>
<Loc EndOffset="755" SrcFileId="6" StartOffset="736"/>
<Loc EndOffset="779" SrcFileId="6" StartOffset="759"/>
</LocList>
<BasicStmnt CovItemId="S5" CovItemPrefix="devops.hw1.core.MTGDuelDecks.java" Intrnl_Id="351">
<LocList>
<Loc EndOffset="709" SrcFileId="6" StartOffset="673"/>
</LocList>
</BasicStmnt>
<BasicStmnt CovItemId="S6" CovItemPrefix="devops.hw1.core.MTGDuelDecks.java" Intrnl_Id="352">
<LocList>
<Loc EndOffset="730" SrcFileId="6" StartOffset="713"/>
</LocList>
</BasicStmnt>
<BasicStmnt CovItemId="S7" CovItemPrefix="devops.hw1.core.MTGDuelDecks.java" Intrnl_Id="353">
<LocList>
<Loc EndOffset="755" SrcFileId="6" StartOffset="736"/>
</LocList>
</BasicStmnt>
<BasicStmnt CovItemId="S8" CovItemPrefix="devops.hw1.core.MTGDuelDecks.java" Intrnl_Id="354">
<LocList>
<Loc EndOffset="779" SrcFileId="6" StartOffset="759"/>
</LocList>
</BasicStmnt>
</StmntSeq>
</HierarchyLvl>
<HierarchyLvl HierarchyLvlId="326" HierarchyLvlTypeId="23" Intrnl_Id="355" Name="initializePlayer">
<Header>
<Loc EndOffset="897" SrcFileId="6" StartOffset="859"/>
</Header>
<LocList>
<Loc EndOffset="2788" SrcFileId="6" StartOffset="859"/>
</LocList>
<StmntSeq Intrnl_Id="356">
<LocList>
<Loc EndOffset="1022" SrcFileId="6" StartOffset="913"/>
<Loc EndOffset="1132" SrcFileId="6" StartOffset="1026"/>
<Loc EndOffset="1245" SrcFileId="6" StartOffset="1138"/>
<Loc EndOffset="1286" SrcFileId="6" StartOffset="1251"/>
<Loc EndOffset="1339" SrcFileId="6" StartOffset="1290"/>
<Loc EndOffset="1372" SrcFileId="6" StartOffset="1345"/>
<Loc EndOffset="1485" SrcFileId="6" StartOffset="1378"/>
<Loc EndOffset="1524" SrcFileId="6" StartOffset="1489"/>
<Loc EndOffset="1577" SrcFileId="6" StartOffset="1528"/>
<Loc EndOffset="1611" SrcFileId="6" StartOffset="1583"/>
<Loc EndOffset="1757" SrcFileId="6" StartOffset="1617"/>
<Loc EndOffset="1796" SrcFileId="6" StartOffset="1761"/>
<Loc EndOffset="1849" SrcFileId="6" StartOffset="1800"/>
<Loc EndOffset="1887" SrcFileId="6" StartOffset="1859"/>
<Loc EndOffset="1995" SrcFileId="6" StartOffset="1891"/>
<Loc EndOffset="2103" SrcFileId="6" StartOffset="1999"/>
<Loc EndOffset="2211" SrcFileId="6" StartOffset="2107"/>
<Loc EndOffset="2319" SrcFileId="6" StartOffset="2215"/>
<Loc EndOffset="2427" SrcFileId="6" StartOffset="2323"/>
<Loc EndOffset="2535" SrcFileId="6" StartOffset="2431"/>
<Loc EndOffset="2650" SrcFileId="6" StartOffset="2547"/>
<Loc EndOffset="2689" SrcFileId="6" StartOffset="2656"/>
<Loc EndOffset="2740" SrcFileId="6" StartOffset="2693"/>
<Loc EndOffset="2778" SrcFileId="6" StartOffset="2744"/>
</LocList>
<BasicStmnt CovItemId="S9" CovItemPrefix="devops.hw1.core.MTGDuelDecks.java" Intrnl_Id="357">
<LocList>
<Loc EndOffset="1022" SrcFileId="6" StartOffset="913"/>
</LocList>
</BasicStmnt>
<BasicStmnt CovItemId="S10" CovItemPrefix="devops.hw1.core.MTGDuelDecks.java" Intrnl_Id="358">
<LocList>
<Loc EndOffset="1132" SrcFileId="6" StartOffset="1026"/>
</LocList>
</BasicStmnt>
<BasicStmnt CovItemId="S11" CovItemPrefix="devops.hw1.core.MTGDuelDecks.java" Intrnl_Id="359">
<LocList>
<Loc EndOffset="1245" SrcFileId="6" StartOffset="1138"/>
</LocList>
</BasicStmnt>
<BasicStmnt CovItemId="S12" CovItemPrefix="devops.hw1.core.MTGDuelDecks.java" Intrnl_Id="360">
<LocList>
<Loc EndOffset="1286" SrcFileId="6" StartOffset="1251"/>
</LocList>
</BasicStmnt>
<BasicStmnt CovItemId="S13" CovItemPrefix="devops.hw1.core.MTGDuelDecks.java" Intrnl_Id="361">
<LocList>
<Loc EndOffset="1339" SrcFileId="6" StartOffset="1290"/>
</LocList>
</BasicStmnt>
<BasicStmnt CovItemId="S14" CovItemPrefix="devops.hw1.core.MTGDuelDecks.java" Intrnl_Id="362">
<LocList>
<Loc EndOffset="1372" SrcFileId="6" StartOffset="1345"/>
</LocList>
</BasicStmnt>
<BasicStmnt CovItemId="S15" CovItemPrefix="devops.hw1.core.MTGDuelDecks.java" Intrnl_Id="363">
<LocList>
<Loc EndOffset="1485" SrcFileId="6" StartOffset="1378"/>
</LocList>
</BasicStmnt>
<BasicStmnt CovItemId="S16" CovItemPrefix="devops.hw1.core.MTGDuelDecks.java" Intrnl_Id="364">
<LocList>
<Loc EndOffset="1524" SrcFileId="6" StartOffset="1489"/>
</LocList>
</BasicStmnt>
<BasicStmnt CovItemId="S17" CovItemPrefix="devops.hw1.core.MTGDuelDecks.java" Intrnl_Id="365">
<LocList>
<Loc EndOffset="1577" SrcFileId="6" StartOffset="1528"/>
</LocList>
</BasicStmnt>
<BasicStmnt CovItemId="S18" CovItemPrefix="devops.hw1.core.MTGDuelDecks.java" Intrnl_Id="366">
<LocList>
<Loc EndOffset="1611" SrcFileId="6" StartOffset="1583"/>
</LocList>
</BasicStmnt>
<BasicStmnt CovItemId="S19" CovItemPrefix="devops.hw1.core.MTGDuelDecks.java" Intrnl_Id="367">
<LocList>
<Loc EndOffset="1757" SrcFileId="6" StartOffset="1617"/>
</LocList>
</BasicStmnt>
<BasicStmnt CovItemId="S20" CovItemPrefix="devops.hw1.core.MTGDuelDecks.java" Intrnl_Id="368">
<LocList>
<Loc EndOffset="1796" SrcFileId="6" StartOffset="1761"/>
</LocList>
</BasicStmnt>
<BasicStmnt CovItemId="S21" CovItemPrefix="devops.hw1.core.MTGDuelDecks.java" Intrnl_Id="369">
<LocList>
<Loc EndOffset="1849" SrcFileId="6" StartOffset="1800"/>
</LocList>
</BasicStmnt>
<BasicStmnt CovItemId="S22" CovItemPrefix="devops.hw1.core.MTGDuelDecks.java" Intrnl_Id="370">
<LocList>
<Loc EndOffset="1887" SrcFileId="6" StartOffset="1859"/>
</LocList>
</BasicStmnt>
<BasicStmnt CovItemId="S23" CovItemPrefix="devops.hw1.core.MTGDuelDecks.java" Intrnl_Id="371">
<LocList>
<Loc EndOffset="1995" SrcFileId="6" StartOffset="1891"/>
</LocList>
</BasicStmnt>
<BasicStmnt CovItemId="S24" CovItemPrefix="devops.hw1.core.MTGDuelDecks.java" Intrnl_Id="372">
<LocList>
<Loc EndOffset="2103" SrcFileId="6" StartOffset="1999"/>
</LocList>
</BasicStmnt>
<BasicStmnt CovItemId="S25" CovItemPrefix="devops.hw1.core.MTGDuelDecks.java" Intrnl_Id="373">
<LocList>
<Loc EndOffset="2211" SrcFileId="6" StartOffset="2107"/>
</LocList>
</BasicStmnt>
<BasicStmnt CovItemId="S26" CovItemPrefix="devops.hw1.core.MTGDuelDecks.java" Intrnl_Id="374">
<LocList>
<Loc EndOffset="2319" SrcFileId="6" StartOffset="2215"/>
</LocList>
</BasicStmnt>
<BasicStmnt CovItemId="S27" CovItemPrefix="devops.hw1.core.MTGDuelDecks.java" Intrnl_Id="375">
<LocList>
<Loc EndOffset="2427" SrcFileId="6" StartOffset="2323"/>
</LocList>
</BasicStmnt>
<BasicStmnt CovItemId="S28" CovItemPrefix="devops.hw1.core.MTGDuelDecks.java" Intrnl_Id="376">
<LocList>
<Loc EndOffset="2535" SrcFileId="6" StartOffset="2431"/>
</LocList>
</BasicStmnt>
<BasicStmnt CovItemId="S29" CovItemPrefix="devops.hw1.core.MTGDuelDecks.java" Intrnl_Id="377">
<LocList>
<Loc EndOffset="2650" SrcFileId="6" StartOffset="2547"/>
</LocList>
</BasicStmnt>
<BasicStmnt CovItemId="S30" CovItemPrefix="devops.hw1.core.MTGDuelDecks.java" Intrnl_Id="378">
<LocList>
<Loc EndOffset="2689" SrcFileId="6" StartOffset="2656"/>
</LocList>
</BasicStmnt>
<BasicStmnt CovItemId="S31" CovItemPrefix="devops.hw1.core.MTGDuelDecks.java" Intrnl_Id="379">
<LocList>
<Loc EndOffset="2740" SrcFileId="6" StartOffset="2693"/>
</LocList>
</BasicStmnt>
<BasicStmnt CovItemId="S32" CovItemPrefix="devops.hw1.core.MTGDuelDecks.java" Intrnl_Id="380">
<LocList>
<Loc EndOffset="2778" SrcFileId="6" StartOffset="2744"/>
</LocList>
</BasicStmnt>
</StmntSeq>
</HierarchyLvl>
<HierarchyLvl HierarchyLvlId="327" HierarchyLvlTypeId="23" Intrnl_Id="381" Name="initializePlayer1">
<Header>
<Loc EndOffset="2904" SrcFileId="6" StartOffset="2865"/>
</Header>
<LocList>
<Loc EndOffset="4382" SrcFileId="6" StartOffset="2865"/>
</LocList>
<StmntSeq Intrnl_Id="382">
<LocList>
<Loc EndOffset="3030" SrcFileId="6" StartOffset="2920"/>
<Loc EndOffset="3141" SrcFileId="6" StartOffset="3034"/>
<Loc EndOffset="3263" SrcFileId="6" StartOffset="3149"/>
<Loc EndOffset="3302" SrcFileId="6" StartOffset="3267"/>
<Loc EndOffset="3355" SrcFileId="6" StartOffset="3306"/>
<Loc EndOffset="3484" SrcFileId="6" StartOffset="3361"/>
<Loc EndOffset="3523" SrcFileId="6" StartOffset="3488"/>
<Loc EndOffset="3558" SrcFileId="6" StartOffset="3529"/>
<Loc EndOffset="3591" SrcFileId="6" StartOffset="3562"/>
<Loc EndOffset="3700" SrcFileId="6" StartOffset="3595"/>
<Loc EndOffset="3809" SrcFileId="6" StartOffset="3704"/>
<Loc EndOffset="3918" SrcFileId="6" StartOffset="3813"/>
<Loc EndOffset="4027" SrcFileId="6" StartOffset="3922"/>
<Loc EndOffset="4136" SrcFileId="6" StartOffset="4031"/>
<Loc EndOffset="4247" SrcFileId="6" StartOffset="4142"/>
<Loc EndOffset="4284" SrcFileId="6" StartOffset="4251"/>
<Loc EndOffset="4335" SrcFileId="6" StartOffset="4288"/>
<Loc EndOffset="4374" SrcFileId="6" StartOffset="4339"/>
</LocList>
<BasicStmnt CovItemId="S33" CovItemPrefix="devops.hw1.core.MTGDuelDecks.java" Intrnl_Id="383">
<LocList>
<Loc EndOffset="3030" SrcFileId="6" StartOffset="2920"/>
</LocList>
</BasicStmnt>
<BasicStmnt CovItemId="S34" CovItemPrefix="devops.hw1.core.MTGDuelDecks.java" Intrnl_Id="384">
<LocList>
<Loc EndOffset="3141" SrcFileId="6" StartOffset="3034"/>
</LocList>
</BasicStmnt>
<BasicStmnt CovItemId="S35" CovItemPrefix="devops.hw1.core.MTGDuelDecks.java" Intrnl_Id="385">
<LocList>
<Loc EndOffset="3263" SrcFileId="6" StartOffset="3149"/>
</LocList>
</BasicStmnt>
<BasicStmnt CovItemId="S36" CovItemPrefix="devops.hw1.core.MTGDuelDecks.java" Intrnl_Id="386">
<LocList>
<Loc EndOffset="3302" SrcFileId="6" StartOffset="3267"/>
</LocList>
</BasicStmnt>
<BasicStmnt CovItemId="S37" CovItemPrefix="devops.hw1.core.MTGDuelDecks.java" Intrnl_Id="387">
<LocList>
<Loc EndOffset="3355" SrcFileId="6" StartOffset="3306"/>
</LocList>
</BasicStmnt>
<BasicStmnt CovItemId="S38" CovItemPrefix="devops.hw1.core.MTGDuelDecks.java" Intrnl_Id="388">
<LocList>
<Loc EndOffset="3484" SrcFileId="6" StartOffset="3361"/>
</LocList>
</BasicStmnt>
<BasicStmnt CovItemId="S39" CovItemPrefix="devops.hw1.core.MTGDuelDecks.java" Intrnl_Id="389">
<LocList>
<Loc EndOffset="3523" SrcFileId="6" StartOffset="3488"/>
</LocList>
</BasicStmnt>
<BasicStmnt CovItemId="S40" CovItemPrefix="devops.hw1.core.MTGDuelDecks.java" Intrnl_Id="390">
<LocList>
<Loc EndOffset="3558" SrcFileId="6" StartOffset="3529"/>
</LocList>
</BasicStmnt>
<BasicStmnt CovItemId="S41" CovItemPrefix="devops.hw1.core.MTGDuelDecks.java" Intrnl_Id="391">
<LocList>
<Loc EndOffset="3591" SrcFileId="6" StartOffset="3562"/>
</LocList>
</BasicStmnt>
<BasicStmnt CovItemId="S42" CovItemPrefix="devops.hw1.core.MTGDuelDecks.java" Intrnl_Id="392">
<LocList>
<Loc EndOffset="3700" SrcFileId="6" StartOffset="3595"/>
</LocList>
</BasicStmnt>
<BasicStmnt CovItemId="S43" CovItemPrefix="devops.hw1.core.MTGDuelDecks.java" Intrnl_Id="393">
<LocList>
<Loc EndOffset="3809" SrcFileId="6" StartOffset="3704"/>
</LocList>
</BasicStmnt>
<BasicStmnt CovItemId="S44" CovItemPrefix="devops.hw1.core.MTGDuelDecks.java" Intrnl_Id="394">
<LocList>
<Loc EndOffset="3918" SrcFileId="6" StartOffset="3813"/>
</LocList>
</BasicStmnt>
<BasicStmnt CovItemId="S45" CovItemPrefix="devops.hw1.core.MTGDuelDecks.java" Intrnl_Id="395">
<LocList>
<Loc EndOffset="4027" SrcFileId="6" StartOffset="3922"/>
</LocList>
</BasicStmnt>
<BasicStmnt CovItemId="S46" CovItemPrefix="devops.hw1.core.MTGDuelDecks.java" Intrnl_Id="396">
<LocList>
<Loc EndOffset="4136" SrcFileId="6" StartOffset="4031"/>
</LocList>
</BasicStmnt>
<BasicStmnt CovItemId="S47" CovItemPrefix="devops.hw1.core.MTGDuelDecks.java" Intrnl_Id="397">
<LocList>
<Loc EndOffset="4247" SrcFileId="6" StartOffset="4142"/>
</LocList>
</BasicStmnt>
<BasicStmnt CovItemId="S48" CovItemPrefix="devops.hw1.core.MTGDuelDecks.java" Intrnl_Id="398">
<LocList>
<Loc EndOffset="4284" SrcFileId="6" StartOffset="4251"/>
</LocList>
</BasicStmnt>
<BasicStmnt CovItemId="S49" CovItemPrefix="devops.hw1.core.MTGDuelDecks.java" Intrnl_Id="399">
<LocList>
<Loc EndOffset="4335" SrcFileId="6" StartOffset="4288"/>
</LocList>
</BasicStmnt>
<BasicStmnt CovItemId="S50" CovItemPrefix="devops.hw1.core.MTGDuelDecks.java" Intrnl_Id="400">
<LocList>
<Loc EndOffset="4374" SrcFileId="6" StartOffset="4339"/>
</LocList>
</BasicStmnt>
</StmntSeq>
</HierarchyLvl>
<HierarchyLvl HierarchyLvlId="330" HierarchyLvlTypeId="23" Intrnl_Id="401" Name="setUpJFrame">
<Header>
<Loc EndOffset="4559" SrcFileId="6" StartOffset="4513"/>
</Header>
<LocList>
<Loc EndOffset="5357" SrcFileId="6" StartOffset="4513"/>
</LocList>
<StmntSeq Intrnl_Id="402">
<LocList>
<Loc EndOffset="4598" SrcFileId="6" StartOffset="4564"/>
<Loc EndOffset="4655" SrcFileId="6" StartOffset="4602"/>
<Loc EndOffset="4682" SrcFileId="6" StartOffset="4659"/>
<Loc EndOffset="4719" SrcFileId="6" StartOffset="4686"/>
<Loc EndOffset="4769" SrcFileId="6" StartOffset="4723"/>
<Loc EndOffset="4895" SrcFileId="6" StartOffset="4773"/>
<Loc EndOffset="4918" SrcFileId="6" StartOffset="4899"/>
<Loc EndOffset="4949" SrcFileId="6" StartOffset="4922"/>
<Loc EndOffset="5174" SrcFileId="6" StartOffset="5172"/>
<Loc EndOffset="5222" SrcFileId="6" StartOffset="5178"/>
<Loc EndOffset="5276" SrcFileId="6" StartOffset="5226"/>
<Loc EndOffset="5305" SrcFileId="6" StartOffset="5280"/>
<Loc EndOffset="5336" SrcFileId="6" StartOffset="5309"/>
<Loc EndOffset="5353" SrcFileId="6" StartOffset="5340"/>
</LocList>
<BasicStmnt CovItemId="S51" CovItemPrefix="devops.hw1.core.MTGDuelDecks.java" Intrnl_Id="403">
<LocList>
<Loc EndOffset="4598" SrcFileId="6" StartOffset="4564"/>
</LocList>
</BasicStmnt>
<BasicStmnt CovItemId="S52" CovItemPrefix="devops.hw1.core.MTGDuelDecks.java" Intrnl_Id="404">
<LocList>
<Loc EndOffset="4655" SrcFileId="6" StartOffset="4602"/>
</LocList>
</BasicStmnt>
<BasicStmnt CovItemId="S53" CovItemPrefix="devops.hw1.core.MTGDuelDecks.java" Intrnl_Id="405">
<LocList>
<Loc EndOffset="4682" SrcFileId="6" StartOffset="4659"/>
</LocList>
</BasicStmnt>
<BasicStmnt CovItemId="S54" CovItemPrefix="devops.hw1.core.MTGDuelDecks.java" Intrnl_Id="406">
<LocList>
<Loc EndOffset="4719" SrcFileId="6" StartOffset="4686"/>
</LocList>
</BasicStmnt>
<BasicStmnt CovItemId="S55" CovItemPrefix="devops.hw1.core.MTGDuelDecks.java" Intrnl_Id="407">
<LocList>
<Loc EndOffset="4769" SrcFileId="6" StartOffset="4723"/>
</LocList>
</BasicStmnt>
<BasicStmnt CovItemId="S56" CovItemPrefix="devops.hw1.core.MTGDuelDecks.java" Intrnl_Id="408">
<LocList>
<Loc EndOffset="4895" SrcFileId="6" StartOffset="4773"/>
</LocList>
</BasicStmnt>
<BasicStmnt CovItemId="S57" CovItemPrefix="devops.hw1.core.MTGDuelDecks.java" Intrnl_Id="409">
<LocList>
<Loc EndOffset="4918" SrcFileId="6" StartOffset="4899"/>
</LocList>
</BasicStmnt>
<BasicStmnt CovItemId="S58" CovItemPrefix="devops.hw1.core.MTGDuelDecks.java" Intrnl_Id="410">
<LocList>
<Loc EndOffset="4949" SrcFileId="6" StartOffset="4922"/>
<Loc EndOffset="5174" SrcFileId="6" StartOffset="5172"/>
</LocList>
</BasicStmnt>
<BasicStmnt CovItemId="S61" CovItemPrefix="devops.hw1.core.MTGDuelDecks.java" Intrnl_Id="411">
<LocList>
<Loc EndOffset="5222" SrcFileId="6" StartOffset="5178"/>
</LocList>
</BasicStmnt>
<BasicStmnt CovItemId="S62" CovItemPrefix="devops.hw1.core.MTGDuelDecks.java" Intrnl_Id="412">
<LocList>
<Loc EndOffset="5276" SrcFileId="6" StartOffset="5226"/>
</LocList>
</BasicStmnt>
<BasicStmnt CovItemId="S63" CovItemPrefix="devops.hw1.core.MTGDuelDecks.java" Intrnl_Id="413">
<LocList>
<Loc EndOffset="5305" SrcFileId="6" StartOffset="5280"/>
</LocList>
</BasicStmnt>
<BasicStmnt CovItemId="S64" CovItemPrefix="devops.hw1.core.MTGDuelDecks.java" Intrnl_Id="414">
<LocList>
<Loc EndOffset="5336" SrcFileId="6" StartOffset="5309"/>
</LocList>
</BasicStmnt>
<BasicStmnt CovItemId="S65" CovItemPrefix="devops.hw1.core.MTGDuelDecks.java" Intrnl_Id="415">
<LocList>
<Loc EndOffset="5353" SrcFileId="6" StartOffset="5340"/>
</LocList>
</BasicStmnt>
</StmntSeq>
<HierarchyLvl HierarchyLvlId="329" HierarchyLvlTypeId="21" Intrnl_Id="416" Name="ComponentAdapter">
<Header>
<Loc EndOffset="4971" SrcFileId="6" StartOffset="4953"/>
</Header>
<LocList>
<Loc EndOffset="5172" SrcFileId="6" StartOffset="4949"/>
</LocList>
<HierarchyLvl HierarchyLvlId="328" HierarchyLvlTypeId="23" Intrnl_Id="417" Name="componentResized">
<Header>
<Loc EndOffset="5038" SrcFileId="6" StartOffset="4978"/>
</Header>
<LocList>
<Loc EndOffset="5167" SrcFileId="6" StartOffset="4978"/>
</LocList>
<StmntSeq Intrnl_Id="418">
<LocList>
<Loc EndOffset="5100" SrcFileId="6" StartOffset="5046"/>
<Loc EndOffset="5161" SrcFileId="6" StartOffset="5106"/>
</LocList>
<BasicStmnt CovItemId="S59" CovItemPrefix="devops.hw1.core.MTGDuelDecks.java" Intrnl_Id="419">
<LocList>
<Loc EndOffset="5100" SrcFileId="6" StartOffset="5046"/>
</LocList>
</BasicStmnt>
<BasicStmnt CovItemId="S60" CovItemPrefix="devops.hw1.core.MTGDuelDecks.java" Intrnl_Id="420">
<LocList>
<Loc EndOffset="5161" SrcFileId="6" StartOffset="5106"/>
</LocList>
</BasicStmnt>
</StmntSeq>
</HierarchyLvl>
</HierarchyLvl>
</HierarchyLvl>
</HierarchyLvl>
<HierarchyLvl HierarchyLvlId="360" HierarchyLvlTypeId="24" Intrnl_Id="421" Name="MTGComponent">
<Header>
<Loc EndOffset="505" SrcFileId="7" StartOffset="432"/>
</Header>
<LocList>
<Loc EndOffset="22597" SrcFileId="7" StartOffset="432"/>
</LocList>
<StmntSeq Intrnl_Id="422">
<LocList>
<Loc EndOffset="566" SrcFileId="7" StartOffset="509"/>
<Loc EndOffset="629" SrcFileId="7" StartOffset="569"/>
<Loc EndOffset="698" SrcFileId="7" StartOffset="632"/>
<Loc EndOffset="768" SrcFileId="7" StartOffset="701"/>
<Loc EndOffset="828" SrcFileId="7" StartOffset="771"/>
<Loc EndOffset="883" SrcFileId="7" StartOffset="831"/>
<Loc EndOffset="934" SrcFileId="7" StartOffset="886"/>
<Loc EndOffset="983" SrcFileId="7" StartOffset="937"/>
<Loc EndOffset="1033" SrcFileId="7" StartOffset="986"/>
<Loc EndOffset="1085" SrcFileId="7" StartOffset="1036"/>
<Loc EndOffset="1140" SrcFileId="7" StartOffset="1088"/>
<Loc EndOffset="1197" SrcFileId="7" StartOffset="1143"/>
<Loc EndOffset="1245" SrcFileId="7" StartOffset="1200"/>
<Loc EndOffset="1302" SrcFileId="7" StartOffset="1248"/>
<Loc EndOffset="1361" SrcFileId="7" StartOffset="1305"/>
<Loc EndOffset="1421" SrcFileId="7" StartOffset="1364"/>
<Loc EndOffset="1485" SrcFileId="7" StartOffset="1424"/>
<Loc EndOffset="1548" SrcFileId="7" StartOffset="1488"/>
<Loc EndOffset="1613" SrcFileId="7" StartOffset="1551"/>
<Loc EndOffset="1678" SrcFileId="7" StartOffset="1616"/>
<Loc EndOffset="1739" SrcFileId="7" StartOffset="1681"/>
<Loc EndOffset="1804" SrcFileId="7" StartOffset="1742"/>
<Loc EndOffset="1870" SrcFileId="7" StartOffset="1807"/>
<Loc EndOffset="1932" SrcFileId="7" StartOffset="1873"/>
<Loc EndOffset="2000" SrcFileId="7" StartOffset="1935"/>
<Loc EndOffset="2060" SrcFileId="7" StartOffset="2003"/>
<Loc EndOffset="2120" SrcFileId="7" StartOffset="2063"/>
<Loc EndOffset="2187" SrcFileId="7" StartOffset="2123"/>
<Loc EndOffset="2249" SrcFileId="7" StartOffset="2190"/>
<Loc EndOffset="2317" SrcFileId="7" StartOffset="2252"/>
<Loc EndOffset="2368" SrcFileId="7" StartOffset="2320"/>
<Loc EndOffset="2432" SrcFileId="7" StartOffset="2371"/>
<Loc EndOffset="2500" SrcFileId="7" StartOffset="2435"/>
<Loc EndOffset="2553" SrcFileId="7" StartOffset="2503"/>
<Loc EndOffset="2607" SrcFileId="7" StartOffset="2556"/>
<Loc EndOffset="2682" SrcFileId="7" StartOffset="2610"/>
<Loc EndOffset="2741" SrcFileId="7" StartOffset="2685"/>
<Loc EndOffset="2800" SrcFileId="7" StartOffset="2744"/>
<Loc EndOffset="2865" SrcFileId="7" StartOffset="2803"/>
<Loc EndOffset="2929" SrcFileId="7" StartOffset="2868"/>
<Loc EndOffset="2987" SrcFileId="7" StartOffset="2932"/>
<Loc EndOffset="3037" SrcFileId="7" StartOffset="2990"/>
<Loc EndOffset="3088" SrcFileId="7" StartOffset="3040"/>
<Loc EndOffset="3151" SrcFileId="7" StartOffset="3091"/>
<Loc EndOffset="3206" SrcFileId="7" StartOffset="3154"/>
<Loc EndOffset="3261" SrcFileId="7" StartOffset="3209"/>
<Loc EndOffset="3322" SrcFileId="7" StartOffset="3264"/>
<Loc EndOffset="3382" SrcFileId="7" StartOffset="3325"/>
<Loc EndOffset="3437" SrcFileId="7" StartOffset="3385"/>
<Loc EndOffset="3494" SrcFileId="7" StartOffset="3440"/>
<Loc EndOffset="3551" SrcFileId="7" StartOffset="3497"/>
<Loc EndOffset="3612" SrcFileId="7" StartOffset="3554"/>
<Loc EndOffset="3672" SrcFileId="7" StartOffset="3615"/>
<Loc EndOffset="3733" SrcFileId="7" StartOffset="3675"/>
<Loc EndOffset="3794" SrcFileId="7" StartOffset="3736"/>
<Loc EndOffset="3861" SrcFileId="7" StartOffset="3797"/>
<Loc EndOffset="3927" SrcFileId="7" StartOffset="3864"/>
<Loc EndOffset="3988" SrcFileId="7" StartOffset="3930"/>
<Loc EndOffset="4071" SrcFileId="7" StartOffset="3991"/>
<Loc EndOffset="20443" SrcFileId="7" StartOffset="20383"/>
<Loc EndOffset="20505" SrcFileId="7" StartOffset="20446"/>
</LocList>
<BasicStmnt CovItemId="S1" CovItemPrefix="devops.hw1.core.MTGComponent.java" Intrnl_Id="423">
<LocList>
<Loc EndOffset="566" SrcFileId="7" StartOffset="509"/>
</LocList>
</BasicStmnt>
<BasicStmnt CovItemId="S2" CovItemPrefix="devops.hw1.core.MTGComponent.java" Intrnl_Id="424">
<LocList>
<Loc EndOffset="629" SrcFileId="7" StartOffset="569"/>
</LocList>
</BasicStmnt>
<BasicStmnt CovItemId="S3" CovItemPrefix="devops.hw1.core.MTGComponent.java" Intrnl_Id="425">
<LocList>
<Loc EndOffset="698" SrcFileId="7" StartOffset="632"/>
</LocList>
</BasicStmnt>
<BasicStmnt CovItemId="S4" CovItemPrefix="devops.hw1.core.MTGComponent.java" Intrnl_Id="426">
<LocList>
<Loc EndOffset="768" SrcFileId="7" StartOffset="701"/>
</LocList>
</BasicStmnt>
<BasicStmnt CovItemId="S5" CovItemPrefix="devops.hw1.core.MTGComponent.java" Intrnl_Id="427">
<LocList>
<Loc EndOffset="828" SrcFileId="7" StartOffset="771"/>
</LocList>
</BasicStmnt>
<BasicStmnt CovItemId="S6" CovItemPrefix="devops.hw1.core.MTGComponent.java" Intrnl_Id="428">
<LocList>
<Loc EndOffset="883" SrcFileId="7" StartOffset="831"/>
</LocList>
</BasicStmnt>
<BasicStmnt CovItemId="S7" CovItemPrefix="devops.hw1.core.MTGComponent.java" Intrnl_Id="429">
<LocList>
<Loc EndOffset="934" SrcFileId="7" StartOffset="886"/>
</LocList>
</BasicStmnt>
<BasicStmnt CovItemId="S8" CovItemPrefix="devops.hw1.core.MTGComponent.java" Intrnl_Id="430">
<LocList>
<Loc EndOffset="983" SrcFileId="7" StartOffset="937"/>
</LocList>
</BasicStmnt>
<BasicStmnt CovItemId="S9" CovItemPrefix="devops.hw1.core.MTGComponent.java" Intrnl_Id="431">
<LocList>
<Loc EndOffset="1033" SrcFileId="7" StartOffset="986"/>
</LocList>
</BasicStmnt>
<BasicStmnt CovItemId="S10" CovItemPrefix="devops.hw1.core.MTGComponent.java" Intrnl_Id="432">
<LocList>
<Loc EndOffset="1085" SrcFileId="7" StartOffset="1036"/>
</LocList>
</BasicStmnt>
<BasicStmnt CovItemId="S11" CovItemPrefix="devops.hw1.core.MTGComponent.java" Intrnl_Id="433">
<LocList>
<Loc EndOffset="1140" SrcFileId="7" StartOffset="1088"/>
</LocList>
</BasicStmnt>
<BasicStmnt CovItemId="S12" CovItemPrefix="devops.hw1.core.MTGComponent.java" Intrnl_Id="434">
<LocList>
<Loc EndOffset="1197" SrcFileId="7" StartOffset="1143"/>
</LocList>
</BasicStmnt>
<BasicStmnt CovItemId="S13" CovItemPrefix="devops.hw1.core.MTGComponent.java" Intrnl_Id="435">
<LocList>
<Loc EndOffset="1245" SrcFileId="7" StartOffset="1200"/>
</LocList>
</BasicStmnt>
<BasicStmnt CovItemId="S14" CovItemPrefix="devops.hw1.core.MTGComponent.java" Intrnl_Id="436">
<LocList>
<Loc EndOffset="1302" SrcFileId="7" StartOffset="1248"/>
</LocList>
</BasicStmnt>
<BasicStmnt CovItemId="S15" CovItemPrefix="devops.hw1.core.MTGComponent.java" Intrnl_Id="437">
<LocList>
<Loc EndOffset="1361" SrcFileId="7" StartOffset="1305"/>
</LocList>
</BasicStmnt>
<BasicStmnt CovItemId="S16" CovItemPrefix="devops.hw1.core.MTGComponent.java" Intrnl_Id="438">
<LocList>
<Loc EndOffset="1421" SrcFileId="7" StartOffset="1364"/>
</LocList>
</BasicStmnt>
<BasicStmnt CovItemId="S17" CovItemPrefix="devops.hw1.core.MTGComponent.java" Intrnl_Id="439">
<LocList>
<Loc EndOffset="1485" SrcFileId="7" StartOffset="1424"/>
</LocList>
</BasicStmnt>
<BasicStmnt CovItemId="S18" CovItemPrefix="devops.hw1.core.MTGComponent.java" Intrnl_Id="440">
<LocList>
<Loc EndOffset="1548" SrcFileId="7" StartOffset="1488"/>
</LocList>
</BasicStmnt>
<BasicStmnt CovItemId="S19" CovItemPrefix="devops.hw1.core.MTGComponent.java" Intrnl_Id="441">
<LocList>
<Loc EndOffset="1613" SrcFileId="7" StartOffset="1551"/>
</LocList>
</BasicStmnt>
<BasicStmnt CovItemId="S20" CovItemPrefix="devops.hw1.core.MTGComponent.java" Intrnl_Id="442">
<LocList>
<Loc EndOffset="1678" SrcFileId="7" StartOffset="1616"/>
</LocList>
</BasicStmnt>
<BasicStmnt CovItemId="S21" CovItemPrefix="devops.hw1.core.MTGComponent.java" Intrnl_Id="443">
<LocList>
<Loc EndOffset="1739" SrcFileId="7" StartOffset="1681"/>
</LocList>
</BasicStmnt>
<BasicStmnt CovItemId="S22" CovItemPrefix="devops.hw1.core.MTGComponent.java" Intrnl_Id="444">
<LocList>
<Loc EndOffset="1804" SrcFileId="7" StartOffset="1742"/>
</LocList>
</BasicStmnt>
<BasicStmnt CovItemId="S23" CovItemPrefix="devops.hw1.core.MTGComponent.java" Intrnl_Id="445">
<LocList>
<Loc EndOffset="1870" SrcFileId="7" StartOffset="1807"/>
</LocList>
</BasicStmnt>
<BasicStmnt CovItemId="S24" CovItemPrefix="devops.hw1.core.MTGComponent.java" Intrnl_Id="446">
<LocList>
<Loc EndOffset="1932" SrcFileId="7" StartOffset="1873"/>
</LocList>
</BasicStmnt>
<BasicStmnt CovItemId="S25" CovItemPrefix="devops.hw1.core.MTGComponent.java" Intrnl_Id="447">
<LocList>
<Loc EndOffset="2000" SrcFileId="7" StartOffset="1935"/>
</LocList>
</BasicStmnt>
<BasicStmnt CovItemId="S26" CovItemPrefix="devops.hw1.core.MTGComponent.java" Intrnl_Id="448">
<LocList>
<Loc EndOffset="2060" SrcFileId="7" StartOffset="2003"/>
</LocList>
</BasicStmnt>
<BasicStmnt CovItemId="S27" CovItemPrefix="devops.hw1.core.MTGComponent.java" Intrnl_Id="449">
<LocList>
<Loc EndOffset="2120" SrcFileId="7" StartOffset="2063"/>
</LocList>
</BasicStmnt>
<BasicStmnt CovItemId="S28" CovItemPrefix="devops.hw1.core.MTGComponent.java" Intrnl_Id="450">
<LocList>
<Loc EndOffset="2187" SrcFileId="7" StartOffset="2123"/>
</LocList>
</BasicStmnt>
<BasicStmnt CovItemId="S29" CovItemPrefix="devops.hw1.core.MTGComponent.java" Intrnl_Id="451">
<LocList>
<Loc EndOffset="2249" SrcFileId="7" StartOffset="2190"/>
</LocList>
</BasicStmnt>
<BasicStmnt CovItemId="S30" CovItemPrefix="devops.hw1.core.MTGComponent.java" Intrnl_Id="452">
<LocList>
<Loc EndOffset="2317" SrcFileId="7" StartOffset="2252"/>
</LocList>
</BasicStmnt>
<BasicStmnt CovItemId="S31" CovItemPrefix="devops.hw1.core.MTGComponent.java" Intrnl_Id="453">
<LocList>
<Loc EndOffset="2368" SrcFileId="7" StartOffset="2320"/>
</LocList>
</BasicStmnt>
<BasicStmnt CovItemId="S32" CovItemPrefix="devops.hw1.core.MTGComponent.java" Intrnl_Id="454">
<LocList>
<Loc EndOffset="2432" SrcFileId="7" StartOffset="2371"/>
</LocList>
</BasicStmnt>
<BasicStmnt CovItemId="S33" CovItemPrefix="devops.hw1.core.MTGComponent.java" Intrnl_Id="455">
<LocList>
<Loc EndOffset="2500" SrcFileId="7" StartOffset="2435"/>
</LocList>
</BasicStmnt>
<BasicStmnt CovItemId="S34" CovItemPrefix="devops.hw1.core.MTGComponent.java" Intrnl_Id="456">
<LocList>
<Loc EndOffset="2553" SrcFileId="7" StartOffset="2503"/>
</LocList>
</BasicStmnt>
<BasicStmnt CovItemId="S35" CovItemPrefix="devops.hw1.core.MTGComponent.java" Intrnl_Id="457">
<LocList>
<Loc EndOffset="2607" SrcFileId="7" StartOffset="2556"/>
</LocList>
</BasicStmnt>
<BasicStmnt CovItemId="S36" CovItemPrefix="devops.hw1.core.MTGComponent.java" Intrnl_Id="458">
<LocList>
<Loc EndOffset="2682" SrcFileId="7" StartOffset="2610"/>
</LocList>
</BasicStmnt>
<BasicStmnt CovItemId="S37" CovItemPrefix="devops.hw1.core.MTGComponent.java" Intrnl_Id="459">
<LocList>
<Loc EndOffset="2741" SrcFileId="7" StartOffset="2685"/>
</LocList>
</BasicStmnt>
<BasicStmnt CovItemId="S38" CovItemPrefix="devops.hw1.core.MTGComponent.java" Intrnl_Id="460">
<LocList>
<Loc EndOffset="2800" SrcFileId="7" StartOffset="2744"/>
</LocList>
</BasicStmnt>
<BasicStmnt CovItemId="S39" CovItemPrefix="devops.hw1.core.MTGComponent.java" Intrnl_Id="461">
<LocList>
<Loc EndOffset="2865" SrcFileId="7" StartOffset="2803"/>
</LocList>
</BasicStmnt>
<BasicStmnt CovItemId="S40" CovItemPrefix="devops.hw1.core.MTGComponent.java" Intrnl_Id="462">
<LocList>
<Loc EndOffset="2929" SrcFileId="7" StartOffset="2868"/>
</LocList>
</BasicStmnt>
<BasicStmnt CovItemId="S41" CovItemPrefix="devops.hw1.core.MTGComponent.java" Intrnl_Id="463">
<LocList>
<Loc EndOffset="2987" SrcFileId="7" StartOffset="2932"/>
</LocList>
</BasicStmnt>
<BasicStmnt CovItemId="S42" CovItemPrefix="devops.hw1.core.MTGComponent.java" Intrnl_Id="464">
<LocList>
<Loc EndOffset="3037" SrcFileId="7" StartOffset="2990"/>
</LocList>
</BasicStmnt>
<BasicStmnt CovItemId="S43" CovItemPrefix="devops.hw1.core.MTGComponent.java" Intrnl_Id="465">
<LocList>
<Loc EndOffset="3088" SrcFileId="7" StartOffset="3040"/>
</LocList>
</BasicStmnt>
<BasicStmnt CovItemId="S44" CovItemPrefix="devops.hw1.core.MTGComponent.java" Intrnl_Id="466">
<LocList>
<Loc EndOffset="3151" SrcFileId="7" StartOffset="3091"/>
</LocList>
</BasicStmnt>
<BasicStmnt CovItemId="S45" CovItemPrefix="devops.hw1.core.MTGComponent.java" Intrnl_Id="467">
<LocList>
<Loc EndOffset="3206" SrcFileId="7" StartOffset="3154"/>
</LocList>
</BasicStmnt>
<BasicStmnt CovItemId="S46" CovItemPrefix="devops.hw1.core.MTGComponent.java" Intrnl_Id="468">
<LocList>
<Loc EndOffset="3261" SrcFileId="7" StartOffset="3209"/>
</LocList>
</BasicStmnt>
<BasicStmnt CovItemId="S47" CovItemPrefix="devops.hw1.core.MTGComponent.java" Intrnl_Id="469">
<LocList>
<Loc EndOffset="3322" SrcFileId="7" StartOffset="3264"/>
</LocList>
</BasicStmnt>
<BasicStmnt CovItemId="S48" CovItemPrefix="devops.hw1.core.MTGComponent.java" Intrnl_Id="470">
<LocList>
<Loc EndOffset="3382" SrcFileId="7" StartOffset="3325"/>
</LocList>
</BasicStmnt>
<BasicStmnt CovItemId="S49" CovItemPrefix="devops.hw1.core.MTGComponent.java" Intrnl_Id="471">
<LocList>
<Loc EndOffset="3437" SrcFileId="7" StartOffset="3385"/>
</LocList>
</BasicStmnt>
<BasicStmnt CovItemId="S50" CovItemPrefix="devops.hw1.core.MTGComponent.java" Intrnl_Id="472">
<LocList>
<Loc EndOffset="3494" SrcFileId="7" StartOffset="3440"/>
</LocList>
</BasicStmnt>
<BasicStmnt CovItemId="S51" CovItemPrefix="devops.hw1.core.MTGComponent.java" Intrnl_Id="473">
<LocList>
<Loc EndOffset="3551" SrcFileId="7" StartOffset="3497"/>
</LocList>
</BasicStmnt>
<BasicStmnt CovItemId="S52" CovItemPrefix="devops.hw1.core.MTGComponent.java" Intrnl_Id="474">
<LocList>
<Loc EndOffset="3612" SrcFileId="7" StartOffset="3554"/>
</LocList>
</BasicStmnt>
<BasicStmnt CovItemId="S53" CovItemPrefix="devops.hw1.core.MTGComponent.java" Intrnl_Id="475">
<LocList>
<Loc EndOffset="3672" SrcFileId="7" StartOffset="3615"/>
</LocList>
</BasicStmnt>
<BasicStmnt CovItemId="S54" CovItemPrefix="devops.hw1.core.MTGComponent.java" Intrnl_Id="476">
<LocList>
<Loc EndOffset="3733" SrcFileId="7" StartOffset="3675"/>
</LocList>
</BasicStmnt>
<BasicStmnt CovItemId="S55" CovItemPrefix="devops.hw1.core.MTGComponent.java" Intrnl_Id="477">
<LocList>
<Loc EndOffset="3794" SrcFileId="7" StartOffset="3736"/>
</LocList>
</BasicStmnt>
<BasicStmnt CovItemId="S56" CovItemPrefix="devops.hw1.core.MTGComponent.java" Intrnl_Id="478">
<LocList>
<Loc EndOffset="3861" SrcFileId="7" StartOffset="3797"/>
</LocList>
</BasicStmnt>
<BasicStmnt CovItemId="S57" CovItemPrefix="devops.hw1.core.MTGComponent.java" Intrnl_Id="479">
<LocList>
<Loc EndOffset="3927" SrcFileId="7" StartOffset="3864"/>
</LocList>
</BasicStmnt>
<BasicStmnt CovItemId="S58" CovItemPrefix="devops.hw1.core.MTGComponent.java" Intrnl_Id="480">
<LocList>
<Loc EndOffset="3988" SrcFileId="7" StartOffset="3930"/>
</LocList>
</BasicStmnt>
<BasicStmnt CovItemId="S59" CovItemPrefix="devops.hw1.core.MTGComponent.java" Intrnl_Id="481">
<LocList>
<Loc EndOffset="4071" SrcFileId="7" StartOffset="3991"/>
</LocList>
</BasicStmnt>
<BasicStmnt CovItemId="S200" CovItemPrefix="devops.hw1.core.MTGComponent.java" Intrnl_Id="482">
<LocList>
<Loc EndOffset="20443" SrcFileId="7" StartOffset="20383"/>
</LocList>
</BasicStmnt>
<BasicStmnt CovItemId="S201" CovItemPrefix="devops.hw1.core.MTGComponent.java" Intrnl_Id="483">
<LocList>
<Loc EndOffset="20505" SrcFileId="7" StartOffset="20446"/>
</LocList>
</BasicStmnt>
</StmntSeq>
<HierarchyLvl HierarchyLvlId="332" HierarchyLvlTypeId="23" Intrnl_Id="484" Name="MTGComponent">
<Header>
<Loc EndOffset="4736" SrcFileId="7" StartOffset="4690"/>
</Header>
<LocList>
<Loc EndOffset="5716" SrcFileId="7" StartOffset="4690"/>
</LocList>
<StmntSeq Intrnl_Id="485">
<LocList>
<Loc EndOffset="4852" SrcFileId="7" StartOffset="4741"/>
<Loc EndOffset="4873" SrcFileId="7" StartOffset="4856"/>
<Loc EndOffset="4991" SrcFileId="7" StartOffset="4879"/>
<Loc EndOffset="5012" SrcFileId="7" StartOffset="4995"/>
<Loc EndOffset="5032" SrcFileId="7" StartOffset="5018"/>
<Loc EndOffset="5082" SrcFileId="7" StartOffset="5036"/>
<Loc EndOffset="5111" SrcFileId="7" StartOffset="5086"/>
<Loc EndOffset="5161" SrcFileId="7" StartOffset="5115"/>
<Loc EndOffset="5190" SrcFileId="7" StartOffset="5165"/>
<Loc EndOffset="5242" SrcFileId="7" StartOffset="5194"/>
<Loc EndOffset="5294" SrcFileId="7" StartOffset="5246"/>
<Loc EndOffset="5502" SrcFileId="7" StartOffset="5300"/>
<Loc EndOffset="5710" SrcFileId="7" StartOffset="5506"/>
</LocList>
<CondStmnt CovItemId="S60" CovItemPrefix="devops.hw1.core.MTGComponent.java" Intrnl_Id="486">
<Branch CovItemId="B1" CovItemPrefix="devops.hw1.core.MTGComponent.java" Implct="false" Intrnl_Id="487">
<Cond/>
<LocList>
<Loc EndOffset="4852" SrcFileId="7" StartOffset="4751"/>
</LocList>
<StmntSeq Intrnl_Id="488">
<LocList>
<Loc EndOffset="4847" SrcFileId="7" StartOffset="4757"/>
</LocList>
<BasicStmnt CovItemId="S61" CovItemPrefix="devops.hw1.core.MTGComponent.java" Intrnl_Id="489">
<LocList>
<Loc EndOffset="4847" SrcFileId="7" StartOffset="4757"/>
</LocList>
</BasicStmnt>
</StmntSeq>
</Branch>
<Branch CovItemId="B2" CovItemPrefix="devops.hw1.core.MTGComponent.java" Implct="true" Intrnl_Id="490">
<Cond/>
<LocList/>
<StmntSeq Intrnl_Id="491">
<LocList/>
</StmntSeq>
</Branch>
<Keyword EndOffset="4743" SrcFileId="7" StartOffset="4741"/>
<LocList>
<Loc EndOffset="4852" SrcFileId="7" StartOffset="4741"/>
</LocList>
<RootTerm CovItemId="C1" CovItemPrefix="devops.hw1.core.MTGComponent.java" Intrnl_Id="492">
<BasicBoolTerm Intrnl_Id="493">
<LocList>
<Loc EndOffset="4749" SrcFileId="7" StartOffset="4744"/>
</LocList>
</BasicBoolTerm>
</RootTerm>
</CondStmnt>
<BasicStmnt CovItemId="S62" CovItemPrefix="devops.hw1.core.MTGComponent.java" Intrnl_Id="494">
<LocList>
<Loc EndOffset="4873" SrcFileId="7" StartOffset="4856"/>
</LocList>
</BasicStmnt>
<CondStmnt CovItemId="S63" CovItemPrefix="devops.hw1.core.MTGComponent.java" Intrnl_Id="495">
<Branch CovItemId="B3" CovItemPrefix="devops.hw1.core.MTGComponent.java" Implct="false" Intrnl_Id="496">
<Cond/>
<LocList>
<Loc EndOffset="4991" SrcFileId="7" StartOffset="4889"/>
</LocList>
<StmntSeq Intrnl_Id="497">
<LocList>
<Loc EndOffset="4986" SrcFileId="7" StartOffset="4895"/>
</LocList>
<BasicStmnt CovItemId="S64" CovItemPrefix="devops.hw1.core.MTGComponent.java" Intrnl_Id="498">
<LocList>
<Loc EndOffset="4986" SrcFileId="7" StartOffset="4895"/>
</LocList>
</BasicStmnt>
</StmntSeq>
</Branch>
<Branch CovItemId="B4" CovItemPrefix="devops.hw1.core.MTGComponent.java" Implct="true" Intrnl_Id="499">
<Cond/>
<LocList/>
<StmntSeq Intrnl_Id="500">
<LocList/>
</StmntSeq>
</Branch>
<Keyword EndOffset="4881" SrcFileId="7" StartOffset="4879"/>
<LocList>
<Loc EndOffset="4991" SrcFileId="7" StartOffset="4879"/>
</LocList>
<RootTerm CovItemId="C2" CovItemPrefix="devops.hw1.core.MTGComponent.java" Intrnl_Id="501">
<BasicBoolTerm Intrnl_Id="502">
<LocList>
<Loc EndOffset="4887" SrcFileId="7" StartOffset="4882"/>
</LocList>
</BasicBoolTerm>
</RootTerm>
</CondStmnt>
<BasicStmnt CovItemId="S65" CovItemPrefix="devops.hw1.core.MTGComponent.java" Intrnl_Id="503">
<LocList>
<Loc EndOffset="5012" SrcFileId="7" StartOffset="4995"/>
</LocList>
</BasicStmnt>
<BasicStmnt CovItemId="S66" CovItemPrefix="devops.hw1.core.MTGComponent.java" Intrnl_Id="504">
<LocList>
<Loc EndOffset="5032" SrcFileId="7" StartOffset="5018"/>
</LocList>
</BasicStmnt>
<BasicStmnt CovItemId="S67" CovItemPrefix="devops.hw1.core.MTGComponent.java" Intrnl_Id="505">
<LocList>
<Loc EndOffset="5082" SrcFileId="7" StartOffset="5036"/>
</LocList>
</BasicStmnt>
<BasicStmnt CovItemId="S68" CovItemPrefix="devops.hw1.core.MTGComponent.java" Intrnl_Id="506">
<LocList>
<Loc EndOffset="5111" SrcFileId="7" StartOffset="5086"/>
</LocList>
</BasicStmnt>
<BasicStmnt CovItemId="S69" CovItemPrefix="devops.hw1.core.MTGComponent.java" Intrnl_Id="507">
<LocList>
<Loc EndOffset="5161" SrcFileId="7" StartOffset="5115"/>
</LocList>
</BasicStmnt>
<BasicStmnt CovItemId="S70" CovItemPrefix="devops.hw1.core.MTGComponent.java" Intrnl_Id="508">
<LocList>
<Loc EndOffset="5190" SrcFileId="7" StartOffset="5165"/>
</LocList>
</BasicStmnt>
<BasicStmnt CovItemId="S71" CovItemPrefix="devops.hw1.core.MTGComponent.java" Intrnl_Id="509">
<LocList>
<Loc EndOffset="5242" SrcFileId="7" StartOffset="5194"/>
</LocList>
</BasicStmnt>
<BasicStmnt CovItemId="S72" CovItemPrefix="devops.hw1.core.MTGComponent.java" Intrnl_Id="510">
<LocList>
<Loc EndOffset="5294" SrcFileId="7" StartOffset="5246"/>
</LocList>
</BasicStmnt>
<BasicStmnt CovItemId="S73" CovItemPrefix="devops.hw1.core.MTGComponent.java" Intrnl_Id="511">
<LocList>
<Loc EndOffset="5502" SrcFileId="7" StartOffset="5300"/>
</LocList>
</BasicStmnt>
<BasicStmnt CovItemId="S74" CovItemPrefix="devops.hw1.core.MTGComponent.java" Intrnl_Id="512">
<LocList>
<Loc EndOffset="5710" SrcFileId="7" StartOffset="5506"/>
</LocList>
</BasicStmnt>
</StmntSeq>
</HierarchyLvl>
<HierarchyLvl HierarchyLvlId="333" HierarchyLvlTypeId="23" Intrnl_Id="513" Name="getBackend">
<Header>
<Loc EndOffset="5853" SrcFileId="7" StartOffset="5826"/>
</Header>
<LocList>
<Loc EndOffset="5879" SrcFileId="7" StartOffset="5826"/>
</LocList>
<StmntSeq Intrnl_Id="514">
<LocList>
<Loc EndOffset="5875" SrcFileId="7" StartOffset="5859"/>
</LocList>
<BasicStmnt CovItemId="S75" CovItemPrefix="devops.hw1.core.MTGComponent.java" Intrnl_Id="515">
<LocList>
<Loc EndOffset="5875" SrcFileId="7" StartOffset="5859"/>
</LocList>
</BasicStmnt>
</StmntSeq>
</HierarchyLvl>
<HierarchyLvl HierarchyLvlId="334" HierarchyLvlTypeId="23" Intrnl_Id="516" Name="getHandGUICards1">
<Header>
<Loc EndOffset="6005" SrcFileId="7" StartOffset="5961"/>
</Header>
<LocList>
<Loc EndOffset="6041" SrcFileId="7" StartOffset="5961"/>
</LocList>
<StmntSeq Intrnl_Id="517">
<LocList>
<Loc EndOffset="6037" SrcFileId="7" StartOffset="6011"/>
</LocList>
<BasicStmnt CovItemId="S76" CovItemPrefix="devops.hw1.core.MTGComponent.java" Intrnl_Id="518">
<LocList>
<Loc EndOffset="6037" SrcFileId="7" StartOffset="6011"/>
</LocList>
</BasicStmnt>
</StmntSeq>
</HierarchyLvl>
<HierarchyLvl HierarchyLvlId="335" HierarchyLvlTypeId="23" Intrnl_Id="519" Name="getHandGUICards2">
<Header>
<Loc EndOffset="6168" SrcFileId="7" StartOffset="6124"/>
</Header>
<LocList>
<Loc EndOffset="6204" SrcFileId="7" StartOffset="6124"/>
</LocList>
<StmntSeq Intrnl_Id="520">
<LocList>
<Loc EndOffset="6200" SrcFileId="7" StartOffset="6174"/>
</LocList>
<BasicStmnt CovItemId="S77" CovItemPrefix="devops.hw1.core.MTGComponent.java" Intrnl_Id="521">
<LocList>
<Loc EndOffset="6200" SrcFileId="7" StartOffset="6174"/>
</LocList>
</BasicStmnt>
</StmntSeq>
</HierarchyLvl>
<HierarchyLvl HierarchyLvlId="336" HierarchyLvlTypeId="23" Intrnl_Id="522" Name="getBattleGUICards1">
<Header>
<Loc EndOffset="6339" SrcFileId="7" StartOffset="6293"/>
</Header>
<LocList>
<Loc EndOffset="6377" SrcFileId="7" StartOffset="6293"/>
</LocList>
<StmntSeq Intrnl_Id="523">
<LocList>
<Loc EndOffset="6373" SrcFileId="7" StartOffset="6345"/>
</LocList>
<BasicStmnt CovItemId="S78" CovItemPrefix="devops.hw1.core.MTGComponent.java" Intrnl_Id="524">
<LocList>
<Loc EndOffset="6373" SrcFileId="7" StartOffset="6345"/>
</LocList>
</BasicStmnt>
</StmntSeq>
</HierarchyLvl>
<HierarchyLvl HierarchyLvlId="337" HierarchyLvlTypeId="23" Intrnl_Id="525" Name="getBattleGUICards2">
<Header>
<Loc EndOffset="6513" SrcFileId="7" StartOffset="6467"/>
</Header>
<LocList>
<Loc EndOffset="6551" SrcFileId="7" StartOffset="6467"/>
</LocList>
<StmntSeq Intrnl_Id="526">
<LocList>
<Loc EndOffset="6547" SrcFileId="7" StartOffset="6519"/>
</LocList>
<BasicStmnt CovItemId="S79" CovItemPrefix="devops.hw1.core.MTGComponent.java" Intrnl_Id="527">
<LocList>
<Loc EndOffset="6547" SrcFileId="7" StartOffset="6519"/>
</LocList>
</BasicStmnt>
</StmntSeq>
</HierarchyLvl>
<HierarchyLvl HierarchyLvlId="338" HierarchyLvlTypeId="23" Intrnl_Id="528" Name="setWindowX">
<Header>
<Loc EndOffset="6692" SrcFileId="7" StartOffset="6663"/>
</Header>
<LocList>
<Loc EndOffset="6833" SrcFileId="7" StartOffset="6663"/>
</LocList>
<StmntSeq Intrnl_Id="529">
<LocList>
<Loc EndOffset="6808" SrcFileId="7" StartOffset="6697"/>
<Loc EndOffset="6829" SrcFileId="7" StartOffset="6812"/>
</LocList>
<CondStmnt CovItemId="S80" CovItemPrefix="devops.hw1.core.MTGComponent.java" Intrnl_Id="530">
<Branch CovItemId="B5" CovItemPrefix="devops.hw1.core.MTGComponent.java" Implct="false" Intrnl_Id="531">
<Cond/>
<LocList>
<Loc EndOffset="6808" SrcFileId="7" StartOffset="6707"/>
</LocList>
<StmntSeq Intrnl_Id="532">
<LocList>
<Loc EndOffset="6803" SrcFileId="7" StartOffset="6713"/>
</LocList>
<BasicStmnt CovItemId="S81" CovItemPrefix="devops.hw1.core.MTGComponent.java" Intrnl_Id="533">
<LocList>
<Loc EndOffset="6803" SrcFileId="7" StartOffset="6713"/>
</LocList>
</BasicStmnt>
</StmntSeq>
</Branch>
<Branch CovItemId="B6" CovItemPrefix="devops.hw1.core.MTGComponent.java" Implct="true" Intrnl_Id="534">
<Cond/>
<LocList/>
<StmntSeq Intrnl_Id="535">
<LocList/>
</StmntSeq>
</Branch>
<Keyword EndOffset="6699" SrcFileId="7" StartOffset="6697"/>
<LocList>
<Loc EndOffset="6808" SrcFileId="7" StartOffset="6697"/>
</LocList>
<RootTerm CovItemId="C3" CovItemPrefix="devops.hw1.core.MTGComponent.java" Intrnl_Id="536">
<BasicBoolTerm Intrnl_Id="537">
<LocList>
<Loc EndOffset="6705" SrcFileId="7" StartOffset="6700"/>
</LocList>
</BasicBoolTerm>
</RootTerm>
</CondStmnt>
<BasicStmnt CovItemId="S82" CovItemPrefix="devops.hw1.core.MTGComponent.java" Intrnl_Id="538">
<LocList>
<Loc EndOffset="6829" SrcFileId="7" StartOffset="6812"/>
</LocList>
</BasicStmnt>
</StmntSeq>
</HierarchyLvl>
<HierarchyLvl HierarchyLvlId="339" HierarchyLvlTypeId="23" Intrnl_Id="539" Name="setWindowY">
<Header>
<Loc EndOffset="6976" SrcFileId="7" StartOffset="6947"/>
</Header>
<LocList>
<Loc EndOffset="7118" SrcFileId="7" StartOffset="6947"/>
</LocList>
<StmntSeq Intrnl_Id="540">
<LocList>
<Loc EndOffset="7093" SrcFileId="7" StartOffset="6981"/>
<Loc EndOffset="7114" SrcFileId="7" StartOffset="7097"/>
</LocList>
<CondStmnt CovItemId="S83" CovItemPrefix="devops.hw1.core.MTGComponent.java" Intrnl_Id="541">
<Branch CovItemId="B7" CovItemPrefix="devops.hw1.core.MTGComponent.java" Implct="false" Intrnl_Id="542">
<Cond/>
<LocList>
<Loc EndOffset="7093" SrcFileId="7" StartOffset="6991"/>
</LocList>
<StmntSeq Intrnl_Id="543">
<LocList>
<Loc EndOffset="7088" SrcFileId="7" StartOffset="6997"/>
</LocList>
<BasicStmnt CovItemId="S84" CovItemPrefix="devops.hw1.core.MTGComponent.java" Intrnl_Id="544">
<LocList>
<Loc EndOffset="7088" SrcFileId="7" StartOffset="6997"/>
</LocList>
</BasicStmnt>
</StmntSeq>
</Branch>
<Branch CovItemId="B8" CovItemPrefix="devops.hw1.core.MTGComponent.java" Implct="true" Intrnl_Id="545">
<Cond/>
<LocList/>
<StmntSeq Intrnl_Id="546">
<LocList/>
</StmntSeq>
</Branch>
<Keyword EndOffset="6983" SrcFileId="7" StartOffset="6981"/>
<LocList>
<Loc EndOffset="7093" SrcFileId="7" StartOffset="6981"/>
</LocList>
<RootTerm CovItemId="C4" CovItemPrefix="devops.hw1.core.MTGComponent.java" Intrnl_Id="547">
<BasicBoolTerm Intrnl_Id="548">
<LocList>
<Loc EndOffset="6989" SrcFileId="7" StartOffset="6984"/>
</LocList>
</BasicBoolTerm>
</RootTerm>
</CondStmnt>
<BasicStmnt CovItemId="S85" CovItemPrefix="devops.hw1.core.MTGComponent.java" Intrnl_Id="549">
<LocList>
<Loc EndOffset="7114" SrcFileId="7" StartOffset="7097"/>
</LocList>
</BasicStmnt>
</StmntSeq>
</HierarchyLvl>
<HierarchyLvl HierarchyLvlId="340" HierarchyLvlTypeId="23" Intrnl_Id="550" Name="paintComponent">
<Header>
<Loc EndOffset="7183" SrcFileId="7" StartOffset="7123"/>
</Header>
<LocList>
<Loc EndOffset="8200" SrcFileId="7" StartOffset="7123"/>
</LocList>
<StmntSeq Intrnl_Id="551">
<LocList>
<Loc EndOffset="7220" SrcFileId="7" StartOffset="7189"/>
<Loc EndOffset="7269" SrcFileId="7" StartOffset="7224"/>
<Loc EndOffset="7300" SrcFileId="7" StartOffset="7273"/>
<Loc EndOffset="7338" SrcFileId="7" StartOffset="7304"/>
<Loc EndOffset="7376" SrcFileId="7" StartOffset="7342"/>
<Loc EndOffset="7410" SrcFileId="7" StartOffset="7380"/>
<Loc EndOffset="7441" SrcFileId="7" StartOffset="7414"/>
<Loc EndOffset="7477" SrcFileId="7" StartOffset="7445"/>
<Loc EndOffset="7560" SrcFileId="7" StartOffset="7481"/>
<Loc EndOffset="7645" SrcFileId="7" StartOffset="7564"/>
<Loc EndOffset="7745" SrcFileId="7" StartOffset="7649"/>
<Loc EndOffset="7847" SrcFileId="7" StartOffset="7749"/>
<Loc EndOffset="8005" SrcFileId="7" StartOffset="7851"/>
<Loc EndOffset="8163" SrcFileId="7" StartOffset="8009"/>
<Loc EndOffset="8196" SrcFileId="7" StartOffset="8167"/>
</LocList>
<BasicStmnt CovItemId="S86" CovItemPrefix="devops.hw1.core.MTGComponent.java" Intrnl_Id="552">
<LocList>
<Loc EndOffset="7220" SrcFileId="7" StartOffset="7189"/>
</LocList>
</BasicStmnt>
<BasicStmnt CovItemId="S87" CovItemPrefix="devops.hw1.core.MTGComponent.java" Intrnl_Id="553">
<LocList>
<Loc EndOffset="7269" SrcFileId="7" StartOffset="7224"/>
</LocList>
</BasicStmnt>
<BasicStmnt CovItemId="S88" CovItemPrefix="devops.hw1.core.MTGComponent.java" Intrnl_Id="554">
<LocList>
<Loc EndOffset="7300" SrcFileId="7" StartOffset="7273"/>
</LocList>
</BasicStmnt>
<BasicStmnt CovItemId="S89" CovItemPrefix="devops.hw1.core.MTGComponent.java" Intrnl_Id="555">
<LocList>
<Loc EndOffset="7338" SrcFileId="7" StartOffset="7304"/>
</LocList>
</BasicStmnt>
<BasicStmnt CovItemId="S90" CovItemPrefix="devops.hw1.core.MTGComponent.java" Intrnl_Id="556">
<LocList>
<Loc EndOffset="7376" SrcFileId="7" StartOffset="7342"/>
</LocList>
</BasicStmnt>
<BasicStmnt CovItemId="S91" CovItemPrefix="devops.hw1.core.MTGComponent.java" Intrnl_Id="557">
<LocList>
<Loc EndOffset="7410" SrcFileId="7" StartOffset="7380"/>
</LocList>
</BasicStmnt>
<BasicStmnt CovItemId="S92" CovItemPrefix="devops.hw1.core.MTGComponent.java" Intrnl_Id="558">
<LocList>
<Loc EndOffset="7441" SrcFileId="7" StartOffset="7414"/>
</LocList>
</BasicStmnt>
<BasicStmnt CovItemId="S93" CovItemPrefix="devops.hw1.core.MTGComponent.java" Intrnl_Id="559">
<LocList>
<Loc EndOffset="7477" SrcFileId="7" StartOffset="7445"/>
</LocList>
</BasicStmnt>
<BasicStmnt CovItemId="S94" CovItemPrefix="devops.hw1.core.MTGComponent.java" Intrnl_Id="560">
<LocList>
<Loc EndOffset="7560" SrcFileId="7" StartOffset="7481"/>
</LocList>
</BasicStmnt>
<BasicStmnt CovItemId="S95" CovItemPrefix="devops.hw1.core.MTGComponent.java" Intrnl_Id="561">
<LocList>
<Loc EndOffset="7645" SrcFileId="7" StartOffset="7564"/>
</LocList>
</BasicStmnt>
<BasicStmnt CovItemId="S96" CovItemPrefix="devops.hw1.core.MTGComponent.java" Intrnl_Id="562">
<LocList>
<Loc EndOffset="7745" SrcFileId="7" StartOffset="7649"/>
</LocList>
</BasicStmnt>
<BasicStmnt CovItemId="S97" CovItemPrefix="devops.hw1.core.MTGComponent.java" Intrnl_Id="563">
<LocList>
<Loc EndOffset="7847" SrcFileId="7" StartOffset="7749"/>
</LocList>
</BasicStmnt>
<CondStmnt CovItemId="S98" CovItemPrefix="devops.hw1.core.MTGComponent.java" Intrnl_Id="564">
<Branch CovItemId="B9" CovItemPrefix="devops.hw1.core.MTGComponent.java" Implct="false" Intrnl_Id="565">
<Cond/>
<LocList>
<Loc EndOffset="8005" SrcFileId="7" StartOffset="7880"/>
</LocList>
<StmntSeq Intrnl_Id="566">
<LocList>
<Loc EndOffset="8000" SrcFileId="7" StartOffset="7886"/>
</LocList>
<BasicStmnt CovItemId="S99" CovItemPrefix="devops.hw1.core.MTGComponent.java" Intrnl_Id="567">
<LocList>
<Loc EndOffset="8000" SrcFileId="7" StartOffset="7886"/>
</LocList>
</BasicStmnt>
</StmntSeq>
</Branch>
<Branch CovItemId="B10" CovItemPrefix="devops.hw1.core.MTGComponent.java" Implct="true" Intrnl_Id="568">
<Cond/>
<LocList/>
<StmntSeq Intrnl_Id="569">
<LocList/>
</StmntSeq>
</Branch>
<Keyword EndOffset="7853" SrcFileId="7" StartOffset="7851"/>
<LocList>
<Loc EndOffset="8005" SrcFileId="7" StartOffset="7851"/>
</LocList>
<RootTerm CovItemId="C5" CovItemPrefix="devops.hw1.core.MTGComponent.java" Intrnl_Id="570">
<BasicBoolTerm Intrnl_Id="571">
<LocList>
<Loc EndOffset="7879" SrcFileId="7" StartOffset="7854"/>
</LocList>
</BasicBoolTerm>
</RootTerm>
</CondStmnt>
<CondStmnt CovItemId="S100" CovItemPrefix="devops.hw1.core.MTGComponent.java" Intrnl_Id="572">
<Branch CovItemId="B11" CovItemPrefix="devops.hw1.core.MTGComponent.java" Implct="false" Intrnl_Id="573">
<Cond/>
<LocList>
<Loc EndOffset="8163" SrcFileId="7" StartOffset="8038"/>
</LocList>
<StmntSeq Intrnl_Id="574">
<LocList>
<Loc EndOffset="8158" SrcFileId="7" StartOffset="8044"/>
</LocList>
<BasicStmnt CovItemId="S101" CovItemPrefix="devops.hw1.core.MTGComponent.java" Intrnl_Id="575">
<LocList>
<Loc EndOffset="8158" SrcFileId="7" StartOffset="8044"/>
</LocList>
</BasicStmnt>
</StmntSeq>
</Branch>
<Branch CovItemId="B12" CovItemPrefix="devops.hw1.core.MTGComponent.java" Implct="true" Intrnl_Id="576">
<Cond/>
<LocList/>
<StmntSeq Intrnl_Id="577">
<LocList/>
</StmntSeq>
</Branch>
<Keyword EndOffset="8011" SrcFileId="7" StartOffset="8009"/>
<LocList>
<Loc EndOffset="8163" SrcFileId="7" StartOffset="8009"/>
</LocList>
<RootTerm CovItemId="C6" CovItemPrefix="devops.hw1.core.MTGComponent.java" Intrnl_Id="578">
<BasicBoolTerm Intrnl_Id="579">
<LocList>
<Loc EndOffset="8037" SrcFileId="7" StartOffset="8012"/>
</LocList>
</BasicBoolTerm>
</RootTerm>
</CondStmnt>
<BasicStmnt CovItemId="S102" CovItemPrefix="devops.hw1.core.MTGComponent.java" Intrnl_Id="580">
<LocList>
<Loc EndOffset="8196" SrcFileId="7" StartOffset="8167"/>
</LocList>
</BasicStmnt>
</StmntSeq>
</HierarchyLvl>
<HierarchyLvl HierarchyLvlId="341" HierarchyLvlTypeId="23" Intrnl_Id="581" Name="drawFormat">
<Header>
<Loc EndOffset="8326" SrcFileId="7" StartOffset="8281"/>
</Header>
<LocList>
<Loc EndOffset="11124" SrcFileId="7" StartOffset="8281"/>
</LocList>
<StmntSeq Intrnl_Id="582">
<LocList>
<Loc EndOffset="8364" SrcFileId="7" StartOffset="8332"/>
<Loc EndOffset="8513" SrcFileId="7" StartOffset="8368"/>
<Loc EndOffset="8798" SrcFileId="7" StartOffset="8519"/>
<Loc EndOffset="9052" SrcFileId="7" StartOffset="8804"/>
<Loc EndOffset="9197" SrcFileId="7" StartOffset="9058"/>
<Loc EndOffset="9384" SrcFileId="7" StartOffset="9201"/>
<Loc EndOffset="9631" SrcFileId="7" StartOffset="9388"/>
<Loc EndOffset="9809" SrcFileId="7" StartOffset="9635"/>
<Loc EndOffset="9969" SrcFileId="7" StartOffset="9815"/>
<Loc EndOffset="10194" SrcFileId="7" StartOffset="9973"/>
<Loc EndOffset="10433" SrcFileId="7" StartOffset="10198"/>
<Loc EndOffset="10626" SrcFileId="7" StartOffset="10437"/>
<Loc EndOffset="10836" SrcFileId="7" StartOffset="10634"/>
<Loc EndOffset="11044" SrcFileId="7" StartOffset="10840"/>
<Loc EndOffset="11081" SrcFileId="7" StartOffset="11048"/>
<Loc EndOffset="11118" SrcFileId="7" StartOffset="11085"/>
</LocList>
<BasicStmnt CovItemId="S103" CovItemPrefix="devops.hw1.core.MTGComponent.java" Intrnl_Id="583">
<LocList>
<Loc EndOffset="8364" SrcFileId="7" StartOffset="8332"/>
</LocList>
</BasicStmnt>
<BasicStmnt CovItemId="S104" CovItemPrefix="devops.hw1.core.MTGComponent.java" Intrnl_Id="584">
<LocList>
<Loc EndOffset="8513" SrcFileId="7" StartOffset="8368"/>
</LocList>
</BasicStmnt>
<LoopStmnt CovItemId="S105" CovItemPrefix="devops.hw1.core.MTGComponent.java" Intrnl_Id="585" MltplExecId="L1-2" MltplExecPrefix="devops.hw1.core.MTGComponent.java" NvrExecId="L1-0" NvrExecPrefix="devops.hw1.core.MTGComponent.java" OnceExecutedId="L1-1" OnceExecutedPrefix="devops.hw1.core.MTGComponent.java" OptBodyExec="true">
<StmntSeq Intrnl_Id="586">
<LocList>
<Loc EndOffset="8793" SrcFileId="7" StartOffset="8552"/>
</LocList>
<BasicStmnt CovItemId="S106" CovItemPrefix="devops.hw1.core.MTGComponent.java" Intrnl_Id="587">
<LocList>
<Loc EndOffset="8793" SrcFileId="7" StartOffset="8552"/>
</LocList>
</BasicStmnt>
</StmntSeq>
<Keyword EndOffset="8522" SrcFileId="7" StartOffset="8519"/>
<LocList>
<Loc EndOffset="8798" SrcFileId="7" StartOffset="8519"/>
</LocList>
<RootTerm CovItemId="C7" CovItemPrefix="devops.hw1.core.MTGComponent.java" Intrnl_Id="588">
<BasicBoolTerm Intrnl_Id="589">
<LocList>
<Loc EndOffset="8539" SrcFileId="7" StartOffset="8533"/>
</LocList>
</BasicBoolTerm>
</RootTerm>
</LoopStmnt>
<LoopStmnt CovItemId="S107" CovItemPrefix="devops.hw1.core.MTGComponent.java" Intrnl_Id="590" MltplExecId="L2-2" MltplExecPrefix="devops.hw1.core.MTGComponent.java" NvrExecId="L2-0" NvrExecPrefix="devops.hw1.core.MTGComponent.java" OnceExecutedId="L2-1" OnceExecutedPrefix="devops.hw1.core.MTGComponent.java" OptBodyExec="true">
<StmntSeq Intrnl_Id="591">
<LocList>
<Loc EndOffset="9047" SrcFileId="7" StartOffset="8837"/>
</LocList>
<BasicStmnt CovItemId="S108" CovItemPrefix="devops.hw1.core.MTGComponent.java" Intrnl_Id="592">
<LocList>
<Loc EndOffset="9047" SrcFileId="7" StartOffset="8837"/>
</LocList>
</BasicStmnt>
</StmntSeq>
<Keyword EndOffset="8807" SrcFileId="7" StartOffset="8804"/>
<LocList>
<Loc EndOffset="9052" SrcFileId="7" StartOffset="8804"/>
</LocList>
<RootTerm CovItemId="C8" CovItemPrefix="devops.hw1.core.MTGComponent.java" Intrnl_Id="593">
<BasicBoolTerm Intrnl_Id="594">
<LocList>
<Loc EndOffset="8824" SrcFileId="7" StartOffset="8818"/>
</LocList>
</BasicBoolTerm>
</RootTerm>
</LoopStmnt>
<BasicStmnt CovItemId="S109" CovItemPrefix="devops.hw1.core.MTGComponent.java" Intrnl_Id="595">
<LocList>
<Loc EndOffset="9197" SrcFileId="7" StartOffset="9058"/>
</LocList>
</BasicStmnt>
<BasicStmnt CovItemId="S110" CovItemPrefix="devops.hw1.core.MTGComponent.java" Intrnl_Id="596">
<LocList>
<Loc EndOffset="9384" SrcFileId="7" StartOffset="9201"/>
</LocList>
</BasicStmnt>
<BasicStmnt CovItemId="S111" CovItemPrefix="devops.hw1.core.MTGComponent.java" Intrnl_Id="597">
<LocList>
<Loc EndOffset="9631" SrcFileId="7" StartOffset="9388"/>
</LocList>
</BasicStmnt>
<BasicStmnt CovItemId="S112" CovItemPrefix="devops.hw1.core.MTGComponent.java" Intrnl_Id="598">
<LocList>
<Loc EndOffset="9809" SrcFileId="7" StartOffset="9635"/>
</LocList>
</BasicStmnt>
<BasicStmnt CovItemId="S113" CovItemPrefix="devops.hw1.core.MTGComponent.java" Intrnl_Id="599">
<LocList>
<Loc EndOffset="9969" SrcFileId="7" StartOffset="9815"/>
</LocList>
</BasicStmnt>
<BasicStmnt CovItemId="S114" CovItemPrefix="devops.hw1.core.MTGComponent.java" Intrnl_Id="600">
<LocList>
<Loc EndOffset="10194" SrcFileId="7" StartOffset="9973"/>
</LocList>
</BasicStmnt>
<BasicStmnt CovItemId="S115" CovItemPrefix="devops.hw1.core.MTGComponent.java" Intrnl_Id="601">
<LocList>
<Loc EndOffset="10433" SrcFileId="7" StartOffset="10198"/>
</LocList>
</BasicStmnt>
<BasicStmnt CovItemId="S116" CovItemPrefix="devops.hw1.core.MTGComponent.java" Intrnl_Id="602">
<LocList>
<Loc EndOffset="10626" SrcFileId="7" StartOffset="10437"/>
</LocList>
</BasicStmnt>
<BasicStmnt CovItemId="S117" CovItemPrefix="devops.hw1.core.MTGComponent.java" Intrnl_Id="603">
<LocList>
<Loc EndOffset="10836" SrcFileId="7" StartOffset="10634"/>
</LocList>
</BasicStmnt>
<BasicStmnt CovItemId="S118" CovItemPrefix="devops.hw1.core.MTGComponent.java" Intrnl_Id="604">
<LocList>
<Loc EndOffset="11044" SrcFileId="7" StartOffset="10840"/>
</LocList>
</BasicStmnt>
<BasicStmnt CovItemId="S119" CovItemPrefix="devops.hw1.core.MTGComponent.java" Intrnl_Id="605">
<LocList>
<Loc EndOffset="11081" SrcFileId="7" StartOffset="11048"/>
</LocList>
</BasicStmnt>
<BasicStmnt CovItemId="S120" CovItemPrefix="devops.hw1.core.MTGComponent.java" Intrnl_Id="606">
<LocList>
<Loc EndOffset="11118" SrcFileId="7" StartOffset="11085"/>
</LocList>
</BasicStmnt>
</StmntSeq>
</HierarchyLvl>
<HierarchyLvl HierarchyLvlId="342" HierarchyLvlTypeId="23" Intrnl_Id="607" Name="drawManaPools">
<Header>
<Loc EndOffset="11277" SrcFileId="7" StartOffset="11229"/>
</Header>
<LocList>
<Loc EndOffset="11889" SrcFileId="7" StartOffset="11229"/>
</LocList>
<StmntSeq Intrnl_Id="608">
<LocList>
<Loc EndOffset="11442" SrcFileId="7" StartOffset="11283"/>
<Loc EndOffset="11519" SrcFileId="7" StartOffset="11448"/>
<Loc EndOffset="11560" SrcFileId="7" StartOffset="11523"/>
<Loc EndOffset="11883" SrcFileId="7" StartOffset="11564"/>
</LocList>
<BasicStmnt CovItemId="S121" CovItemPrefix="devops.hw1.core.MTGComponent.java" Intrnl_Id="609">
<LocList>
<Loc EndOffset="11442" SrcFileId="7" StartOffset="11283"/>
</LocList>
</BasicStmnt>
<BasicStmnt CovItemId="S122" CovItemPrefix="devops.hw1.core.MTGComponent.java" Intrnl_Id="610">
<LocList>
<Loc EndOffset="11519" SrcFileId="7" StartOffset="11448"/>
</LocList>
</BasicStmnt>
<BasicStmnt CovItemId="S123" CovItemPrefix="devops.hw1.core.MTGComponent.java" Intrnl_Id="611">
<LocList>
<Loc EndOffset="11560" SrcFileId="7" StartOffset="11523"/>
</LocList>
</BasicStmnt>
<LoopStmnt CovItemId="S124" CovItemPrefix="devops.hw1.core.MTGComponent.java" Intrnl_Id="612" MltplExecId="L3-2" MltplExecPrefix="devops.hw1.core.MTGComponent.java" NvrExecId="L3-0" NvrExecPrefix="devops.hw1.core.MTGComponent.java" OnceExecutedId="L3-1" OnceExecutedPrefix="devops.hw1.core.MTGComponent.java" OptBodyExec="true">
<StmntSeq Intrnl_Id="613">
<LocList>
<Loc EndOffset="11878" SrcFileId="7" StartOffset="11608"/>
</LocList>
<BasicStmnt CovItemId="S125" CovItemPrefix="devops.hw1.core.MTGComponent.java" Intrnl_Id="614">
<LocList>
<Loc EndOffset="11878" SrcFileId="7" StartOffset="11608"/>
</LocList>
</BasicStmnt>
</StmntSeq>
<Keyword EndOffset="11567" SrcFileId="7" StartOffset="11564"/>
<LocList>
<Loc EndOffset="11883" SrcFileId="7" StartOffset="11564"/>
</LocList>
<RootTerm CovItemId="C9" CovItemPrefix="devops.hw1.core.MTGComponent.java" Intrnl_Id="615">
<BasicBoolTerm Intrnl_Id="616">
<LocList>
<Loc EndOffset="11595" SrcFileId="7" StartOffset="11579"/>
</LocList>
</BasicBoolTerm>
</RootTerm>
</LoopStmnt>
</StmntSeq>
</HierarchyLvl>
<HierarchyLvl HierarchyLvlId="343" HierarchyLvlTypeId="23" Intrnl_Id="617" Name="drawPhases">
<Header>
<Loc EndOffset="12082" SrcFileId="7" StartOffset="12037"/>
</Header>
<LocList>
<Loc EndOffset="12793" SrcFileId="7" StartOffset="12037"/>
</LocList>
<StmntSeq Intrnl_Id="618">
<LocList>
<Loc EndOffset="12239" SrcFileId="7" StartOffset="12088"/>
<Loc EndOffset="12277" SrcFileId="7" StartOffset="12245"/>
<Loc EndOffset="12785" SrcFileId="7" StartOffset="12281"/>
</LocList>
<BasicStmnt CovItemId="S126" CovItemPrefix="devops.hw1.core.MTGComponent.java" Intrnl_Id="619">
<LocList>
<Loc EndOffset="12239" SrcFileId="7" StartOffset="12088"/>
</LocList>
</BasicStmnt>
<BasicStmnt CovItemId="S127" CovItemPrefix="devops.hw1.core.MTGComponent.java" Intrnl_Id="620">
<LocList>
<Loc EndOffset="12277" SrcFileId="7" StartOffset="12245"/>
</LocList>
</BasicStmnt>
<LoopStmnt CovItemId="S128" CovItemPrefix="devops.hw1.core.MTGComponent.java" Intrnl_Id="621" MltplExecId="L4-2" MltplExecPrefix="devops.hw1.core.MTGComponent.java" NvrExecId="L4-0" NvrExecPrefix="devops.hw1.core.MTGComponent.java" OnceExecutedId="L4-1" OnceExecutedPrefix="devops.hw1.core.MTGComponent.java" OptBodyExec="true">
<StmntSeq Intrnl_Id="622">
<LocList>
<Loc EndOffset="12529" SrcFileId="7" StartOffset="12312"/>
<Loc EndOffset="12741" SrcFileId="7" StartOffset="12536"/>
<Loc EndOffset="12780" SrcFileId="7" StartOffset="12748"/>
</LocList>
<CondStmnt CovItemId="S129" CovItemPrefix="devops.hw1.core.MTGComponent.java" Intrnl_Id="623">
<Branch CovItemId="B13" CovItemPrefix="devops.hw1.core.MTGComponent.java" Implct="false" Intrnl_Id="624">
<Cond/>
<LocList>
<Loc EndOffset="12529" SrcFileId="7" StartOffset="12392"/>
</LocList>
<StmntSeq Intrnl_Id="625">
<LocList>
<Loc EndOffset="12523" SrcFileId="7" StartOffset="12399"/>
</LocList>
<CondStmnt CovItemId="S130" CovItemPrefix="devops.hw1.core.MTGComponent.java" Intrnl_Id="626">
<Branch CovItemId="B15" CovItemPrefix="devops.hw1.core.MTGComponent.java" Implct="false" Intrnl_Id="627">
<Cond/>
<LocList>
<Loc EndOffset="12469" SrcFileId="7" StartOffset="12422"/>
</LocList>
<StmntSeq Intrnl_Id="628">
<LocList>
<Loc EndOffset="12462" SrcFileId="7" StartOffset="12430"/>
</LocList>
<BasicStmnt CovItemId="S131" CovItemPrefix="devops.hw1.core.MTGComponent.java" Intrnl_Id="629">
<LocList>
<Loc EndOffset="12462" SrcFileId="7" StartOffset="12430"/>
</LocList>
</BasicStmnt>
</StmntSeq>
</Branch>
<Branch CovItemId="B16" CovItemPrefix="devops.hw1.core.MTGComponent.java" Implct="false" Intrnl_Id="630">
<Cond>
<Loc EndOffset="12474" SrcFileId="7" StartOffset="12470"/>
</Cond>
<LocList>
<Loc EndOffset="12523" SrcFileId="7" StartOffset="12475"/>
</LocList>
<StmntSeq Intrnl_Id="631">
<LocList>
<Loc EndOffset="12516" SrcFileId="7" StartOffset="12483"/>
</LocList>
<BasicStmnt CovItemId="S132" CovItemPrefix="devops.hw1.core.MTGComponent.java" Intrnl_Id="632">
<LocList>
<Loc EndOffset="12516" SrcFileId="7" StartOffset="12483"/>
</LocList>
</BasicStmnt>
</StmntSeq>
</Branch>
<Keyword EndOffset="12401" SrcFileId="7" StartOffset="12399"/>
<LocList>
<Loc EndOffset="12523" SrcFileId="7" StartOffset="12399"/>
</LocList>
<RootTerm CovItemId="C12" CovItemPrefix="devops.hw1.core.MTGComponent.java" Intrnl_Id="633">
<BasicBoolTerm Intrnl_Id="634">
<LocList>
<Loc EndOffset="12420" SrcFileId="7" StartOffset="12402"/>
</LocList>
</BasicBoolTerm>
</RootTerm>
</CondStmnt>
</StmntSeq>
</Branch>
<Branch CovItemId="B14" CovItemPrefix="devops.hw1.core.MTGComponent.java" Implct="true" Intrnl_Id="635">
<Cond/>
<LocList/>
<StmntSeq Intrnl_Id="636">
<LocList/>
</StmntSeq>
</Branch>
<Keyword EndOffset="12314" SrcFileId="7" StartOffset="12312"/>
<LocList>
<Loc EndOffset="12529" SrcFileId="7" StartOffset="12312"/>
</LocList>
<RootTerm CovItemId="C11" CovItemPrefix="devops.hw1.core.MTGComponent.java" Intrnl_Id="637">
<OpTerm BooleanOpId="17" Intrnl_Id="638">
<BasicBoolTerm Intrnl_Id="639">
<LocList>
<Loc EndOffset="12348" SrcFileId="7" StartOffset="12316"/>
</LocList>
</BasicBoolTerm>
<BasicBoolTerm Intrnl_Id="640">
<LocList>
<Loc EndOffset="12389" SrcFileId="7" StartOffset="12354"/>
</LocList>
</BasicBoolTerm>
<LocList>
<Loc EndOffset="12352" SrcFileId="7" StartOffset="12350"/>
</LocList>
</OpTerm>
</RootTerm>
</CondStmnt>
<BasicStmnt CovItemId="S133" CovItemPrefix="devops.hw1.core.MTGComponent.java" Intrnl_Id="641">
<LocList>
<Loc EndOffset="12741" SrcFileId="7" StartOffset="12536"/>
</LocList>
</BasicStmnt>
<BasicStmnt CovItemId="S134" CovItemPrefix="devops.hw1.core.MTGComponent.java" Intrnl_Id="642">
<LocList>
<Loc EndOffset="12780" SrcFileId="7" StartOffset="12748"/>
</LocList>
</BasicStmnt>
</StmntSeq>
<Keyword EndOffset="12284" SrcFileId="7" StartOffset="12281"/>
<LocList>
<Loc EndOffset="12785" SrcFileId="7" StartOffset="12281"/>
</LocList>
<RootTerm CovItemId="C10" CovItemPrefix="devops.hw1.core.MTGComponent.java" Intrnl_Id="643">
<BasicBoolTerm Intrnl_Id="644">
<LocList>
<Loc EndOffset="12299" SrcFileId="7" StartOffset="12294"/>
</LocList>
</BasicBoolTerm>
</RootTerm>
</LoopStmnt>
</StmntSeq>
</HierarchyLvl>
<HierarchyLvl HierarchyLvlId="344" HierarchyLvlTypeId="23" Intrnl_Id="645" Name="drawPassButtons">
<Header>
<Loc EndOffset="12930" SrcFileId="7" StartOffset="12880"/>
</Header>
<LocList>
<Loc EndOffset="13995" SrcFileId="7" StartOffset="12880"/>
</LocList>
<StmntSeq Intrnl_Id="646">
<LocList>
<Loc EndOffset="13099" SrcFileId="7" StartOffset="12936"/>
<Loc EndOffset="13133" SrcFileId="7" StartOffset="13103"/>
<Loc EndOffset="13319" SrcFileId="7" StartOffset="13139"/>
<Loc EndOffset="13505" SrcFileId="7" StartOffset="13323"/>
<Loc EndOffset="13542" SrcFileId="7" StartOffset="13511"/>
<Loc EndOffset="13953" SrcFileId="7" StartOffset="13546"/>
<Loc EndOffset="13991" SrcFileId="7" StartOffset="13959"/>
</LocList>
<BasicStmnt CovItemId="S135" CovItemPrefix="devops.hw1.core.MTGComponent.java" Intrnl_Id="647">
<LocList>
<Loc EndOffset="13099" SrcFileId="7" StartOffset="12936"/>
</LocList>
</BasicStmnt>
<BasicStmnt CovItemId="S136" CovItemPrefix="devops.hw1.core.MTGComponent.java" Intrnl_Id="648">
<LocList>
<Loc EndOffset="13133" SrcFileId="7" StartOffset="13103"/>
</LocList>
</BasicStmnt>
<BasicStmnt CovItemId="S137" CovItemPrefix="devops.hw1.core.MTGComponent.java" Intrnl_Id="649">
<LocList>
<Loc EndOffset="13319" SrcFileId="7" StartOffset="13139"/>
</LocList>
</BasicStmnt>
<BasicStmnt CovItemId="S138" CovItemPrefix="devops.hw1.core.MTGComponent.java" Intrnl_Id="650">
<LocList>
<Loc EndOffset="13505" SrcFileId="7" StartOffset="13323"/>
</LocList>
</BasicStmnt>
<BasicStmnt CovItemId="S139" CovItemPrefix="devops.hw1.core.MTGComponent.java" Intrnl_Id="651">
<LocList>
<Loc EndOffset="13542" SrcFileId="7" StartOffset="13511"/>
</LocList>
</BasicStmnt>
<CondStmnt CovItemId="S140" CovItemPrefix="devops.hw1.core.MTGComponent.java" Intrnl_Id="652">
<Branch CovItemId="B17" CovItemPrefix="devops.hw1.core.MTGComponent.java" Implct="false" Intrnl_Id="653">
<Cond/>
<LocList>
<Loc EndOffset="13759" SrcFileId="7" StartOffset="13573"/>
</LocList>
<StmntSeq Intrnl_Id="654">
<LocList>
<Loc EndOffset="13754" SrcFileId="7" StartOffset="13579"/>
</LocList>
<BasicStmnt CovItemId="S141" CovItemPrefix="devops.hw1.core.MTGComponent.java" Intrnl_Id="655">
<LocList>
<Loc EndOffset="13754" SrcFileId="7" StartOffset="13579"/>
</LocList>
</BasicStmnt>
</StmntSeq>
</Branch>
<Branch CovItemId="B18" CovItemPrefix="devops.hw1.core.MTGComponent.java" Implct="false" Intrnl_Id="656">
<Cond>
<Loc EndOffset="13764" SrcFileId="7" StartOffset="13760"/>
</Cond>
<LocList>
<Loc EndOffset="13953" SrcFileId="7" StartOffset="13765"/>
</LocList>
<StmntSeq Intrnl_Id="657">
<LocList>
<Loc EndOffset="13948" SrcFileId="7" StartOffset="13771"/>
</LocList>
<BasicStmnt CovItemId="S142" CovItemPrefix="devops.hw1.core.MTGComponent.java" Intrnl_Id="658">
<LocList>
<Loc EndOffset="13948" SrcFileId="7" StartOffset="13771"/>
</LocList>
</BasicStmnt>
</StmntSeq>
</Branch>
<Keyword EndOffset="13548" SrcFileId="7" StartOffset="13546"/>
<LocList>
<Loc EndOffset="13953" SrcFileId="7" StartOffset="13546"/>
</LocList>
<RootTerm CovItemId="C13" CovItemPrefix="devops.hw1.core.MTGComponent.java" Intrnl_Id="659">
<BasicBoolTerm Intrnl_Id="660">
<LocList>
<Loc EndOffset="13571" SrcFileId="7" StartOffset="13549"/>
</LocList>
</BasicBoolTerm>
</RootTerm>
</CondStmnt>
<BasicStmnt CovItemId="S143" CovItemPrefix="devops.hw1.core.MTGComponent.java" Intrnl_Id="661">
<LocList>
<Loc EndOffset="13991" SrcFileId="7" StartOffset="13959"/>
</LocList>
</BasicStmnt>
</StmntSeq>
</HierarchyLvl>
<HierarchyLvl HierarchyLvlId="345" HierarchyLvlTypeId="23" Intrnl_Id="662" Name="drawCountedZones1">
<Header>
<Loc EndOffset="14148" SrcFileId="7" StartOffset="14096"/>
</Header>
<LocList>
<Loc EndOffset="14775" SrcFileId="7" StartOffset="14096"/>
</LocList>
<StmntSeq Intrnl_Id="663">
<LocList>
<Loc EndOffset="14302" SrcFileId="7" StartOffset="14153"/>
<Loc EndOffset="14457" SrcFileId="7" StartOffset="14306"/>
<Loc EndOffset="14618" SrcFileId="7" StartOffset="14461"/>
<Loc EndOffset="14771" SrcFileId="7" StartOffset="14622"/>
</LocList>
<BasicStmnt CovItemId="S144" CovItemPrefix="devops.hw1.core.MTGComponent.java" Intrnl_Id="664">
<LocList>
<Loc EndOffset="14302" SrcFileId="7" StartOffset="14153"/>
</LocList>
</BasicStmnt>
<BasicStmnt CovItemId="S145" CovItemPrefix="devops.hw1.core.MTGComponent.java" Intrnl_Id="665">
<LocList>
<Loc EndOffset="14457" SrcFileId="7" StartOffset="14306"/>
</LocList>
</BasicStmnt>
<BasicStmnt CovItemId="S146" CovItemPrefix="devops.hw1.core.MTGComponent.java" Intrnl_Id="666">
<LocList>
<Loc EndOffset="14618" SrcFileId="7" StartOffset="14461"/>
</LocList>
</BasicStmnt>
<BasicStmnt CovItemId="S147" CovItemPrefix="devops.hw1.core.MTGComponent.java" Intrnl_Id="667">
<LocList>
<Loc EndOffset="14771" SrcFileId="7" StartOffset="14622"/>
</LocList>
</BasicStmnt>
</StmntSeq>
</HierarchyLvl>
<HierarchyLvl HierarchyLvlId="346" HierarchyLvlTypeId="23" Intrnl_Id="668" Name="drawCountedZones2">
<Header>
<Loc EndOffset="14928" SrcFileId="7" StartOffset="14876"/>
</Header>
<LocList>
<Loc EndOffset="15561" SrcFileId="7" StartOffset="14876"/>
</LocList>
<StmntSeq Intrnl_Id="669">
<LocList>
<Loc EndOffset="15082" SrcFileId="7" StartOffset="14933"/>
<Loc EndOffset="15239" SrcFileId="7" StartOffset="15086"/>
<Loc EndOffset="15402" SrcFileId="7" StartOffset="15243"/>
<Loc EndOffset="15557" SrcFileId="7" StartOffset="15406"/>
</LocList>
<BasicStmnt CovItemId="S148" CovItemPrefix="devops.hw1.core.MTGComponent.java" Intrnl_Id="670">
<LocList>
<Loc EndOffset="15082" SrcFileId="7" StartOffset="14933"/>
</LocList>
</BasicStmnt>
<BasicStmnt CovItemId="S149" CovItemPrefix="devops.hw1.core.MTGComponent.java" Intrnl_Id="671">
<LocList>
<Loc EndOffset="15239" SrcFileId="7" StartOffset="15086"/>
</LocList>
</BasicStmnt>
<BasicStmnt CovItemId="S150" CovItemPrefix="devops.hw1.core.MTGComponent.java" Intrnl_Id="672">
<LocList>
<Loc EndOffset="15402" SrcFileId="7" StartOffset="15243"/>
</LocList>
</BasicStmnt>
<BasicStmnt CovItemId="S151" CovItemPrefix="devops.hw1.core.MTGComponent.java" Intrnl_Id="673">
<LocList>
<Loc EndOffset="15557" SrcFileId="7" StartOffset="15406"/>
</LocList>
</BasicStmnt>
</StmntSeq>
</HierarchyLvl>
<HierarchyLvl HierarchyLvlId="347" HierarchyLvlTypeId="23" Intrnl_Id="674" Name="generateGUICards">
<Header>
<Loc EndOffset="16021" SrcFileId="7" StartOffset="15931"/>
</Header>
<LocList>
<Loc EndOffset="16572" SrcFileId="7" StartOffset="15931"/>
</LocList>
<StmntSeq Intrnl_Id="675">
<LocList>
<Loc EndOffset="16062" SrcFileId="7" StartOffset="16046"/>
<Loc EndOffset="16104" SrcFileId="7" StartOffset="16066"/>
<Loc EndOffset="16173" SrcFileId="7" StartOffset="16108"/>
<Loc EndOffset="16247" SrcFileId="7" StartOffset="16177"/>
<Loc EndOffset="16282" SrcFileId="7" StartOffset="16251"/>
<Loc EndOffset="16568" SrcFileId="7" StartOffset="16286"/>
</LocList>
<BasicStmnt CovItemId="S152" CovItemPrefix="devops.hw1.core.MTGComponent.java" Intrnl_Id="676">
<LocList>
<Loc EndOffset="16062" SrcFileId="7" StartOffset="16046"/>
</LocList>
</BasicStmnt>
<BasicStmnt CovItemId="S153" CovItemPrefix="devops.hw1.core.MTGComponent.java" Intrnl_Id="677">
<LocList>
<Loc EndOffset="16104" SrcFileId="7" StartOffset="16066"/>
</LocList>
</BasicStmnt>
<BasicStmnt CovItemId="S154" CovItemPrefix="devops.hw1.core.MTGComponent.java" Intrnl_Id="678">
<LocList>
<Loc EndOffset="16173" SrcFileId="7" StartOffset="16108"/>
</LocList>
</BasicStmnt>
<BasicStmnt CovItemId="S155" CovItemPrefix="devops.hw1.core.MTGComponent.java" Intrnl_Id="679">
<LocList>
<Loc EndOffset="16247" SrcFileId="7" StartOffset="16177"/>
</LocList>
</BasicStmnt>
<BasicStmnt CovItemId="S156" CovItemPrefix="devops.hw1.core.MTGComponent.java" Intrnl_Id="680">
<LocList>
<Loc EndOffset="16282" SrcFileId="7" StartOffset="16251"/>
</LocList>
</BasicStmnt>
<LoopStmnt CovItemId="S157" CovItemPrefix="devops.hw1.core.MTGComponent.java" Intrnl_Id="681" MltplExecId="L5-2" MltplExecPrefix="devops.hw1.core.MTGComponent.java" NvrExecId="L5-0" NvrExecPrefix="devops.hw1.core.MTGComponent.java" OnceExecutedId="L5-1" OnceExecutedPrefix="devops.hw1.core.MTGComponent.java" OptBodyExec="true">
<StmntSeq Intrnl_Id="682">
<LocList>
<Loc EndOffset="16485" SrcFileId="7" StartOffset="16331"/>
<Loc EndOffset="16563" SrcFileId="7" StartOffset="16490"/>
</LocList>
<BasicStmnt CovItemId="S158" CovItemPrefix="devops.hw1.core.MTGComponent.java" Intrnl_Id="683">
<LocList>
<Loc EndOffset="16485" SrcFileId="7" StartOffset="16331"/>
</LocList>
</BasicStmnt>
<BasicStmnt CovItemId="S159" CovItemPrefix="devops.hw1.core.MTGComponent.java" Intrnl_Id="684">
<LocList>
<Loc EndOffset="16563" SrcFileId="7" StartOffset="16490"/>
</LocList>
</BasicStmnt>
</StmntSeq>
<Keyword EndOffset="16289" SrcFileId="7" StartOffset="16286"/>
<LocList>
<Loc EndOffset="16568" SrcFileId="7" StartOffset="16286"/>
</LocList>
<RootTerm CovItemId="C14" CovItemPrefix="devops.hw1.core.MTGComponent.java" Intrnl_Id="685">
<BasicBoolTerm Intrnl_Id="686">
<LocList>
<Loc EndOffset="16319" SrcFileId="7" StartOffset="16301"/>
</LocList>
</BasicBoolTerm>
</RootTerm>
</LoopStmnt>
</StmntSeq>
</HierarchyLvl>
<HierarchyLvl HierarchyLvlId="348" HierarchyLvlTypeId="23" Intrnl_Id="687" Name="drawGUICards">
<Header>
<Loc EndOffset="16743" SrcFileId="7" StartOffset="16696"/>
</Header>
<LocList>
<Loc EndOffset="17124" SrcFileId="7" StartOffset="16696"/>
</LocList>
<StmntSeq Intrnl_Id="688">
<LocList>
<Loc EndOffset="16809" SrcFileId="7" StartOffset="16748"/>
<Loc EndOffset="16875" SrcFileId="7" StartOffset="16813"/>
<Loc EndOffset="16942" SrcFileId="7" StartOffset="16879"/>
<Loc EndOffset="17010" SrcFileId="7" StartOffset="16946"/>
<Loc EndOffset="17065" SrcFileId="7" StartOffset="17014"/>
<Loc EndOffset="17120" SrcFileId="7" StartOffset="17069"/>
</LocList>
<BasicStmnt CovItemId="S160" CovItemPrefix="devops.hw1.core.MTGComponent.java" Intrnl_Id="689">
<LocList>
<Loc EndOffset="16809" SrcFileId="7" StartOffset="16748"/>
</LocList>
</BasicStmnt>
<BasicStmnt CovItemId="S161" CovItemPrefix="devops.hw1.core.MTGComponent.java" Intrnl_Id="690">
<LocList>
<Loc EndOffset="16875" SrcFileId="7" StartOffset="16813"/>
</LocList>
</BasicStmnt>
<BasicStmnt CovItemId="S162" CovItemPrefix="devops.hw1.core.MTGComponent.java" Intrnl_Id="691">
<LocList>
<Loc EndOffset="16942" SrcFileId="7" StartOffset="16879"/>
</LocList>
</BasicStmnt>
<BasicStmnt CovItemId="S163" CovItemPrefix="devops.hw1.core.MTGComponent.java" Intrnl_Id="692">
<LocList>
<Loc EndOffset="17010" SrcFileId="7" StartOffset="16946"/>
</LocList>
</BasicStmnt>
<BasicStmnt CovItemId="S164" CovItemPrefix="devops.hw1.core.MTGComponent.java" Intrnl_Id="693">
<LocList>
<Loc EndOffset="17065" SrcFileId="7" StartOffset="17014"/>
</LocList>
</BasicStmnt>
<BasicStmnt CovItemId="S165" CovItemPrefix="devops.hw1.core.MTGComponent.java" Intrnl_Id="694">
<LocList>
<Loc EndOffset="17120" SrcFileId="7" StartOffset="17069"/>
</LocList>
</BasicStmnt>
</StmntSeq>
</HierarchyLvl>
<HierarchyLvl HierarchyLvlId="349" HierarchyLvlTypeId="23" Intrnl_Id="695" Name="drawGUICardArrayList">
<Header>
<Loc EndOffset="17491" SrcFileId="7" StartOffset="17393"/>
</Header>
<LocList>
<Loc EndOffset="18622" SrcFileId="7" StartOffset="17393"/>
</LocList>
<StmntSeq Intrnl_Id="696">
<LocList>
<Loc EndOffset="18618" SrcFileId="7" StartOffset="17496"/>
</LocList>
<LoopStmnt CovItemId="S166" CovItemPrefix="devops.hw1.core.MTGComponent.java" Intrnl_Id="697" MltplExecId="L6-2" MltplExecPrefix="devops.hw1.core.MTGComponent.java" NvrExecId="L6-0" NvrExecPrefix="devops.hw1.core.MTGComponent.java" OnceExecutedId="L6-1" OnceExecutedPrefix="devops.hw1.core.MTGComponent.java" OptBodyExec="true">
<StmntSeq Intrnl_Id="698">
<LocList>
<Loc EndOffset="18613" SrcFileId="7" StartOffset="17541"/>
</LocList>
<CondStmnt CovItemId="S167" CovItemPrefix="devops.hw1.core.MTGComponent.java" Intrnl_Id="699">
<Branch CovItemId="B19" CovItemPrefix="devops.hw1.core.MTGComponent.java" Implct="false" Intrnl_Id="700">
<Cond/>
<LocList>
<Loc EndOffset="17844" SrcFileId="7" StartOffset="17578"/>
</LocList>
<StmntSeq Intrnl_Id="701">
<LocList>
<Loc EndOffset="17625" SrcFileId="7" StartOffset="17585"/>
<Loc EndOffset="17689" SrcFileId="7" StartOffset="17631"/>
<Loc EndOffset="17838" SrcFileId="7" StartOffset="17695"/>
</LocList>
<BasicStmnt CovItemId="S168" CovItemPrefix="devops.hw1.core.MTGComponent.java" Intrnl_Id="702">
<LocList>
<Loc EndOffset="17625" SrcFileId="7" StartOffset="17585"/>
</LocList>
</BasicStmnt>
<BasicStmnt CovItemId="S169" CovItemPrefix="devops.hw1.core.MTGComponent.java" Intrnl_Id="703">
<LocList>
<Loc EndOffset="17689" SrcFileId="7" StartOffset="17631"/>
</LocList>
</BasicStmnt>
<BasicStmnt CovItemId="S170" CovItemPrefix="devops.hw1.core.MTGComponent.java" Intrnl_Id="704">
<LocList>
<Loc EndOffset="17838" SrcFileId="7" StartOffset="17695"/>
</LocList>
</BasicStmnt>
</StmntSeq>
</Branch>
<Branch CovItemId="B20" CovItemPrefix="devops.hw1.core.MTGComponent.java" Implct="false" Intrnl_Id="705">
<Cond>
<Loc EndOffset="17849" SrcFileId="7" StartOffset="17845"/>
</Cond>
<LocList>
<Loc EndOffset="18613" SrcFileId="7" StartOffset="17850"/>
</LocList>
<StmntSeq Intrnl_Id="706">
<LocList>
<Loc EndOffset="17897" SrcFileId="7" StartOffset="17857"/>
<Loc EndOffset="17949" SrcFileId="7" StartOffset="17903"/>
<Loc EndOffset="18493" SrcFileId="7" StartOffset="17955"/>
<Loc EndOffset="18607" SrcFileId="7" StartOffset="18499"/>
</LocList>
<BasicStmnt CovItemId="S171" CovItemPrefix="devops.hw1.core.MTGComponent.java" Intrnl_Id="707">
<LocList>
<Loc EndOffset="17897" SrcFileId="7" StartOffset="17857"/>
</LocList>
</BasicStmnt>
<BasicStmnt CovItemId="S172" CovItemPrefix="devops.hw1.core.MTGComponent.java" Intrnl_Id="708">
<LocList>
<Loc EndOffset="17949" SrcFileId="7" StartOffset="17903"/>
</LocList>
</BasicStmnt>
<CondStmnt CovItemId="S173" CovItemPrefix="devops.hw1.core.MTGComponent.java" Intrnl_Id="709">
<Branch CovItemId="B21" CovItemPrefix="devops.hw1.core.MTGComponent.java" Implct="false" Intrnl_Id="710">
<Cond/>
<LocList>
<Loc EndOffset="18398" SrcFileId="7" StartOffset="17997"/>
</LocList>
<StmntSeq Intrnl_Id="711">
<LocList>
<Loc EndOffset="18055" SrcFileId="7" StartOffset="18005"/>
<Loc EndOffset="18123" SrcFileId="7" StartOffset="18062"/>
<Loc EndOffset="18171" SrcFileId="7" StartOffset="18130"/>
<Loc EndOffset="18241" SrcFileId="7" StartOffset="18178"/>
<Loc EndOffset="18348" SrcFileId="7" StartOffset="18250"/>
<Loc EndOffset="18391" SrcFileId="7" StartOffset="18355"/>
</LocList>
<BasicStmnt CovItemId="S174" CovItemPrefix="devops.hw1.core.MTGComponent.java" Intrnl_Id="712">
<LocList>
<Loc EndOffset="18055" SrcFileId="7" StartOffset="18005"/>
</LocList>
</BasicStmnt>
<BasicStmnt CovItemId="S175" CovItemPrefix="devops.hw1.core.MTGComponent.java" Intrnl_Id="713">
<LocList>
<Loc EndOffset="18123" SrcFileId="7" StartOffset="18062"/>
</LocList>
</BasicStmnt>
<BasicStmnt CovItemId="S176" CovItemPrefix="devops.hw1.core.MTGComponent.java" Intrnl_Id="714">
<LocList>
<Loc EndOffset="18171" SrcFileId="7" StartOffset="18130"/>
</LocList>
</BasicStmnt>
<BasicStmnt CovItemId="S177" CovItemPrefix="devops.hw1.core.MTGComponent.java" Intrnl_Id="715">
<LocList>
<Loc EndOffset="18241" SrcFileId="7" StartOffset="18178"/>
</LocList>
</BasicStmnt>
<BasicStmnt CovItemId="S178" CovItemPrefix="devops.hw1.core.MTGComponent.java" Intrnl_Id="716">
<LocList>
<Loc EndOffset="18348" SrcFileId="7" StartOffset="18250"/>
</LocList>
</BasicStmnt>
<BasicStmnt CovItemId="S179" CovItemPrefix="devops.hw1.core.MTGComponent.java" Intrnl_Id="717">
<LocList>
<Loc EndOffset="18391" SrcFileId="7" StartOffset="18355"/>
</LocList>
</BasicStmnt>
</StmntSeq>
</Branch>
<Branch CovItemId="B22" CovItemPrefix="devops.hw1.core.MTGComponent.java" Implct="false" Intrnl_Id="718">
<Cond>
<Loc EndOffset="18403" SrcFileId="7" StartOffset="18399"/>
</Cond>
<LocList>
<Loc EndOffset="18493" SrcFileId="7" StartOffset="18404"/>
</LocList>
<StmntSeq Intrnl_Id="719">
<LocList>
<Loc EndOffset="18433" SrcFileId="7" StartOffset="18412"/>
<Loc EndOffset="18463" SrcFileId="7" StartOffset="18440"/>
<Loc EndOffset="18486" SrcFileId="7" StartOffset="18470"/>
</LocList>
<BasicStmnt CovItemId="S180" CovItemPrefix="devops.hw1.core.MTGComponent.java" Intrnl_Id="720">
<LocList>
<Loc EndOffset="18433" SrcFileId="7" StartOffset="18412"/>
</LocList>
</BasicStmnt>
<BasicStmnt CovItemId="S181" CovItemPrefix="devops.hw1.core.MTGComponent.java" Intrnl_Id="721">
<LocList>
<Loc EndOffset="18463" SrcFileId="7" StartOffset="18440"/>
</LocList>
</BasicStmnt>
<BasicStmnt CovItemId="S182" CovItemPrefix="devops.hw1.core.MTGComponent.java" Intrnl_Id="722">
<LocList>
<Loc EndOffset="18486" SrcFileId="7" StartOffset="18470"/>
</LocList>
</BasicStmnt>
</StmntSeq>
</Branch>
<Keyword EndOffset="17957" SrcFileId="7" StartOffset="17955"/>
<LocList>
<Loc EndOffset="18493" SrcFileId="7" StartOffset="17955"/>
</LocList>
<RootTerm CovItemId="C17" CovItemPrefix="devops.hw1.core.MTGComponent.java" Intrnl_Id="723">
<OpTerm BooleanOpId="18" Intrnl_Id="724">
<BasicBoolTerm Intrnl_Id="725">
<LocList>
<Loc EndOffset="17990" SrcFileId="7" StartOffset="17959"/>
</LocList>
</BasicBoolTerm>
<LocList>
<Loc EndOffset="17959" SrcFileId="7" StartOffset="17958"/>
</LocList>
</OpTerm>
</RootTerm>
</CondStmnt>
<BasicStmnt CovItemId="S183" CovItemPrefix="devops.hw1.core.MTGComponent.java" Intrnl_Id="726">
<LocList>
<Loc EndOffset="18607" SrcFileId="7" StartOffset="18499"/>
</LocList>
</BasicStmnt>
</StmntSeq>
</Branch>
<Keyword EndOffset="17543" SrcFileId="7" StartOffset="17541"/>
<LocList>
<Loc EndOffset="18613" SrcFileId="7" StartOffset="17541"/>
</LocList>
<RootTerm CovItemId="C16" CovItemPrefix="devops.hw1.core.MTGComponent.java" Intrnl_Id="727">
<BasicBoolTerm Intrnl_Id="728">
<LocList>
<Loc EndOffset="17577" SrcFileId="7" StartOffset="17544"/>
</LocList>
</BasicBoolTerm>
</RootTerm>
</CondStmnt>
</StmntSeq>
<Keyword EndOffset="17499" SrcFileId="7" StartOffset="17496"/>
<LocList>
<Loc EndOffset="18618" SrcFileId="7" StartOffset="17496"/>
</LocList>
<RootTerm CovItemId="C15" CovItemPrefix="devops.hw1.core.MTGComponent.java" Intrnl_Id="729">
<BasicBoolTerm Intrnl_Id="730">
<LocList>
<Loc EndOffset="17529" SrcFileId="7" StartOffset="17511"/>
</LocList>
</BasicBoolTerm>
</RootTerm>
</LoopStmnt>
</StmntSeq>
</HierarchyLvl>
<HierarchyLvl HierarchyLvlId="350" HierarchyLvlTypeId="23" Intrnl_Id="731" Name="getCardHeight">
<Header>
<Loc EndOffset="18846" SrcFileId="7" StartOffset="18810"/>
</Header>
<LocList>
<Loc EndOffset="19203" SrcFileId="7" StartOffset="18810"/>
</LocList>
<StmntSeq Intrnl_Id="732">
<LocList>
<Loc EndOffset="18907" SrcFileId="7" StartOffset="18851"/>
<Loc EndOffset="18978" SrcFileId="7" StartOffset="18911"/>
<Loc EndOffset="19047" SrcFileId="7" StartOffset="18982"/>
<Loc EndOffset="19199" SrcFileId="7" StartOffset="19051"/>
</LocList>
<BasicStmnt CovItemId="S184" CovItemPrefix="devops.hw1.core.MTGComponent.java" Intrnl_Id="733">
<LocList>
<Loc EndOffset="18907" SrcFileId="7" StartOffset="18851"/>
</LocList>
</BasicStmnt>
<BasicStmnt CovItemId="S185" CovItemPrefix="devops.hw1.core.MTGComponent.java" Intrnl_Id="734">
<LocList>
<Loc EndOffset="18978" SrcFileId="7" StartOffset="18911"/>
</LocList>
</BasicStmnt>
<BasicStmnt CovItemId="S186" CovItemPrefix="devops.hw1.core.MTGComponent.java" Intrnl_Id="735">
<LocList>
<Loc EndOffset="19047" SrcFileId="7" StartOffset="18982"/>
</LocList>
</BasicStmnt>
<CondStmnt CovItemId="S187" CovItemPrefix="devops.hw1.core.MTGComponent.java" Intrnl_Id="736">
<Branch CovItemId="B23" CovItemPrefix="devops.hw1.core.MTGComponent.java" Implct="false" Intrnl_Id="737">
<Cond/>
<LocList>
<Loc EndOffset="19114" SrcFileId="7" StartOffset="19086"/>
</LocList>
<StmntSeq Intrnl_Id="738">
<LocList>
<Loc EndOffset="19109" SrcFileId="7" StartOffset="19092"/>
</LocList>
<BasicStmnt CovItemId="S188" CovItemPrefix="devops.hw1.core.MTGComponent.java" Intrnl_Id="739">
<LocList>
<Loc EndOffset="19109" SrcFileId="7" StartOffset="19092"/>
</LocList>
</BasicStmnt>
</StmntSeq>
</Branch>
<Branch CovItemId="B24" CovItemPrefix="devops.hw1.core.MTGComponent.java" Implct="false" Intrnl_Id="740">
<Cond>
<Loc EndOffset="19119" SrcFileId="7" StartOffset="19115"/>
</Cond>
<LocList>
<Loc EndOffset="19199" SrcFileId="7" StartOffset="19120"/>
</LocList>
<StmntSeq Intrnl_Id="741">
<LocList>
<Loc EndOffset="19194" SrcFileId="7" StartOffset="19126"/>
</LocList>
<BasicStmnt CovItemId="S189" CovItemPrefix="devops.hw1.core.MTGComponent.java" Intrnl_Id="742">
<LocList>
<Loc EndOffset="19194" SrcFileId="7" StartOffset="19126"/>
</LocList>
</BasicStmnt>
</StmntSeq>
</Branch>
<Keyword EndOffset="19053" SrcFileId="7" StartOffset="19051"/>
<LocList>
<Loc EndOffset="19199" SrcFileId="7" StartOffset="19051"/>
</LocList>
<RootTerm CovItemId="C18" CovItemPrefix="devops.hw1.core.MTGComponent.java" Intrnl_Id="743">
<BasicBoolTerm Intrnl_Id="744">
<LocList>
<Loc EndOffset="19085" SrcFileId="7" StartOffset="19054"/>
</LocList>
</BasicBoolTerm>
</RootTerm>
</CondStmnt>
</StmntSeq>
</HierarchyLvl>
<HierarchyLvl HierarchyLvlId="351" HierarchyLvlTypeId="23" Intrnl_Id="745" Name="drawDispGUICard">
<Header>
<Loc EndOffset="19430" SrcFileId="7" StartOffset="19358"/>
</Header>
<LocList>
<Loc EndOffset="20378" SrcFileId="7" StartOffset="19358"/>
</LocList>
<StmntSeq Intrnl_Id="746">
<LocList>
<Loc EndOffset="20374" SrcFileId="7" StartOffset="19436"/>
</LocList>
<CondStmnt CovItemId="S190" CovItemPrefix="devops.hw1.core.MTGComponent.java" Intrnl_Id="747">
<Branch CovItemId="B25" CovItemPrefix="devops.hw1.core.MTGComponent.java" Implct="false" Intrnl_Id="748">
<Cond/>
<LocList>
<Loc EndOffset="20374" SrcFileId="7" StartOffset="19456"/>
</LocList>
<StmntSeq Intrnl_Id="749">
<LocList>
<Loc EndOffset="19939" SrcFileId="7" StartOffset="19462"/>
<Loc EndOffset="20369" SrcFileId="7" StartOffset="19944"/>
</LocList>
<CondStmnt CovItemId="S191" CovItemPrefix="devops.hw1.core.MTGComponent.java" Intrnl_Id="750">
<Branch CovItemId="B27" CovItemPrefix="devops.hw1.core.MTGComponent.java" Implct="false" Intrnl_Id="751">
<Cond/>
<LocList>
<Loc EndOffset="19756" SrcFileId="7" StartOffset="19503"/>
</LocList>
<StmntSeq Intrnl_Id="752">
<LocList>
<Loc EndOffset="19544" SrcFileId="7" StartOffset="19510"/>
<Loc EndOffset="19619" SrcFileId="7" StartOffset="19550"/>
<Loc EndOffset="19750" SrcFileId="7" StartOffset="19625"/>
</LocList>
<BasicStmnt CovItemId="S192" CovItemPrefix="devops.hw1.core.MTGComponent.java" Intrnl_Id="753">
<LocList>
<Loc EndOffset="19544" SrcFileId="7" StartOffset="19510"/>
</LocList>
</BasicStmnt>
<BasicStmnt CovItemId="S193" CovItemPrefix="devops.hw1.core.MTGComponent.java" Intrnl_Id="754">
<LocList>
<Loc EndOffset="19619" SrcFileId="7" StartOffset="19550"/>
</LocList>
</BasicStmnt>
<BasicStmnt CovItemId="S194" CovItemPrefix="devops.hw1.core.MTGComponent.java" Intrnl_Id="755">
<LocList>
<Loc EndOffset="19750" SrcFileId="7" StartOffset="19625"/>
</LocList>
</BasicStmnt>
</StmntSeq>
</Branch>
<Branch CovItemId="B28" CovItemPrefix="devops.hw1.core.MTGComponent.java" Implct="false" Intrnl_Id="756">
<Cond>
<Loc EndOffset="19761" SrcFileId="7" StartOffset="19757"/>
</Cond>
<LocList>
<Loc EndOffset="19939" SrcFileId="7" StartOffset="19762"/>
</LocList>
<StmntSeq Intrnl_Id="757">
<LocList>
<Loc EndOffset="19803" SrcFileId="7" StartOffset="19769"/>
<Loc EndOffset="19933" SrcFileId="7" StartOffset="19809"/>
</LocList>
<BasicStmnt CovItemId="S195" CovItemPrefix="devops.hw1.core.MTGComponent.java" Intrnl_Id="758">
<LocList>
<Loc EndOffset="19803" SrcFileId="7" StartOffset="19769"/>
</LocList>
</BasicStmnt>
<BasicStmnt CovItemId="S196" CovItemPrefix="devops.hw1.core.MTGComponent.java" Intrnl_Id="759">
<LocList>
<Loc EndOffset="19933" SrcFileId="7" StartOffset="19809"/>
</LocList>
</BasicStmnt>
</StmntSeq>
</Branch>
<Keyword EndOffset="19464" SrcFileId="7" StartOffset="19462"/>
<LocList>
<Loc EndOffset="19939" SrcFileId="7" StartOffset="19462"/>
</LocList>
<RootTerm CovItemId="C20" CovItemPrefix="devops.hw1.core.MTGComponent.java" Intrnl_Id="760">
<BasicBoolTerm Intrnl_Id="761">
<LocList>
<Loc EndOffset="19502" SrcFileId="7" StartOffset="19465"/>
</LocList>
</BasicBoolTerm>
</RootTerm>
</CondStmnt>
<LoopStmnt CovItemId="S197" CovItemPrefix="devops.hw1.core.MTGComponent.java" Intrnl_Id="762" MltplExecId="L7-2" MltplExecPrefix="devops.hw1.core.MTGComponent.java" NvrExecId="L7-0" NvrExecPrefix="devops.hw1.core.MTGComponent.java" OnceExecutedId="L7-1" OnceExecutedPrefix="devops.hw1.core.MTGComponent.java" OptBodyExec="true">
<StmntSeq Intrnl_Id="763">
<LocList>
<Loc EndOffset="20055" SrcFileId="7" StartOffset="20009"/>
<Loc EndOffset="20363" SrcFileId="7" StartOffset="20061"/>
</LocList>
<BasicStmnt CovItemId="S198" CovItemPrefix="devops.hw1.core.MTGComponent.java" Intrnl_Id="764">
<LocList>
<Loc EndOffset="20055" SrcFileId="7" StartOffset="20009"/>
</LocList>
</BasicStmnt>
<BasicStmnt CovItemId="S199" CovItemPrefix="devops.hw1.core.MTGComponent.java" Intrnl_Id="765">
<LocList>
<Loc EndOffset="20363" SrcFileId="7" StartOffset="20061"/>
</LocList>
</BasicStmnt>
</StmntSeq>
<Keyword EndOffset="19947" SrcFileId="7" StartOffset="19944"/>
<LocList>
<Loc EndOffset="20369" SrcFileId="7" StartOffset="19944"/>
</LocList>
<RootTerm CovItemId="C21" CovItemPrefix="devops.hw1.core.MTGComponent.java" Intrnl_Id="766">
<BasicBoolTerm Intrnl_Id="767">
<LocList>
<Loc EndOffset="19996" SrcFileId="7" StartOffset="19959"/>
</LocList>
</BasicBoolTerm>
</RootTerm>
</LoopStmnt>
</StmntSeq>
</Branch>
<Branch CovItemId="B26" CovItemPrefix="devops.hw1.core.MTGComponent.java" Implct="true" Intrnl_Id="768">
<Cond/>
<LocList/>
<StmntSeq Intrnl_Id="769">
<LocList/>
</StmntSeq>
</Branch>
<Keyword EndOffset="19438" SrcFileId="7" StartOffset="19436"/>
<LocList>
<Loc EndOffset="20374" SrcFileId="7" StartOffset="19436"/>
</LocList>
<RootTerm CovItemId="C19" CovItemPrefix="devops.hw1.core.MTGComponent.java" Intrnl_Id="770">
<BasicBoolTerm Intrnl_Id="771">
<LocList>
<Loc EndOffset="19455" SrcFileId="7" StartOffset="19439"/>
</LocList>
</BasicBoolTerm>
</RootTerm>
</CondStmnt>
</StmntSeq>
</HierarchyLvl>
<HierarchyLvl HierarchyLvlId="352" HierarchyLvlTypeId="23" Intrnl_Id="772" Name="generateDispGUICard1">
<Header>
<Loc EndOffset="20732" SrcFileId="7" StartOffset="20667"/>
</Header>
<LocList>
<Loc EndOffset="20962" SrcFileId="7" StartOffset="20667"/>
</LocList>
<StmntSeq Intrnl_Id="773">
<LocList>
<Loc EndOffset="20958" SrcFileId="7" StartOffset="20737"/>
</LocList>
<BasicStmnt CovItemId="S202" CovItemPrefix="devops.hw1.core.MTGComponent.java" Intrnl_Id="774">
<LocList>
<Loc EndOffset="20958" SrcFileId="7" StartOffset="20737"/>
</LocList>
</BasicStmnt>
</StmntSeq>
</HierarchyLvl>
<HierarchyLvl HierarchyLvlId="353" HierarchyLvlTypeId="23" Intrnl_Id="775" Name="generateDispGUICard2">
<Header>
<Loc EndOffset="21192" SrcFileId="7" StartOffset="21127"/>
</Header>
<LocList>
<Loc EndOffset="21381" SrcFileId="7" StartOffset="21127"/>
</LocList>
<StmntSeq Intrnl_Id="776">
<LocList>
<Loc EndOffset="21377" SrcFileId="7" StartOffset="21197"/>
</LocList>
<BasicStmnt CovItemId="S203" CovItemPrefix="devops.hw1.core.MTGComponent.java" Intrnl_Id="777">
<LocList>
<Loc EndOffset="21377" SrcFileId="7" StartOffset="21197"/>
</LocList>
</BasicStmnt>
</StmntSeq>
</HierarchyLvl>
<HierarchyLvl HierarchyLvlId="354" HierarchyLvlTypeId="23" Intrnl_Id="778" Name="getDispGUICard1">
<Header>
<Loc EndOffset="21531" SrcFileId="7" StartOffset="21495"/>
</Header>
<LocList>
<Loc EndOffset="21566" SrcFileId="7" StartOffset="21495"/>
</LocList>
<StmntSeq Intrnl_Id="779">
<LocList>
<Loc EndOffset="21562" SrcFileId="7" StartOffset="21537"/>
</LocList>
<BasicStmnt CovItemId="S204" CovItemPrefix="devops.hw1.core.MTGComponent.java" Intrnl_Id="780">
<LocList>
<Loc EndOffset="21562" SrcFileId="7" StartOffset="21537"/>
</LocList>
</BasicStmnt>
</StmntSeq>
</HierarchyLvl>
<HierarchyLvl HierarchyLvlId="355" HierarchyLvlTypeId="23" Intrnl_Id="781" Name="getDispGUICard2">
<Header>
<Loc EndOffset="21717" SrcFileId="7" StartOffset="21681"/>
</Header>
<LocList>
<Loc EndOffset="21752" SrcFileId="7" StartOffset="21681"/>
</LocList>
<StmntSeq Intrnl_Id="782">
<LocList>
<Loc EndOffset="21748" SrcFileId="7" StartOffset="21723"/>
</LocList>
<BasicStmnt CovItemId="S205" CovItemPrefix="devops.hw1.core.MTGComponent.java" Intrnl_Id="783">
<LocList>
<Loc EndOffset="21748" SrcFileId="7" StartOffset="21723"/>
</LocList>
</BasicStmnt>
</StmntSeq>
</HierarchyLvl>
<HierarchyLvl HierarchyLvlId="356" HierarchyLvlTypeId="23" Intrnl_Id="784" Name="getPassButton1">
<Header>
<Loc EndOffset="21935" SrcFileId="7" StartOffset="21902"/>
</Header>
<LocList>
<Loc EndOffset="21969" SrcFileId="7" StartOffset="21902"/>
</LocList>
<StmntSeq Intrnl_Id="785">
<LocList>
<Loc EndOffset="21965" SrcFileId="7" StartOffset="21941"/>
</LocList>
<BasicStmnt CovItemId="S206" CovItemPrefix="devops.hw1.core.MTGComponent.java" Intrnl_Id="786">
<LocList>
<Loc EndOffset="21965" SrcFileId="7" StartOffset="21941"/>
</LocList>
</BasicStmnt>
</StmntSeq>
</HierarchyLvl>
<HierarchyLvl HierarchyLvlId="357" HierarchyLvlTypeId="23" Intrnl_Id="787" Name="getPassButton2">
<Header>
<Loc EndOffset="22154" SrcFileId="7" StartOffset="22121"/>
</Header>
<LocList>
<Loc EndOffset="22188" SrcFileId="7" StartOffset="22121"/>
</LocList>
<StmntSeq Intrnl_Id="788">
<LocList>
<Loc EndOffset="22184" SrcFileId="7" StartOffset="22160"/>
</LocList>
<BasicStmnt CovItemId="S207" CovItemPrefix="devops.hw1.core.MTGComponent.java" Intrnl_Id="789">
<LocList>
<Loc EndOffset="22184" SrcFileId="7" StartOffset="22160"/>
</LocList>
</BasicStmnt>
</StmntSeq>
</HierarchyLvl>
<HierarchyLvl HierarchyLvlId="358" HierarchyLvlTypeId="23" Intrnl_Id="790" Name="setDispGUICard1">
<Header>
<Loc EndOffset="22346" SrcFileId="7" StartOffset="22293"/>
</Header>
<LocList>
<Loc EndOffset="22389" SrcFileId="7" StartOffset="22293"/>
</LocList>
<StmntSeq Intrnl_Id="791">
<LocList>
<Loc EndOffset="22385" SrcFileId="7" StartOffset="22352"/>
</LocList>
<BasicStmnt CovItemId="S208" CovItemPrefix="devops.hw1.core.MTGComponent.java" Intrnl_Id="792">
<LocList>
<Loc EndOffset="22385" SrcFileId="7" StartOffset="22352"/>
</LocList>
</BasicStmnt>
</StmntSeq>
</HierarchyLvl>
<HierarchyLvl HierarchyLvlId="359" HierarchyLvlTypeId="23" Intrnl_Id="793" Name="setDispGUICard2">
<Header>
<Loc EndOffset="22546" SrcFileId="7" StartOffset="22493"/>
</Header>
<LocList>
<Loc EndOffset="22594" SrcFileId="7" StartOffset="22493"/>
</LocList>
<StmntSeq Intrnl_Id="794">
<LocList>
<Loc EndOffset="22590" SrcFileId="7" StartOffset="22552"/>
</LocList>
<BasicStmnt CovItemId="S209" CovItemPrefix="devops.hw1.core.MTGComponent.java" Intrnl_Id="795">
<LocList>
<Loc EndOffset="22590" SrcFileId="7" StartOffset="22552"/>
</LocList>
</BasicStmnt>
</StmntSeq>
</HierarchyLvl>
</HierarchyLvl>
<HierarchyLvl HierarchyLvlId="365" HierarchyLvlTypeId="24" Intrnl_Id="796" Name="KeyBoardHandler">
<Header>
<Loc EndOffset="213" SrcFileId="8" StartOffset="162"/>
</Header>
<LocList>
<Loc EndOffset="772" SrcFileId="8" StartOffset="162"/>
</LocList>
<StmntSeq Intrnl_Id="797">
<LocList>
<Loc EndOffset="284" SrcFileId="8" StartOffset="252"/>
</LocList>
<BasicStmnt CovItemId="S1" CovItemPrefix="devops.hw1.core.KeyBoardHandler.java" Intrnl_Id="798">
<LocList>
<Loc EndOffset="284" SrcFileId="8" StartOffset="252"/>
</LocList>
</BasicStmnt>
</StmntSeq>
<HierarchyLvl HierarchyLvlId="361" HierarchyLvlTypeId="23" Intrnl_Id="799" Name="KeyBoardHandler">
<Header>
<Loc EndOffset="330" SrcFileId="8" StartOffset="289"/>
</Header>
<LocList>
<Loc EndOffset="360" SrcFileId="8" StartOffset="289"/>
</LocList>
<StmntSeq Intrnl_Id="800">
<LocList>
<Loc EndOffset="356" SrcFileId="8" StartOffset="336"/>
</LocList>
<BasicStmnt CovItemId="S2" CovItemPrefix="devops.hw1.core.KeyBoardHandler.java" Intrnl_Id="801">
<LocList>
<Loc EndOffset="356" SrcFileId="8" StartOffset="336"/>
</LocList>
</BasicStmnt>
</StmntSeq>
</HierarchyLvl>
<HierarchyLvl HierarchyLvlId="362" HierarchyLvlTypeId="23" Intrnl_Id="802" Name="keyPressed">
<Header>
<Loc EndOffset="409" SrcFileId="8" StartOffset="363"/>
</Header>
<LocList>
<Loc EndOffset="574" SrcFileId="8" StartOffset="363"/>
</LocList>
<StmntSeq Intrnl_Id="803">
<LocList>
<Loc EndOffset="570" SrcFileId="8" StartOffset="415"/>
</LocList>
<CondStmnt CovItemId="S3" CovItemPrefix="devops.hw1.core.KeyBoardHandler.java" Intrnl_Id="804">
<Branch CovItemId="B1" CovItemPrefix="devops.hw1.core.KeyBoardHandler.java" Implct="false" Intrnl_Id="805">
<Cond/>
<LocList>
<Loc EndOffset="570" SrcFileId="8" StartOffset="441"/>
</LocList>
<StmntSeq Intrnl_Id="806">
<LocList>
<Loc EndOffset="501" SrcFileId="8" StartOffset="447"/>
<Loc EndOffset="537" SrcFileId="8" StartOffset="506"/>
<Loc EndOffset="565" SrcFileId="8" StartOffset="542"/>
</LocList>
<BasicStmnt CovItemId="S4" CovItemPrefix="devops.hw1.core.KeyBoardHandler.java" Intrnl_Id="807">
<LocList>
<Loc EndOffset="501" SrcFileId="8" StartOffset="447"/>
</LocList>
</BasicStmnt>
<BasicStmnt CovItemId="S5" CovItemPrefix="devops.hw1.core.KeyBoardHandler.java" Intrnl_Id="808">
<LocList>
<Loc EndOffset="537" SrcFileId="8" StartOffset="506"/>
</LocList>
</BasicStmnt>
<BasicStmnt CovItemId="S6" CovItemPrefix="devops.hw1.core.KeyBoardHandler.java" Intrnl_Id="809">
<LocList>
<Loc EndOffset="565" SrcFileId="8" StartOffset="542"/>
</LocList>
</BasicStmnt>
</StmntSeq>
</Branch>
<Branch CovItemId="B2" CovItemPrefix="devops.hw1.core.KeyBoardHandler.java" Implct="true" Intrnl_Id="810">
<Cond/>
<LocList/>
<StmntSeq Intrnl_Id="811">
<LocList/>
</StmntSeq>
</Branch>
<Keyword EndOffset="417" SrcFileId="8" StartOffset="415"/>
<LocList>
<Loc EndOffset="570" SrcFileId="8" StartOffset="415"/>
</LocList>
<RootTerm CovItemId="C1" CovItemPrefix="devops.hw1.core.KeyBoardHandler.java" Intrnl_Id="812">
<BasicBoolTerm Intrnl_Id="813">
<LocList>
<Loc EndOffset="440" SrcFileId="8" StartOffset="419"/>
</LocList>
</BasicBoolTerm>
</RootTerm>
</CondStmnt>
</StmntSeq>
</HierarchyLvl>
<HierarchyLvl HierarchyLvlId="363" HierarchyLvlTypeId="23" Intrnl_Id="814" Name="keyReleased">
<Header>
<Loc EndOffset="626" SrcFileId="8" StartOffset="579"/>
</Header>
<LocList>
<Loc EndOffset="672" SrcFileId="8" StartOffset="579"/>
</LocList>
</HierarchyLvl>
<HierarchyLvl HierarchyLvlId="364" HierarchyLvlTypeId="23" Intrnl_Id="815" Name="keyTyped">
<Header>
<Loc EndOffset="721" SrcFileId="8" StartOffset="677"/>
</Header>
<LocList>
<Loc EndOffset="767" SrcFileId="8" StartOffset="677"/>
</LocList>
</HierarchyLvl>
</HierarchyLvl>
<HierarchyLvl HierarchyLvlId="371" HierarchyLvlTypeId="24" Intrnl_Id="816" Name="ItemOnStack">
<Header>
<Loc EndOffset="104" SrcFileId="9" StartOffset="80"/>
</Header>
<LocList>
<Loc EndOffset="1227" SrcFileId="9" StartOffset="80"/>
</LocList>
<HierarchyLvl HierarchyLvlId="366" HierarchyLvlTypeId="23" Intrnl_Id="817" Name="ItemOnStack">
<Header>
<Loc EndOffset="427" SrcFileId="9" StartOffset="362"/>
</Header>
<LocList>
<Loc EndOffset="530" SrcFileId="9" StartOffset="362"/>
</LocList>
<StmntSeq Intrnl_Id="818">
<LocList>
<Loc EndOffset="443" SrcFileId="9" StartOffset="432"/>
<Loc EndOffset="468" SrcFileId="9" StartOffset="447"/>
<Loc EndOffset="493" SrcFileId="9" StartOffset="472"/>
<Loc EndOffset="526" SrcFileId="9" StartOffset="497"/>
</LocList>
<BasicStmnt CovItemId="S1" CovItemPrefix="devops.hw1.core.ItemOnStack.java" Intrnl_Id="819">
<LocList>
<Loc EndOffset="443" SrcFileId="9" StartOffset="432"/>
</LocList>
</BasicStmnt>
<BasicStmnt CovItemId="S2" CovItemPrefix="devops.hw1.core.ItemOnStack.java" Intrnl_Id="820">
<LocList>
<Loc EndOffset="468" SrcFileId="9" StartOffset="447"/>
</LocList>
</BasicStmnt>
<BasicStmnt CovItemId="S3" CovItemPrefix="devops.hw1.core.ItemOnStack.java" Intrnl_Id="821">
<LocList>
<Loc EndOffset="493" SrcFileId="9" StartOffset="472"/>
</LocList>
</BasicStmnt>
<BasicStmnt CovItemId="S4" CovItemPrefix="devops.hw1.core.ItemOnStack.java" Intrnl_Id="822">
<LocList>
<Loc EndOffset="526" SrcFileId="9" StartOffset="497"/>
</LocList>
</BasicStmnt>
</StmntSeq>
</HierarchyLvl>
<HierarchyLvl HierarchyLvlId="367" HierarchyLvlTypeId="23" Intrnl_Id="823" Name="getCard">
<Header>
<Loc EndOffset="646" SrcFileId="9" StartOffset="625"/>
</Header>
<LocList>
<Loc EndOffset="665" SrcFileId="9" StartOffset="625"/>
</LocList>
<StmntSeq Intrnl_Id="824">
<LocList>
<Loc EndOffset="661" SrcFileId="9" StartOffset="652"/>
</LocList>
<BasicStmnt CovItemId="S5" CovItemPrefix="devops.hw1.core.ItemOnStack.java" Intrnl_Id="825">
<LocList>
<Loc EndOffset="661" SrcFileId="9" StartOffset="652"/>
</LocList>
</BasicStmnt>
</StmntSeq>
</HierarchyLvl>
<HierarchyLvl HierarchyLvlId="368" HierarchyLvlTypeId="23" Intrnl_Id="826" Name="getPlayer">
<Header>
<Loc EndOffset="821" SrcFileId="9" StartOffset="795"/>
</Header>
<LocList>
<Loc EndOffset="845" SrcFileId="9" StartOffset="795"/>
</LocList>
<StmntSeq Intrnl_Id="827">
<LocList>
<Loc EndOffset="841" SrcFileId="9" StartOffset="827"/>
</LocList>
<BasicStmnt CovItemId="S6" CovItemPrefix="devops.hw1.core.ItemOnStack.java" Intrnl_Id="828">
<LocList>
<Loc EndOffset="841" SrcFileId="9" StartOffset="827"/>
</LocList>
</BasicStmnt>
</StmntSeq>
</HierarchyLvl>
<HierarchyLvl HierarchyLvlId="369" HierarchyLvlTypeId="23" Intrnl_Id="829" Name="getTarget">
<Header>
<Loc EndOffset="1002" SrcFileId="9" StartOffset="979"/>
</Header>
<LocList>
<Loc EndOffset="1026" SrcFileId="9" StartOffset="979"/>
</LocList>
<StmntSeq Intrnl_Id="830">
<LocList>
<Loc EndOffset="1022" SrcFileId="9" StartOffset="1008"/>
</LocList>
<BasicStmnt CovItemId="S7" CovItemPrefix="devops.hw1.core.ItemOnStack.java" Intrnl_Id="831">
<LocList>
<Loc EndOffset="1022" SrcFileId="9" StartOffset="1008"/>
</LocList>
</BasicStmnt>
</StmntSeq>
</HierarchyLvl>
<HierarchyLvl HierarchyLvlId="370" HierarchyLvlTypeId="23" Intrnl_Id="832" Name="getTargetZone">
<Header>
<Loc EndOffset="1196" SrcFileId="9" StartOffset="1169"/>
</Header>
<LocList>
<Loc EndOffset="1224" SrcFileId="9" StartOffset="1169"/>
</LocList>
<StmntSeq Intrnl_Id="833">
<LocList>
<Loc EndOffset="1220" SrcFileId="9" StartOffset="1202"/>
</LocList>
<BasicStmnt CovItemId="S8" CovItemPrefix="devops.hw1.core.ItemOnStack.java" Intrnl_Id="834">
<LocList>
<Loc EndOffset="1220" SrcFileId="9" StartOffset="1202"/>
</LocList>
</BasicStmnt>
</StmntSeq>
</HierarchyLvl>
</HierarchyLvl>
<HierarchyLvl HierarchyLvlId="374" HierarchyLvlTypeId="22" Intrnl_Id="835" Name="IData">
<Header>
<Loc EndOffset="82" SrcFileId="10" StartOffset="28"/>
</Header>
<LocList>
<Loc EndOffset="133" SrcFileId="10" StartOffset="28"/>
</LocList>
<HierarchyLvl HierarchyLvlId="372" HierarchyLvlTypeId="23" Intrnl_Id="836" Name="getId">
<Header>
<Loc EndOffset="106" SrcFileId="10" StartOffset="87"/>
</Header>
<LocList>
<Loc EndOffset="107" SrcFileId="10" StartOffset="87"/>
</LocList>
</HierarchyLvl>
<HierarchyLvl HierarchyLvlId="373" HierarchyLvlTypeId="23" Intrnl_Id="837" Name="getValue">
<Header>
<Loc EndOffset="129" SrcFileId="10" StartOffset="110"/>
</Header>
<LocList>
<Loc EndOffset="130" SrcFileId="10" StartOffset="110"/>
</LocList>
</HierarchyLvl>
</HierarchyLvl>
<HierarchyLvl HierarchyLvlId="381" HierarchyLvlTypeId="24" Intrnl_Id="838" Name="GUICard">
<Header>
<Loc EndOffset="295" SrcFileId="11" StartOffset="275"/>
</Header>
<LocList>
<Loc EndOffset="1518" SrcFileId="11" StartOffset="275"/>
</LocList>
<HierarchyLvl HierarchyLvlId="375" HierarchyLvlTypeId="23" Intrnl_Id="839" Name="GUICard">
<Header>
<Loc EndOffset="552" SrcFileId="11" StartOffset="512"/>
</Header>
<LocList>
<Loc EndOffset="597" SrcFileId="11" StartOffset="512"/>
</LocList>
<StmntSeq Intrnl_Id="840">
<LocList>
<Loc EndOffset="572" SrcFileId="11" StartOffset="557"/>
<Loc EndOffset="593" SrcFileId="11" StartOffset="576"/>
</LocList>
<BasicStmnt CovItemId="S1" CovItemPrefix="devops.hw1.core.GUICard.java" Intrnl_Id="841">
<LocList>
<Loc EndOffset="572" SrcFileId="11" StartOffset="557"/>
</LocList>
</BasicStmnt>
<BasicStmnt CovItemId="S2" CovItemPrefix="devops.hw1.core.GUICard.java" Intrnl_Id="842">
<LocList>
<Loc EndOffset="593" SrcFileId="11" StartOffset="576"/>
</LocList>
</BasicStmnt>
</StmntSeq>
</HierarchyLvl>
<HierarchyLvl HierarchyLvlId="376" HierarchyLvlTypeId="23" Intrnl_Id="843" Name="getRec">
<Header>
<Loc EndOffset="711" SrcFileId="11" StartOffset="686"/>
</Header>
<LocList>
<Loc EndOffset="732" SrcFileId="11" StartOffset="686"/>
</LocList>
<StmntSeq Intrnl_Id="844">
<LocList>
<Loc EndOffset="728" SrcFileId="11" StartOffset="717"/>
</LocList>
<BasicStmnt CovItemId="S3" CovItemPrefix="devops.hw1.core.GUICard.java" Intrnl_Id="845">
<LocList>
<Loc EndOffset="728" SrcFileId="11" StartOffset="717"/>
</LocList>
</BasicStmnt>
</StmntSeq>
</HierarchyLvl>
<HierarchyLvl HierarchyLvlId="377" HierarchyLvlTypeId="23" Intrnl_Id="846" Name="setRec">
<Header>
<Loc EndOffset="854" SrcFileId="11" StartOffset="821"/>
</Header>
<LocList>
<Loc EndOffset="879" SrcFileId="11" StartOffset="821"/>
</LocList>
<StmntSeq Intrnl_Id="847">
<LocList>
<Loc EndOffset="875" SrcFileId="11" StartOffset="860"/>
</LocList>
<BasicStmnt CovItemId="S4" CovItemPrefix="devops.hw1.core.GUICard.java" Intrnl_Id="848">
<LocList>
<Loc EndOffset="875" SrcFileId="11" StartOffset="860"/>
</LocList>
</BasicStmnt>
</StmntSeq>
</HierarchyLvl>
<HierarchyLvl HierarchyLvlId="378" HierarchyLvlTypeId="23" Intrnl_Id="849" Name="getCard">
<Header>
<Loc EndOffset="979" SrcFileId="11" StartOffset="958"/>
</Header>
<LocList>
<Loc EndOffset="1001" SrcFileId="11" StartOffset="958"/>
</LocList>
<StmntSeq Intrnl_Id="850">
<LocList>
<Loc EndOffset="997" SrcFileId="11" StartOffset="985"/>
</LocList>
<BasicStmnt CovItemId="S5" CovItemPrefix="devops.hw1.core.GUICard.java" Intrnl_Id="851">
<LocList>
<Loc EndOffset="997" SrcFileId="11" StartOffset="985"/>
</LocList>
</BasicStmnt>
</StmntSeq>
</HierarchyLvl>
<HierarchyLvl HierarchyLvlId="379" HierarchyLvlTypeId="23" Intrnl_Id="852" Name="setCard">
<Header>
<Loc EndOffset="1110" SrcFileId="11" StartOffset="1080"/>
</Header>
<LocList>
<Loc EndOffset="1137" SrcFileId="11" StartOffset="1080"/>
</LocList>
<StmntSeq Intrnl_Id="853">
<LocList>
<Loc EndOffset="1133" SrcFileId="11" StartOffset="1116"/>
</LocList>
<BasicStmnt CovItemId="S6" CovItemPrefix="devops.hw1.core.GUICard.java" Intrnl_Id="854">
<LocList>
<Loc EndOffset="1133" SrcFileId="11" StartOffset="1116"/>
</LocList>
</BasicStmnt>
</StmntSeq>
</HierarchyLvl>
<HierarchyLvl HierarchyLvlId="380" HierarchyLvlTypeId="23" Intrnl_Id="855" Name="getImage">
<Header>
<Loc EndOffset="1256" SrcFileId="11" StartOffset="1225"/>
</Header>
<LocList>
<Loc EndOffset="1515" SrcFileId="11" StartOffset="1225"/>
</LocList>
<StmntSeq Intrnl_Id="856">
<LocList>
<Loc EndOffset="1511" SrcFileId="11" StartOffset="1261"/>
</LocList>
<CondStmnt CovItemId="S7" CovItemPrefix="devops.hw1.core.GUICard.java" Intrnl_Id="857">
<Branch CovItemId="B1" CovItemPrefix="devops.hw1.core.GUICard.java" Implct="false" Intrnl_Id="858">
<Cond/>
<LocList>
<Loc EndOffset="1311" SrcFileId="11" StartOffset="1288"/>
</LocList>
<StmntSeq Intrnl_Id="859">
<LocList>
<Loc EndOffset="1306" SrcFileId="11" StartOffset="1294"/>
</LocList>
<BasicStmnt CovItemId="S8" CovItemPrefix="devops.hw1.core.GUICard.java" Intrnl_Id="860">
<LocList>
<Loc EndOffset="1306" SrcFileId="11" StartOffset="1294"/>
</LocList>
</BasicStmnt>
</StmntSeq>
</Branch>
<Branch CovItemId="B2" CovItemPrefix="devops.hw1.core.GUICard.java" Implct="false" Intrnl_Id="861">
<Cond>
<Loc EndOffset="1316" SrcFileId="11" StartOffset="1312"/>
</Cond>
<LocList>
<Loc EndOffset="1511" SrcFileId="11" StartOffset="1317"/>
</LocList>
<StmntSeq Intrnl_Id="862">
<LocList>
<Loc EndOffset="1348" SrcFileId="11" StartOffset="1323"/>
<Loc EndOffset="1418" SrcFileId="11" StartOffset="1372"/>
<Loc EndOffset="1490" SrcFileId="11" StartOffset="1356"/>
<Loc EndOffset="1506" SrcFileId="11" StartOffset="1495"/>
</LocList>
<BasicStmnt CovItemId="S9" CovItemPrefix="devops.hw1.core.GUICard.java" Intrnl_Id="863">
<LocList>
<Loc EndOffset="1348" SrcFileId="11" StartOffset="1323"/>
</LocList>
</BasicStmnt>
<BasicStmnt CovItemId="S11" CovItemPrefix="devops.hw1.core.GUICard.java" Intrnl_Id="864">
<LocList>
<Loc EndOffset="1418" SrcFileId="11" StartOffset="1372"/>
</LocList>
</BasicStmnt>
<CondStmnt CovItemId="S10" CovItemPrefix="devops.hw1.core.GUICard.java" Intrnl_Id="865">
<Branch CovItemId="B3" CovItemPrefix="devops.hw1.core.GUICard.java" Implct="true" Intrnl_Id="866">
<Cond/>
<LocList/>
<StmntSeq Intrnl_Id="867">
<LocList/>
</StmntSeq>
</Branch>
<Branch CovItemId="B4" CovItemPrefix="devops.hw1.core.GUICard.java" Implct="false" Intrnl_Id="868">
<Cond>
<Loc EndOffset="1451" SrcFileId="11" StartOffset="1430"/>
</Cond>
<LocList>
<Loc EndOffset="1490" SrcFileId="11" StartOffset="1457"/>
</LocList>
<StmntSeq Intrnl_Id="869">
<LocList>
<Loc EndOffset="1484" SrcFileId="11" StartOffset="1464"/>
</LocList>
<BasicStmnt CovItemId="S12" CovItemPrefix="devops.hw1.core.GUICard.java" Intrnl_Id="870">
<LocList>
<Loc EndOffset="1484" SrcFileId="11" StartOffset="1464"/>
</LocList>
</BasicStmnt>
</StmntSeq>
</Branch>
<Keyword EndOffset="1359" SrcFileId="11" StartOffset="1356"/>
<LocList>
<Loc EndOffset="1490" SrcFileId="11" StartOffset="1356"/>
</LocList>
</CondStmnt>
<BasicStmnt CovItemId="S13" CovItemPrefix="devops.hw1.core.GUICard.java" Intrnl_Id="871">
<LocList>
<Loc EndOffset="1506" SrcFileId="11" StartOffset="1495"/>
</LocList>
</BasicStmnt>
</StmntSeq>
</Branch>
<Keyword EndOffset="1263" SrcFileId="11" StartOffset="1261"/>
<LocList>
<Loc EndOffset="1511" SrcFileId="11" StartOffset="1261"/>
</LocList>
<RootTerm CovItemId="C1" CovItemPrefix="devops.hw1.core.GUICard.java" Intrnl_Id="872">
<BasicBoolTerm Intrnl_Id="873">
<LocList>
<Loc EndOffset="1287" SrcFileId="11" StartOffset="1264"/>
</LocList>
</BasicBoolTerm>
</RootTerm>
</CondStmnt>
</StmntSeq>
</HierarchyLvl>
</HierarchyLvl>
<HierarchyLvl HierarchyLvlId="389" HierarchyLvlTypeId="24" Intrnl_Id="874" Name="DispGUICard">
<Header>
<Loc EndOffset="199" SrcFileId="12" StartOffset="159"/>
</Header>
<LocList>
<Loc EndOffset="2429" SrcFileId="12" StartOffset="159"/>
</LocList>
<HierarchyLvl HierarchyLvlId="382" HierarchyLvlTypeId="23" Intrnl_Id="875" Name="DispGUICard">
<Header>
<Loc EndOffset="664" SrcFileId="12" StartOffset="598"/>
</Header>
<LocList>
<Loc EndOffset="986" SrcFileId="12" StartOffset="598"/>
</LocList>
<StmntSeq Intrnl_Id="876">
<LocList>
<Loc EndOffset="687" SrcFileId="12" StartOffset="670"/>
<Loc EndOffset="733" SrcFileId="12" StartOffset="691"/>
<Loc EndOffset="911" SrcFileId="12" StartOffset="741"/>
<Loc EndOffset="934" SrcFileId="12" StartOffset="915"/>
<Loc EndOffset="955" SrcFileId="12" StartOffset="938"/>
<Loc EndOffset="982" SrcFileId="12" StartOffset="959"/>
</LocList>
<BasicStmnt CovItemId="S1" CovItemPrefix="devops.hw1.core.DispGUICard.java" Intrnl_Id="877">
<LocList>
<Loc EndOffset="687" SrcFileId="12" StartOffset="670"/>
</LocList>
</BasicStmnt>
<BasicStmnt CovItemId="S2" CovItemPrefix="devops.hw1.core.DispGUICard.java" Intrnl_Id="878">
<LocList>
<Loc EndOffset="733" SrcFileId="12" StartOffset="691"/>
</LocList>
</BasicStmnt>
<CondStmnt CovItemId="S3" CovItemPrefix="devops.hw1.core.DispGUICard.java" Intrnl_Id="879">
<Branch CovItemId="B1" CovItemPrefix="devops.hw1.core.DispGUICard.java" Implct="false" Intrnl_Id="880">
<Cond/>
<LocList>
<Loc EndOffset="911" SrcFileId="12" StartOffset="768"/>
</LocList>
<StmntSeq Intrnl_Id="881">
<LocList>
<Loc EndOffset="906" SrcFileId="12" StartOffset="774"/>
</LocList>
<BasicStmnt CovItemId="S4" CovItemPrefix="devops.hw1.core.DispGUICard.java" Intrnl_Id="882">
<LocList>
<Loc EndOffset="906" SrcFileId="12" StartOffset="774"/>
</LocList>
</BasicStmnt>
</StmntSeq>
</Branch>
<Branch CovItemId="B2" CovItemPrefix="devops.hw1.core.DispGUICard.java" Implct="true" Intrnl_Id="883">
<Cond/>
<LocList/>
<StmntSeq Intrnl_Id="884">
<LocList/>
</StmntSeq>
</Branch>
<Keyword EndOffset="743" SrcFileId="12" StartOffset="741"/>
<LocList>
<Loc EndOffset="911" SrcFileId="12" StartOffset="741"/>
</LocList>
<RootTerm CovItemId="C1" CovItemPrefix="devops.hw1.core.DispGUICard.java" Intrnl_Id="885">
<BasicBoolTerm Intrnl_Id="886">
<LocList>
<Loc EndOffset="766" SrcFileId="12" StartOffset="744"/>
</LocList>
</BasicBoolTerm>
</RootTerm>
</CondStmnt>
<BasicStmnt CovItemId="S5" CovItemPrefix="devops.hw1.core.DispGUICard.java" Intrnl_Id="887">
<LocList>
<Loc EndOffset="934" SrcFileId="12" StartOffset="915"/>
</LocList>
</BasicStmnt>
<BasicStmnt CovItemId="S6" CovItemPrefix="devops.hw1.core.DispGUICard.java" Intrnl_Id="888">
<LocList>
<Loc EndOffset="955" SrcFileId="12" StartOffset="938"/>
</LocList>
</BasicStmnt>
<BasicStmnt CovItemId="S7" CovItemPrefix="devops.hw1.core.DispGUICard.java" Intrnl_Id="889">
<LocList>
<Loc EndOffset="982" SrcFileId="12" StartOffset="959"/>
</LocList>
</BasicStmnt>
</StmntSeq>
</HierarchyLvl>
<HierarchyLvl HierarchyLvlId="383" HierarchyLvlTypeId="23" Intrnl_Id="890" Name="generateAbilityBoxes">
<Header>
<Loc EndOffset="1136" SrcFileId="12" StartOffset="1101"/>
</Header>
<LocList>
<Loc EndOffset="1559" SrcFileId="12" StartOffset="1101"/>
</LocList>
<StmntSeq Intrnl_Id="891">
<LocList>
<Loc EndOffset="1199" SrcFileId="12" StartOffset="1142"/>
<Loc EndOffset="1312" SrcFileId="12" StartOffset="1203"/>
<Loc EndOffset="1357" SrcFileId="12" StartOffset="1316"/>
<Loc EndOffset="1555" SrcFileId="12" StartOffset="1361"/>
</LocList>
<BasicStmnt CovItemId="S8" CovItemPrefix="devops.hw1.core.DispGUICard.java" Intrnl_Id="892">
<LocList>
<Loc EndOffset="1199" SrcFileId="12" StartOffset="1142"/>
</LocList>
</BasicStmnt>
<BasicStmnt CovItemId="S9" CovItemPrefix="devops.hw1.core.DispGUICard.java" Intrnl_Id="893">
<LocList>
<Loc EndOffset="1312" SrcFileId="12" StartOffset="1203"/>
</LocList>
</BasicStmnt>
<BasicStmnt CovItemId="S10" CovItemPrefix="devops.hw1.core.DispGUICard.java" Intrnl_Id="894">
<LocList>
<Loc EndOffset="1357" SrcFileId="12" StartOffset="1316"/>
</LocList>
</BasicStmnt>
<LoopStmnt CovItemId="S11" CovItemPrefix="devops.hw1.core.DispGUICard.java" Intrnl_Id="895" MltplExecId="L1-2" MltplExecPrefix="devops.hw1.core.DispGUICard.java" NvrExecId="L1-0" NvrExecPrefix="devops.hw1.core.DispGUICard.java" OnceExecutedId="L1-1" OnceExecutedPrefix="devops.hw1.core.DispGUICard.java" OptBodyExec="true">
<StmntSeq Intrnl_Id="896">
<LocList>
<Loc EndOffset="1550" SrcFileId="12" StartOffset="1418"/>
</LocList>
<BasicStmnt CovItemId="S12" CovItemPrefix="devops.hw1.core.DispGUICard.java" Intrnl_Id="897">
<LocList>
<Loc EndOffset="1550" SrcFileId="12" StartOffset="1418"/>
</LocList>
</BasicStmnt>
</StmntSeq>
<Keyword EndOffset="1364" SrcFileId="12" StartOffset="1361"/>
<LocList>
<Loc EndOffset="1555" SrcFileId="12" StartOffset="1361"/>
</LocList>
<RootTerm CovItemId="C2" CovItemPrefix="devops.hw1.core.DispGUICard.java" Intrnl_Id="898">
<BasicBoolTerm Intrnl_Id="899">
<LocList>
<Loc EndOffset="1406" SrcFileId="12" StartOffset="1376"/>
</LocList>
</BasicBoolTerm>
</RootTerm>
</LoopStmnt>
</StmntSeq>
</HierarchyLvl>
<HierarchyLvl HierarchyLvlId="384" HierarchyLvlTypeId="23" Intrnl_Id="900" Name="getAbilityStrings">
<Header>
<Loc EndOffset="1698" SrcFileId="12" StartOffset="1663"/>
</Header>
<LocList>
<Loc EndOffset="1730" SrcFileId="12" StartOffset="1663"/>
</LocList>
<StmntSeq Intrnl_Id="901">
<LocList>
<Loc EndOffset="1726" SrcFileId="12" StartOffset="1704"/>
</LocList>
<BasicStmnt CovItemId="S13" CovItemPrefix="devops.hw1.core.DispGUICard.java" Intrnl_Id="902">
<LocList>
<Loc EndOffset="1726" SrcFileId="12" StartOffset="1704"/>
</LocList>
</BasicStmnt>
</StmntSeq>
</HierarchyLvl>
<HierarchyLvl HierarchyLvlId="385" HierarchyLvlTypeId="23" Intrnl_Id="903" Name="setAbilityStrings">
<Header>
<Loc EndOffset="1909" SrcFileId="12" StartOffset="1855"/>
</Header>
<LocList>
<Loc EndOffset="1956" SrcFileId="12" StartOffset="1855"/>
</LocList>
<StmntSeq Intrnl_Id="904">
<LocList>
<Loc EndOffset="1952" SrcFileId="12" StartOffset="1915"/>
</LocList>
<BasicStmnt CovItemId="S14" CovItemPrefix="devops.hw1.core.DispGUICard.java" Intrnl_Id="905">
<LocList>
<Loc EndOffset="1952" SrcFileId="12" StartOffset="1915"/>
</LocList>
</BasicStmnt>
</StmntSeq>
</HierarchyLvl>
<HierarchyLvl HierarchyLvlId="386" HierarchyLvlTypeId="23" Intrnl_Id="906" Name="getAbilityBoxes">
<Header>
<Loc EndOffset="2092" SrcFileId="12" StartOffset="2056"/>
</Header>
<LocList>
<Loc EndOffset="2122" SrcFileId="12" StartOffset="2056"/>
</LocList>
<StmntSeq Intrnl_Id="907">
<LocList>
<Loc EndOffset="2118" SrcFileId="12" StartOffset="2098"/>
</LocList>
<BasicStmnt CovItemId="S15" CovItemPrefix="devops.hw1.core.DispGUICard.java" Intrnl_Id="908">
<LocList>
<Loc EndOffset="2118" SrcFileId="12" StartOffset="2098"/>
</LocList>
</BasicStmnt>
</StmntSeq>
</HierarchyLvl>
<HierarchyLvl HierarchyLvlId="387" HierarchyLvlTypeId="23" Intrnl_Id="909" Name="getIndex">
<Header>
<Loc EndOffset="2252" SrcFileId="12" StartOffset="2231"/>
</Header>
<LocList>
<Loc EndOffset="2275" SrcFileId="12" StartOffset="2231"/>
</LocList>
<StmntSeq Intrnl_Id="910">
<LocList>
<Loc EndOffset="2271" SrcFileId="12" StartOffset="2258"/>
</LocList>
<BasicStmnt CovItemId="S16" CovItemPrefix="devops.hw1.core.DispGUICard.java" Intrnl_Id="911">
<LocList>
<Loc EndOffset="2271" SrcFileId="12" StartOffset="2258"/>
</LocList>
</BasicStmnt>
</StmntSeq>
</HierarchyLvl>
<HierarchyLvl HierarchyLvlId="388" HierarchyLvlTypeId="23" Intrnl_Id="912" Name="getZone">
<Header>
<Loc EndOffset="2404" SrcFileId="12" StartOffset="2383"/>
</Header>
<LocList>
<Loc EndOffset="2426" SrcFileId="12" StartOffset="2383"/>
</LocList>
<StmntSeq Intrnl_Id="913">
<LocList>
<Loc EndOffset="2422" SrcFileId="12" StartOffset="2410"/>
</LocList>
<BasicStmnt CovItemId="S17" CovItemPrefix="devops.hw1.core.DispGUICard.java" Intrnl_Id="914">
<LocList>
<Loc EndOffset="2422" SrcFileId="12" StartOffset="2410"/>
</LocList>
</BasicStmnt>
</StmntSeq>
</HierarchyLvl>
</HierarchyLvl>
<HierarchyLvl HierarchyLvlId="416" HierarchyLvlTypeId="24" Intrnl_Id="915" Name="Card">
<Header>
<Loc EndOffset="146" SrcFileId="13" StartOffset="129"/>
</Header>
<LocList>
<Loc EndOffset="6389" SrcFileId="13" StartOffset="129"/>
</LocList>
<StmntSeq Intrnl_Id="916">
<LocList>
<Loc EndOffset="340" SrcFileId="13" StartOffset="278"/>
</LocList>
<BasicStmnt CovItemId="S1" CovItemPrefix="devops.hw1.core.Card.java" Intrnl_Id="917">
<LocList>
<Loc EndOffset="340" SrcFileId="13" StartOffset="278"/>
</LocList>
</BasicStmnt>
</StmntSeq>
<HierarchyLvl HierarchyLvlId="390" HierarchyLvlTypeId="23" Intrnl_Id="918" Name="Card">
<Header>
<Loc EndOffset="580" SrcFileId="13" StartOffset="545"/>
</Header>
<LocList>
<Loc EndOffset="678" SrcFileId="13" StartOffset="545"/>
</LocList>
<StmntSeq Intrnl_Id="919">
<LocList>
<Loc EndOffset="599" SrcFileId="13" StartOffset="585"/>
<Loc EndOffset="623" SrcFileId="13" StartOffset="603"/>
<Loc EndOffset="651" SrcFileId="13" StartOffset="627"/>
<Loc EndOffset="674" SrcFileId="13" StartOffset="655"/>
</LocList>
<BasicStmnt CovItemId="S2" CovItemPrefix="devops.hw1.core.Card.java" Intrnl_Id="920">
<LocList>
<Loc EndOffset="599" SrcFileId="13" StartOffset="585"/>
</LocList>
</BasicStmnt>
<BasicStmnt CovItemId="S3" CovItemPrefix="devops.hw1.core.Card.java" Intrnl_Id="921">
<LocList>
<Loc EndOffset="623" SrcFileId="13" StartOffset="603"/>
</LocList>
</BasicStmnt>
<BasicStmnt CovItemId="S4" CovItemPrefix="devops.hw1.core.Card.java" Intrnl_Id="922">
<LocList>
<Loc EndOffset="651" SrcFileId="13" StartOffset="627"/>
</LocList>
</BasicStmnt>
<BasicStmnt CovItemId="S5" CovItemPrefix="devops.hw1.core.Card.java" Intrnl_Id="923">
<LocList>
<Loc EndOffset="674" SrcFileId="13" StartOffset="655"/>
</LocList>
</BasicStmnt>
</StmntSeq>
</HierarchyLvl>
<HierarchyLvl HierarchyLvlId="391" HierarchyLvlTypeId="23" Intrnl_Id="924" Name="Card">
<Header>
<Loc EndOffset="864" SrcFileId="13" StartOffset="684"/>
</Header>
<LocList>
<Loc EndOffset="1419" SrcFileId="13" StartOffset="684"/>
</LocList>
<StmntSeq Intrnl_Id="925">
<LocList>
<Loc EndOffset="886" SrcFileId="13" StartOffset="869"/>
<Loc EndOffset="1027" SrcFileId="13" StartOffset="890"/>
<Loc EndOffset="1058" SrcFileId="13" StartOffset="1031"/>
<Loc EndOffset="1094" SrcFileId="13" StartOffset="1071"/>
<Loc EndOffset="1120" SrcFileId="13" StartOffset="1099"/>
<Loc EndOffset="1144" SrcFileId="13" StartOffset="1125"/>
<Loc EndOffset="1182" SrcFileId="13" StartOffset="1149"/>
<Loc EndOffset="1216" SrcFileId="13" StartOffset="1187"/>
<Loc EndOffset="1242" SrcFileId="13" StartOffset="1221"/>
<Loc EndOffset="1368" SrcFileId="13" StartOffset="1062"/>
<Loc EndOffset="1392" SrcFileId="13" StartOffset="1372"/>
<Loc EndOffset="1415" SrcFileId="13" StartOffset="1396"/>
</LocList>
<BasicStmnt CovItemId="S6" CovItemPrefix="devops.hw1.core.Card.java" Intrnl_Id="926">
<LocList>
<Loc EndOffset="886" SrcFileId="13" StartOffset="869"/>
</LocList>
</BasicStmnt>
<CondStmnt CovItemId="S7" CovItemPrefix="devops.hw1.core.Card.java" Intrnl_Id="927">
<Branch CovItemId="B1" CovItemPrefix="devops.hw1.core.Card.java" Implct="false" Intrnl_Id="928">
<Cond/>
<LocList>
<Loc EndOffset="1027" SrcFileId="13" StartOffset="911"/>
</LocList>
<StmntSeq Intrnl_Id="929">
<LocList>
<Loc EndOffset="1022" SrcFileId="13" StartOffset="917"/>
</LocList>
<BasicStmnt CovItemId="S8" CovItemPrefix="devops.hw1.core.Card.java" Intrnl_Id="930">
<LocList>
<Loc EndOffset="1022" SrcFileId="13" StartOffset="917"/>
</LocList>
</BasicStmnt>
</StmntSeq>
</Branch>
<Branch CovItemId="B2" CovItemPrefix="devops.hw1.core.Card.java" Implct="true" Intrnl_Id="931">
<Cond/>
<LocList/>
<StmntSeq Intrnl_Id="932">
<LocList/>
</StmntSeq>
</Branch>
<Keyword EndOffset="892" SrcFileId="13" StartOffset="890"/>
<LocList>
<Loc EndOffset="1027" SrcFileId="13" StartOffset="890"/>
</LocList>
<RootTerm CovItemId="C1" CovItemPrefix="devops.hw1.core.Card.java" Intrnl_Id="933">
<BasicBoolTerm Intrnl_Id="934">
<LocList>
<Loc EndOffset="910" SrcFileId="13" StartOffset="893"/>
</LocList>
</BasicBoolTerm>
</RootTerm>
</CondStmnt>
<BasicStmnt CovItemId="S9" CovItemPrefix="devops.hw1.core.Card.java" Intrnl_Id="935">
<LocList>
<Loc EndOffset="1058" SrcFileId="13" StartOffset="1031"/>
</LocList>
</BasicStmnt>
<BasicStmnt CovItemId="S11" CovItemPrefix="devops.hw1.core.Card.java" Intrnl_Id="936">
<LocList>
<Loc EndOffset="1094" SrcFileId="13" StartOffset="1071"/>
</LocList>
</BasicStmnt>
<BasicStmnt CovItemId="S12" CovItemPrefix="devops.hw1.core.Card.java" Intrnl_Id="937">
<LocList>
<Loc EndOffset="1120" SrcFileId="13" StartOffset="1099"/>
</LocList>
</BasicStmnt>
<BasicStmnt CovItemId="S13" CovItemPrefix="devops.hw1.core.Card.java" Intrnl_Id="938">
<LocList>
<Loc EndOffset="1144" SrcFileId="13" StartOffset="1125"/>
</LocList>
</BasicStmnt>
<BasicStmnt CovItemId="S14" CovItemPrefix="devops.hw1.core.Card.java" Intrnl_Id="939">
<LocList>
<Loc EndOffset="1182" SrcFileId="13" StartOffset="1149"/>
</LocList>
</BasicStmnt>
<BasicStmnt CovItemId="S15" CovItemPrefix="devops.hw1.core.Card.java" Intrnl_Id="940">
<LocList>
<Loc EndOffset="1216" SrcFileId="13" StartOffset="1187"/>
</LocList>
</BasicStmnt>
<BasicStmnt CovItemId="S16" CovItemPrefix="devops.hw1.core.Card.java" Intrnl_Id="941">
<LocList>
<Loc EndOffset="1242" SrcFileId="13" StartOffset="1221"/>
</LocList>
</BasicStmnt>
<CondStmnt CovItemId="S10" CovItemPrefix="devops.hw1.core.Card.java" Intrnl_Id="942">
<Branch CovItemId="B3" CovItemPrefix="devops.hw1.core.Card.java" Implct="true" Intrnl_Id="943">
<Cond/>
<LocList/>
<StmntSeq Intrnl_Id="944">
<LocList/>
</StmntSeq>
</Branch>
<Branch CovItemId="B4" CovItemPrefix="devops.hw1.core.Card.java" Implct="false" Intrnl_Id="945">
<Cond>
<Loc EndOffset="1267" SrcFileId="13" StartOffset="1248"/>
</Cond>
<LocList>
<Loc EndOffset="1368" SrcFileId="13" StartOffset="1267"/>
</LocList>
<StmntSeq Intrnl_Id="946">
<LocList>
<Loc EndOffset="1363" SrcFileId="13" StartOffset="1273"/>
</LocList>
<BasicStmnt CovItemId="S17" CovItemPrefix="devops.hw1.core.Card.java" Intrnl_Id="947">
<LocList>
<Loc EndOffset="1363" SrcFileId="13" StartOffset="1273"/>
</LocList>
</BasicStmnt>
</StmntSeq>
</Branch>
<Keyword EndOffset="1065" SrcFileId="13" StartOffset="1062"/>
<LocList>
<Loc EndOffset="1368" SrcFileId="13" StartOffset="1062"/>
</LocList>
</CondStmnt>
<BasicStmnt CovItemId="S18" CovItemPrefix="devops.hw1.core.Card.java" Intrnl_Id="948">
<LocList>
<Loc EndOffset="1392" SrcFileId="13" StartOffset="1372"/>
</LocList>
</BasicStmnt>
<BasicStmnt CovItemId="S19" CovItemPrefix="devops.hw1.core.Card.java" Intrnl_Id="949">
<LocList>
<Loc EndOffset="1415" SrcFileId="13" StartOffset="1396"/>
</LocList>
</BasicStmnt>
</StmntSeq>
</HierarchyLvl>
<HierarchyLvl HierarchyLvlId="392" HierarchyLvlTypeId="23" Intrnl_Id="950" Name="addAbility">
<Header>
<Loc EndOffset="1653" SrcFileId="13" StartOffset="1616"/>
</Header>
<LocList>
<Loc EndOffset="1692" SrcFileId="13" StartOffset="1616"/>
</LocList>
<StmntSeq Intrnl_Id="951">
<LocList>
<Loc EndOffset="1686" SrcFileId="13" StartOffset="1659"/>
</LocList>
<BasicStmnt CovItemId="S20" CovItemPrefix="devops.hw1.core.Card.java" Intrnl_Id="952">
<LocList>
<Loc EndOffset="1686" SrcFileId="13" StartOffset="1659"/>
</LocList>
</BasicStmnt>
</StmntSeq>
</HierarchyLvl>
<HierarchyLvl HierarchyLvlId="393" HierarchyLvlTypeId="23" Intrnl_Id="953" Name="getAbilities">
<Header>
<Loc EndOffset="1797" SrcFileId="13" StartOffset="1767"/>
</Header>
<LocList>
<Loc EndOffset="1854" SrcFileId="13" StartOffset="1767"/>
</LocList>
<StmntSeq Intrnl_Id="954">
<LocList>
<Loc EndOffset="1850" SrcFileId="13" StartOffset="1803"/>
</LocList>
<BasicStmnt CovItemId="S21" CovItemPrefix="devops.hw1.core.Card.java" Intrnl_Id="955">
<LocList>
<Loc EndOffset="1850" SrcFileId="13" StartOffset="1803"/>
</LocList>
</BasicStmnt>
</StmntSeq>
</HierarchyLvl>
<HierarchyLvl HierarchyLvlId="394" HierarchyLvlTypeId="23" Intrnl_Id="956" Name="getColor">
<Header>
<Loc EndOffset="1948" SrcFileId="13" StartOffset="1924"/>
</Header>
<LocList>
<Loc EndOffset="1976" SrcFileId="13" StartOffset="1924"/>
</LocList>
<StmntSeq Intrnl_Id="957">
<LocList>
<Loc EndOffset="1972" SrcFileId="13" StartOffset="1954"/>
</LocList>
<BasicStmnt CovItemId="S22" CovItemPrefix="devops.hw1.core.Card.java" Intrnl_Id="958">
<LocList>
<Loc EndOffset="1972" SrcFileId="13" StartOffset="1954"/>
</LocList>
</BasicStmnt>
</StmntSeq>
</HierarchyLvl>
<HierarchyLvl HierarchyLvlId="395" HierarchyLvlTypeId="23" Intrnl_Id="959" Name="getCost">
<Header>
<Loc EndOffset="2139" SrcFileId="13" StartOffset="2116"/>
</Header>
<LocList>
<Loc EndOffset="2169" SrcFileId="13" StartOffset="2116"/>
</LocList>
<StmntSeq Intrnl_Id="960">
<LocList>
<Loc EndOffset="2165" SrcFileId="13" StartOffset="2144"/>
</LocList>
<BasicStmnt CovItemId="S23" CovItemPrefix="devops.hw1.core.Card.java" Intrnl_Id="961">
<LocList>
<Loc EndOffset="2165" SrcFileId="13" StartOffset="2144"/>
</LocList>
</BasicStmnt>
</StmntSeq>
</HierarchyLvl>
<HierarchyLvl HierarchyLvlId="396" HierarchyLvlTypeId="23" Intrnl_Id="962" Name="getImage">
<Header>
<Loc EndOffset="2245" SrcFileId="13" StartOffset="2221"/>
</Header>
<LocList>
<Loc EndOffset="2273" SrcFileId="13" StartOffset="2221"/>
</LocList>
<StmntSeq Intrnl_Id="963">
<LocList>
<Loc EndOffset="2269" SrcFileId="13" StartOffset="2251"/>
</LocList>
<BasicStmnt CovItemId="S24" CovItemPrefix="devops.hw1.core.Card.java" Intrnl_Id="964">
<LocList>
<Loc EndOffset="2269" SrcFileId="13" StartOffset="2251"/>
</LocList>
</BasicStmnt>
</StmntSeq>
</HierarchyLvl>
<HierarchyLvl HierarchyLvlId="397" HierarchyLvlTypeId="23" Intrnl_Id="965" Name="getName">
<Header>
<Loc EndOffset="2352" SrcFileId="13" StartOffset="2329"/>
</Header>
<LocList>
<Loc EndOffset="2378" SrcFileId="13" StartOffset="2329"/>
</LocList>
<StmntSeq Intrnl_Id="966">
<LocList>
<Loc EndOffset="2374" SrcFileId="13" StartOffset="2357"/>
</LocList>
<BasicStmnt CovItemId="S25" CovItemPrefix="devops.hw1.core.Card.java" Intrnl_Id="967">
<LocList>
<Loc EndOffset="2374" SrcFileId="13" StartOffset="2357"/>
</LocList>
</BasicStmnt>
</StmntSeq>
</HierarchyLvl>
<HierarchyLvl HierarchyLvlId="398" HierarchyLvlTypeId="23" Intrnl_Id="968" Name="getPower">
<Header>
<Loc EndOffset="2443" SrcFileId="13" StartOffset="2422"/>
</Header>
<LocList>
<Loc EndOffset="2471" SrcFileId="13" StartOffset="2422"/>
</LocList>
<StmntSeq Intrnl_Id="969">
<LocList>
<Loc EndOffset="2467" SrcFileId="13" StartOffset="2449"/>
</LocList>
<BasicStmnt CovItemId="S26" CovItemPrefix="devops.hw1.core.Card.java" Intrnl_Id="970">
<LocList>
<Loc EndOffset="2467" SrcFileId="13" StartOffset="2449"/>
</LocList>
</BasicStmnt>
</StmntSeq>
</HierarchyLvl>
<HierarchyLvl HierarchyLvlId="399" HierarchyLvlTypeId="23" Intrnl_Id="971" Name="getToughness">
<Header>
<Loc EndOffset="2544" SrcFileId="13" StartOffset="2519"/>
</Header>
<LocList>
<Loc EndOffset="2578" SrcFileId="13" StartOffset="2519"/>
</LocList>
<StmntSeq Intrnl_Id="972">
<LocList>
<Loc EndOffset="2572" SrcFileId="13" StartOffset="2550"/>
</LocList>
<BasicStmnt CovItemId="S27" CovItemPrefix="devops.hw1.core.Card.java" Intrnl_Id="973">
<LocList>
<Loc EndOffset="2572" SrcFileId="13" StartOffset="2550"/>
</LocList>
</BasicStmnt>
</StmntSeq>
</HierarchyLvl>
<HierarchyLvl HierarchyLvlId="400" HierarchyLvlTypeId="23" Intrnl_Id="974" Name="getType">
<Header>
<Loc EndOffset="2780" SrcFileId="13" StartOffset="2757"/>
</Header>
<LocList>
<Loc EndOffset="2809" SrcFileId="13" StartOffset="2757"/>
</LocList>
<StmntSeq Intrnl_Id="975">
<LocList>
<Loc EndOffset="2803" SrcFileId="13" StartOffset="2786"/>
</LocList>
<BasicStmnt CovItemId="S28" CovItemPrefix="devops.hw1.core.Card.java" Intrnl_Id="976">
<LocList>
<Loc EndOffset="2803" SrcFileId="13" StartOffset="2786"/>
</LocList>
</BasicStmnt>
</StmntSeq>
</HierarchyLvl>
<HierarchyLvl HierarchyLvlId="401" HierarchyLvlTypeId="23" Intrnl_Id="977" Name="setColor">
<Header>
<Loc EndOffset="2966" SrcFileId="13" StartOffset="2931"/>
</Header>
<LocList>
<Loc EndOffset="3179" SrcFileId="13" StartOffset="2931"/>
</LocList>
<StmntSeq Intrnl_Id="978">
<LocList>
<Loc EndOffset="3000" SrcFileId="13" StartOffset="2972"/>
<Loc EndOffset="3149" SrcFileId="13" StartOffset="3004"/>
<Loc EndOffset="3173" SrcFileId="13" StartOffset="3153"/>
</LocList>
<BasicStmnt CovItemId="S29" CovItemPrefix="devops.hw1.core.Card.java" Intrnl_Id="979">
<LocList>
<Loc EndOffset="3000" SrcFileId="13" StartOffset="2972"/>
</LocList>
</BasicStmnt>
<CondStmnt CovItemId="S30" CovItemPrefix="devops.hw1.core.Card.java" Intrnl_Id="980">
<Branch CovItemId="B5" CovItemPrefix="devops.hw1.core.Card.java" Implct="false" Intrnl_Id="981">
<Cond/>
<LocList>
<Loc EndOffset="3149" SrcFileId="13" StartOffset="3031"/>
</LocList>
<StmntSeq Intrnl_Id="982">
<LocList>
<Loc EndOffset="3144" SrcFileId="13" StartOffset="3037"/>
</LocList>
<BasicStmnt CovItemId="S31" CovItemPrefix="devops.hw1.core.Card.java" Intrnl_Id="983">
<LocList>
<Loc EndOffset="3144" SrcFileId="13" StartOffset="3037"/>
</LocList>
</BasicStmnt>
</StmntSeq>
</Branch>
<Branch CovItemId="B6" CovItemPrefix="devops.hw1.core.Card.java" Implct="true" Intrnl_Id="984">
<Cond/>
<LocList/>
<StmntSeq Intrnl_Id="985">
<LocList/>
</StmntSeq>
</Branch>
<Keyword EndOffset="3006" SrcFileId="13" StartOffset="3004"/>
<LocList>
<Loc EndOffset="3149" SrcFileId="13" StartOffset="3004"/>
</LocList>
<RootTerm CovItemId="C2" CovItemPrefix="devops.hw1.core.Card.java" Intrnl_Id="986">
<OpTerm BooleanOpId="18" Intrnl_Id="987">
<BasicBoolTerm Intrnl_Id="988">
<LocList>
<Loc EndOffset="3029" SrcFileId="13" StartOffset="3008"/>
</LocList>
</BasicBoolTerm>
<LocList>
<Loc EndOffset="3008" SrcFileId="13" StartOffset="3007"/>
</LocList>
</OpTerm>
</RootTerm>
</CondStmnt>
<BasicStmnt CovItemId="S32" CovItemPrefix="devops.hw1.core.Card.java" Intrnl_Id="989">
<LocList>
<Loc EndOffset="3173" SrcFileId="13" StartOffset="3153"/>
</LocList>
</BasicStmnt>
</StmntSeq>
</HierarchyLvl>
<HierarchyLvl HierarchyLvlId="402" HierarchyLvlTypeId="23" Intrnl_Id="990" Name="setCost">
<Header>
<Loc EndOffset="3430" SrcFileId="13" StartOffset="3401"/>
</Header>
<LocList>
<Loc EndOffset="3638" SrcFileId="13" StartOffset="3401"/>
</LocList>
<StmntSeq Intrnl_Id="991">
<LocList>
<Loc EndOffset="3469" SrcFileId="13" StartOffset="3435"/>
<Loc EndOffset="3612" SrcFileId="13" StartOffset="3473"/>
<Loc EndOffset="3634" SrcFileId="13" StartOffset="3616"/>
</LocList>
<BasicStmnt CovItemId="S33" CovItemPrefix="devops.hw1.core.Card.java" Intrnl_Id="992">
<LocList>
<Loc EndOffset="3469" SrcFileId="13" StartOffset="3435"/>
</LocList>
</BasicStmnt>
<CondStmnt CovItemId="S34" CovItemPrefix="devops.hw1.core.Card.java" Intrnl_Id="993">
<Branch CovItemId="B7" CovItemPrefix="devops.hw1.core.Card.java" Implct="false" Intrnl_Id="994">
<Cond/>
<LocList>
<Loc EndOffset="3612" SrcFileId="13" StartOffset="3495"/>
</LocList>
<StmntSeq Intrnl_Id="995">
<LocList>
<Loc EndOffset="3607" SrcFileId="13" StartOffset="3501"/>
</LocList>
<BasicStmnt CovItemId="S35" CovItemPrefix="devops.hw1.core.Card.java" Intrnl_Id="996">
<LocList>
<Loc EndOffset="3607" SrcFileId="13" StartOffset="3501"/>
</LocList>
</BasicStmnt>
</StmntSeq>
</Branch>
<Branch CovItemId="B8" CovItemPrefix="devops.hw1.core.Card.java" Implct="true" Intrnl_Id="997">
<Cond/>
<LocList/>
<StmntSeq Intrnl_Id="998">
<LocList/>
</StmntSeq>
</Branch>
<Keyword EndOffset="3475" SrcFileId="13" StartOffset="3473"/>
<LocList>
<Loc EndOffset="3612" SrcFileId="13" StartOffset="3473"/>
</LocList>
<RootTerm CovItemId="C3" CovItemPrefix="devops.hw1.core.Card.java" Intrnl_Id="999">
<OpTerm BooleanOpId="18" Intrnl_Id="1000">
<BasicBoolTerm Intrnl_Id="1001">
<LocList>
<Loc EndOffset="3493" SrcFileId="13" StartOffset="3477"/>
</LocList>
</BasicBoolTerm>
<LocList>
<Loc EndOffset="3477" SrcFileId="13" StartOffset="3476"/>
</LocList>
</OpTerm>
</RootTerm>
</CondStmnt>
<BasicStmnt CovItemId="S36" CovItemPrefix="devops.hw1.core.Card.java" Intrnl_Id="1002">
<LocList>
<Loc EndOffset="3634" SrcFileId="13" StartOffset="3616"/>
</LocList>
</BasicStmnt>
</StmntSeq>
</HierarchyLvl>
<HierarchyLvl HierarchyLvlId="403" HierarchyLvlTypeId="23" Intrnl_Id="1003" Name="setImage">
<Header>
<Loc EndOffset="3772" SrcFileId="13" StartOffset="3737"/>
</Header>
<LocList>
<Loc EndOffset="3973" SrcFileId="13" StartOffset="3737"/>
</LocList>
<StmntSeq Intrnl_Id="1004">
<LocList>
<Loc EndOffset="3807" SrcFileId="13" StartOffset="3778"/>
<Loc EndOffset="3943" SrcFileId="13" StartOffset="3811"/>
<Loc EndOffset="3967" SrcFileId="13" StartOffset="3947"/>
</LocList>
<BasicStmnt CovItemId="S37" CovItemPrefix="devops.hw1.core.Card.java" Intrnl_Id="1005">
<LocList>
<Loc EndOffset="3807" SrcFileId="13" StartOffset="3778"/>
</LocList>
</BasicStmnt>
<CondStmnt CovItemId="S38" CovItemPrefix="devops.hw1.core.Card.java" Intrnl_Id="1006">
<Branch CovItemId="B9" CovItemPrefix="devops.hw1.core.Card.java" Implct="false" Intrnl_Id="1007">
<Cond/>
<LocList>
<Loc EndOffset="3943" SrcFileId="13" StartOffset="3830"/>
</LocList>
<StmntSeq Intrnl_Id="1008">
<LocList>
<Loc EndOffset="3938" SrcFileId="13" StartOffset="3836"/>
</LocList>
<BasicStmnt CovItemId="S39" CovItemPrefix="devops.hw1.core.Card.java" Intrnl_Id="1009">
<LocList>
<Loc EndOffset="3938" SrcFileId="13" StartOffset="3836"/>
</LocList>
</BasicStmnt>
</StmntSeq>
</Branch>
<Branch CovItemId="B10" CovItemPrefix="devops.hw1.core.Card.java" Implct="true" Intrnl_Id="1010">
<Cond/>
<LocList/>
<StmntSeq Intrnl_Id="1011">
<LocList/>
</StmntSeq>
</Branch>
<Keyword EndOffset="3813" SrcFileId="13" StartOffset="3811"/>
<LocList>
<Loc EndOffset="3943" SrcFileId="13" StartOffset="3811"/>
</LocList>
<RootTerm CovItemId="C4" CovItemPrefix="devops.hw1.core.Card.java" Intrnl_Id="1012">
<OpTerm BooleanOpId="18" Intrnl_Id="1013">
<BasicBoolTerm Intrnl_Id="1014">
<LocList>
<Loc EndOffset="3828" SrcFileId="13" StartOffset="3815"/>
</LocList>
</BasicBoolTerm>
<LocList>
<Loc EndOffset="3815" SrcFileId="13" StartOffset="3814"/>
</LocList>
</OpTerm>
</RootTerm>
</CondStmnt>
<BasicStmnt CovItemId="S40" CovItemPrefix="devops.hw1.core.Card.java" Intrnl_Id="1015">
<LocList>
<Loc EndOffset="3967" SrcFileId="13" StartOffset="3947"/>
</LocList>
</BasicStmnt>
</StmntSeq>
</HierarchyLvl>
<HierarchyLvl HierarchyLvlId="404" HierarchyLvlTypeId="23" Intrnl_Id="1016" Name="setPower">
<Header>
<Loc EndOffset="4091" SrcFileId="13" StartOffset="4064"/>
</Header>
<LocList>
<Loc EndOffset="4143" SrcFileId="13" StartOffset="4064"/>
</LocList>
<StmntSeq Intrnl_Id="1017">
<LocList>
<Loc EndOffset="4137" SrcFileId="13" StartOffset="4122"/>
</LocList>
<BasicStmnt CovItemId="S41" CovItemPrefix="devops.hw1.core.Card.java" Intrnl_Id="1018">
<LocList>
<Loc EndOffset="4137" SrcFileId="13" StartOffset="4122"/>
</LocList>
</BasicStmnt>
</StmntSeq>
</HierarchyLvl>
<HierarchyLvl HierarchyLvlId="405" HierarchyLvlTypeId="23" Intrnl_Id="1019" Name="setPT">
<Header>
<Loc EndOffset="4298" SrcFileId="13" StartOffset="4267"/>
</Header>
<LocList>
<Loc EndOffset="4370" SrcFileId="13" StartOffset="4267"/>
</LocList>
<StmntSeq Intrnl_Id="1020">
<LocList>
<Loc EndOffset="4347" SrcFileId="13" StartOffset="4328"/>
<Loc EndOffset="4366" SrcFileId="13" StartOffset="4351"/>
</LocList>
<BasicStmnt CovItemId="S42" CovItemPrefix="devops.hw1.core.Card.java" Intrnl_Id="1021">
<LocList>
<Loc EndOffset="4347" SrcFileId="13" StartOffset="4328"/>
</LocList>
</BasicStmnt>
<BasicStmnt CovItemId="S43" CovItemPrefix="devops.hw1.core.Card.java" Intrnl_Id="1022">
<LocList>
<Loc EndOffset="4366" SrcFileId="13" StartOffset="4351"/>
</LocList>
</BasicStmnt>
</StmntSeq>
</HierarchyLvl>
<HierarchyLvl HierarchyLvlId="406" HierarchyLvlTypeId="23" Intrnl_Id="1023" Name="setToughness">
<Header>
<Loc EndOffset="4470" SrcFileId="13" StartOffset="4439"/>
</Header>
<LocList>
<Loc EndOffset="4526" SrcFileId="13" StartOffset="4439"/>
</LocList>
<StmntSeq Intrnl_Id="1024">
<LocList>
<Loc EndOffset="4520" SrcFileId="13" StartOffset="4501"/>
</LocList>
<BasicStmnt CovItemId="S44" CovItemPrefix="devops.hw1.core.Card.java" Intrnl_Id="1025">
<LocList>
<Loc EndOffset="4520" SrcFileId="13" StartOffset="4501"/>
</LocList>
</BasicStmnt>
</StmntSeq>
</HierarchyLvl>
<HierarchyLvl HierarchyLvlId="407" HierarchyLvlTypeId="23" Intrnl_Id="1026" Name="setType">
<Header>
<Loc EndOffset="4713" SrcFileId="13" StartOffset="4684"/>
</Header>
<LocList>
<Loc EndOffset="5080" SrcFileId="13" StartOffset="4684"/>
</LocList>
<StmntSeq Intrnl_Id="1027">
<LocList>
<Loc EndOffset="4835" SrcFileId="13" StartOffset="4719"/>
<Loc EndOffset="4910" SrcFileId="13" StartOffset="4839"/>
<Loc EndOffset="5057" SrcFileId="13" StartOffset="4914"/>
<Loc EndOffset="5076" SrcFileId="13" StartOffset="5062"/>
</LocList>
<CondStmnt CovItemId="S45" CovItemPrefix="devops.hw1.core.Card.java" Intrnl_Id="1028">
<Branch CovItemId="B11" CovItemPrefix="devops.hw1.core.Card.java" Implct="false" Intrnl_Id="1029">
<Cond/>
<LocList>
<Loc EndOffset="4835" SrcFileId="13" StartOffset="4732"/>
</LocList>
<StmntSeq Intrnl_Id="1030">
<LocList>
<Loc EndOffset="4830" SrcFileId="13" StartOffset="4738"/>
</LocList>
<BasicStmnt CovItemId="S46" CovItemPrefix="devops.hw1.core.Card.java" Intrnl_Id="1031">
<LocList>
<Loc EndOffset="4830" SrcFileId="13" StartOffset="4738"/>
</LocList>
</BasicStmnt>
</StmntSeq>
</Branch>
<Branch CovItemId="B12" CovItemPrefix="devops.hw1.core.Card.java" Implct="true" Intrnl_Id="1032">
<Cond/>
<LocList/>
<StmntSeq Intrnl_Id="1033">
<LocList/>
</StmntSeq>
</Branch>
<Keyword EndOffset="4721" SrcFileId="13" StartOffset="4719"/>
<LocList>
<Loc EndOffset="4835" SrcFileId="13" StartOffset="4719"/>
</LocList>
<RootTerm CovItemId="C5" CovItemPrefix="devops.hw1.core.Card.java" Intrnl_Id="1034">
<BasicBoolTerm Intrnl_Id="1035">
<LocList>
<Loc EndOffset="4731" SrcFileId="13" StartOffset="4722"/>
</LocList>
</BasicBoolTerm>
</RootTerm>
</CondStmnt>
<BasicStmnt CovItemId="S47" CovItemPrefix="devops.hw1.core.Card.java" Intrnl_Id="1036">
<LocList>
<Loc EndOffset="4910" SrcFileId="13" StartOffset="4839"/>
</LocList>
</BasicStmnt>
<CondStmnt CovItemId="S48" CovItemPrefix="devops.hw1.core.Card.java" Intrnl_Id="1037">
<Branch CovItemId="B13" CovItemPrefix="devops.hw1.core.Card.java" Implct="false" Intrnl_Id="1038">
<Cond/>
<LocList>
<Loc EndOffset="5057" SrcFileId="13" StartOffset="4936"/>
</LocList>
<StmntSeq Intrnl_Id="1039">
<LocList>
<Loc EndOffset="5052" SrcFileId="13" StartOffset="4942"/>
</LocList>
<BasicStmnt CovItemId="S49" CovItemPrefix="devops.hw1.core.Card.java" Intrnl_Id="1040">
<LocList>
<Loc EndOffset="5052" SrcFileId="13" StartOffset="4942"/>
</LocList>
</BasicStmnt>
</StmntSeq>
</Branch>
<Branch CovItemId="B14" CovItemPrefix="devops.hw1.core.Card.java" Implct="true" Intrnl_Id="1041">
<Cond/>
<LocList/>
<StmntSeq Intrnl_Id="1042">
<LocList/>
</StmntSeq>
</Branch>
<Keyword EndOffset="4916" SrcFileId="13" StartOffset="4914"/>
<LocList>
<Loc EndOffset="5057" SrcFileId="13" StartOffset="4914"/>
</LocList>
<RootTerm CovItemId="C6" CovItemPrefix="devops.hw1.core.Card.java" Intrnl_Id="1043">
<OpTerm BooleanOpId="18" Intrnl_Id="1044">
<BasicBoolTerm Intrnl_Id="1045">
<LocList>
<Loc EndOffset="4934" SrcFileId="13" StartOffset="4918"/>
</LocList>
</BasicBoolTerm>
<LocList>
<Loc EndOffset="4918" SrcFileId="13" StartOffset="4917"/>
</LocList>
</OpTerm>
</RootTerm>
</CondStmnt>
<BasicStmnt CovItemId="S50" CovItemPrefix="devops.hw1.core.Card.java" Intrnl_Id="1046">
<LocList>
<Loc EndOffset="5076" SrcFileId="13" StartOffset="5062"/>
</LocList>
</BasicStmnt>
</StmntSeq>
</HierarchyLvl>
<HierarchyLvl HierarchyLvlId="408" HierarchyLvlTypeId="23" Intrnl_Id="1047" Name="setFlash">
<Header>
<Loc EndOffset="5288" SrcFileId="13" StartOffset="5253"/>
</Header>
<LocList>
<Loc EndOffset="5317" SrcFileId="13" StartOffset="5253"/>
</LocList>
<StmntSeq Intrnl_Id="1048">
<LocList>
<Loc EndOffset="5313" SrcFileId="13" StartOffset="5294"/>
</LocList>
<BasicStmnt CovItemId="S51" CovItemPrefix="devops.hw1.core.Card.java" Intrnl_Id="1049">
<LocList>
<Loc EndOffset="5313" SrcFileId="13" StartOffset="5294"/>
</LocList>
</BasicStmnt>
</StmntSeq>
</HierarchyLvl>
<HierarchyLvl HierarchyLvlId="409" HierarchyLvlTypeId="23" Intrnl_Id="1050" Name="toString">
<Header>
<Loc EndOffset="5358" SrcFileId="13" StartOffset="5322"/>
</Header>
<LocList>
<Loc EndOffset="5385" SrcFileId="13" StartOffset="5322"/>
</LocList>
<StmntSeq Intrnl_Id="1051">
<LocList>
<Loc EndOffset="5381" SrcFileId="13" StartOffset="5364"/>
</LocList>
<BasicStmnt CovItemId="S52" CovItemPrefix="devops.hw1.core.Card.java" Intrnl_Id="1052">
<LocList>
<Loc EndOffset="5381" SrcFileId="13" StartOffset="5364"/>
</LocList>
</BasicStmnt>
</StmntSeq>
</HierarchyLvl>
<HierarchyLvl HierarchyLvlId="410" HierarchyLvlTypeId="23" Intrnl_Id="1053" Name="addManaAbility">
<Header>
<Loc EndOffset="5528" SrcFileId="13" StartOffset="5482"/>
</Header>
<LocList>
<Loc EndOffset="5569" SrcFileId="13" StartOffset="5482"/>
</LocList>
<StmntSeq Intrnl_Id="1054">
<LocList>
<Loc EndOffset="5565" SrcFileId="13" StartOffset="5534"/>
</LocList>
<BasicStmnt CovItemId="S53" CovItemPrefix="devops.hw1.core.Card.java" Intrnl_Id="1055">
<LocList>
<Loc EndOffset="5565" SrcFileId="13" StartOffset="5534"/>
</LocList>
</BasicStmnt>
</StmntSeq>
</HierarchyLvl>
<HierarchyLvl HierarchyLvlId="411" HierarchyLvlTypeId="23" Intrnl_Id="1056" Name="getManaAbility">
<Header>
<Loc EndOffset="5681" SrcFileId="13" StartOffset="5651"/>
</Header>
<LocList>
<Loc EndOffset="5715" SrcFileId="13" StartOffset="5651"/>
</LocList>
<StmntSeq Intrnl_Id="1057">
<LocList>
<Loc EndOffset="5711" SrcFileId="13" StartOffset="5687"/>
</LocList>
<BasicStmnt CovItemId="S54" CovItemPrefix="devops.hw1.core.Card.java" Intrnl_Id="1058">
<LocList>
<Loc EndOffset="5711" SrcFileId="13" StartOffset="5687"/>
</LocList>
</BasicStmnt>
</StmntSeq>
</HierarchyLvl>
<HierarchyLvl HierarchyLvlId="412" HierarchyLvlTypeId="23" Intrnl_Id="1059" Name="getTapped">
<Header>
<Loc EndOffset="5836" SrcFileId="13" StartOffset="5810"/>
</Header>
<LocList>
<Loc EndOffset="5865" SrcFileId="13" StartOffset="5810"/>
</LocList>
<StmntSeq Intrnl_Id="1060">
<LocList>
<Loc EndOffset="5861" SrcFileId="13" StartOffset="5842"/>
</LocList>
<BasicStmnt CovItemId="S55" CovItemPrefix="devops.hw1.core.Card.java" Intrnl_Id="1061">
<LocList>
<Loc EndOffset="5861" SrcFileId="13" StartOffset="5842"/>
</LocList>
</BasicStmnt>
</StmntSeq>
</HierarchyLvl>
<HierarchyLvl HierarchyLvlId="413" HierarchyLvlTypeId="23" Intrnl_Id="1062" Name="isFlash">
<Header>
<Loc EndOffset="6030" SrcFileId="13" StartOffset="6006"/>
</Header>
<LocList>
<Loc EndOffset="6091" SrcFileId="13" StartOffset="6006"/>
</LocList>
<StmntSeq Intrnl_Id="1063">
<LocList>
<Loc EndOffset="6087" SrcFileId="13" StartOffset="6036"/>
</LocList>
<BasicStmnt CovItemId="S56" CovItemPrefix="devops.hw1.core.Card.java" Intrnl_Id="1064">
<LocList>
<Loc EndOffset="6087" SrcFileId="13" StartOffset="6036"/>
</LocList>
</BasicStmnt>
</StmntSeq>
</HierarchyLvl>
<HierarchyLvl HierarchyLvlId="414" HierarchyLvlTypeId="23" Intrnl_Id="1065" Name="tap">
<Header>
<Loc EndOffset="6216" SrcFileId="13" StartOffset="6196"/>
</Header>
<LocList>
<Loc EndOffset="6301" SrcFileId="13" StartOffset="6196"/>
</LocList>
<StmntSeq Intrnl_Id="1066">
<LocList>
<Loc EndOffset="6256" SrcFileId="13" StartOffset="6222"/>
<Loc EndOffset="6281" SrcFileId="13" StartOffset="6262"/>
<Loc EndOffset="6297" SrcFileId="13" StartOffset="6285"/>
</LocList>
<CondStmnt CovItemId="S57" CovItemPrefix="devops.hw1.core.Card.java" Intrnl_Id="1067">
<Branch CovItemId="B15" CovItemPrefix="devops.hw1.core.Card.java" Implct="false" Intrnl_Id="1068">
<Cond/>
<LocList>
<Loc EndOffset="6256" SrcFileId="13" StartOffset="6243"/>
</LocList>
<StmntSeq Intrnl_Id="1069">
<LocList>
<Loc EndOffset="6256" SrcFileId="13" StartOffset="6243"/>
</LocList>
<BasicStmnt CovItemId="S58" CovItemPrefix="devops.hw1.core.Card.java" Intrnl_Id="1070">
<LocList>
<Loc EndOffset="6256" SrcFileId="13" StartOffset="6243"/>
</LocList>
</BasicStmnt>
</StmntSeq>
</Branch>
<Branch CovItemId="B16" CovItemPrefix="devops.hw1.core.Card.java" Implct="true" Intrnl_Id="1071">
<Cond/>
<LocList/>
<StmntSeq Intrnl_Id="1072">
<LocList/>
</StmntSeq>
</Branch>
<Keyword EndOffset="6224" SrcFileId="13" StartOffset="6222"/>
<LocList>
<Loc EndOffset="6256" SrcFileId="13" StartOffset="6222"/>
</LocList>
<RootTerm CovItemId="C7" CovItemPrefix="devops.hw1.core.Card.java" Intrnl_Id="1073">
<BasicBoolTerm Intrnl_Id="1074">
<LocList>
<Loc EndOffset="6237" SrcFileId="13" StartOffset="6226"/>
</LocList>
</BasicBoolTerm>
</RootTerm>
</CondStmnt>
<BasicStmnt CovItemId="S59" CovItemPrefix="devops.hw1.core.Card.java" Intrnl_Id="1075">
<LocList>
<Loc EndOffset="6281" SrcFileId="13" StartOffset="6262"/>
</LocList>
</BasicStmnt>
<BasicStmnt CovItemId="S60" CovItemPrefix="devops.hw1.core.Card.java" Intrnl_Id="1076">
<LocList>
<Loc EndOffset="6297" SrcFileId="13" StartOffset="6285"/>
</LocList>
</BasicStmnt>
</StmntSeq>
</HierarchyLvl>
<HierarchyLvl HierarchyLvlId="415" HierarchyLvlTypeId="23" Intrnl_Id="1077" Name="untap">
<Header>
<Loc EndOffset="6356" SrcFileId="13" StartOffset="6337"/>
</Header>
<LocList>
<Loc EndOffset="6386" SrcFileId="13" StartOffset="6337"/>
</LocList>
<StmntSeq Intrnl_Id="1078">
<LocList>
<Loc EndOffset="6382" SrcFileId="13" StartOffset="6362"/>
</LocList>
<BasicStmnt CovItemId="S61" CovItemPrefix="devops.hw1.core.Card.java" Intrnl_Id="1079">
<LocList>
<Loc EndOffset="6382" SrcFileId="13" StartOffset="6362"/>
</LocList>
</BasicStmnt>
</StmntSeq>
</HierarchyLvl>
</HierarchyLvl>
<HierarchyLvl HierarchyLvlId="437" HierarchyLvlTypeId="24" Intrnl_Id="1080" Name="Backend">
<Header>
<Loc EndOffset="249" SrcFileId="14" StartOffset="229"/>
</Header>
<LocList>
<Loc EndOffset="12655" SrcFileId="14" StartOffset="229"/>
</LocList>
<HierarchyLvl HierarchyLvlId="417" HierarchyLvlTypeId="23" Intrnl_Id="1081" Name="getInstance">
<Header>
<Loc EndOffset="456" SrcFileId="14" StartOffset="421"/>
</Header>
<LocList>
<Loc EndOffset="519" SrcFileId="14" StartOffset="421"/>
</LocList>
<StmntSeq Intrnl_Id="1082">
<LocList>
<Loc EndOffset="499" SrcFileId="14" StartOffset="461"/>
<Loc EndOffset="515" SrcFileId="14" StartOffset="505"/>
</LocList>
<CondStmnt CovItemId="S1" CovItemPrefix="devops.hw1.core.Backend.java" Intrnl_Id="1083">
<Branch CovItemId="B1" CovItemPrefix="devops.hw1.core.Backend.java" Implct="false" Intrnl_Id="1084">
<Cond/>
<LocList>
<Loc EndOffset="499" SrcFileId="14" StartOffset="480"/>
</LocList>
<StmntSeq Intrnl_Id="1085">
<LocList>
<Loc EndOffset="499" SrcFileId="14" StartOffset="480"/>
</LocList>
<BasicStmnt CovItemId="S2" CovItemPrefix="devops.hw1.core.Backend.java" Intrnl_Id="1086">
<LocList>
<Loc EndOffset="499" SrcFileId="14" StartOffset="480"/>
</LocList>
</BasicStmnt>
</StmntSeq>
</Branch>
<Branch CovItemId="B2" CovItemPrefix="devops.hw1.core.Backend.java" Implct="true" Intrnl_Id="1087">
<Cond/>
<LocList/>
<StmntSeq Intrnl_Id="1088">
<LocList/>
</StmntSeq>
</Branch>
<Keyword EndOffset="463" SrcFileId="14" StartOffset="461"/>
<LocList>
<Loc EndOffset="499" SrcFileId="14" StartOffset="461"/>
</LocList>
<RootTerm CovItemId="C1" CovItemPrefix="devops.hw1.core.Backend.java" Intrnl_Id="1089">
<BasicBoolTerm Intrnl_Id="1090">
<LocList>
<Loc EndOffset="474" SrcFileId="14" StartOffset="464"/>
</LocList>
</BasicBoolTerm>
</RootTerm>
</CondStmnt>
<BasicStmnt CovItemId="S3" CovItemPrefix="devops.hw1.core.Backend.java" Intrnl_Id="1091">
<LocList>
<Loc EndOffset="515" SrcFileId="14" StartOffset="505"/>
</LocList>
</BasicStmnt>
</StmntSeq>
</HierarchyLvl>
<HierarchyLvl HierarchyLvlId="418" HierarchyLvlTypeId="23" Intrnl_Id="1092" Name="Backend">
<Header>
<Loc EndOffset="585" SrcFileId="14" StartOffset="569"/>
</Header>
<LocList>
<Loc EndOffset="737" SrcFileId="14" StartOffset="569"/>
</LocList>
<StmntSeq Intrnl_Id="1093">
<LocList>
<Loc EndOffset="621" SrcFileId="14" StartOffset="590"/>
<Loc EndOffset="642" SrcFileId="14" StartOffset="625"/>
<Loc EndOffset="667" SrcFileId="14" StartOffset="646"/>
<Loc EndOffset="691" SrcFileId="14" StartOffset="671"/>
<Loc EndOffset="733" SrcFileId="14" StartOffset="695"/>
</LocList>
<BasicStmnt CovItemId="S4" CovItemPrefix="devops.hw1.core.Backend.java" Intrnl_Id="1094">
<LocList>
<Loc EndOffset="621" SrcFileId="14" StartOffset="590"/>
</LocList>
</BasicStmnt>
<BasicStmnt CovItemId="S5" CovItemPrefix="devops.hw1.core.Backend.java" Intrnl_Id="1095">
<LocList>
<Loc EndOffset="642" SrcFileId="14" StartOffset="625"/>
</LocList>
</BasicStmnt>
<BasicStmnt CovItemId="S6" CovItemPrefix="devops.hw1.core.Backend.java" Intrnl_Id="1096">
<LocList>
<Loc EndOffset="667" SrcFileId="14" StartOffset="646"/>
</LocList>
</BasicStmnt>
<BasicStmnt CovItemId="S7" CovItemPrefix="devops.hw1.core.Backend.java" Intrnl_Id="1097">
<LocList>
<Loc EndOffset="691" SrcFileId="14" StartOffset="671"/>
</LocList>
</BasicStmnt>
<BasicStmnt CovItemId="S8" CovItemPrefix="devops.hw1.core.Backend.java" Intrnl_Id="1098">
<LocList>
<Loc EndOffset="733" SrcFileId="14" StartOffset="695"/>
</LocList>
</BasicStmnt>
</StmntSeq>
</HierarchyLvl>
<HierarchyLvl HierarchyLvlId="419" HierarchyLvlTypeId="23" Intrnl_Id="1099" Name="handleCardClicked">
<Header>
<Loc EndOffset="1087" SrcFileId="14" StartOffset="1020"/>
</Header>
<LocList>
<Loc EndOffset="1902" SrcFileId="14" StartOffset="1020"/>
</LocList>
<StmntSeq Intrnl_Id="1100">
<LocList>
<Loc EndOffset="1216" SrcFileId="14" StartOffset="1093"/>
<Loc EndOffset="1330" SrcFileId="14" StartOffset="1220"/>
<Loc EndOffset="1720" SrcFileId="14" StartOffset="1334"/>
<Loc EndOffset="1753" SrcFileId="14" StartOffset="1733"/>
<Loc EndOffset="1898" SrcFileId="14" StartOffset="1724"/>
</LocList>
<CondStmnt CovItemId="S9" CovItemPrefix="devops.hw1.core.Backend.java" Intrnl_Id="1101">
<Branch CovItemId="B3" CovItemPrefix="devops.hw1.core.Backend.java" Implct="false" Intrnl_Id="1102">
<Cond/>
<LocList>
<Loc EndOffset="1216" SrcFileId="14" StartOffset="1110"/>
</LocList>
<StmntSeq Intrnl_Id="1103">
<LocList>
<Loc EndOffset="1211" SrcFileId="14" StartOffset="1116"/>
</LocList>
<BasicStmnt CovItemId="S10" CovItemPrefix="devops.hw1.core.Backend.java" Intrnl_Id="1104">
<LocList>
<Loc EndOffset="1211" SrcFileId="14" StartOffset="1116"/>
</LocList>
</BasicStmnt>
</StmntSeq>
</Branch>
<Branch CovItemId="B4" CovItemPrefix="devops.hw1.core.Backend.java" Implct="true" Intrnl_Id="1105">
<Cond/>
<LocList/>
<StmntSeq Intrnl_Id="1106">
<LocList/>
</StmntSeq>
</Branch>
<Keyword EndOffset="1095" SrcFileId="14" StartOffset="1093"/>
<LocList>
<Loc EndOffset="1216" SrcFileId="14" StartOffset="1093"/>
</LocList>
<RootTerm CovItemId="C2" CovItemPrefix="devops.hw1.core.Backend.java" Intrnl_Id="1107">
<BasicBoolTerm Intrnl_Id="1108">
<LocList>
<Loc EndOffset="1109" SrcFileId="14" StartOffset="1096"/>
</LocList>
</BasicBoolTerm>
</RootTerm>
</CondStmnt>
<CondStmnt CovItemId="S11" CovItemPrefix="devops.hw1.core.Backend.java" Intrnl_Id="1109">
<Branch CovItemId="B5" CovItemPrefix="devops.hw1.core.Backend.java" Implct="false" Intrnl_Id="1110">
<Cond/>
<LocList>
<Loc EndOffset="1330" SrcFileId="14" StartOffset="1233"/>
</LocList>
<StmntSeq Intrnl_Id="1111">
<LocList>
<Loc EndOffset="1325" SrcFileId="14" StartOffset="1239"/>
</LocList>
<BasicStmnt CovItemId="S12" CovItemPrefix="devops.hw1.core.Backend.java" Intrnl_Id="1112">
<LocList>
<Loc EndOffset="1325" SrcFileId="14" StartOffset="1239"/>
</LocList>
</BasicStmnt>
</StmntSeq>
</Branch>
<Branch CovItemId="B6" CovItemPrefix="devops.hw1.core.Backend.java" Implct="true" Intrnl_Id="1113">
<Cond/>
<LocList/>
<StmntSeq Intrnl_Id="1114">
<LocList/>
</StmntSeq>
</Branch>
<Keyword EndOffset="1222" SrcFileId="14" StartOffset="1220"/>
<LocList>
<Loc EndOffset="1330" SrcFileId="14" StartOffset="1220"/>
</LocList>
<RootTerm CovItemId="C3" CovItemPrefix="devops.hw1.core.Backend.java" Intrnl_Id="1115">
<BasicBoolTerm Intrnl_Id="1116">
<LocList>
<Loc EndOffset="1232" SrcFileId="14" StartOffset="1223"/>
</LocList>
</BasicBoolTerm>
</RootTerm>
</CondStmnt>
<CondStmnt CovItemId="S13" CovItemPrefix="devops.hw1.core.Backend.java" Intrnl_Id="1117">
<Branch CovItemId="B7" CovItemPrefix="devops.hw1.core.Backend.java" Implct="false" Intrnl_Id="1118">
<Cond>
<Loc EndOffset="1358" SrcFileId="14" StartOffset="1349"/>
</Cond>
<LocList>
<Loc EndOffset="1407" SrcFileId="14" StartOffset="1364"/>
</LocList>
<StmntSeq Intrnl_Id="1119">
<LocList>
<Loc EndOffset="1396" SrcFileId="14" StartOffset="1364"/>
<Loc EndOffset="1407" SrcFileId="14" StartOffset="1401"/>
</LocList>
<BasicStmnt CovItemId="S14" CovItemPrefix="devops.hw1.core.Backend.java" Intrnl_Id="1120">
<LocList>
<Loc EndOffset="1396" SrcFileId="14" StartOffset="1364"/>
</LocList>
</BasicStmnt>
<BasicStmnt CovItemId="S15" CovItemPrefix="devops.hw1.core.Backend.java" Intrnl_Id="1121">
<LocList>
<Loc EndOffset="1407" SrcFileId="14" StartOffset="1401"/>
</LocList>
</BasicStmnt>
</StmntSeq>
</Branch>
<Branch CovItemId="B8" CovItemPrefix="devops.hw1.core.Backend.java" Implct="false" Intrnl_Id="1122">
<Cond>
<Loc EndOffset="1421" SrcFileId="14" StartOffset="1411"/>
</Cond>
<LocList>
<Loc EndOffset="1471" SrcFileId="14" StartOffset="1427"/>
</LocList>
<StmntSeq Intrnl_Id="1123">
<LocList>
<Loc EndOffset="1460" SrcFileId="14" StartOffset="1427"/>
<Loc EndOffset="1471" SrcFileId="14" StartOffset="1465"/>
</LocList>
<BasicStmnt CovItemId="S16" CovItemPrefix="devops.hw1.core.Backend.java" Intrnl_Id="1124">
<LocList>
<Loc EndOffset="1460" SrcFileId="14" StartOffset="1427"/>
</LocList>
</BasicStmnt>
<BasicStmnt CovItemId="S17" CovItemPrefix="devops.hw1.core.Backend.java" Intrnl_Id="1125">
<LocList>
<Loc EndOffset="1471" SrcFileId="14" StartOffset="1465"/>
</LocList>
</BasicStmnt>
</StmntSeq>
</Branch>
<Branch CovItemId="B9" CovItemPrefix="devops.hw1.core.Backend.java" Implct="false" Intrnl_Id="1126">
<Cond>
<Loc EndOffset="1492" SrcFileId="14" StartOffset="1475"/>
</Cond>
<LocList>
<Loc EndOffset="1538" SrcFileId="14" StartOffset="1498"/>
</LocList>
<StmntSeq Intrnl_Id="1127">
<LocList>
<Loc EndOffset="1527" SrcFileId="14" StartOffset="1498"/>
<Loc EndOffset="1538" SrcFileId="14" StartOffset="1532"/>
</LocList>
<BasicStmnt CovItemId="S18" CovItemPrefix="devops.hw1.core.Backend.java" Intrnl_Id="1128">
<LocList>
<Loc EndOffset="1527" SrcFileId="14" StartOffset="1498"/>
</LocList>
</BasicStmnt>
<BasicStmnt CovItemId="S19" CovItemPrefix="devops.hw1.core.Backend.java" Intrnl_Id="1129">
<LocList>
<Loc EndOffset="1538" SrcFileId="14" StartOffset="1532"/>
</LocList>
</BasicStmnt>
</StmntSeq>
</Branch>
<Branch CovItemId="B10" CovItemPrefix="devops.hw1.core.Backend.java" Implct="false" Intrnl_Id="1130">
<Cond>
<Loc EndOffset="1560" SrcFileId="14" StartOffset="1542"/>
</Cond>
<LocList>
<Loc EndOffset="1607" SrcFileId="14" StartOffset="1566"/>
</LocList>
<StmntSeq Intrnl_Id="1131">
<LocList>
<Loc EndOffset="1596" SrcFileId="14" StartOffset="1566"/>
<Loc EndOffset="1607" SrcFileId="14" StartOffset="1601"/>
</LocList>
<BasicStmnt CovItemId="S20" CovItemPrefix="devops.hw1.core.Backend.java" Intrnl_Id="1132">
<LocList>
<Loc EndOffset="1596" SrcFileId="14" StartOffset="1566"/>
</LocList>
</BasicStmnt>
<BasicStmnt CovItemId="S21" CovItemPrefix="devops.hw1.core.Backend.java" Intrnl_Id="1133">
<LocList>
<Loc EndOffset="1607" SrcFileId="14" StartOffset="1601"/>
</LocList>
</BasicStmnt>
</StmntSeq>
</Branch>
<Branch CovItemId="B11" CovItemPrefix="devops.hw1.core.Backend.java" Implct="false" Intrnl_Id="1134">
<Cond>
<Loc EndOffset="1618" SrcFileId="14" StartOffset="1611"/>
</Cond>
<LocList>
<Loc EndOffset="1715" SrcFileId="14" StartOffset="1624"/>
</LocList>
<StmntSeq Intrnl_Id="1135">
<LocList>
<Loc EndOffset="1715" SrcFileId="14" StartOffset="1624"/>
</LocList>
<BasicStmnt CovItemId="S22" CovItemPrefix="devops.hw1.core.Backend.java" Intrnl_Id="1136">
<LocList>
<Loc EndOffset="1715" SrcFileId="14" StartOffset="1624"/>
</LocList>
</BasicStmnt>
</StmntSeq>
</Branch>
<Keyword EndOffset="1340" SrcFileId="14" StartOffset="1334"/>
<LocList>
<Loc EndOffset="1720" SrcFileId="14" StartOffset="1334"/>
</LocList>
</CondStmnt>
<BasicStmnt CovItemId="S24" CovItemPrefix="devops.hw1.core.Backend.java" Intrnl_Id="1137">
<LocList>
<Loc EndOffset="1753" SrcFileId="14" StartOffset="1733"/>
</LocList>
</BasicStmnt>
<CondStmnt CovItemId="S23" CovItemPrefix="devops.hw1.core.Backend.java" Intrnl_Id="1138">
<Branch CovItemId="B12" CovItemPrefix="devops.hw1.core.Backend.java" Implct="true" Intrnl_Id="1139">
<Cond/>
<LocList/>
<StmntSeq Intrnl_Id="1140">
<LocList/>
</StmntSeq>
</Branch>
<Branch CovItemId="B13" CovItemPrefix="devops.hw1.core.Backend.java" Implct="false" Intrnl_Id="1141">
<Cond>
<Loc EndOffset="1794" SrcFileId="14" StartOffset="1759"/>
</Cond>
<LocList>
<Loc EndOffset="1898" SrcFileId="14" StartOffset="1794"/>
</LocList>
<StmntSeq Intrnl_Id="1142">
<LocList>
<Loc EndOffset="1893" SrcFileId="14" StartOffset="1800"/>
</LocList>
<BasicStmnt CovItemId="S25" CovItemPrefix="devops.hw1.core.Backend.java" Intrnl_Id="1143">
<LocList>
<Loc EndOffset="1893" SrcFileId="14" StartOffset="1800"/>
</LocList>
</BasicStmnt>
</StmntSeq>
</Branch>
<Keyword EndOffset="1727" SrcFileId="14" StartOffset="1724"/>
<LocList>
<Loc EndOffset="1898" SrcFileId="14" StartOffset="1724"/>
</LocList>
</CondStmnt>
</StmntSeq>
</HierarchyLvl>
<HierarchyLvl HierarchyLvlId="420" HierarchyLvlTypeId="23" Intrnl_Id="1144" Name="activateAbility">
<Header>
<Loc EndOffset="2302" SrcFileId="14" StartOffset="2245"/>
</Header>
<LocList>
<Loc EndOffset="2446" SrcFileId="14" StartOffset="2245"/>
</LocList>
<StmntSeq Intrnl_Id="1145">
<LocList>
<Loc EndOffset="2320" SrcFileId="14" StartOffset="2308"/>
<Loc EndOffset="2379" SrcFileId="14" StartOffset="2326"/>
<Loc EndOffset="2440" SrcFileId="14" StartOffset="2385"/>
</LocList>
<BasicStmnt CovItemId="S26" CovItemPrefix="devops.hw1.core.Backend.java" Intrnl_Id="1146">
<LocList>
<Loc EndOffset="2320" SrcFileId="14" StartOffset="2308"/>
</LocList>
</BasicStmnt>
<CondStmnt CovItemId="S27" CovItemPrefix="devops.hw1.core.Backend.java" Intrnl_Id="1147">
<Branch CovItemId="B14" CovItemPrefix="devops.hw1.core.Backend.java" Implct="false" Intrnl_Id="1148">
<Cond/>
<LocList>
<Loc EndOffset="2379" SrcFileId="14" StartOffset="2349"/>
</LocList>
<StmntSeq Intrnl_Id="1149">
<LocList>
<Loc EndOffset="2379" SrcFileId="14" StartOffset="2349"/>
</LocList>
<BasicStmnt CovItemId="S28" CovItemPrefix="devops.hw1.core.Backend.java" Intrnl_Id="1150">
<LocList>
<Loc EndOffset="2379" SrcFileId="14" StartOffset="2349"/>
</LocList>
</BasicStmnt>
</StmntSeq>
</Branch>
<Branch CovItemId="B15" CovItemPrefix="devops.hw1.core.Backend.java" Implct="true" Intrnl_Id="1151">
<Cond/>
<LocList/>
<StmntSeq Intrnl_Id="1152">
<LocList/>
</StmntSeq>
</Branch>
<Keyword EndOffset="2328" SrcFileId="14" StartOffset="2326"/>
<LocList>
<Loc EndOffset="2379" SrcFileId="14" StartOffset="2326"/>
</LocList>
<RootTerm CovItemId="C4" CovItemPrefix="devops.hw1.core.Backend.java" Intrnl_Id="1153">
<BasicBoolTerm Intrnl_Id="1154">
<LocList>
<Loc EndOffset="2343" SrcFileId="14" StartOffset="2329"/>
</LocList>
</BasicBoolTerm>
</RootTerm>
</CondStmnt>
<CondStmnt CovItemId="S29" CovItemPrefix="devops.hw1.core.Backend.java" Intrnl_Id="1155">
<Branch CovItemId="B16" CovItemPrefix="devops.hw1.core.Backend.java" Implct="false" Intrnl_Id="1156">
<Cond/>
<LocList>
<Loc EndOffset="2440" SrcFileId="14" StartOffset="2409"/>
</LocList>
<StmntSeq Intrnl_Id="1157">
<LocList>
<Loc EndOffset="2440" SrcFileId="14" StartOffset="2409"/>
</LocList>
<BasicStmnt CovItemId="S30" CovItemPrefix="devops.hw1.core.Backend.java" Intrnl_Id="1158">
<LocList>
<Loc EndOffset="2440" SrcFileId="14" StartOffset="2409"/>
</LocList>
</BasicStmnt>
</StmntSeq>
</Branch>
<Branch CovItemId="B17" CovItemPrefix="devops.hw1.core.Backend.java" Implct="true" Intrnl_Id="1159">
<Cond/>
<LocList/>
<StmntSeq Intrnl_Id="1160">
<LocList/>
</StmntSeq>
</Branch>
<Keyword EndOffset="2387" SrcFileId="14" StartOffset="2385"/>
<LocList>
<Loc EndOffset="2440" SrcFileId="14" StartOffset="2385"/>
</LocList>
<RootTerm CovItemId="C5" CovItemPrefix="devops.hw1.core.Backend.java" Intrnl_Id="1161">
<BasicBoolTerm Intrnl_Id="1162">
<LocList>
<Loc EndOffset="2403" SrcFileId="14" StartOffset="2388"/>
</LocList>
</BasicBoolTerm>
</RootTerm>
</CondStmnt>
</StmntSeq>
</HierarchyLvl>
<HierarchyLvl HierarchyLvlId="421" HierarchyLvlTypeId="23" Intrnl_Id="1163" Name="activateAbility">
<Header>
<Loc EndOffset="2828" SrcFileId="14" StartOffset="2760"/>
</Header>
<LocList>
<Loc EndOffset="2863" SrcFileId="14" StartOffset="2760"/>
</LocList>
<StmntSeq Intrnl_Id="1164">
<LocList>
<Loc EndOffset="2859" SrcFileId="14" StartOffset="2834"/>
</LocList>
<BasicStmnt CovItemId="S31" CovItemPrefix="devops.hw1.core.Backend.java" Intrnl_Id="1165">
<LocList>
<Loc EndOffset="2859" SrcFileId="14" StartOffset="2834"/>
</LocList>
</BasicStmnt>
</StmntSeq>
</HierarchyLvl>
<HierarchyLvl HierarchyLvlId="422" HierarchyLvlTypeId="23" Intrnl_Id="1166" Name="addCard">
<Header>
<Loc EndOffset="3070" SrcFileId="14" StartOffset="3028"/>
</Header>
<LocList>
<Loc EndOffset="3106" SrcFileId="14" StartOffset="3028"/>
</LocList>
<StmntSeq Intrnl_Id="1167">
<LocList>
<Loc EndOffset="3102" SrcFileId="14" StartOffset="3076"/>
</LocList>
<BasicStmnt CovItemId="S32" CovItemPrefix="devops.hw1.core.Backend.java" Intrnl_Id="1168">
<LocList>
<Loc EndOffset="3102" SrcFileId="14" StartOffset="3076"/>
</LocList>
</BasicStmnt>
</StmntSeq>
</HierarchyLvl>
<HierarchyLvl HierarchyLvlId="423" HierarchyLvlTypeId="23" Intrnl_Id="1169" Name="addCard">
<Header>
<Loc EndOffset="3308" SrcFileId="14" StartOffset="3273"/>
</Header>
<LocList>
<Loc EndOffset="3462" SrcFileId="14" StartOffset="3273"/>
</LocList>
<StmntSeq Intrnl_Id="1170">
<LocList>
<Loc EndOffset="3339" SrcFileId="14" StartOffset="3323"/>
<Loc EndOffset="3458" SrcFileId="14" StartOffset="3313"/>
</LocList>
<BasicStmnt CovItemId="S34" CovItemPrefix="devops.hw1.core.Backend.java" Intrnl_Id="1171">
<LocList>
<Loc EndOffset="3339" SrcFileId="14" StartOffset="3323"/>
</LocList>
</BasicStmnt>
<CondStmnt CovItemId="S33" CovItemPrefix="devops.hw1.core.Backend.java" Intrnl_Id="1172">
<Branch CovItemId="B18" CovItemPrefix="devops.hw1.core.Backend.java" Implct="true" Intrnl_Id="1173">
<Cond/>
<LocList/>
<StmntSeq Intrnl_Id="1174">
<LocList/>
</StmntSeq>
</Branch>
<Branch CovItemId="B19" CovItemPrefix="devops.hw1.core.Backend.java" Implct="false" Intrnl_Id="1175">
<Cond>
<Loc EndOffset="3380" SrcFileId="14" StartOffset="3345"/>
</Cond>
<LocList>
<Loc EndOffset="3458" SrcFileId="14" StartOffset="3381"/>
</LocList>
<StmntSeq Intrnl_Id="1176">
<LocList>
<Loc EndOffset="3453" SrcFileId="14" StartOffset="3387"/>
</LocList>
<BasicStmnt CovItemId="S35" CovItemPrefix="devops.hw1.core.Backend.java" Intrnl_Id="1177">
<LocList>
<Loc EndOffset="3453" SrcFileId="14" StartOffset="3387"/>
</LocList>
</BasicStmnt>
</StmntSeq>
</Branch>
<Keyword EndOffset="3316" SrcFileId="14" StartOffset="3313"/>
<LocList>
<Loc EndOffset="3458" SrcFileId="14" StartOffset="3313"/>
</LocList>
</CondStmnt>
</StmntSeq>
</HierarchyLvl>
<HierarchyLvl HierarchyLvlId="424" HierarchyLvlTypeId="23" Intrnl_Id="1178" Name="getZoneContents">
<Header>
<Loc EndOffset="3690" SrcFileId="14" StartOffset="3657"/>
</Header>
<LocList>
<Loc EndOffset="3722" SrcFileId="14" StartOffset="3657"/>
</LocList>
<StmntSeq Intrnl_Id="1179">
<LocList>
<Loc EndOffset="3718" SrcFileId="14" StartOffset="3695"/>
</LocList>
<BasicStmnt CovItemId="S36" CovItemPrefix="devops.hw1.core.Backend.java" Intrnl_Id="1180">
<LocList>
<Loc EndOffset="3718" SrcFileId="14" StartOffset="3695"/>
</LocList>
</BasicStmnt>
</StmntSeq>
</HierarchyLvl>
<HierarchyLvl HierarchyLvlId="425" HierarchyLvlTypeId="23" Intrnl_Id="1181" Name="removeCard">
<Header>
<Loc EndOffset="3904" SrcFileId="14" StartOffset="3874"/>
</Header>
<LocList>
<Loc EndOffset="4056" SrcFileId="14" StartOffset="3874"/>
</LocList>
<StmntSeq Intrnl_Id="1182">
<LocList>
<Loc EndOffset="3931" SrcFileId="14" StartOffset="3919"/>
<Loc EndOffset="4050" SrcFileId="14" StartOffset="3909"/>
</LocList>
<BasicStmnt CovItemId="S38" CovItemPrefix="devops.hw1.core.Backend.java" Intrnl_Id="1183">
<LocList>
<Loc EndOffset="3931" SrcFileId="14" StartOffset="3919"/>
</LocList>
</BasicStmnt>
<CondStmnt CovItemId="S37" CovItemPrefix="devops.hw1.core.Backend.java" Intrnl_Id="1184">
<Branch CovItemId="B20" CovItemPrefix="devops.hw1.core.Backend.java" Implct="true" Intrnl_Id="1185">
<Cond/>
<LocList/>
<StmntSeq Intrnl_Id="1186">
<LocList/>
</StmntSeq>
</Branch>
<Branch CovItemId="B21" CovItemPrefix="devops.hw1.core.Backend.java" Implct="false" Intrnl_Id="1187">
<Cond>
<Loc EndOffset="3972" SrcFileId="14" StartOffset="3937"/>
</Cond>
<LocList>
<Loc EndOffset="4050" SrcFileId="14" StartOffset="3973"/>
</LocList>
<StmntSeq Intrnl_Id="1188">
<LocList>
<Loc EndOffset="4045" SrcFileId="14" StartOffset="3979"/>
</LocList>
<BasicStmnt CovItemId="S39" CovItemPrefix="devops.hw1.core.Backend.java" Intrnl_Id="1189">
<LocList>
<Loc EndOffset="4045" SrcFileId="14" StartOffset="3979"/>
</LocList>
</BasicStmnt>
</StmntSeq>
</Branch>
<Keyword EndOffset="3912" SrcFileId="14" StartOffset="3909"/>
<LocList>
<Loc EndOffset="4050" SrcFileId="14" StartOffset="3909"/>
</LocList>
</CondStmnt>
</StmntSeq>
</HierarchyLvl>
<HierarchyLvl HierarchyLvlId="426" HierarchyLvlTypeId="23" Intrnl_Id="1190" Name="getPhase">
<Header>
<Loc EndOffset="4157" SrcFileId="14" StartOffset="4134"/>
</Header>
<LocList>
<Loc EndOffset="4185" SrcFileId="14" StartOffset="4134"/>
</LocList>
<StmntSeq Intrnl_Id="1191">
<LocList>
<Loc EndOffset="4181" SrcFileId="14" StartOffset="4163"/>
</LocList>
<BasicStmnt CovItemId="S40" CovItemPrefix="devops.hw1.core.Backend.java" Intrnl_Id="1192">
<LocList>
<Loc EndOffset="4181" SrcFileId="14" StartOffset="4163"/>
</LocList>
</BasicStmnt>
</StmntSeq>
</HierarchyLvl>
<HierarchyLvl HierarchyLvlId="427" HierarchyLvlTypeId="23" Intrnl_Id="1193" Name="changePhase">
<Header>
<Loc EndOffset="4276" SrcFileId="14" StartOffset="4251"/>
</Header>
<LocList>
<Loc EndOffset="4924" SrcFileId="14" StartOffset="4251"/>
</LocList>
<StmntSeq Intrnl_Id="1194">
<LocList>
<Loc EndOffset="4303" SrcFileId="14" StartOffset="4282"/>
<Loc EndOffset="4405" SrcFileId="14" StartOffset="4309"/>
<Loc EndOffset="4504" SrcFileId="14" StartOffset="4411"/>
<Loc EndOffset="4916" SrcFileId="14" StartOffset="4538"/>
</LocList>
<BasicStmnt CovItemId="S41" CovItemPrefix="devops.hw1.core.Backend.java" Intrnl_Id="1195">
<LocList>
<Loc EndOffset="4303" SrcFileId="14" StartOffset="4282"/>
</LocList>
</BasicStmnt>
<CondStmnt CovItemId="S42" CovItemPrefix="devops.hw1.core.Backend.java" Intrnl_Id="1196">
<Branch CovItemId="B22" CovItemPrefix="devops.hw1.core.Backend.java" Implct="false" Intrnl_Id="1197">
<Cond/>
<LocList>
<Loc EndOffset="4405" SrcFileId="14" StartOffset="4382"/>
</LocList>
<StmntSeq Intrnl_Id="1198">
<LocList>
<Loc EndOffset="4405" SrcFileId="14" StartOffset="4382"/>
</LocList>
<BasicStmnt CovItemId="S43" CovItemPrefix="devops.hw1.core.Backend.java" Intrnl_Id="1199">
<LocList>
<Loc EndOffset="4405" SrcFileId="14" StartOffset="4382"/>
</LocList>
</BasicStmnt>
</StmntSeq>
</Branch>
<Branch CovItemId="B23" CovItemPrefix="devops.hw1.core.Backend.java" Implct="true" Intrnl_Id="1200">
<Cond/>
<LocList/>
<StmntSeq Intrnl_Id="1201">
<LocList/>
</StmntSeq>
</Branch>
<Keyword EndOffset="4311" SrcFileId="14" StartOffset="4309"/>
<LocList>
<Loc EndOffset="4405" SrcFileId="14" StartOffset="4309"/>
</LocList>
<RootTerm CovItemId="C6" CovItemPrefix="devops.hw1.core.Backend.java" Intrnl_Id="1202">
<OpTerm BooleanOpId="17" Intrnl_Id="1203">
<BasicBoolTerm Intrnl_Id="1204">
<LocList>
<Loc EndOffset="4341" SrcFileId="14" StartOffset="4313"/>
</LocList>
</BasicBoolTerm>
<BasicBoolTerm Intrnl_Id="1205">
<LocList>
<Loc EndOffset="4375" SrcFileId="14" StartOffset="4347"/>
</LocList>
</BasicBoolTerm>
<LocList>
<Loc EndOffset="4345" SrcFileId="14" StartOffset="4343"/>
</LocList>
</OpTerm>
</RootTerm>
</CondStmnt>
<BasicStmnt CovItemId="S44" CovItemPrefix="devops.hw1.core.Backend.java" Intrnl_Id="1206">
<LocList>
<Loc EndOffset="4504" SrcFileId="14" StartOffset="4411"/>
</LocList>
</BasicStmnt>
<CondStmnt CovItemId="S45" CovItemPrefix="devops.hw1.core.Backend.java" Intrnl_Id="1207">
<Branch CovItemId="B24" CovItemPrefix="devops.hw1.core.Backend.java" Implct="false" Intrnl_Id="1208">
<Cond/>
<LocList>
<Loc EndOffset="4916" SrcFileId="14" StartOffset="4603"/>
</LocList>
<StmntSeq Intrnl_Id="1209">
<LocList>
<Loc EndOffset="4708" SrcFileId="14" StartOffset="4609"/>
<Loc EndOffset="4813" SrcFileId="14" StartOffset="4713"/>
<Loc EndOffset="4911" SrcFileId="14" StartOffset="4818"/>
</LocList>
<LoopStmnt CovItemId="S46" CovItemPrefix="devops.hw1.core.Backend.java" Intrnl_Id="1210" MltplExecId="L1-2" MltplExecPrefix="devops.hw1.core.Backend.java" NvrExecId="L1-0" NvrExecPrefix="devops.hw1.core.Backend.java" OnceExecutedId="L1-1" OnceExecutedPrefix="devops.hw1.core.Backend.java" OptBodyExec="true">
<StmntSeq Intrnl_Id="1211">
<LocList>
<Loc EndOffset="4702" SrcFileId="14" StartOffset="4659"/>
</LocList>
<CondStmnt CovItemId="S47" CovItemPrefix="devops.hw1.core.Backend.java" Intrnl_Id="1212">
<Branch CovItemId="B26" CovItemPrefix="devops.hw1.core.Backend.java" Implct="false" Intrnl_Id="1213">
<Cond/>
<LocList>
<Loc EndOffset="4702" SrcFileId="14" StartOffset="4677"/>
</LocList>
<StmntSeq Intrnl_Id="1214">
<LocList>
<Loc EndOffset="4695" SrcFileId="14" StartOffset="4685"/>
</LocList>
<BasicStmnt CovItemId="S48" CovItemPrefix="devops.hw1.core.Backend.java" Intrnl_Id="1215">
<LocList>
<Loc EndOffset="4695" SrcFileId="14" StartOffset="4685"/>
</LocList>
</BasicStmnt>
</StmntSeq>
</Branch>
<Branch CovItemId="B27" CovItemPrefix="devops.hw1.core.Backend.java" Implct="true" Intrnl_Id="1216">
<Cond/>
<LocList/>
<StmntSeq Intrnl_Id="1217">
<LocList/>
</StmntSeq>
</Branch>
<Keyword EndOffset="4661" SrcFileId="14" StartOffset="4659"/>
<LocList>
<Loc EndOffset="4702" SrcFileId="14" StartOffset="4659"/>
</LocList>
<RootTerm CovItemId="C8" CovItemPrefix="devops.hw1.core.Backend.java" Intrnl_Id="1218">
<BasicBoolTerm Intrnl_Id="1219">
<LocList>
<Loc EndOffset="4675" SrcFileId="14" StartOffset="4662"/>
</LocList>
</BasicBoolTerm>
</RootTerm>
</CondStmnt>
</StmntSeq>
<Keyword EndOffset="4612" SrcFileId="14" StartOffset="4609"/>
<LocList>
<Loc EndOffset="4708" SrcFileId="14" StartOffset="4609"/>
</LocList>
</LoopStmnt>
<LoopStmnt CovItemId="S49" CovItemPrefix="devops.hw1.core.Backend.java" Intrnl_Id="1220" MltplExecId="L2-2" MltplExecPrefix="devops.hw1.core.Backend.java" NvrExecId="L2-0" NvrExecPrefix="devops.hw1.core.Backend.java" OnceExecutedId="L2-1" OnceExecutedPrefix="devops.hw1.core.Backend.java" OptBodyExec="true">
<StmntSeq Intrnl_Id="1221">
<LocList>
<Loc EndOffset="4807" SrcFileId="14" StartOffset="4764"/>
</LocList>
<CondStmnt CovItemId="S50" CovItemPrefix="devops.hw1.core.Backend.java" Intrnl_Id="1222">
<Branch CovItemId="B28" CovItemPrefix="devops.hw1.core.Backend.java" Implct="false" Intrnl_Id="1223">
<Cond/>
<LocList>
<Loc EndOffset="4807" SrcFileId="14" StartOffset="4782"/>
</LocList>
<StmntSeq Intrnl_Id="1224">
<LocList>
<Loc EndOffset="4800" SrcFileId="14" StartOffset="4790"/>
</LocList>
<BasicStmnt CovItemId="S51" CovItemPrefix="devops.hw1.core.Backend.java" Intrnl_Id="1225">
<LocList>
<Loc EndOffset="4800" SrcFileId="14" StartOffset="4790"/>
</LocList>
</BasicStmnt>
</StmntSeq>
</Branch>
<Branch CovItemId="B29" CovItemPrefix="devops.hw1.core.Backend.java" Implct="true" Intrnl_Id="1226">
<Cond/>
<LocList/>
<StmntSeq Intrnl_Id="1227">
<LocList/>
</StmntSeq>
</Branch>
<Keyword EndOffset="4766" SrcFileId="14" StartOffset="4764"/>
<LocList>
<Loc EndOffset="4807" SrcFileId="14" StartOffset="4764"/>
</LocList>
<RootTerm CovItemId="C9" CovItemPrefix="devops.hw1.core.Backend.java" Intrnl_Id="1228">
<BasicBoolTerm Intrnl_Id="1229">
<LocList>
<Loc EndOffset="4780" SrcFileId="14" StartOffset="4767"/>
</LocList>
</BasicBoolTerm>
</RootTerm>
</CondStmnt>
</StmntSeq>
<Keyword EndOffset="4716" SrcFileId="14" StartOffset="4713"/>
<LocList>
<Loc EndOffset="4813" SrcFileId="14" StartOffset="4713"/>
</LocList>
</LoopStmnt>
<BasicStmnt CovItemId="S52" CovItemPrefix="devops.hw1.core.Backend.java" Intrnl_Id="1230">
<LocList>
<Loc EndOffset="4911" SrcFileId="14" StartOffset="4818"/>
</LocList>
</BasicStmnt>
</StmntSeq>
</Branch>
<Branch CovItemId="B25" CovItemPrefix="devops.hw1.core.Backend.java" Implct="true" Intrnl_Id="1231">
<Cond/>
<LocList/>
<StmntSeq Intrnl_Id="1232">
<LocList/>
</StmntSeq>
</Branch>
<Keyword EndOffset="4540" SrcFileId="14" StartOffset="4538"/>
<LocList>
<Loc EndOffset="4916" SrcFileId="14" StartOffset="4538"/>
</LocList>
<RootTerm CovItemId="C7" CovItemPrefix="devops.hw1.core.Backend.java" Intrnl_Id="1233">
<OpTerm BooleanOpId="17" Intrnl_Id="1234">
<BasicBoolTerm Intrnl_Id="1235">
<LocList>
<Loc EndOffset="4568" SrcFileId="14" StartOffset="4542"/>
</LocList>
</BasicBoolTerm>
<BasicBoolTerm Intrnl_Id="1236">
<LocList>
<Loc EndOffset="4600" SrcFileId="14" StartOffset="4574"/>
</LocList>
</BasicBoolTerm>
<LocList>
<Loc EndOffset="4572" SrcFileId="14" StartOffset="4570"/>
</LocList>
</OpTerm>
</RootTerm>
</CondStmnt>
</StmntSeq>
</HierarchyLvl>
<HierarchyLvl HierarchyLvlId="428" HierarchyLvlTypeId="23" Intrnl_Id="1237" Name="getTurn">
<Header>
<Loc EndOffset="5101" SrcFileId="14" StartOffset="5077"/>
</Header>
<LocList>
<Loc EndOffset="5128" SrcFileId="14" StartOffset="5077"/>
</LocList>
<StmntSeq Intrnl_Id="1238">
<LocList>
<Loc EndOffset="5124" SrcFileId="14" StartOffset="5107"/>
</LocList>
<BasicStmnt CovItemId="S53" CovItemPrefix="devops.hw1.core.Backend.java" Intrnl_Id="1239">
<LocList>
<Loc EndOffset="5124" SrcFileId="14" StartOffset="5107"/>
</LocList>
</BasicStmnt>
</StmntSeq>
</HierarchyLvl>
<HierarchyLvl HierarchyLvlId="429" HierarchyLvlTypeId="23" Intrnl_Id="1240" Name="getPriority">
<Header>
<Loc EndOffset="5313" SrcFileId="14" StartOffset="5285"/>
</Header>
<LocList>
<Loc EndOffset="5344" SrcFileId="14" StartOffset="5285"/>
</LocList>
<StmntSeq Intrnl_Id="1241">
<LocList>
<Loc EndOffset="5340" SrcFileId="14" StartOffset="5319"/>
</LocList>
<BasicStmnt CovItemId="S54" CovItemPrefix="devops.hw1.core.Backend.java" Intrnl_Id="1242">
<LocList>
<Loc EndOffset="5340" SrcFileId="14" StartOffset="5319"/>
</LocList>
</BasicStmnt>
</StmntSeq>
</HierarchyLvl>
<HierarchyLvl HierarchyLvlId="430" HierarchyLvlTypeId="23" Intrnl_Id="1243" Name="passPriority">
<Header>
<Loc EndOffset="5493" SrcFileId="14" StartOffset="5453"/>
</Header>
<LocList>
<Loc EndOffset="6295" SrcFileId="14" StartOffset="5453"/>
</LocList>
<StmntSeq Intrnl_Id="1244">
<LocList>
<Loc EndOffset="6291" SrcFileId="14" StartOffset="5499"/>
</LocList>
<CondStmnt CovItemId="S55" CovItemPrefix="devops.hw1.core.Backend.java" Intrnl_Id="1245">
<Branch CovItemId="B30" CovItemPrefix="devops.hw1.core.Backend.java" Implct="false" Intrnl_Id="1246">
<Cond/>
<LocList>
<Loc EndOffset="6291" SrcFileId="14" StartOffset="5527"/>
</LocList>
<StmntSeq Intrnl_Id="1247">
<LocList>
<Loc EndOffset="6286" SrcFileId="14" StartOffset="5535"/>
</LocList>
<CondStmnt CovItemId="S56" CovItemPrefix="devops.hw1.core.Backend.java" Intrnl_Id="1248">
<Branch CovItemId="B32" CovItemPrefix="devops.hw1.core.Backend.java" Implct="false" Intrnl_Id="1249">
<Cond/>
<LocList>
<Loc EndOffset="6101" SrcFileId="14" StartOffset="5575"/>
</LocList>
<StmntSeq Intrnl_Id="1250">
<LocList>
<Loc EndOffset="5618" SrcFileId="14" StartOffset="5582"/>
<Loc EndOffset="6037" SrcFileId="14" StartOffset="5624"/>
<Loc EndOffset="6063" SrcFileId="14" StartOffset="6043"/>
<Loc EndOffset="6095" SrcFileId="14" StartOffset="6069"/>
</LocList>
<BasicStmnt CovItemId="S57" CovItemPrefix="devops.hw1.core.Backend.java" Intrnl_Id="1251">
<LocList>
<Loc EndOffset="5618" SrcFileId="14" StartOffset="5582"/>
</LocList>
</BasicStmnt>
<CondStmnt CovItemId="S58" CovItemPrefix="devops.hw1.core.Backend.java" Intrnl_Id="1252">
<Branch CovItemId="B34" CovItemPrefix="devops.hw1.core.Backend.java" Implct="false" Intrnl_Id="1253">
<Cond/>
<LocList>
<Loc EndOffset="5865" SrcFileId="14" StartOffset="5653"/>
</LocList>
<StmntSeq Intrnl_Id="1254">
<LocList>
<Loc EndOffset="5708" SrcFileId="14" StartOffset="5661"/>
<Loc EndOffset="5858" SrcFileId="14" StartOffset="5715"/>
</LocList>
<BasicStmnt CovItemId="S59" CovItemPrefix="devops.hw1.core.Backend.java" Intrnl_Id="1255">
<LocList>
<Loc EndOffset="5708" SrcFileId="14" StartOffset="5661"/>
</LocList>
</BasicStmnt>
<LoopStmnt CovItemId="S60" CovItemPrefix="devops.hw1.core.Backend.java" Intrnl_Id="1256" MltplExecId="L3-2" MltplExecPrefix="devops.hw1.core.Backend.java" NvrExecId="L3-0" NvrExecPrefix="devops.hw1.core.Backend.java" OnceExecutedId="L3-1" OnceExecutedPrefix="devops.hw1.core.Backend.java" OptBodyExec="true">
<StmntSeq Intrnl_Id="1257">
<LocList>
<Loc EndOffset="5850" SrcFileId="14" StartOffset="5762"/>
</LocList>
<CondStmnt CovItemId="S61" CovItemPrefix="devops.hw1.core.Backend.java" Intrnl_Id="1258">
<Branch CovItemId="B36" CovItemPrefix="devops.hw1.core.Backend.java" Implct="false" Intrnl_Id="1259">
<Cond/>
<LocList>
<Loc EndOffset="5850" SrcFileId="14" StartOffset="5800"/>
</LocList>
<StmntSeq Intrnl_Id="1260">
<LocList>
<Loc EndOffset="5841" SrcFileId="14" StartOffset="5810"/>
</LocList>
<BasicStmnt CovItemId="S62" CovItemPrefix="devops.hw1.core.Backend.java" Intrnl_Id="1261">
<LocList>
<Loc EndOffset="5841" SrcFileId="14" StartOffset="5810"/>
</LocList>
</BasicStmnt>
</StmntSeq>
</Branch>
<Branch CovItemId="B37" CovItemPrefix="devops.hw1.core.Backend.java" Implct="true" Intrnl_Id="1262">
<Cond/>
<LocList/>
<StmntSeq Intrnl_Id="1263">
<LocList/>
</StmntSeq>
</Branch>
<Keyword EndOffset="5764" SrcFileId="14" StartOffset="5762"/>
<LocList>
<Loc EndOffset="5850" SrcFileId="14" StartOffset="5762"/>
</LocList>
<RootTerm CovItemId="C14" CovItemPrefix="devops.hw1.core.Backend.java" Intrnl_Id="1264">
<BasicBoolTerm Intrnl_Id="1265">
<LocList>
<Loc EndOffset="5798" SrcFileId="14" StartOffset="5765"/>
</LocList>
</BasicBoolTerm>
</RootTerm>
</CondStmnt>
</StmntSeq>
<Keyword EndOffset="5718" SrcFileId="14" StartOffset="5715"/>
<LocList>
<Loc EndOffset="5858" SrcFileId="14" StartOffset="5715"/>
</LocList>
<RootTerm CovItemId="C13" CovItemPrefix="devops.hw1.core.Backend.java" Intrnl_Id="1266">
<BasicBoolTerm Intrnl_Id="1267">
<LocList>
<Loc EndOffset="5746" SrcFileId="14" StartOffset="5730"/>
</LocList>
</BasicBoolTerm>
</RootTerm>
</LoopStmnt>
</StmntSeq>
</Branch>
<Branch CovItemId="B35" CovItemPrefix="devops.hw1.core.Backend.java" Implct="false" Intrnl_Id="1268">
<Cond>
<Loc EndOffset="5870" SrcFileId="14" StartOffset="5866"/>
</Cond>
<LocList>
<Loc EndOffset="6037" SrcFileId="14" StartOffset="5871"/>
</LocList>
<StmntSeq Intrnl_Id="1269">
<LocList>
<Loc EndOffset="6030" SrcFileId="14" StartOffset="5879"/>
</LocList>
<CondStmnt CovItemId="S63" CovItemPrefix="devops.hw1.core.Backend.java" Intrnl_Id="1270">
<Branch CovItemId="B38" CovItemPrefix="devops.hw1.core.Backend.java" Implct="false" Intrnl_Id="1271">
<Cond/>
<LocList>
<Loc EndOffset="5961" SrcFileId="14" StartOffset="5899"/>
</LocList>
<StmntSeq Intrnl_Id="1272">
<LocList>
<Loc EndOffset="5953" SrcFileId="14" StartOffset="5908"/>
</LocList>
<BasicStmnt CovItemId="S64" CovItemPrefix="devops.hw1.core.Backend.java" Intrnl_Id="1273">
<LocList>
<Loc EndOffset="5953" SrcFileId="14" StartOffset="5908"/>
</LocList>
</BasicStmnt>
</StmntSeq>
</Branch>
<Branch CovItemId="B39" CovItemPrefix="devops.hw1.core.Backend.java" Implct="false" Intrnl_Id="1274">
<Cond>
<Loc EndOffset="5966" SrcFileId="14" StartOffset="5962"/>
</Cond>
<LocList>
<Loc EndOffset="6030" SrcFileId="14" StartOffset="5967"/>
</LocList>
<StmntSeq Intrnl_Id="1275">
<LocList>
<Loc EndOffset="6022" SrcFileId="14" StartOffset="5976"/>
</LocList>
<BasicStmnt CovItemId="S65" CovItemPrefix="devops.hw1.core.Backend.java" Intrnl_Id="1276">
<LocList>
<Loc EndOffset="6022" SrcFileId="14" StartOffset="5976"/>
</LocList>
</BasicStmnt>
</StmntSeq>
</Branch>
<Keyword EndOffset="5881" SrcFileId="14" StartOffset="5879"/>
<LocList>
<Loc EndOffset="6030" SrcFileId="14" StartOffset="5879"/>
</LocList>
<RootTerm CovItemId="C15" CovItemPrefix="devops.hw1.core.Backend.java" Intrnl_Id="1277">
<BasicBoolTerm Intrnl_Id="1278">
<LocList>
<Loc EndOffset="5898" SrcFileId="14" StartOffset="5882"/>
</LocList>
</BasicBoolTerm>
</RootTerm>
</CondStmnt>
</StmntSeq>
</Branch>
<Keyword EndOffset="5626" SrcFileId="14" StartOffset="5624"/>
<LocList>
<Loc EndOffset="6037" SrcFileId="14" StartOffset="5624"/>
</LocList>
<RootTerm CovItemId="C12" CovItemPrefix="devops.hw1.core.Backend.java" Intrnl_Id="1279">
<BasicBoolTerm Intrnl_Id="1280">
<LocList>
<Loc EndOffset="5651" SrcFileId="14" StartOffset="5627"/>
</LocList>
</BasicBoolTerm>
</RootTerm>
</CondStmnt>
<BasicStmnt CovItemId="S66" CovItemPrefix="devops.hw1.core.Backend.java" Intrnl_Id="1281">
<LocList>
<Loc EndOffset="6063" SrcFileId="14" StartOffset="6043"/>
</LocList>
</BasicStmnt>
<BasicStmnt CovItemId="S67" CovItemPrefix="devops.hw1.core.Backend.java" Intrnl_Id="1282">
<LocList>
<Loc EndOffset="6095" SrcFileId="14" StartOffset="6069"/>
</LocList>
</BasicStmnt>
</StmntSeq>
</Branch>
<Branch CovItemId="B33" CovItemPrefix="devops.hw1.core.Backend.java" Implct="false" Intrnl_Id="1283">
<Cond>
<Loc EndOffset="6106" SrcFileId="14" StartOffset="6102"/>
</Cond>
<LocList>
<Loc EndOffset="6286" SrcFileId="14" StartOffset="6107"/>
</LocList>
<StmntSeq Intrnl_Id="1284">
<LocList>
<Loc EndOffset="6286" SrcFileId="14" StartOffset="6107"/>
</LocList>
<CondStmnt CovItemId="S68" CovItemPrefix="devops.hw1.core.Backend.java" Intrnl_Id="1285">
<Branch CovItemId="B40" CovItemPrefix="devops.hw1.core.Backend.java" Implct="false" Intrnl_Id="1286">
<Cond/>
<LocList>
<Loc EndOffset="6211" SrcFileId="14" StartOffset="6122"/>
</LocList>
<StmntSeq Intrnl_Id="1287">
<LocList>
<Loc EndOffset="6148" SrcFileId="14" StartOffset="6129"/>
<Loc EndOffset="6174" SrcFileId="14" StartOffset="6154"/>
<Loc EndOffset="6205" SrcFileId="14" StartOffset="6180"/>
</LocList>
<BasicStmnt CovItemId="S69" CovItemPrefix="devops.hw1.core.Backend.java" Intrnl_Id="1288">
<LocList>
<Loc EndOffset="6148" SrcFileId="14" StartOffset="6129"/>
</LocList>
</BasicStmnt>
<BasicStmnt CovItemId="S70" CovItemPrefix="devops.hw1.core.Backend.java" Intrnl_Id="1289">
<LocList>
<Loc EndOffset="6174" SrcFileId="14" StartOffset="6154"/>
</LocList>
</BasicStmnt>
<BasicStmnt CovItemId="S71" CovItemPrefix="devops.hw1.core.Backend.java" Intrnl_Id="1290">
<LocList>
<Loc EndOffset="6205" SrcFileId="14" StartOffset="6180"/>
</LocList>
</BasicStmnt>
</StmntSeq>
</Branch>
<Branch CovItemId="B41" CovItemPrefix="devops.hw1.core.Backend.java" Implct="false" Intrnl_Id="1291">
<Cond>
<Loc EndOffset="6216" SrcFileId="14" StartOffset="6212"/>
</Cond>
<LocList>
<Loc EndOffset="6286" SrcFileId="14" StartOffset="6217"/>
</LocList>
<StmntSeq Intrnl_Id="1292">
<LocList>
<Loc EndOffset="6243" SrcFileId="14" StartOffset="6224"/>
<Loc EndOffset="6280" SrcFileId="14" StartOffset="6249"/>
</LocList>
<BasicStmnt CovItemId="S72" CovItemPrefix="devops.hw1.core.Backend.java" Intrnl_Id="1293">
<LocList>
<Loc EndOffset="6243" SrcFileId="14" StartOffset="6224"/>
</LocList>
</BasicStmnt>
<BasicStmnt CovItemId="S73" CovItemPrefix="devops.hw1.core.Backend.java" Intrnl_Id="1294">
<LocList>
<Loc EndOffset="6280" SrcFileId="14" StartOffset="6249"/>
</LocList>
</BasicStmnt>
</StmntSeq>
</Branch>
<Keyword EndOffset="6109" SrcFileId="14" StartOffset="6107"/>
<LocList>
<Loc EndOffset="6286" SrcFileId="14" StartOffset="6107"/>
</LocList>
<RootTerm CovItemId="C16" CovItemPrefix="devops.hw1.core.Backend.java" Intrnl_Id="1295">
<BasicBoolTerm Intrnl_Id="1296">
<LocList>
<Loc EndOffset="6121" SrcFileId="14" StartOffset="6110"/>
</LocList>
</BasicBoolTerm>
</RootTerm>
</CondStmnt>
</StmntSeq>
</Branch>
<Keyword EndOffset="5537" SrcFileId="14" StartOffset="5535"/>
<LocList>
<Loc EndOffset="6286" SrcFileId="14" StartOffset="5535"/>
</LocList>
<RootTerm CovItemId="C11" CovItemPrefix="devops.hw1.core.Backend.java" Intrnl_Id="1297">
<OpTerm BooleanOpId="16" Intrnl_Id="1298">
<BasicBoolTerm Intrnl_Id="1299">
<LocList>
<Loc EndOffset="5550" SrcFileId="14" StartOffset="5539"/>
</LocList>
</BasicBoolTerm>
<OpTerm BooleanOpId="18" Intrnl_Id="1300">
<BasicBoolTerm Intrnl_Id="1301">
<LocList>
<Loc EndOffset="5573" SrcFileId="14" StartOffset="5555"/>
</LocList>
</BasicBoolTerm>
<LocList>
<Loc EndOffset="5555" SrcFileId="14" StartOffset="5554"/>
</LocList>
</OpTerm>
<LocList>
<Loc EndOffset="5553" SrcFileId="14" StartOffset="5551"/>
</LocList>
</OpTerm>
</RootTerm>
</CondStmnt>
</StmntSeq>
</Branch>
<Branch CovItemId="B31" CovItemPrefix="devops.hw1.core.Backend.java" Implct="true" Intrnl_Id="1302">
<Cond/>
<LocList/>
<StmntSeq Intrnl_Id="1303">
<LocList/>
</StmntSeq>
</Branch>
<Keyword EndOffset="5501" SrcFileId="14" StartOffset="5499"/>
<LocList>
<Loc EndOffset="6291" SrcFileId="14" StartOffset="5499"/>
</LocList>
<RootTerm CovItemId="C10" CovItemPrefix="devops.hw1.core.Backend.java" Intrnl_Id="1304">
<BasicBoolTerm Intrnl_Id="1305">
<LocList>
<Loc EndOffset="5525" SrcFileId="14" StartOffset="5502"/>
</LocList>
</BasicBoolTerm>
</RootTerm>
</CondStmnt>
</StmntSeq>
</HierarchyLvl>
<HierarchyLvl HierarchyLvlId="431" HierarchyLvlTypeId="23" Intrnl_Id="1306" Name="activateManaAbility">
<Header>
<Loc EndOffset="6507" SrcFileId="14" StartOffset="6452"/>
</Header>
<LocList>
<Loc EndOffset="7573" SrcFileId="14" StartOffset="6452"/>
</LocList>
<StmntSeq Intrnl_Id="1307">
<LocList>
<Loc EndOffset="6584" SrcFileId="14" StartOffset="6513"/>
<Loc EndOffset="6791" SrcFileId="14" StartOffset="6588"/>
<Loc EndOffset="7569" SrcFileId="14" StartOffset="6795"/>
</LocList>
<BasicStmnt CovItemId="S74" CovItemPrefix="devops.hw1.core.Backend.java" Intrnl_Id="1308">
<LocList>
<Loc EndOffset="6584" SrcFileId="14" StartOffset="6513"/>
</LocList>
</BasicStmnt>
<CondStmnt CovItemId="S75" CovItemPrefix="devops.hw1.core.Backend.java" Intrnl_Id="1309">
<Branch CovItemId="B42" CovItemPrefix="devops.hw1.core.Backend.java" Implct="false" Intrnl_Id="1310">
<Cond/>
<LocList>
<Loc EndOffset="6791" SrcFileId="14" StartOffset="6624"/>
</LocList>
<StmntSeq Intrnl_Id="1311">
<LocList>
<Loc EndOffset="6773" SrcFileId="14" StartOffset="6630"/>
<Loc EndOffset="6786" SrcFileId="14" StartOffset="6778"/>
</LocList>
<CondStmnt CovItemId="S76" CovItemPrefix="devops.hw1.core.Backend.java" Intrnl_Id="1312">
<Branch CovItemId="B44" CovItemPrefix="devops.hw1.core.Backend.java" Implct="false" Intrnl_Id="1313">
<Cond/>
<LocList>
<Loc EndOffset="6773" SrcFileId="14" StartOffset="6647"/>
</LocList>
<StmntSeq Intrnl_Id="1314">
<LocList>
<Loc EndOffset="6767" SrcFileId="14" StartOffset="6654"/>
</LocList>
<BasicStmnt CovItemId="S77" CovItemPrefix="devops.hw1.core.Backend.java" Intrnl_Id="1315">
<LocList>
<Loc EndOffset="6767" SrcFileId="14" StartOffset="6654"/>
</LocList>
</BasicStmnt>
</StmntSeq>
</Branch>
<Branch CovItemId="B45" CovItemPrefix="devops.hw1.core.Backend.java" Implct="true" Intrnl_Id="1316">
<Cond/>
<LocList/>
<StmntSeq Intrnl_Id="1317">
<LocList/>
</StmntSeq>
</Branch>
<Keyword EndOffset="6632" SrcFileId="14" StartOffset="6630"/>
<LocList>
<Loc EndOffset="6773" SrcFileId="14" StartOffset="6630"/>
</LocList>
<RootTerm CovItemId="C18" CovItemPrefix="devops.hw1.core.Backend.java" Intrnl_Id="1318">
<BasicBoolTerm Intrnl_Id="1319">
<LocList>
<Loc EndOffset="6646" SrcFileId="14" StartOffset="6633"/>
</LocList>
</BasicBoolTerm>
</RootTerm>
</CondStmnt>
<BasicStmnt CovItemId="S78" CovItemPrefix="devops.hw1.core.Backend.java" Intrnl_Id="1320">
<LocList>
<Loc EndOffset="6786" SrcFileId="14" StartOffset="6778"/>
</LocList>
</BasicStmnt>
</StmntSeq>
</Branch>
<Branch CovItemId="B43" CovItemPrefix="devops.hw1.core.Backend.java" Implct="true" Intrnl_Id="1321">
<Cond/>
<LocList/>
<StmntSeq Intrnl_Id="1322">
<LocList/>
</StmntSeq>
</Branch>
<Keyword EndOffset="6590" SrcFileId="14" StartOffset="6588"/>
<LocList>
<Loc EndOffset="6791" SrcFileId="14" StartOffset="6588"/>
</LocList>
<RootTerm CovItemId="C17" CovItemPrefix="devops.hw1.core.Backend.java" Intrnl_Id="1323">
<BasicBoolTerm Intrnl_Id="1324">
<LocList>
<Loc EndOffset="6623" SrcFileId="14" StartOffset="6591"/>
</LocList>
</BasicBoolTerm>
</RootTerm>
</CondStmnt>
<CondStmnt CovItemId="S79" CovItemPrefix="devops.hw1.core.Backend.java" Intrnl_Id="1325">
<Branch CovItemId="B46" CovItemPrefix="devops.hw1.core.Backend.java" Implct="false" Intrnl_Id="1326">
<Cond/>
<LocList>
<Loc EndOffset="7184" SrcFileId="14" StartOffset="6805"/>
</LocList>
<StmntSeq Intrnl_Id="1327">
<LocList>
<Loc EndOffset="7179" SrcFileId="14" StartOffset="6811"/>
</LocList>
<CondStmnt CovItemId="S80" CovItemPrefix="devops.hw1.core.Backend.java" Intrnl_Id="1328">
<Branch CovItemId="B48" CovItemPrefix="devops.hw1.core.Backend.java" Implct="false" Intrnl_Id="1329">
<Cond>
<Loc EndOffset="6855" SrcFileId="14" StartOffset="6847"/>
</Cond>
<LocList>
<Loc EndOffset="6897" SrcFileId="14" StartOffset="6862"/>
</LocList>
<StmntSeq Intrnl_Id="1330">
<LocList>
<Loc EndOffset="6885" SrcFileId="14" StartOffset="6862"/>
<Loc EndOffset="6897" SrcFileId="14" StartOffset="6891"/>
</LocList>
<BasicStmnt CovItemId="S81" CovItemPrefix="devops.hw1.core.Backend.java" Intrnl_Id="1331">
<LocList>
<Loc EndOffset="6885" SrcFileId="14" StartOffset="6862"/>
</LocList>
</BasicStmnt>
<BasicStmnt CovItemId="S82" CovItemPrefix="devops.hw1.core.Backend.java" Intrnl_Id="1332">
<LocList>
<Loc EndOffset="6897" SrcFileId="14" StartOffset="6891"/>
</LocList>
</BasicStmnt>
</StmntSeq>
</Branch>
<Branch CovItemId="B49" CovItemPrefix="devops.hw1.core.Backend.java" Implct="false" Intrnl_Id="1333">
<Cond>
<Loc EndOffset="6910" SrcFileId="14" StartOffset="6902"/>
</Cond>
<LocList>
<Loc EndOffset="6951" SrcFileId="14" StartOffset="6917"/>
</LocList>
<StmntSeq Intrnl_Id="1334">
<LocList>
<Loc EndOffset="6939" SrcFileId="14" StartOffset="6917"/>
<Loc EndOffset="6951" SrcFileId="14" StartOffset="6945"/>
</LocList>
<BasicStmnt CovItemId="S83" CovItemPrefix="devops.hw1.core.Backend.java" Intrnl_Id="1335">
<LocList>
<Loc EndOffset="6939" SrcFileId="14" StartOffset="6917"/>
</LocList>
</BasicStmnt>
<BasicStmnt CovItemId="S84" CovItemPrefix="devops.hw1.core.Backend.java" Intrnl_Id="1336">
<LocList>
<Loc EndOffset="6951" SrcFileId="14" StartOffset="6945"/>
</LocList>
</BasicStmnt>
</StmntSeq>
</Branch>
<Branch CovItemId="B50" CovItemPrefix="devops.hw1.core.Backend.java" Implct="false" Intrnl_Id="1337">
<Cond>
<Loc EndOffset="6964" SrcFileId="14" StartOffset="6956"/>
</Cond>
<LocList>
<Loc EndOffset="7006" SrcFileId="14" StartOffset="6971"/>
</LocList>
<StmntSeq Intrnl_Id="1338">
<LocList>
<Loc EndOffset="6994" SrcFileId="14" StartOffset="6971"/>
<Loc EndOffset="7006" SrcFileId="14" StartOffset="7000"/>
</LocList>
<BasicStmnt CovItemId="S85" CovItemPrefix="devops.hw1.core.Backend.java" Intrnl_Id="1339">
<LocList>
<Loc EndOffset="6994" SrcFileId="14" StartOffset="6971"/>
</LocList>
</BasicStmnt>
<BasicStmnt CovItemId="S86" CovItemPrefix="devops.hw1.core.Backend.java" Intrnl_Id="1340">
<LocList>
<Loc EndOffset="7006" SrcFileId="14" StartOffset="7000"/>
</LocList>
</BasicStmnt>
</StmntSeq>
</Branch>
<Branch CovItemId="B51" CovItemPrefix="devops.hw1.core.Backend.java" Implct="false" Intrnl_Id="1341">
<Cond>
<Loc EndOffset="7019" SrcFileId="14" StartOffset="7011"/>
</Cond>
<LocList>
<Loc EndOffset="7059" SrcFileId="14" StartOffset="7026"/>
</LocList>
<StmntSeq Intrnl_Id="1342">
<LocList>
<Loc EndOffset="7047" SrcFileId="14" StartOffset="7026"/>
<Loc EndOffset="7059" SrcFileId="14" StartOffset="7053"/>
</LocList>
<BasicStmnt CovItemId="S87" CovItemPrefix="devops.hw1.core.Backend.java" Intrnl_Id="1343">
<LocList>
<Loc EndOffset="7047" SrcFileId="14" StartOffset="7026"/>
</LocList>
</BasicStmnt>
<BasicStmnt CovItemId="S88" CovItemPrefix="devops.hw1.core.Backend.java" Intrnl_Id="1344">
<LocList>
<Loc EndOffset="7059" SrcFileId="14" StartOffset="7053"/>
</LocList>
</BasicStmnt>
</StmntSeq>
</Branch>
<Branch CovItemId="B52" CovItemPrefix="devops.hw1.core.Backend.java" Implct="false" Intrnl_Id="1345">
<Cond>
<Loc EndOffset="7072" SrcFileId="14" StartOffset="7064"/>
</Cond>
<LocList>
<Loc EndOffset="7114" SrcFileId="14" StartOffset="7079"/>
</LocList>
<StmntSeq Intrnl_Id="1346">
<LocList>
<Loc EndOffset="7102" SrcFileId="14" StartOffset="7079"/>
<Loc EndOffset="7114" SrcFileId="14" StartOffset="7108"/>
</LocList>
<BasicStmnt CovItemId="S89" CovItemPrefix="devops.hw1.core.Backend.java" Intrnl_Id="1347">
<LocList>
<Loc EndOffset="7102" SrcFileId="14" StartOffset="7079"/>
</LocList>
</BasicStmnt>
<BasicStmnt CovItemId="S90" CovItemPrefix="devops.hw1.core.Backend.java" Intrnl_Id="1348">
<LocList>
<Loc EndOffset="7114" SrcFileId="14" StartOffset="7108"/>
</LocList>
</BasicStmnt>
</StmntSeq>
</Branch>
<Branch CovItemId="B53" CovItemPrefix="devops.hw1.core.Backend.java" Implct="false" Intrnl_Id="1349">
<Cond>
<Loc EndOffset="7127" SrcFileId="14" StartOffset="7119"/>
</Cond>
<LocList>
<Loc EndOffset="7173" SrcFileId="14" StartOffset="7134"/>
</LocList>
<StmntSeq Intrnl_Id="1350">
<LocList>
<Loc EndOffset="7161" SrcFileId="14" StartOffset="7134"/>
<Loc EndOffset="7173" SrcFileId="14" StartOffset="7167"/>
</LocList>
<BasicStmnt CovItemId="S91" CovItemPrefix="devops.hw1.core.Backend.java" Intrnl_Id="1351">
<LocList>
<Loc EndOffset="7161" SrcFileId="14" StartOffset="7134"/>
</LocList>
</BasicStmnt>
<BasicStmnt CovItemId="S92" CovItemPrefix="devops.hw1.core.Backend.java" Intrnl_Id="1352">
<LocList>
<Loc EndOffset="7173" SrcFileId="14" StartOffset="7167"/>
</LocList>
</BasicStmnt>
</StmntSeq>
</Branch>
<Branch CovItemId="B54" CovItemPrefix="devops.hw1.core.Backend.java" Implct="true" Intrnl_Id="1353">
<Cond/>
<LocList/>
<StmntSeq Intrnl_Id="1354">
<LocList/>
</StmntSeq>
</Branch>
<Keyword EndOffset="6817" SrcFileId="14" StartOffset="6811"/>
<LocList>
<Loc EndOffset="7179" SrcFileId="14" StartOffset="6811"/>
</LocList>
</CondStmnt>
</StmntSeq>
</Branch>
<Branch CovItemId="B47" CovItemPrefix="devops.hw1.core.Backend.java" Implct="false" Intrnl_Id="1355">
<Cond>
<Loc EndOffset="7189" SrcFileId="14" StartOffset="7185"/>
</Cond>
<LocList>
<Loc EndOffset="7569" SrcFileId="14" StartOffset="7190"/>
</LocList>
<StmntSeq Intrnl_Id="1356">
<LocList>
<Loc EndOffset="7564" SrcFileId="14" StartOffset="7196"/>
</LocList>
<CondStmnt CovItemId="S93" CovItemPrefix="devops.hw1.core.Backend.java" Intrnl_Id="1357">
<Branch CovItemId="B55" CovItemPrefix="devops.hw1.core.Backend.java" Implct="false" Intrnl_Id="1358">
<Cond>
<Loc EndOffset="7240" SrcFileId="14" StartOffset="7232"/>
</Cond>
<LocList>
<Loc EndOffset="7282" SrcFileId="14" StartOffset="7247"/>
</LocList>
<StmntSeq Intrnl_Id="1359">
<LocList>
<Loc EndOffset="7270" SrcFileId="14" StartOffset="7247"/>
<Loc EndOffset="7282" SrcFileId="14" StartOffset="7276"/>
</LocList>
<BasicStmnt CovItemId="S94" CovItemPrefix="devops.hw1.core.Backend.java" Intrnl_Id="1360">
<LocList>
<Loc EndOffset="7270" SrcFileId="14" StartOffset="7247"/>
</LocList>
</BasicStmnt>
<BasicStmnt CovItemId="S95" CovItemPrefix="devops.hw1.core.Backend.java" Intrnl_Id="1361">
<LocList>
<Loc EndOffset="7282" SrcFileId="14" StartOffset="7276"/>
</LocList>
</BasicStmnt>
</StmntSeq>
</Branch>
<Branch CovItemId="B56" CovItemPrefix="devops.hw1.core.Backend.java" Implct="false" Intrnl_Id="1362">
<Cond>
<Loc EndOffset="7295" SrcFileId="14" StartOffset="7287"/>
</Cond>
<LocList>
<Loc EndOffset="7336" SrcFileId="14" StartOffset="7302"/>
</LocList>
<StmntSeq Intrnl_Id="1363">
<LocList>
<Loc EndOffset="7324" SrcFileId="14" StartOffset="7302"/>
<Loc EndOffset="7336" SrcFileId="14" StartOffset="7330"/>
</LocList>
<BasicStmnt CovItemId="S96" CovItemPrefix="devops.hw1.core.Backend.java" Intrnl_Id="1364">
<LocList>
<Loc EndOffset="7324" SrcFileId="14" StartOffset="7302"/>
</LocList>
</BasicStmnt>
<BasicStmnt CovItemId="S97" CovItemPrefix="devops.hw1.core.Backend.java" Intrnl_Id="1365">
<LocList>
<Loc EndOffset="7336" SrcFileId="14" StartOffset="7330"/>
</LocList>
</BasicStmnt>
</StmntSeq>
</Branch>
<Branch CovItemId="B57" CovItemPrefix="devops.hw1.core.Backend.java" Implct="false" Intrnl_Id="1366">
<Cond>
<Loc EndOffset="7349" SrcFileId="14" StartOffset="7341"/>
</Cond>
<LocList>
<Loc EndOffset="7391" SrcFileId="14" StartOffset="7356"/>
</LocList>
<StmntSeq Intrnl_Id="1367">
<LocList>
<Loc EndOffset="7379" SrcFileId="14" StartOffset="7356"/>
<Loc EndOffset="7391" SrcFileId="14" StartOffset="7385"/>
</LocList>
<BasicStmnt CovItemId="S98" CovItemPrefix="devops.hw1.core.Backend.java" Intrnl_Id="1368">
<LocList>
<Loc EndOffset="7379" SrcFileId="14" StartOffset="7356"/>
</LocList>
</BasicStmnt>
<BasicStmnt CovItemId="S99" CovItemPrefix="devops.hw1.core.Backend.java" Intrnl_Id="1369">
<LocList>
<Loc EndOffset="7391" SrcFileId="14" StartOffset="7385"/>
</LocList>
</BasicStmnt>
</StmntSeq>
</Branch>
<Branch CovItemId="B58" CovItemPrefix="devops.hw1.core.Backend.java" Implct="false" Intrnl_Id="1370">
<Cond>
<Loc EndOffset="7404" SrcFileId="14" StartOffset="7396"/>
</Cond>
<LocList>
<Loc EndOffset="7444" SrcFileId="14" StartOffset="7411"/>
</LocList>
<StmntSeq Intrnl_Id="1371">
<LocList>
<Loc EndOffset="7432" SrcFileId="14" StartOffset="7411"/>
<Loc EndOffset="7444" SrcFileId="14" StartOffset="7438"/>
</LocList>
<BasicStmnt CovItemId="S100" CovItemPrefix="devops.hw1.core.Backend.java" Intrnl_Id="1372">
<LocList>
<Loc EndOffset="7432" SrcFileId="14" StartOffset="7411"/>
</LocList>
</BasicStmnt>
<BasicStmnt CovItemId="S101" CovItemPrefix="devops.hw1.core.Backend.java" Intrnl_Id="1373">
<LocList>
<Loc EndOffset="7444" SrcFileId="14" StartOffset="7438"/>
</LocList>
</BasicStmnt>
</StmntSeq>
</Branch>
<Branch CovItemId="B59" CovItemPrefix="devops.hw1.core.Backend.java" Implct="false" Intrnl_Id="1374">
<Cond>
<Loc EndOffset="7457" SrcFileId="14" StartOffset="7449"/>
</Cond>
<LocList>
<Loc EndOffset="7499" SrcFileId="14" StartOffset="7464"/>
</LocList>
<StmntSeq Intrnl_Id="1375">
<LocList>
<Loc EndOffset="7487" SrcFileId="14" StartOffset="7464"/>
<Loc EndOffset="7499" SrcFileId="14" StartOffset="7493"/>
</LocList>
<BasicStmnt CovItemId="S102" CovItemPrefix="devops.hw1.core.Backend.java" Intrnl_Id="1376">
<LocList>
<Loc EndOffset="7487" SrcFileId="14" StartOffset="7464"/>
</LocList>
</BasicStmnt>
<BasicStmnt CovItemId="S103" CovItemPrefix="devops.hw1.core.Backend.java" Intrnl_Id="1377">
<LocList>
<Loc EndOffset="7499" SrcFileId="14" StartOffset="7493"/>
</LocList>
</BasicStmnt>
</StmntSeq>
</Branch>
<Branch CovItemId="B60" CovItemPrefix="devops.hw1.core.Backend.java" Implct="false" Intrnl_Id="1378">
<Cond>
<Loc EndOffset="7512" SrcFileId="14" StartOffset="7504"/>
</Cond>
<LocList>
<Loc EndOffset="7558" SrcFileId="14" StartOffset="7519"/>
</LocList>
<StmntSeq Intrnl_Id="1379">
<LocList>
<Loc EndOffset="7546" SrcFileId="14" StartOffset="7519"/>
<Loc EndOffset="7558" SrcFileId="14" StartOffset="7552"/>
</LocList>
<BasicStmnt CovItemId="S104" CovItemPrefix="devops.hw1.core.Backend.java" Intrnl_Id="1380">
<LocList>
<Loc EndOffset="7546" SrcFileId="14" StartOffset="7519"/>
</LocList>
</BasicStmnt>
<BasicStmnt CovItemId="S105" CovItemPrefix="devops.hw1.core.Backend.java" Intrnl_Id="1381">
<LocList>
<Loc EndOffset="7558" SrcFileId="14" StartOffset="7552"/>
</LocList>
</BasicStmnt>
</StmntSeq>
</Branch>
<Branch CovItemId="B61" CovItemPrefix="devops.hw1.core.Backend.java" Implct="true" Intrnl_Id="1382">
<Cond/>
<LocList/>
<StmntSeq Intrnl_Id="1383">
<LocList/>
</StmntSeq>
</Branch>
<Keyword EndOffset="7202" SrcFileId="14" StartOffset="7196"/>
<LocList>
<Loc EndOffset="7564" SrcFileId="14" StartOffset="7196"/>
</LocList>
</CondStmnt>
</StmntSeq>
</Branch>
<Keyword EndOffset="6797" SrcFileId="14" StartOffset="6795"/>
<LocList>
<Loc EndOffset="7569" SrcFileId="14" StartOffset="6795"/>
</LocList>
<RootTerm CovItemId="C19" CovItemPrefix="devops.hw1.core.Backend.java" Intrnl_Id="1384">
<BasicBoolTerm Intrnl_Id="1385">
<LocList>
<Loc EndOffset="6804" SrcFileId="14" StartOffset="6798"/>
</LocList>
</BasicBoolTerm>
</RootTerm>
</CondStmnt>
</StmntSeq>
</HierarchyLvl>
<HierarchyLvl HierarchyLvlId="432" HierarchyLvlTypeId="23" Intrnl_Id="1386" Name="parseCost">
<Header>
<Loc EndOffset="7752" SrcFileId="14" StartOffset="7720"/>
</Header>
<LocList>
<Loc EndOffset="8243" SrcFileId="14" StartOffset="7720"/>
</LocList>
<StmntSeq Intrnl_Id="1387">
<LocList>
<Loc EndOffset="7781" SrcFileId="14" StartOffset="7757"/>
<Loc EndOffset="7797" SrcFileId="14" StartOffset="7787"/>
<Loc EndOffset="7855" SrcFileId="14" StartOffset="7803"/>
<Loc EndOffset="7927" SrcFileId="14" StartOffset="7861"/>
<Loc EndOffset="8223" SrcFileId="14" StartOffset="7933"/>
<Loc EndOffset="8239" SrcFileId="14" StartOffset="8227"/>
</LocList>
<BasicStmnt CovItemId="S106" CovItemPrefix="devops.hw1.core.Backend.java" Intrnl_Id="1388">
<LocList>
<Loc EndOffset="7781" SrcFileId="14" StartOffset="7757"/>
</LocList>
</BasicStmnt>
<BasicStmnt CovItemId="S107" CovItemPrefix="devops.hw1.core.Backend.java" Intrnl_Id="1389">
<LocList>
<Loc EndOffset="7797" SrcFileId="14" StartOffset="7787"/>
</LocList>
</BasicStmnt>
<LoopStmnt CovItemId="S108" CovItemPrefix="devops.hw1.core.Backend.java" Intrnl_Id="1390" MltplExecId="L4-2" MltplExecPrefix="devops.hw1.core.Backend.java" NvrExecId="L4-0" NvrExecPrefix="devops.hw1.core.Backend.java" OnceExecutedId="L4-1" OnceExecutedPrefix="devops.hw1.core.Backend.java" OptBodyExec="true">
<StmntSeq Intrnl_Id="1391">
<LocList>
<Loc EndOffset="7850" SrcFileId="14" StartOffset="7846"/>
</LocList>
<BasicStmnt CovItemId="S109" CovItemPrefix="devops.hw1.core.Backend.java" Intrnl_Id="1392">
<LocList>
<Loc EndOffset="7850" SrcFileId="14" StartOffset="7846"/>
</LocList>
</BasicStmnt>
</StmntSeq>
<Keyword EndOffset="7808" SrcFileId="14" StartOffset="7803"/>
<LocList>
<Loc EndOffset="7855" SrcFileId="14" StartOffset="7803"/>
</LocList>
<RootTerm CovItemId="C20" CovItemPrefix="devops.hw1.core.Backend.java" Intrnl_Id="1393">
<BasicBoolTerm Intrnl_Id="1394">
<LocList>
<Loc EndOffset="7839" SrcFileId="14" StartOffset="7809"/>
</LocList>
</BasicBoolTerm>
</RootTerm>
</LoopStmnt>
<CondStmnt CovItemId="S110" CovItemPrefix="devops.hw1.core.Backend.java" Intrnl_Id="1395">
<Branch CovItemId="B62" CovItemPrefix="devops.hw1.core.Backend.java" Implct="false" Intrnl_Id="1396">
<Cond/>
<LocList>
<Loc EndOffset="7927" SrcFileId="14" StartOffset="7871"/>
</LocList>
<StmntSeq Intrnl_Id="1397">
<LocList>
<Loc EndOffset="7922" SrcFileId="14" StartOffset="7877"/>
</LocList>
<BasicStmnt CovItemId="S111" CovItemPrefix="devops.hw1.core.Backend.java" Intrnl_Id="1398">
<LocList>
<Loc EndOffset="7922" SrcFileId="14" StartOffset="7877"/>
</LocList>
</BasicStmnt>
</StmntSeq>
</Branch>
<Branch CovItemId="B63" CovItemPrefix="devops.hw1.core.Backend.java" Implct="true" Intrnl_Id="1399">
<Cond/>
<LocList/>
<StmntSeq Intrnl_Id="1400">
<LocList/>
</StmntSeq>
</Branch>
<Keyword EndOffset="7863" SrcFileId="14" StartOffset="7861"/>
<LocList>
<Loc EndOffset="7927" SrcFileId="14" StartOffset="7861"/>
</LocList>
<RootTerm CovItemId="C21" CovItemPrefix="devops.hw1.core.Backend.java" Intrnl_Id="1401">
<BasicBoolTerm Intrnl_Id="1402">
<LocList>
<Loc EndOffset="7870" SrcFileId="14" StartOffset="7864"/>
</LocList>
</BasicBoolTerm>
</RootTerm>
</CondStmnt>
<LoopStmnt CovItemId="S112" CovItemPrefix="devops.hw1.core.Backend.java" Intrnl_Id="1403" MltplExecId="L5-2" MltplExecPrefix="devops.hw1.core.Backend.java" NvrExecId="L5-0" NvrExecPrefix="devops.hw1.core.Backend.java" OnceExecutedId="L5-1" OnceExecutedPrefix="devops.hw1.core.Backend.java" OptBodyExec="true">
<StmntSeq Intrnl_Id="1404">
<LocList>
<Loc EndOffset="8218" SrcFileId="14" StartOffset="7973"/>
</LocList>
<CondStmnt CovItemId="S113" CovItemPrefix="devops.hw1.core.Backend.java" Intrnl_Id="1405">
<Branch CovItemId="B64" CovItemPrefix="devops.hw1.core.Backend.java" Implct="false" Intrnl_Id="1406">
<Cond>
<Loc EndOffset="8015" SrcFileId="14" StartOffset="8007"/>
</Cond>
<LocList>
<Loc EndOffset="8044" SrcFileId="14" StartOffset="8022"/>
</LocList>
<StmntSeq Intrnl_Id="1407">
<LocList>
<Loc EndOffset="8032" SrcFileId="14" StartOffset="8022"/>
<Loc EndOffset="8044" SrcFileId="14" StartOffset="8038"/>
</LocList>
<BasicStmnt CovItemId="S114" CovItemPrefix="devops.hw1.core.Backend.java" Intrnl_Id="1408">
<LocList>
<Loc EndOffset="8032" SrcFileId="14" StartOffset="8022"/>
</LocList>
</BasicStmnt>
<BasicStmnt CovItemId="S115" CovItemPrefix="devops.hw1.core.Backend.java" Intrnl_Id="1409">
<LocList>
<Loc EndOffset="8044" SrcFileId="14" StartOffset="8038"/>
</LocList>
</BasicStmnt>
</StmntSeq>
</Branch>
<Branch CovItemId="B65" CovItemPrefix="devops.hw1.core.Backend.java" Implct="false" Intrnl_Id="1410">
<Cond>
<Loc EndOffset="8057" SrcFileId="14" StartOffset="8049"/>
</Cond>
<LocList>
<Loc EndOffset="8086" SrcFileId="14" StartOffset="8064"/>
</LocList>
<StmntSeq Intrnl_Id="1411">
<LocList>
<Loc EndOffset="8074" SrcFileId="14" StartOffset="8064"/>
<Loc EndOffset="8086" SrcFileId="14" StartOffset="8080"/>
</LocList>
<BasicStmnt CovItemId="S116" CovItemPrefix="devops.hw1.core.Backend.java" Intrnl_Id="1412">
<LocList>
<Loc EndOffset="8074" SrcFileId="14" StartOffset="8064"/>
</LocList>
</BasicStmnt>
<BasicStmnt CovItemId="S117" CovItemPrefix="devops.hw1.core.Backend.java" Intrnl_Id="1413">
<LocList>
<Loc EndOffset="8086" SrcFileId="14" StartOffset="8080"/>
</LocList>
</BasicStmnt>
</StmntSeq>
</Branch>
<Branch CovItemId="B66" CovItemPrefix="devops.hw1.core.Backend.java" Implct="false" Intrnl_Id="1414">
<Cond>
<Loc EndOffset="8099" SrcFileId="14" StartOffset="8091"/>
</Cond>
<LocList>
<Loc EndOffset="8128" SrcFileId="14" StartOffset="8106"/>
</LocList>
<StmntSeq Intrnl_Id="1415">
<LocList>
<Loc EndOffset="8116" SrcFileId="14" StartOffset="8106"/>
<Loc EndOffset="8128" SrcFileId="14" StartOffset="8122"/>
</LocList>
<BasicStmnt CovItemId="S118" CovItemPrefix="devops.hw1.core.Backend.java" Intrnl_Id="1416">
<LocList>
<Loc EndOffset="8116" SrcFileId="14" StartOffset="8106"/>
</LocList>
</BasicStmnt>
<BasicStmnt CovItemId="S119" CovItemPrefix="devops.hw1.core.Backend.java" Intrnl_Id="1417">
<LocList>
<Loc EndOffset="8128" SrcFileId="14" StartOffset="8122"/>
</LocList>
</BasicStmnt>
</StmntSeq>
</Branch>
<Branch CovItemId="B67" CovItemPrefix="devops.hw1.core.Backend.java" Implct="false" Intrnl_Id="1418">
<Cond>
<Loc EndOffset="8141" SrcFileId="14" StartOffset="8133"/>
</Cond>
<LocList>
<Loc EndOffset="8170" SrcFileId="14" StartOffset="8148"/>
</LocList>
<StmntSeq Intrnl_Id="1419">
<LocList>
<Loc EndOffset="8158" SrcFileId="14" StartOffset="8148"/>
<Loc EndOffset="8170" SrcFileId="14" StartOffset="8164"/>
</LocList>
<BasicStmnt CovItemId="S120" CovItemPrefix="devops.hw1.core.Backend.java" Intrnl_Id="1420">
<LocList>
<Loc EndOffset="8158" SrcFileId="14" StartOffset="8148"/>
</LocList>
</BasicStmnt>
<BasicStmnt CovItemId="S121" CovItemPrefix="devops.hw1.core.Backend.java" Intrnl_Id="1421">
<LocList>
<Loc EndOffset="8170" SrcFileId="14" StartOffset="8164"/>
</LocList>
</BasicStmnt>
</StmntSeq>
</Branch>
<Branch CovItemId="B68" CovItemPrefix="devops.hw1.core.Backend.java" Implct="false" Intrnl_Id="1422">
<Cond>
<Loc EndOffset="8183" SrcFileId="14" StartOffset="8175"/>
</Cond>
<LocList>
<Loc EndOffset="8212" SrcFileId="14" StartOffset="8190"/>
</LocList>
<StmntSeq Intrnl_Id="1423">
<LocList>
<Loc EndOffset="8200" SrcFileId="14" StartOffset="8190"/>
<Loc EndOffset="8212" SrcFileId="14" StartOffset="8206"/>
</LocList>
<BasicStmnt CovItemId="S122" CovItemPrefix="devops.hw1.core.Backend.java" Intrnl_Id="1424">
<LocList>
<Loc EndOffset="8200" SrcFileId="14" StartOffset="8190"/>
</LocList>
</BasicStmnt>
<BasicStmnt CovItemId="S123" CovItemPrefix="devops.hw1.core.Backend.java" Intrnl_Id="1425">
<LocList>
<Loc EndOffset="8212" SrcFileId="14" StartOffset="8206"/>
</LocList>
</BasicStmnt>
</StmntSeq>
</Branch>
<Branch CovItemId="B69" CovItemPrefix="devops.hw1.core.Backend.java" Implct="true" Intrnl_Id="1426">
<Cond/>
<LocList/>
<StmntSeq Intrnl_Id="1427">
<LocList/>
</StmntSeq>
</Branch>
<Keyword EndOffset="7979" SrcFileId="14" StartOffset="7973"/>
<LocList>
<Loc EndOffset="8218" SrcFileId="14" StartOffset="7973"/>
</LocList>
</CondStmnt>
</StmntSeq>
<Keyword EndOffset="7936" SrcFileId="14" StartOffset="7933"/>
<LocList>
<Loc EndOffset="8223" SrcFileId="14" StartOffset="7933"/>
</LocList>
<RootTerm CovItemId="C22" CovItemPrefix="devops.hw1.core.Backend.java" Intrnl_Id="1428">
<BasicBoolTerm Intrnl_Id="1429">
<LocList>
<Loc EndOffset="7961" SrcFileId="14" StartOffset="7947"/>
</LocList>
</BasicBoolTerm>
</RootTerm>
</LoopStmnt>
<BasicStmnt CovItemId="S124" CovItemPrefix="devops.hw1.core.Backend.java" Intrnl_Id="1430">
<LocList>
<Loc EndOffset="8239" SrcFileId="14" StartOffset="8227"/>
</LocList>
</BasicStmnt>
</StmntSeq>
</HierarchyLvl>
<HierarchyLvl HierarchyLvlId="433" HierarchyLvlTypeId="23" Intrnl_Id="1431" Name="castSpell">
<Header>
<Loc EndOffset="8767" SrcFileId="14" StartOffset="8667"/>
</Header>
<LocList>
<Loc EndOffset="10884" SrcFileId="14" StartOffset="8667"/>
</LocList>
<StmntSeq Intrnl_Id="1432">
<LocList>
<Loc EndOffset="9029" SrcFileId="14" StartOffset="8775"/>
<Loc EndOffset="9121" SrcFileId="14" StartOffset="9033"/>
<Loc EndOffset="9253" SrcFileId="14" StartOffset="9129"/>
<Loc EndOffset="9299" SrcFileId="14" StartOffset="9257"/>
<Loc EndOffset="10878" SrcFileId="14" StartOffset="9307"/>
</LocList>
<CondStmnt CovItemId="S125" CovItemPrefix="devops.hw1.core.Backend.java" Intrnl_Id="1433">
<Branch CovItemId="B70" CovItemPrefix="devops.hw1.core.Backend.java" Implct="false" Intrnl_Id="1434">
<Cond/>
<LocList>
<Loc EndOffset="9029" SrcFileId="14" StartOffset="9005"/>
</LocList>
<StmntSeq Intrnl_Id="1435">
<LocList>
<Loc EndOffset="9024" SrcFileId="14" StartOffset="9011"/>
</LocList>
<BasicStmnt CovItemId="S126" CovItemPrefix="devops.hw1.core.Backend.java" Intrnl_Id="1436">
<LocList>
<Loc EndOffset="9024" SrcFileId="14" StartOffset="9011"/>
</LocList>
</BasicStmnt>
</StmntSeq>
</Branch>
<Branch CovItemId="B71" CovItemPrefix="devops.hw1.core.Backend.java" Implct="true" Intrnl_Id="1437">
<Cond/>
<LocList/>
<StmntSeq Intrnl_Id="1438">
<LocList/>
</StmntSeq>
</Branch>
<Keyword EndOffset="8777" SrcFileId="14" StartOffset="8775"/>
<LocList>
<Loc EndOffset="9029" SrcFileId="14" StartOffset="8775"/>
</LocList>
<RootTerm CovItemId="C23" CovItemPrefix="devops.hw1.core.Backend.java" Intrnl_Id="1439">
<OpTerm BooleanOpId="16" Intrnl_Id="1440">
<OpTerm BooleanOpId="18" Intrnl_Id="1441">
<BasicBoolTerm Intrnl_Id="1442">
<LocList>
<Loc EndOffset="8790" SrcFileId="14" StartOffset="8779"/>
</LocList>
</BasicBoolTerm>
<LocList>
<Loc EndOffset="8779" SrcFileId="14" StartOffset="8778"/>
</LocList>
</OpTerm>
<OpTerm BooleanOpId="17" Intrnl_Id="1443">
<OpTerm BooleanOpId="17" Intrnl_Id="1444">
<BasicBoolTerm Intrnl_Id="1445">
<LocList>
<Loc EndOffset="8820" SrcFileId="14" StartOffset="8801"/>
</LocList>
</BasicBoolTerm>
<OpTerm BooleanOpId="18" Intrnl_Id="1446">
<BasicBoolTerm Intrnl_Id="1447">
<LocList>
<Loc EndOffset="8847" SrcFileId="14" StartOffset="8827"/>
</LocList>
</BasicBoolTerm>
<LocList>
<Loc EndOffset="8827" SrcFileId="14" StartOffset="8826"/>
</LocList>
</OpTerm>
<LocList>
<Loc EndOffset="8824" SrcFileId="14" StartOffset="8822"/>
</LocList>
</OpTerm>
<OpTerm BooleanOpId="16" Intrnl_Id="1448">
<OpTerm BooleanOpId="16" Intrnl_Id="1449">
<OpTerm BooleanOpId="16" Intrnl_Id="1450">
<BasicBoolTerm Intrnl_Id="1451">
<LocList>
<Loc EndOffset="8889" SrcFileId="14" StartOffset="8858"/>
</LocList>
</BasicBoolTerm>
<BasicBoolTerm Intrnl_Id="1452">
<LocList>
<Loc EndOffset="8925" SrcFileId="14" StartOffset="8893"/>
</LocList>
</BasicBoolTerm>
<LocList>
<Loc EndOffset="8892" SrcFileId="14" StartOffset="8890"/>
</LocList>
</OpTerm>
<BasicBoolTerm Intrnl_Id="1453">
<LocList>
<Loc EndOffset="8966" SrcFileId="14" StartOffset="8935"/>
</LocList>
</BasicBoolTerm>
<LocList>
<Loc EndOffset="8928" SrcFileId="14" StartOffset="8926"/>
</LocList>
</OpTerm>
<BasicBoolTerm Intrnl_Id="1454">
<LocList>
<Loc EndOffset="9002" SrcFileId="14" StartOffset="8970"/>
</LocList>
</BasicBoolTerm>
<LocList>
<Loc EndOffset="8969" SrcFileId="14" StartOffset="8967"/>
</LocList>
</OpTerm>
<LocList>
<Loc EndOffset="8851" SrcFileId="14" StartOffset="8849"/>
</LocList>
</OpTerm>
<LocList>
<Loc EndOffset="8793" SrcFileId="14" StartOffset="8791"/>
</LocList>
</OpTerm>
</RootTerm>
</CondStmnt>
<CondStmnt CovItemId="S127" CovItemPrefix="devops.hw1.core.Backend.java" Intrnl_Id="1455">
<Branch CovItemId="B72" CovItemPrefix="devops.hw1.core.Backend.java" Implct="false" Intrnl_Id="1456">
<Cond/>
<LocList>
<Loc EndOffset="9121" SrcFileId="14" StartOffset="9097"/>
</LocList>
<StmntSeq Intrnl_Id="1457">
<LocList>
<Loc EndOffset="9116" SrcFileId="14" StartOffset="9103"/>
</LocList>
<BasicStmnt CovItemId="S128" CovItemPrefix="devops.hw1.core.Backend.java" Intrnl_Id="1458">
<LocList>
<Loc EndOffset="9116" SrcFileId="14" StartOffset="9103"/>
</LocList>
</BasicStmnt>
</StmntSeq>
</Branch>
<Branch CovItemId="B73" CovItemPrefix="devops.hw1.core.Backend.java" Implct="true" Intrnl_Id="1459">
<Cond/>
<LocList/>
<StmntSeq Intrnl_Id="1460">
<LocList/>
</StmntSeq>
</Branch>
<Keyword EndOffset="9035" SrcFileId="14" StartOffset="9033"/>
<LocList>
<Loc EndOffset="9121" SrcFileId="14" StartOffset="9033"/>
</LocList>
<RootTerm CovItemId="C24" CovItemPrefix="devops.hw1.core.Backend.java" Intrnl_Id="1461">
<OpTerm BooleanOpId="16" Intrnl_Id="1462">
<BasicBoolTerm Intrnl_Id="1463">
<LocList>
<Loc EndOffset="9051" SrcFileId="14" StartOffset="9037"/>
</LocList>
</BasicBoolTerm>
<OpTerm BooleanOpId="18" Intrnl_Id="1464">
<BasicBoolTerm Intrnl_Id="1465">
<LocList>
<Loc EndOffset="9095" SrcFileId="14" StartOffset="9057"/>
</LocList>
</BasicBoolTerm>
<LocList>
<Loc EndOffset="9057" SrcFileId="14" StartOffset="9056"/>
</LocList>
</OpTerm>
<LocList>
<Loc EndOffset="9055" SrcFileId="14" StartOffset="9053"/>
</LocList>
</OpTerm>
</RootTerm>
</CondStmnt>
<CondStmnt CovItemId="S129" CovItemPrefix="devops.hw1.core.Backend.java" Intrnl_Id="1466">
<Branch CovItemId="B74" CovItemPrefix="devops.hw1.core.Backend.java" Implct="false" Intrnl_Id="1467">
<Cond/>
<LocList>
<Loc EndOffset="9253" SrcFileId="14" StartOffset="9152"/>
</LocList>
<StmntSeq Intrnl_Id="1468">
<LocList>
<Loc EndOffset="9248" SrcFileId="14" StartOffset="9158"/>
</LocList>
<BasicStmnt CovItemId="S130" CovItemPrefix="devops.hw1.core.Backend.java" Intrnl_Id="1469">
<LocList>
<Loc EndOffset="9248" SrcFileId="14" StartOffset="9158"/>
</LocList>
</BasicStmnt>
</StmntSeq>
</Branch>
<Branch CovItemId="B75" CovItemPrefix="devops.hw1.core.Backend.java" Implct="true" Intrnl_Id="1470">
<Cond/>
<LocList/>
<StmntSeq Intrnl_Id="1471">
<LocList/>
</StmntSeq>
</Branch>
<Keyword EndOffset="9131" SrcFileId="14" StartOffset="9129"/>
<LocList>
<Loc EndOffset="9253" SrcFileId="14" StartOffset="9129"/>
</LocList>
<RootTerm CovItemId="C25" CovItemPrefix="devops.hw1.core.Backend.java" Intrnl_Id="1472">
<BasicBoolTerm Intrnl_Id="1473">
<LocList>
<Loc EndOffset="9151" SrcFileId="14" StartOffset="9132"/>
</LocList>
</BasicBoolTerm>
</RootTerm>
</CondStmnt>
<BasicStmnt CovItemId="S131" CovItemPrefix="devops.hw1.core.Backend.java" Intrnl_Id="1474">
<LocList>
<Loc EndOffset="9299" SrcFileId="14" StartOffset="9257"/>
</LocList>
</BasicStmnt>
<CondStmnt CovItemId="S132" CovItemPrefix="devops.hw1.core.Backend.java" Intrnl_Id="1475">
<Branch CovItemId="B76" CovItemPrefix="devops.hw1.core.Backend.java" Implct="false" Intrnl_Id="1476">
<Cond/>
<LocList>
<Loc EndOffset="10848" SrcFileId="14" StartOffset="9983"/>
</LocList>
<StmntSeq Intrnl_Id="1477">
<LocList>
<Loc EndOffset="10038" SrcFileId="14" StartOffset="9991"/>
<Loc EndOffset="10090" SrcFileId="14" StartOffset="10043"/>
<Loc EndOffset="10142" SrcFileId="14" StartOffset="10095"/>
<Loc EndOffset="10194" SrcFileId="14" StartOffset="10147"/>
<Loc EndOffset="10246" SrcFileId="14" StartOffset="10199"/>
<Loc EndOffset="10324" SrcFileId="14" StartOffset="10253"/>
<Loc EndOffset="10400" SrcFileId="14" StartOffset="10329"/>
<Loc EndOffset="10476" SrcFileId="14" StartOffset="10405"/>
<Loc EndOffset="10552" SrcFileId="14" StartOffset="10481"/>
<Loc EndOffset="10628" SrcFileId="14" StartOffset="10557"/>
<Loc EndOffset="10704" SrcFileId="14" StartOffset="10633"/>
<Loc EndOffset="10775" SrcFileId="14" StartOffset="10711"/>
<Loc EndOffset="10801" SrcFileId="14" StartOffset="10782"/>
<Loc EndOffset="10826" SrcFileId="14" StartOffset="10806"/>
<Loc EndOffset="10843" SrcFileId="14" StartOffset="10831"/>
</LocList>
<BasicStmnt CovItemId="S133" CovItemPrefix="devops.hw1.core.Backend.java" Intrnl_Id="1478">
<LocList>
<Loc EndOffset="10038" SrcFileId="14" StartOffset="9991"/>
</LocList>
</BasicStmnt>
<BasicStmnt CovItemId="S134" CovItemPrefix="devops.hw1.core.Backend.java" Intrnl_Id="1479">
<LocList>
<Loc EndOffset="10090" SrcFileId="14" StartOffset="10043"/>
</LocList>
</BasicStmnt>
<BasicStmnt CovItemId="S135" CovItemPrefix="devops.hw1.core.Backend.java" Intrnl_Id="1480">
<LocList>
<Loc EndOffset="10142" SrcFileId="14" StartOffset="10095"/>
</LocList>
</BasicStmnt>
<BasicStmnt CovItemId="S136" CovItemPrefix="devops.hw1.core.Backend.java" Intrnl_Id="1481">
<LocList>
<Loc EndOffset="10194" SrcFileId="14" StartOffset="10147"/>
</LocList>
</BasicStmnt>
<BasicStmnt CovItemId="S137" CovItemPrefix="devops.hw1.core.Backend.java" Intrnl_Id="1482">
<LocList>
<Loc EndOffset="10246" SrcFileId="14" StartOffset="10199"/>
</LocList>
</BasicStmnt>
<BasicStmnt CovItemId="S138" CovItemPrefix="devops.hw1.core.Backend.java" Intrnl_Id="1483">
<LocList>
<Loc EndOffset="10324" SrcFileId="14" StartOffset="10253"/>
</LocList>
</BasicStmnt>
<BasicStmnt CovItemId="S139" CovItemPrefix="devops.hw1.core.Backend.java" Intrnl_Id="1484">
<LocList>
<Loc EndOffset="10400" SrcFileId="14" StartOffset="10329"/>
</LocList>
</BasicStmnt>
<BasicStmnt CovItemId="S140" CovItemPrefix="devops.hw1.core.Backend.java" Intrnl_Id="1485">
<LocList>
<Loc EndOffset="10476" SrcFileId="14" StartOffset="10405"/>
</LocList>
</BasicStmnt>
<BasicStmnt CovItemId="S141" CovItemPrefix="devops.hw1.core.Backend.java" Intrnl_Id="1486">
<LocList>
<Loc EndOffset="10552" SrcFileId="14" StartOffset="10481"/>
</LocList>
</BasicStmnt>
<BasicStmnt CovItemId="S142" CovItemPrefix="devops.hw1.core.Backend.java" Intrnl_Id="1487">
<LocList>
<Loc EndOffset="10628" SrcFileId="14" StartOffset="10557"/>
</LocList>
</BasicStmnt>
<BasicStmnt CovItemId="S143" CovItemPrefix="devops.hw1.core.Backend.java" Intrnl_Id="1488">
<LocList>
<Loc EndOffset="10704" SrcFileId="14" StartOffset="10633"/>
</LocList>
</BasicStmnt>
<BasicStmnt CovItemId="S144" CovItemPrefix="devops.hw1.core.Backend.java" Intrnl_Id="1489">
<LocList>
<Loc EndOffset="10775" SrcFileId="14" StartOffset="10711"/>
</LocList>
</BasicStmnt>
<BasicStmnt CovItemId="S145" CovItemPrefix="devops.hw1.core.Backend.java" Intrnl_Id="1490">
<LocList>
<Loc EndOffset="10801" SrcFileId="14" StartOffset="10782"/>
</LocList>
</BasicStmnt>
<BasicStmnt CovItemId="S146" CovItemPrefix="devops.hw1.core.Backend.java" Intrnl_Id="1491">
<LocList>
<Loc EndOffset="10826" SrcFileId="14" StartOffset="10806"/>
</LocList>
</BasicStmnt>
<BasicStmnt CovItemId="S147" CovItemPrefix="devops.hw1.core.Backend.java" Intrnl_Id="1492">
<LocList>
<Loc EndOffset="10843" SrcFileId="14" StartOffset="10831"/>
</LocList>
</BasicStmnt>
</StmntSeq>
</Branch>
<Branch CovItemId="B77" CovItemPrefix="devops.hw1.core.Backend.java" Implct="false" Intrnl_Id="1493">
<Cond>
<Loc EndOffset="10853" SrcFileId="14" StartOffset="10849"/>
</Cond>
<LocList>
<Loc EndOffset="10878" SrcFileId="14" StartOffset="10854"/>
</LocList>
<StmntSeq Intrnl_Id="1494">
<LocList>
<Loc EndOffset="10873" SrcFileId="14" StartOffset="10860"/>
</LocList>
<BasicStmnt CovItemId="S148" CovItemPrefix="devops.hw1.core.Backend.java" Intrnl_Id="1495">
<LocList>
<Loc EndOffset="10873" SrcFileId="14" StartOffset="10860"/>
</LocList>
</BasicStmnt>
</StmntSeq>
</Branch>
<Keyword EndOffset="9309" SrcFileId="14" StartOffset="9307"/>
<LocList>
<Loc EndOffset="10878" SrcFileId="14" StartOffset="9307"/>
</LocList>
<RootTerm CovItemId="C26" CovItemPrefix="devops.hw1.core.Backend.java" Intrnl_Id="1496">
<OpTerm BooleanOpId="16" Intrnl_Id="1497">
<OpTerm BooleanOpId="16" Intrnl_Id="1498">
<OpTerm BooleanOpId="16" Intrnl_Id="1499">
<OpTerm BooleanOpId="16" Intrnl_Id="1500">
<OpTerm BooleanOpId="16" Intrnl_Id="1501">
<BasicBoolTerm Intrnl_Id="1502">
<LocList>
<Loc EndOffset="9364" SrcFileId="14" StartOffset="9311"/>
</LocList>
</BasicBoolTerm>
<BasicBoolTerm Intrnl_Id="1503">
<LocList>
<Loc EndOffset="9428" SrcFileId="14" StartOffset="9375"/>
</LocList>
</BasicBoolTerm>
<LocList>
<Loc EndOffset="9368" SrcFileId="14" StartOffset="9366"/>
</LocList>
</OpTerm>
<BasicBoolTerm Intrnl_Id="1504">
<LocList>
<Loc EndOffset="9492" SrcFileId="14" StartOffset="9439"/>
</LocList>
</BasicBoolTerm>
<LocList>
<Loc EndOffset="9432" SrcFileId="14" StartOffset="9430"/>
</LocList>
</OpTerm>
<BasicBoolTerm Intrnl_Id="1505">
<LocList>
<Loc EndOffset="9556" SrcFileId="14" StartOffset="9503"/>
</LocList>
</BasicBoolTerm>
<LocList>
<Loc EndOffset="9496" SrcFileId="14" StartOffset="9494"/>
</LocList>
</OpTerm>
<BasicBoolTerm Intrnl_Id="1506">
<LocList>
<Loc EndOffset="9620" SrcFileId="14" StartOffset="9567"/>
</LocList>
</BasicBoolTerm>
<LocList>
<Loc EndOffset="9560" SrcFileId="14" StartOffset="9558"/>
</LocList>
</OpTerm>
<BasicBoolTerm Intrnl_Id="1507">
<LocList>
<Loc EndOffset="9981" SrcFileId="14" StartOffset="9631"/>
</LocList>
</BasicBoolTerm>
<LocList>
<Loc EndOffset="9624" SrcFileId="14" StartOffset="9622"/>
</LocList>
</OpTerm>
</RootTerm>
</CondStmnt>
</StmntSeq>
</HierarchyLvl>
<HierarchyLvl HierarchyLvlId="434" HierarchyLvlTypeId="23" Intrnl_Id="1508" Name="handleGeneric">
<Header>
<Loc EndOffset="11176" SrcFileId="14" StartOffset="11116"/>
</Header>
<LocList>
<Loc EndOffset="11578" SrcFileId="14" StartOffset="11116"/>
</LocList>
<StmntSeq Intrnl_Id="1509">
<LocList>
<Loc EndOffset="11574" SrcFileId="14" StartOffset="11181"/>
</LocList>
<CondStmnt CovItemId="S149" CovItemPrefix="devops.hw1.core.Backend.java" Intrnl_Id="1510">
<Branch CovItemId="B78" CovItemPrefix="devops.hw1.core.Backend.java" Implct="false" Intrnl_Id="1511">
<Cond/>
<LocList>
<Loc EndOffset="11413" SrcFileId="14" StartOffset="11200"/>
</LocList>
<StmntSeq Intrnl_Id="1512">
<LocList>
<Loc EndOffset="11408" SrcFileId="14" StartOffset="11206"/>
</LocList>
<CondStmnt CovItemId="S150" CovItemPrefix="devops.hw1.core.Backend.java" Intrnl_Id="1513">
<Branch CovItemId="B80" CovItemPrefix="devops.hw1.core.Backend.java" Implct="false" Intrnl_Id="1514">
<Cond/>
<LocList>
<Loc EndOffset="11302" SrcFileId="14" StartOffset="11245"/>
</LocList>
<StmntSeq Intrnl_Id="1515">
<LocList>
<Loc EndOffset="11281" SrcFileId="14" StartOffset="11252"/>
<Loc EndOffset="11296" SrcFileId="14" StartOffset="11287"/>
</LocList>
<BasicStmnt CovItemId="S151" CovItemPrefix="devops.hw1.core.Backend.java" Intrnl_Id="1516">
<LocList>
<Loc EndOffset="11281" SrcFileId="14" StartOffset="11252"/>
</LocList>
</BasicStmnt>
<BasicStmnt CovItemId="S152" CovItemPrefix="devops.hw1.core.Backend.java" Intrnl_Id="1517">
<LocList>
<Loc EndOffset="11296" SrcFileId="14" StartOffset="11287"/>
</LocList>
</BasicStmnt>
</StmntSeq>
</Branch>
<Branch CovItemId="B81" CovItemPrefix="devops.hw1.core.Backend.java" Implct="false" Intrnl_Id="1518">
<Cond>
<Loc EndOffset="11307" SrcFileId="14" StartOffset="11303"/>
</Cond>
<LocList>
<Loc EndOffset="11408" SrcFileId="14" StartOffset="11308"/>
</LocList>
<StmntSeq Intrnl_Id="1519">
<LocList>
<Loc EndOffset="11361" SrcFileId="14" StartOffset="11315"/>
<Loc EndOffset="11384" SrcFileId="14" StartOffset="11367"/>
<Loc EndOffset="11402" SrcFileId="14" StartOffset="11390"/>
</LocList>
<BasicStmnt CovItemId="S153" CovItemPrefix="devops.hw1.core.Backend.java" Intrnl_Id="1520">
<LocList>
<Loc EndOffset="11361" SrcFileId="14" StartOffset="11315"/>
</LocList>
</BasicStmnt>
<BasicStmnt CovItemId="S154" CovItemPrefix="devops.hw1.core.Backend.java" Intrnl_Id="1521">
<LocList>
<Loc EndOffset="11384" SrcFileId="14" StartOffset="11367"/>
</LocList>
</BasicStmnt>
<BasicStmnt CovItemId="S155" CovItemPrefix="devops.hw1.core.Backend.java" Intrnl_Id="1522">
<LocList>
<Loc EndOffset="11402" SrcFileId="14" StartOffset="11390"/>
</LocList>
</BasicStmnt>
</StmntSeq>
</Branch>
<Keyword EndOffset="11208" SrcFileId="14" StartOffset="11206"/>
<LocList>
<Loc EndOffset="11408" SrcFileId="14" StartOffset="11206"/>
</LocList>
<RootTerm CovItemId="C28" CovItemPrefix="devops.hw1.core.Backend.java" Intrnl_Id="1523">
<BasicBoolTerm Intrnl_Id="1524">
<LocList>
<Loc EndOffset="11244" SrcFileId="14" StartOffset="11209"/>
</LocList>
</BasicBoolTerm>
</RootTerm>
</CondStmnt>
</StmntSeq>
</Branch>
<Branch CovItemId="B79" CovItemPrefix="devops.hw1.core.Backend.java" Implct="false" Intrnl_Id="1525">
<Cond>
<Loc EndOffset="11418" SrcFileId="14" StartOffset="11414"/>
</Cond>
<LocList>
<Loc EndOffset="11574" SrcFileId="14" StartOffset="11419"/>
</LocList>
<StmntSeq Intrnl_Id="1526">
<LocList>
<Loc EndOffset="11574" SrcFileId="14" StartOffset="11419"/>
</LocList>
<CondStmnt CovItemId="S156" CovItemPrefix="devops.hw1.core.Backend.java" Intrnl_Id="1527">
<Branch CovItemId="B82" CovItemPrefix="devops.hw1.core.Backend.java" Implct="false" Intrnl_Id="1528">
<Cond/>
<LocList>
<Loc EndOffset="11460" SrcFileId="14" StartOffset="11440"/>
</LocList>
<StmntSeq Intrnl_Id="1529">
<LocList>
<Loc EndOffset="11455" SrcFileId="14" StartOffset="11446"/>
</LocList>
<BasicStmnt CovItemId="S157" CovItemPrefix="devops.hw1.core.Backend.java" Intrnl_Id="1530">
<LocList>
<Loc EndOffset="11455" SrcFileId="14" StartOffset="11446"/>
</LocList>
</BasicStmnt>
</StmntSeq>
</Branch>
<Branch CovItemId="B83" CovItemPrefix="devops.hw1.core.Backend.java" Implct="false" Intrnl_Id="1531">
<Cond>
<Loc EndOffset="11465" SrcFileId="14" StartOffset="11461"/>
</Cond>
<LocList>
<Loc EndOffset="11574" SrcFileId="14" StartOffset="11466"/>
</LocList>
<StmntSeq Intrnl_Id="1532">
<LocList>
<Loc EndOffset="11569" SrcFileId="14" StartOffset="11472"/>
</LocList>
<BasicStmnt CovItemId="S158" CovItemPrefix="devops.hw1.core.Backend.java" Intrnl_Id="1533">
<LocList>
<Loc EndOffset="11569" SrcFileId="14" StartOffset="11472"/>
</LocList>
</BasicStmnt>
</StmntSeq>
</Branch>
<Keyword EndOffset="11421" SrcFileId="14" StartOffset="11419"/>
<LocList>
<Loc EndOffset="11574" SrcFileId="14" StartOffset="11419"/>
</LocList>
<RootTerm CovItemId="C29" CovItemPrefix="devops.hw1.core.Backend.java" Intrnl_Id="1534">
<BasicBoolTerm Intrnl_Id="1535">
<LocList>
<Loc EndOffset="11439" SrcFileId="14" StartOffset="11423"/>
</LocList>
</BasicBoolTerm>
</RootTerm>
</CondStmnt>
</StmntSeq>
</Branch>
<Keyword EndOffset="11183" SrcFileId="14" StartOffset="11181"/>
<LocList>
<Loc EndOffset="11574" SrcFileId="14" StartOffset="11181"/>
</LocList>
<RootTerm CovItemId="C27" CovItemPrefix="devops.hw1.core.Backend.java" Intrnl_Id="1536">
<BasicBoolTerm Intrnl_Id="1537">
<LocList>
<Loc EndOffset="11199" SrcFileId="14" StartOffset="11184"/>
</LocList>
</BasicBoolTerm>
</RootTerm>
</CondStmnt>
</StmntSeq>
</HierarchyLvl>
<HierarchyLvl HierarchyLvlId="435" HierarchyLvlTypeId="23" Intrnl_Id="1538" Name="isInteger">
<Header>
<Loc EndOffset="11754" SrcFileId="14" StartOffset="11713"/>
</Header>
<LocList>
<Loc EndOffset="11789" SrcFileId="14" StartOffset="11713"/>
</LocList>
<StmntSeq Intrnl_Id="1539">
<LocList>
<Loc EndOffset="11785" SrcFileId="14" StartOffset="11760"/>
</LocList>
<BasicStmnt CovItemId="S159" CovItemPrefix="devops.hw1.core.Backend.java" Intrnl_Id="1540">
<LocList>
<Loc EndOffset="11785" SrcFileId="14" StartOffset="11760"/>
</LocList>
</BasicStmnt>
</StmntSeq>
</HierarchyLvl>
<HierarchyLvl HierarchyLvlId="436" HierarchyLvlTypeId="23" Intrnl_Id="1541" Name="canTarget">
<Header>
<Loc EndOffset="12274" SrcFileId="14" StartOffset="12187"/>
</Header>
<LocList>
<Loc EndOffset="12652" SrcFileId="14" StartOffset="12187"/>
</LocList>
<StmntSeq Intrnl_Id="1542">
<LocList>
<Loc EndOffset="12356" SrcFileId="14" StartOffset="12280"/>
<Loc EndOffset="12435" SrcFileId="14" StartOffset="12360"/>
<Loc EndOffset="12515" SrcFileId="14" StartOffset="12439"/>
<Loc EndOffset="12596" SrcFileId="14" StartOffset="12519"/>
<Loc EndOffset="12648" SrcFileId="14" StartOffset="12604"/>
</LocList>
<BasicStmnt CovItemId="S160" CovItemPrefix="devops.hw1.core.Backend.java" Intrnl_Id="1543">
<LocList>
<Loc EndOffset="12356" SrcFileId="14" StartOffset="12280"/>
</LocList>
</BasicStmnt>
<BasicStmnt CovItemId="S161" CovItemPrefix="devops.hw1.core.Backend.java" Intrnl_Id="1544">
<LocList>
<Loc EndOffset="12435" SrcFileId="14" StartOffset="12360"/>
</LocList>
</BasicStmnt>
<BasicStmnt CovItemId="S162" CovItemPrefix="devops.hw1.core.Backend.java" Intrnl_Id="1545">
<LocList>
<Loc EndOffset="12515" SrcFileId="14" StartOffset="12439"/>
</LocList>
</BasicStmnt>
<BasicStmnt CovItemId="S163" CovItemPrefix="devops.hw1.core.Backend.java" Intrnl_Id="1546">
<LocList>
<Loc EndOffset="12596" SrcFileId="14" StartOffset="12519"/>
</LocList>
</BasicStmnt>
<BasicStmnt CovItemId="S164" CovItemPrefix="devops.hw1.core.Backend.java" Intrnl_Id="1547">
<LocList>
<Loc EndOffset="12648" SrcFileId="14" StartOffset="12604"/>
</LocList>
</BasicStmnt>
</StmntSeq>
</HierarchyLvl>
</HierarchyLvl>
<HierarchyLvl HierarchyLvlId="444" HierarchyLvlTypeId="24" Intrnl_Id="1548" Name="AbstractData">
<Header>
<Loc EndOffset="85" SrcFileId="15" StartOffset="28"/>
</Header>
<LocList>
<Loc EndOffset="1554" SrcFileId="15" StartOffset="28"/>
</LocList>
<HierarchyLvl HierarchyLvlId="438" HierarchyLvlTypeId="23" Intrnl_Id="1549" Name="AbstractData">
<Header>
<Loc EndOffset="331" SrcFileId="15" StartOffset="294"/>
</Header>
<LocList>
<Loc EndOffset="377" SrcFileId="15" StartOffset="294"/>
</LocList>
<StmntSeq Intrnl_Id="1550">
<LocList>
<Loc EndOffset="350" SrcFileId="15" StartOffset="337"/>
<Loc EndOffset="373" SrcFileId="15" StartOffset="354"/>
</LocList>
<BasicStmnt CovItemId="S1" CovItemPrefix="devops.hw1.core.AbstractData.java" Intrnl_Id="1551">
<LocList>
<Loc EndOffset="350" SrcFileId="15" StartOffset="337"/>
</LocList>
</BasicStmnt>
<BasicStmnt CovItemId="S2" CovItemPrefix="devops.hw1.core.AbstractData.java" Intrnl_Id="1552">
<LocList>
<Loc EndOffset="373" SrcFileId="15" StartOffset="354"/>
</LocList>
</BasicStmnt>
</StmntSeq>
</HierarchyLvl>
<HierarchyLvl HierarchyLvlId="439" HierarchyLvlTypeId="23" Intrnl_Id="1553" Name="getId">
<Header>
<Loc EndOffset="404" SrcFileId="15" StartOffset="385"/>
</Header>
<LocList>
<Loc EndOffset="429" SrcFileId="15" StartOffset="385"/>
</LocList>
<StmntSeq Intrnl_Id="1554">
<LocList>
<Loc EndOffset="425" SrcFileId="15" StartOffset="410"/>
</LocList>
<BasicStmnt CovItemId="S3" CovItemPrefix="devops.hw1.core.AbstractData.java" Intrnl_Id="1555">
<LocList>
<Loc EndOffset="425" SrcFileId="15" StartOffset="410"/>
</LocList>
</BasicStmnt>
</StmntSeq>
</HierarchyLvl>
<HierarchyLvl HierarchyLvlId="440" HierarchyLvlTypeId="23" Intrnl_Id="1556" Name="getValue">
<Header>
<Loc EndOffset="453" SrcFileId="15" StartOffset="434"/>
</Header>
<LocList>
<Loc EndOffset="481" SrcFileId="15" StartOffset="434"/>
</LocList>
<StmntSeq Intrnl_Id="1557">
<LocList>
<Loc EndOffset="477" SrcFileId="15" StartOffset="459"/>
</LocList>
<BasicStmnt CovItemId="S4" CovItemPrefix="devops.hw1.core.AbstractData.java" Intrnl_Id="1558">
<LocList>
<Loc EndOffset="477" SrcFileId="15" StartOffset="459"/>
</LocList>
</BasicStmnt>
</StmntSeq>
</HierarchyLvl>
<HierarchyLvl HierarchyLvlId="441" HierarchyLvlTypeId="23" Intrnl_Id="1559" Name="hashCode">
<Header>
<Loc EndOffset="650" SrcFileId="15" StartOffset="617"/>
</Header>
<LocList>
<Loc EndOffset="844" SrcFileId="15" StartOffset="617"/>
</LocList>
<StmntSeq Intrnl_Id="1560">
<LocList>
<Loc EndOffset="677" SrcFileId="15" StartOffset="656"/>
<Loc EndOffset="696" SrcFileId="15" StartOffset="681"/>
<Loc EndOffset="751" SrcFileId="15" StartOffset="700"/>
<Loc EndOffset="822" SrcFileId="15" StartOffset="755"/>
<Loc EndOffset="840" SrcFileId="15" StartOffset="826"/>
</LocList>
<BasicStmnt CovItemId="S5" CovItemPrefix="devops.hw1.core.AbstractData.java" Intrnl_Id="1561">
<LocList>
<Loc EndOffset="677" SrcFileId="15" StartOffset="656"/>
</LocList>
</BasicStmnt>
<BasicStmnt CovItemId="S6" CovItemPrefix="devops.hw1.core.AbstractData.java" Intrnl_Id="1562">
<LocList>
<Loc EndOffset="696" SrcFileId="15" StartOffset="681"/>
</LocList>
</BasicStmnt>
<BasicStmnt CovItemId="S7" CovItemPrefix="devops.hw1.core.AbstractData.java" Intrnl_Id="1563">
<LocList>
<Loc EndOffset="751" SrcFileId="15" StartOffset="700"/>
</LocList>
</BasicStmnt>
<BasicStmnt CovItemId="S8" CovItemPrefix="devops.hw1.core.AbstractData.java" Intrnl_Id="1564">
<LocList>
<Loc EndOffset="822" SrcFileId="15" StartOffset="755"/>
</LocList>
<QMO CovItemId="Q0" CovItemPrefix="devops.hw1.core.AbstractData.java" Intrnl_Id="1565">
<LocList>
<Loc EndOffset="797" SrcFileId="15" StartOffset="782"/>
</LocList>
<QMO_E CovItemId="Q0-0" CovItemPrefix="devops.hw1.core.AbstractData.java" Intrnl_Id="1566">
<LocList>
<Loc EndOffset="801" SrcFileId="15" StartOffset="800"/>
</LocList>
</QMO_E>
<QMO_E CovItemId="Q0-1" CovItemPrefix="devops.hw1.core.AbstractData.java" Intrnl_Id="1567">
<LocList>
<Loc EndOffset="820" SrcFileId="15" StartOffset="804"/>
</LocList>
</QMO_E>
</QMO>
</BasicStmnt>
<BasicStmnt CovItemId="S9" CovItemPrefix="devops.hw1.core.AbstractData.java" Intrnl_Id="1568">
<LocList>
<Loc EndOffset="840" SrcFileId="15" StartOffset="826"/>
</LocList>
</BasicStmnt>
</StmntSeq>
</HierarchyLvl>
<HierarchyLvl HierarchyLvlId="442" HierarchyLvlTypeId="23" Intrnl_Id="1569" Name="equals">
<Header>
<Loc EndOffset="1091" SrcFileId="15" StartOffset="1046"/>
</Header>
<LocList>
<Loc EndOffset="1502" SrcFileId="15" StartOffset="1046"/>
</LocList>
<StmntSeq Intrnl_Id="1570">
<LocList>
<Loc EndOffset="1130" SrcFileId="15" StartOffset="1097"/>
<Loc EndOffset="1168" SrcFileId="15" StartOffset="1134"/>
<Loc EndOffset="1223" SrcFileId="15" StartOffset="1172"/>
<Loc EndOffset="1309" SrcFileId="15" StartOffset="1229"/>
<Loc EndOffset="1350" SrcFileId="15" StartOffset="1313"/>
<Loc EndOffset="1482" SrcFileId="15" StartOffset="1354"/>
<Loc EndOffset="1498" SrcFileId="15" StartOffset="1486"/>
</LocList>
<CondStmnt CovItemId="S10" CovItemPrefix="devops.hw1.core.AbstractData.java" Intrnl_Id="1571">
<Branch CovItemId="B1" CovItemPrefix="devops.hw1.core.AbstractData.java" Implct="false" Intrnl_Id="1572">
<Cond/>
<LocList>
<Loc EndOffset="1130" SrcFileId="15" StartOffset="1118"/>
</LocList>
<StmntSeq Intrnl_Id="1573">
<LocList>
<Loc EndOffset="1130" SrcFileId="15" StartOffset="1118"/>
</LocList>
<BasicStmnt CovItemId="S11" CovItemPrefix="devops.hw1.core.AbstractData.java" Intrnl_Id="1574">
<LocList>
<Loc EndOffset="1130" SrcFileId="15" StartOffset="1118"/>
</LocList>
</BasicStmnt>
</StmntSeq>
</Branch>
<Branch CovItemId="B2" CovItemPrefix="devops.hw1.core.AbstractData.java" Implct="true" Intrnl_Id="1575">
<Cond/>
<LocList/>
<StmntSeq Intrnl_Id="1576">
<LocList/>
</StmntSeq>
</Branch>
<Keyword EndOffset="1099" SrcFileId="15" StartOffset="1097"/>
<LocList>
<Loc EndOffset="1130" SrcFileId="15" StartOffset="1097"/>
</LocList>
<RootTerm CovItemId="C1" CovItemPrefix="devops.hw1.core.AbstractData.java" Intrnl_Id="1577">
<BasicBoolTerm Intrnl_Id="1578">
<LocList>
<Loc EndOffset="1112" SrcFileId="15" StartOffset="1101"/>
</LocList>
</BasicBoolTerm>
</RootTerm>
</CondStmnt>
<CondStmnt CovItemId="S12" CovItemPrefix="devops.hw1.core.AbstractData.java" Intrnl_Id="1579">
<Branch CovItemId="B3" CovItemPrefix="devops.hw1.core.AbstractData.java" Implct="false" Intrnl_Id="1580">
<Cond/>
<LocList>
<Loc EndOffset="1168" SrcFileId="15" StartOffset="1155"/>
</LocList>
<StmntSeq Intrnl_Id="1581">
<LocList>
<Loc EndOffset="1168" SrcFileId="15" StartOffset="1155"/>
</LocList>
<BasicStmnt CovItemId="S13" CovItemPrefix="devops.hw1.core.AbstractData.java" Intrnl_Id="1582">
<LocList>
<Loc EndOffset="1168" SrcFileId="15" StartOffset="1155"/>
</LocList>
</BasicStmnt>
</StmntSeq>
</Branch>
<Branch CovItemId="B4" CovItemPrefix="devops.hw1.core.AbstractData.java" Implct="true" Intrnl_Id="1583">
<Cond/>
<LocList/>
<StmntSeq Intrnl_Id="1584">
<LocList/>
</StmntSeq>
</Branch>
<Keyword EndOffset="1136" SrcFileId="15" StartOffset="1134"/>
<LocList>
<Loc EndOffset="1168" SrcFileId="15" StartOffset="1134"/>
</LocList>
<RootTerm CovItemId="C2" CovItemPrefix="devops.hw1.core.AbstractData.java" Intrnl_Id="1585">
<BasicBoolTerm Intrnl_Id="1586">
<LocList>
<Loc EndOffset="1149" SrcFileId="15" StartOffset="1138"/>
</LocList>
</BasicBoolTerm>
</RootTerm>
</CondStmnt>
<CondStmnt CovItemId="S14" CovItemPrefix="devops.hw1.core.AbstractData.java" Intrnl_Id="1587">
<Branch CovItemId="B5" CovItemPrefix="devops.hw1.core.AbstractData.java" Implct="false" Intrnl_Id="1588">
<Cond/>
<LocList>
<Loc EndOffset="1223" SrcFileId="15" StartOffset="1210"/>
</LocList>
<StmntSeq Intrnl_Id="1589">
<LocList>
<Loc EndOffset="1223" SrcFileId="15" StartOffset="1210"/>
</LocList>
<BasicStmnt CovItemId="S15" CovItemPrefix="devops.hw1.core.AbstractData.java" Intrnl_Id="1590">
<LocList>
<Loc EndOffset="1223" SrcFileId="15" StartOffset="1210"/>
</LocList>
</BasicStmnt>
</StmntSeq>
</Branch>
<Branch CovItemId="B6" CovItemPrefix="devops.hw1.core.AbstractData.java" Implct="true" Intrnl_Id="1591">
<Cond/>
<LocList/>
<StmntSeq Intrnl_Id="1592">
<LocList/>
</StmntSeq>
</Branch>
<Keyword EndOffset="1174" SrcFileId="15" StartOffset="1172"/>
<LocList>
<Loc EndOffset="1223" SrcFileId="15" StartOffset="1172"/>
</LocList>
<RootTerm CovItemId="C3" CovItemPrefix="devops.hw1.core.AbstractData.java" Intrnl_Id="1593">
<BasicBoolTerm Intrnl_Id="1594">
<LocList>
<Loc EndOffset="1204" SrcFileId="15" StartOffset="1176"/>
</LocList>
</BasicBoolTerm>
</RootTerm>
</CondStmnt>
<BasicStmnt CovItemId="S16" CovItemPrefix="devops.hw1.core.AbstractData.java" Intrnl_Id="1595">
<LocList>
<Loc EndOffset="1309" SrcFileId="15" StartOffset="1229"/>
</LocList>
</BasicStmnt>
<CondStmnt CovItemId="S17" CovItemPrefix="devops.hw1.core.AbstractData.java" Intrnl_Id="1596">
<Branch CovItemId="B7" CovItemPrefix="devops.hw1.core.AbstractData.java" Implct="false" Intrnl_Id="1597">
<Cond/>
<LocList>
<Loc EndOffset="1350" SrcFileId="15" StartOffset="1337"/>
</LocList>
<StmntSeq Intrnl_Id="1598">
<LocList>
<Loc EndOffset="1350" SrcFileId="15" StartOffset="1337"/>
</LocList>
<BasicStmnt CovItemId="S18" CovItemPrefix="devops.hw1.core.AbstractData.java" Intrnl_Id="1599">
<LocList>
<Loc EndOffset="1350" SrcFileId="15" StartOffset="1337"/>
</LocList>
</BasicStmnt>
</StmntSeq>
</Branch>
<Branch CovItemId="B8" CovItemPrefix="devops.hw1.core.AbstractData.java" Implct="true" Intrnl_Id="1600">
<Cond/>
<LocList/>
<StmntSeq Intrnl_Id="1601">
<LocList/>
</StmntSeq>
</Branch>
<Keyword EndOffset="1315" SrcFileId="15" StartOffset="1313"/>
<LocList>
<Loc EndOffset="1350" SrcFileId="15" StartOffset="1313"/>
</LocList>
<RootTerm CovItemId="C4" CovItemPrefix="devops.hw1.core.AbstractData.java" Intrnl_Id="1602">
<BasicBoolTerm Intrnl_Id="1603">
<LocList>
<Loc EndOffset="1331" SrcFileId="15" StartOffset="1317"/>
</LocList>
</BasicBoolTerm>
</RootTerm>
</CondStmnt>
<CondStmnt CovItemId="S19" CovItemPrefix="devops.hw1.core.AbstractData.java" Intrnl_Id="1604">
<Branch CovItemId="B9" CovItemPrefix="devops.hw1.core.AbstractData.java" Implct="false" Intrnl_Id="1605">
<Cond/>
<LocList>
<Loc EndOffset="1427" SrcFileId="15" StartOffset="1373"/>
</LocList>
<StmntSeq Intrnl_Id="1606">
<LocList>
<Loc EndOffset="1422" SrcFileId="15" StartOffset="1379"/>
</LocList>
<CondStmnt CovItemId="S20" CovItemPrefix="devops.hw1.core.AbstractData.java" Intrnl_Id="1607">
<Branch CovItemId="B11" CovItemPrefix="devops.hw1.core.AbstractData.java" Implct="false" Intrnl_Id="1608">
<Cond/>
<LocList>
<Loc EndOffset="1422" SrcFileId="15" StartOffset="1409"/>
</LocList>
<StmntSeq Intrnl_Id="1609">
<LocList>
<Loc EndOffset="1422" SrcFileId="15" StartOffset="1409"/>
</LocList>
<BasicStmnt CovItemId="S21" CovItemPrefix="devops.hw1.core.AbstractData.java" Intrnl_Id="1610">
<LocList>
<Loc EndOffset="1422" SrcFileId="15" StartOffset="1409"/>
</LocList>
</BasicStmnt>
</StmntSeq>
</Branch>
<Branch CovItemId="B12" CovItemPrefix="devops.hw1.core.AbstractData.java" Implct="true" Intrnl_Id="1611">
<Cond/>
<LocList/>
<StmntSeq Intrnl_Id="1612">
<LocList/>
</StmntSeq>
</Branch>
<Keyword EndOffset="1381" SrcFileId="15" StartOffset="1379"/>
<LocList>
<Loc EndOffset="1422" SrcFileId="15" StartOffset="1379"/>
</LocList>
<RootTerm CovItemId="C6" CovItemPrefix="devops.hw1.core.AbstractData.java" Intrnl_Id="1613">
<BasicBoolTerm Intrnl_Id="1614">
<LocList>
<Loc EndOffset="1402" SrcFileId="15" StartOffset="1383"/>
</LocList>
</BasicBoolTerm>
</RootTerm>
</CondStmnt>
</StmntSeq>
</Branch>
<Branch CovItemId="B10" CovItemPrefix="devops.hw1.core.AbstractData.java" Implct="false" Intrnl_Id="1615">
<Cond>
<Loc EndOffset="1432" SrcFileId="15" StartOffset="1428"/>
</Cond>
<LocList>
<Loc EndOffset="1482" SrcFileId="15" StartOffset="1433"/>
</LocList>
<StmntSeq Intrnl_Id="1616">
<LocList>
<Loc EndOffset="1482" SrcFileId="15" StartOffset="1433"/>
</LocList>
<CondStmnt CovItemId="S22" CovItemPrefix="devops.hw1.core.AbstractData.java" Intrnl_Id="1617">
<Branch CovItemId="B13" CovItemPrefix="devops.hw1.core.AbstractData.java" Implct="false" Intrnl_Id="1618">
<Cond/>
<LocList>
<Loc EndOffset="1482" SrcFileId="15" StartOffset="1469"/>
</LocList>
<StmntSeq Intrnl_Id="1619">
<LocList>
<Loc EndOffset="1482" SrcFileId="15" StartOffset="1469"/>
</LocList>
<BasicStmnt CovItemId="S23" CovItemPrefix="devops.hw1.core.AbstractData.java" Intrnl_Id="1620">
<LocList>
<Loc EndOffset="1482" SrcFileId="15" StartOffset="1469"/>
</LocList>
</BasicStmnt>
</StmntSeq>
</Branch>
<Branch CovItemId="B14" CovItemPrefix="devops.hw1.core.AbstractData.java" Implct="true" Intrnl_Id="1621">
<Cond/>
<LocList/>
<StmntSeq Intrnl_Id="1622">
<LocList/>
</StmntSeq>
</Branch>
<Keyword EndOffset="1435" SrcFileId="15" StartOffset="1433"/>
<LocList>
<Loc EndOffset="1482" SrcFileId="15" StartOffset="1433"/>
</LocList>
<RootTerm CovItemId="C7" CovItemPrefix="devops.hw1.core.AbstractData.java" Intrnl_Id="1623">
<OpTerm BooleanOpId="18" Intrnl_Id="1624">
<BasicBoolTerm Intrnl_Id="1625">
<LocList>
<Loc EndOffset="1463" SrcFileId="15" StartOffset="1438"/>
</LocList>
</BasicBoolTerm>
<LocList>
<Loc EndOffset="1438" SrcFileId="15" StartOffset="1437"/>
</LocList>
</OpTerm>
</RootTerm>
</CondStmnt>
</StmntSeq>
</Branch>
<Keyword EndOffset="1356" SrcFileId="15" StartOffset="1354"/>
<LocList>
<Loc EndOffset="1482" SrcFileId="15" StartOffset="1354"/>
</LocList>
<RootTerm CovItemId="C5" CovItemPrefix="devops.hw1.core.AbstractData.java" Intrnl_Id="1626">
<BasicBoolTerm Intrnl_Id="1627">
<LocList>
<Loc EndOffset="1371" SrcFileId="15" StartOffset="1358"/>
</LocList>
</BasicBoolTerm>
</RootTerm>
</CondStmnt>
<BasicStmnt CovItemId="S24" CovItemPrefix="devops.hw1.core.AbstractData.java" Intrnl_Id="1628">
<LocList>
<Loc EndOffset="1498" SrcFileId="15" StartOffset="1486"/>
</LocList>
</BasicStmnt>
</StmntSeq>
</HierarchyLvl>
<HierarchyLvl HierarchyLvlId="443" HierarchyLvlTypeId="23" Intrnl_Id="1629" Name="compareTo">
<Header>
<Loc EndOffset="1550" SrcFileId="15" StartOffset="1509"/>
</Header>
<LocList>
<Loc EndOffset="1551" SrcFileId="15" StartOffset="1509"/>
</LocList>
</HierarchyLvl>
</HierarchyLvl>
</HierarchyLvl>
</HierarchyLvl>
</HierarchyLvl>
</HierarchyLvl>
</MASTRoot>
</TestSessionContainer>
